[18:37:32] This is prokka 1.14.6
[18:37:32] Written by Torsten Seemann <torsten.seemann@gmail.com>
[18:37:32] Homepage is https://github.com/tseemann/prokka
[18:37:32] Local time is Thu Oct 29 18:37:32 2020
[18:37:32] You are tommytran
[18:37:32] Operating system is darwin
[18:37:32] You have BioPerl 1.007002
[18:37:32] System has 6 cores.
[18:37:32] Will use maximum of 6 cores.
[18:37:32] Annotating as >>> Bacteria <<<
[18:37:32] Generating locus_tag from 'analysis_get_homologues/Renamed_Dpig/KPL3246.fa' contents.
[18:37:32] Setting --locustag BLPDBGGF from MD5 b59db00f5dbae18b5b5a105b7c816d1a
[18:37:32] Re-using existing --outdir analysis_get_homologues/Prokka_Out
[18:37:32] Using filename prefix: prokka_KPL3246.XXX
[18:37:32] Setting HMMER_NCPU=1
[18:37:32] Writing log to: analysis_get_homologues/Prokka_Out/prokka_KPL3246.log
[18:37:32] Command: /Users/tommytran/miniconda3/bin/prokka --prefix prokka_KPL3246 --outdir analysis_get_homologues/Prokka_Out --genus Dolosigranulum --species pigrum --strain KPL3246 --cpus 0 --force analysis_get_homologues/Renamed_Dpig/KPL3246.fa
[18:37:32] Appending to PATH: /Users/tommytran/miniconda3/bin
[18:37:32] Looking for 'aragorn' - found /Users/tommytran/miniconda3/bin/aragorn
[18:37:32] Determined aragorn version is 001002 from 'ARAGORN v1.2.38 Dean Laslett'
[18:37:32] Looking for 'barrnap' - found /Users/tommytran/miniconda3/bin/barrnap
[18:37:32] Determined barrnap version is 000009 from 'barrnap 0.9'
[18:37:32] Looking for 'blastp' - found /Users/tommytran/miniconda3/bin/blastp
[18:37:32] Determined blastp version is 002009 from 'blastp: 2.9.0+'
[18:37:32] Looking for 'cmpress' - found /Users/tommytran/miniconda3/bin/cmpress
[18:37:32] Determined cmpress version is 001001 from '# INFERNAL 1.1.2 (July 2016)'
[18:37:32] Looking for 'cmscan' - found /Users/tommytran/miniconda3/bin/cmscan
[18:37:32] Determined cmscan version is 001001 from '# INFERNAL 1.1.2 (July 2016)'
[18:37:32] Looking for 'egrep' - found /usr/bin/egrep
[18:37:32] Looking for 'find' - found /usr/bin/find
[18:37:32] Looking for 'grep' - found /usr/bin/grep
[18:37:32] Looking for 'hmmpress' - found /Users/tommytran/miniconda3/bin/hmmpress
[18:37:32] Determined hmmpress version is 003003 from '# HMMER 3.3 (Nov 2019); http://hmmer.org/'
[18:37:32] Looking for 'hmmscan' - found /Users/tommytran/miniconda3/bin/hmmscan
[18:37:32] Determined hmmscan version is 003003 from '# HMMER 3.3 (Nov 2019); http://hmmer.org/'
[18:37:32] Looking for 'java' - found /Users/tommytran/miniconda3/bin/java
[18:37:32] Looking for 'makeblastdb' - found /Users/tommytran/miniconda3/bin/makeblastdb
[18:37:32] Determined makeblastdb version is 002009 from 'makeblastdb: 2.9.0+'
[18:37:32] Looking for 'minced' - found /Users/tommytran/miniconda3/bin/minced
[18:37:32] Determined minced version is 004002 from 'minced 0.4.2'
[18:37:32] Looking for 'parallel' - found /Users/tommytran/miniconda3/bin/parallel
[18:37:32] Determined parallel version is 20200522 from 'GNU parallel 20200522'
[18:37:32] Looking for 'prodigal' - found /Users/tommytran/miniconda3/bin/prodigal
[18:37:32] Determined prodigal version is 002006 from 'Prodigal V2.6.3: February, 2016'
[18:37:32] Looking for 'prokka-genbank_to_fasta_db' - found /Users/tommytran/miniconda3/bin/prokka-genbank_to_fasta_db
[18:37:32] Looking for 'sed' - found /usr/bin/sed
[18:37:32] Looking for 'tbl2asn' - found /Users/tommytran/miniconda3/bin/tbl2asn
[18:37:32] Determined tbl2asn version is 025007 from 'tbl2asn 25.7   arguments:'
[18:37:32] Using genetic code table 11.
[18:37:32] Loading and checking input file: analysis_get_homologues/Renamed_Dpig/KPL3246.fa
[18:37:33] Wrote 1 contigs totalling 1946134 bp.
[18:37:33] Predicting tRNAs and tmRNAs
[18:37:33] Running: aragorn -l -gc11  -w analysis_get_homologues\/Prokka_Out\/prokka_KPL3246\.fna
[18:37:33] 1 tRNA-Val [159919,159993] 35 (gac)
[18:37:33] 2 tRNA-Ala [425956,426030] 35 (tgc)
[18:37:33] 3 tRNA-Asn [429351,429425] 35 (gtt)
[18:37:33] 4 tRNA-Leu [506296,506379] 34 (gag)
[18:37:33] 5 tRNA-Trp [813291,813363] 34 (cca)
[18:37:33] 6 tRNA-Ser [1173292,1173380] 36 (gga)
[18:37:33] 7 tRNA-Arg c[1244888,1244962] 35 (tct)
[18:37:33] 8 tRNA-Phe c[1414914,1414988] 35 (gaa)
[18:37:33] 9 tRNA-Asp c[1414994,1415069] 36 (gtc)
[18:37:33] 10 tRNA-Ser c[1415093,1415182] 37 (tga)
[18:37:33] 11 tRNA-Glu c[1415194,1415265] 34 (ttc)
[18:37:33] 12 tRNA-Ser c[1415281,1415371] 36 (gct)
[18:37:33] 13 tRNA-Ile c[1415397,1415472] 36 (gat)
[18:37:33] 14 tRNA-Gly c[1415480,1415550] 33 (tcc)
[18:37:33] 15 tRNA-Asp c[1415555,1415630] 36 (gtc)
[18:37:33] 16 tRNA-Met c[1415645,1415719] 35 (cat)
[18:37:33] 17 tRNA-Pro c[1415729,1415802] 35 (tgg)
[18:37:33] 18 tRNA-Arg c[1415824,1415899] 36 (acg)
[18:37:33] 19 tRNA-Leu c[1415908,1415994] 35 (taa)
[18:37:33] 20 tRNA-Gly c[1416023,1416094] 33 (gcc)
[18:37:33] 21 tRNA-Thr c[1416110,1416182] 34 (tgt)
[18:37:33] 22 tRNA-Leu c[1416189,1416270] 35 (tag)
[18:37:33] 23 tRNA-Lys c[1416288,1416360] 34 (ttt)
[18:37:33] 24 tRNA-Val c[1416370,1416442] 34 (tac)
[18:37:33] 25 tmRNA [1517226,1517583] 92,127 ANKNSNLALAA*
[18:37:33] 26 tRNA-Thr c[1644804,1644876] 34 (ggt)
[18:37:33] 27 tRNA-Gln c[1650194,1650267] 34 (ttg)
[18:37:33] 28 tRNA-Tyr c[1650271,1650354] 36 (gta)
[18:37:33] 29 tRNA-Glu c[1650359,1650430] 34 (ttc)
[18:37:33] 30 tRNA-SeC [1749242,1749339] 36 (tca)
[18:37:33] 31 tRNA-Arg c[1789745,1789819] 35 (tcg)
[18:37:33] 32 tRNA-Lys c[1789843,1789915] 34 (ttt)
[18:37:33] 33 tRNA-Val c[1789925,1789997] 34 (tac)
[18:37:33] 34 tRNA-Leu c[1795252,1795336] 35 (caa)
[18:37:33] 35 tRNA-Cys c[1795364,1795436] 33 (gca)
[18:37:33] 36 tRNA-Gln c[1795448,1795521] 34 (ttg)
[18:37:33] 37 tRNA-His c[1795536,1795610] 35 (gtg)
[18:37:33] 38 tRNA-Trp c[1795620,1795692] 34 (cca)
[18:37:33] 39 tRNA-Tyr c[1795695,1795777] 36 (gta)
[18:37:33] 40 tRNA-Phe c[1795794,1795868] 35 (gaa)
[18:37:33] 41 tRNA-Asp c[1795874,1795949] 36 (gtc)
[18:37:33] 42 tRNA-Met c[1795964,1796038] 35 (cat)
[18:37:33] 43 tRNA-Ser c[1796058,1796147] 37 (tga)
[18:37:33] 44 tRNA-Glu c[1796160,1796231] 34 (ttc)
[18:37:33] 45 tRNA-Ile c[1796247,1796322] 36 (gat)
[18:37:33] 46 tRNA-Gly c[1796332,1796402] 33 (tcc)
[18:37:33] 47 tRNA-Met c[1796455,1796528] 35 (cat)
[18:37:33] 48 tRNA-Met c[1796546,1796621] 36 (cat)
[18:37:33] 49 tRNA-Pro c[1796640,1796713] 35 (tgg)
[18:37:33] 50 tRNA-Arg c[1796770,1796845] 36 (acg)
[18:37:33] 51 tRNA-Leu c[1796854,1796940] 35 (taa)
[18:37:33] 52 tRNA-Gly c[1796969,1797040] 33 (gcc)
[18:37:33] 53 tRNA-Thr c[1797056,1797128] 34 (tgt)
[18:37:33] 54 tRNA-Asn c[1905073,1905147] 35 (gtt)
[18:37:33] 55 tRNA-Ala c[1908467,1908541] 35 (tgc)
[18:37:33] Found 55 tRNAs
[18:37:33] Predicting Ribosomal RNAs
[18:37:33] Running Barrnap with 6 threads
[18:37:34] 1 c_000000000001 424332 16S ribosomal RNA
[18:37:34] 2 c_000000000001 426226 23S ribosomal RNA
[18:37:34] 3 c_000000000001 429208 5S ribosomal RNA
[18:37:34] 4 c_000000000001 1416460 5S ribosomal RNA
[18:37:34] 5 c_000000000001 1416653 23S ribosomal RNA
[18:37:34] 6 c_000000000001 1419812 16S ribosomal RNA
[18:37:34] 7 c_000000000001 1790015 5S ribosomal RNA
[18:37:34] 8 c_000000000001 1790208 23S ribosomal RNA
[18:37:34] 9 c_000000000001 1793368 16S ribosomal RNA
[18:37:34] 10 c_000000000001 1905179 5S ribosomal RNA
[18:37:34] 11 c_000000000001 1905372 23S ribosomal RNA
[18:37:34] 12 c_000000000001 1908624 16S ribosomal RNA
[18:37:34] Found 12 rRNAs
[18:37:34] Skipping ncRNA search, enable with --rfam if desired.
[18:37:34] Total of 66 tRNA + rRNA features
[18:37:34] Searching for CRISPR repeats
[18:37:34] CRISPR1 c_000000000001 497580 with 4 spacers
[18:37:34] CRISPR2 c_000000000001 690647 with 8 spacers
[18:37:34] Found 2 CRISPRs
[18:37:34] Predicting coding sequences
[18:37:34] Contigs total 1946134 bp, so using single mode
[18:37:34] Running: prodigal -i analysis_get_homologues\/Prokka_Out\/prokka_KPL3246\.fna -c -m -g 11 -p single -f sco -q
[18:37:38] Excluding CDS which overlaps existing RNA (tRNA) at c_000000000001:1644654..1644845 on - strand
[18:37:38] Found 1720 CDS
[18:37:38] Connecting features back to sequences
[18:37:38] Not using genus-specific database. Try --usegenus to enable it.
[18:37:38] Annotating CDS, please be patient.
[18:37:38] Will use 6 CPUs for similarity searching.
[18:37:38] There are still 1720 unannotated CDS left (started with 1720)
[18:37:38] Will use blast to search against /Users/tommytran/miniconda3/db/kingdom/Bacteria/IS with 6 CPUs
[18:37:38] Running: cat analysis_get_homologues\/Prokka_Out\/prokka_KPL3246\.IS\.tmp\.14060\.faa | parallel --gnu --plain -j 6 --block 48342 --recstart '>' --pipe blastp -query - -db /Users/tommytran/miniconda3/db/kingdom/Bacteria/IS -evalue 1e-30 -qcov_hsp_perc 90 -num_threads 1 -num_descriptions 1 -num_alignments 1 -seg no > analysis_get_homologues\/Prokka_Out\/prokka_KPL3246\.IS\.tmp\.14060\.blast 2> /dev/null
[18:37:44] Deleting unwanted file: analysis_get_homologues/Prokka_Out/prokka_KPL3246.IS.tmp.14060.faa
[18:37:44] Deleting unwanted file: analysis_get_homologues/Prokka_Out/prokka_KPL3246.IS.tmp.14060.blast
[18:37:44] There are still 1717 unannotated CDS left (started with 1720)
[18:37:44] Will use blast to search against /Users/tommytran/miniconda3/db/kingdom/Bacteria/AMR with 6 CPUs
[18:37:44] Running: cat analysis_get_homologues\/Prokka_Out\/prokka_KPL3246\.AMR\.tmp\.14060\.faa | parallel --gnu --plain -j 6 --block 48233 --recstart '>' --pipe blastp -query - -db /Users/tommytran/miniconda3/db/kingdom/Bacteria/AMR -evalue 9.99999999999999e-301 -qcov_hsp_perc 90 -num_threads 1 -num_descriptions 1 -num_alignments 1 -seg no > analysis_get_homologues\/Prokka_Out\/prokka_KPL3246\.AMR\.tmp\.14060\.blast 2> /dev/null
[18:37:49] Deleting unwanted file: analysis_get_homologues/Prokka_Out/prokka_KPL3246.AMR.tmp.14060.faa
[18:37:49] Deleting unwanted file: analysis_get_homologues/Prokka_Out/prokka_KPL3246.AMR.tmp.14060.blast
[18:37:50] There are still 1717 unannotated CDS left (started with 1720)
[18:37:50] Will use blast to search against /Users/tommytran/miniconda3/db/kingdom/Bacteria/sprot with 6 CPUs
[18:37:50] Running: cat analysis_get_homologues\/Prokka_Out\/prokka_KPL3246\.sprot\.tmp\.14060\.faa | parallel --gnu --plain -j 6 --block 48233 --recstart '>' --pipe blastp -query - -db /Users/tommytran/miniconda3/db/kingdom/Bacteria/sprot -evalue 1e-09 -qcov_hsp_perc 80 -num_threads 1 -num_descriptions 1 -num_alignments 1 -seg no > analysis_get_homologues\/Prokka_Out\/prokka_KPL3246\.sprot\.tmp\.14060\.blast 2> /dev/null
[18:38:12] Modify product: Probable cell division protein WhiA => putative cell division protein WhiA
[18:38:12] Modify product: UPF0302 protein BA_1542/GBAA_1542/BAS1430 => hypothetical protein
[18:38:12] Modify product: Uncharacterized protein YpjD => putative protein YpjD
[18:38:12] Modify product: UPF0324 inner membrane protein YeiH => hypothetical protein
[18:38:12] Modify product: UPF0053 protein HI_0107 => hypothetical protein
[18:38:12] Modify product: Uncharacterized MscS family protein YkuT => putative MscS family protein YkuT
[18:38:12] Modify product: UPF0176 protein SP_0095 => hypothetical protein
[18:38:12] Modify product: Putative universal stress protein SA1532 => Putative universal stress protein
[18:38:12] Modify product: Uncharacterized AAA domain-containing protein Rv2559c => putative AAA domain-containing protein
[18:38:12] Modify product: Uncharacterized ABC transporter ATP-binding protein Rv0986 => putative ABC transporter ATP-binding protein
[18:38:12] Modify product: Probable multidrug resistance ABC transporter ATP-binding/permease protein YheI => putative multidrug resistance ABC transporter ATP-binding/permease protein YheI
[18:38:12] Modify product: Probable multidrug resistance ABC transporter ATP-binding/permease protein YheH => putative multidrug resistance ABC transporter ATP-binding/permease protein YheH
[18:38:12] Modify product: Probable undecaprenyl-phosphate N-acetylglucosaminyl 1-phosphate transferase => putative undecaprenyl-phosphate N-acetylglucosaminyl 1-phosphate transferase
[18:38:12] Modify product: Probable glycine dehydrogenase (decarboxylating) subunit 1 => putative glycine dehydrogenase (decarboxylating) subunit 1
[18:38:12] Modify product: Probable glycine dehydrogenase (decarboxylating) subunit 2 => putative glycine dehydrogenase (decarboxylating) subunit 2
[18:38:12] Modify product: UPF0073 inner membrane protein YqfA => hypothetical protein
[18:38:12] Modify product: Putative phosphatase M6_Spy0533 => Putative phosphatase
[18:38:12] Modify product: UPF0122 protein SP_1288 => hypothetical protein
[18:38:12] Modify product: Probable ribosomal protein YlxQ => putative ribosomal protein YlxQ
[18:38:12] Modify product: Probable murein peptide carboxypeptidase => putative murein peptide carboxypeptidase
[18:38:12] Modify product: Uncharacterized HTH-type transcriptional regulator YbbH => putative HTH-type transcriptional regulator YbbH
[18:38:12] Modify product: PTS system EIIBC component SA0186 => PTS system EIIBC component
[18:38:12] Modify product: Probable endonuclease 4 => putative endonuclease 4
[18:38:12] Modify product: UPF0374 protein SP_1903 => hypothetical protein
[18:38:12] Modify product: Putative aminotransferase MSMEG_6286/MSMEI_6121 => Putative aminotransferase/MSMEI_6121
[18:38:12] Modify product: Uncharacterized protein YqeY => putative protein YqeY
[18:38:12] Modify product: Putative multidrug export ATP-binding/permease protein SAV1866 => Putative multidrug export ATP-binding/permease protein
[18:38:12] Modify product: GTP cyclohydrolase 1 type 2 homolog => GTP cyclohydrolase 1 type 2 
[18:38:12] Modify product: UPF0178 protein YaiI => hypothetical protein
[18:38:12] Modify product: Uncharacterized protein YedJ => putative protein YedJ
[18:38:12] Modify product: DegV domain-containing protein spr1415 => DegV domain-containing protein
[18:38:12] Modify product: Nudix hydrolase DR_0079 => Nudix hydrolase
[18:38:12] Modify product: Bifunctional protein FolD => Bifunctional protein FolD protein
[18:38:12] Modify product: Uncharacterized protein YqgN => putative protein YqgN
[18:38:12] Modify product: Probable D,D-dipeptide transport system permease protein DdpC => putative D,D-dipeptide transport system permease protein DdpC
[18:38:12] Modify product: Uncharacterized PIN and TRAM-domain containing protein YacL => putative PIN and TRAM-domain containing protein YacL
[18:38:12] Modify product: UPF0365 protein SA1402 => hypothetical protein
[18:38:12] Modify product: Putative glycerol transporter Lin0368 => Putative glycerol transporter
[18:38:12] Modify product: Putative glycerol transporter Lin0367 => Putative glycerol transporter
[18:38:12] Modify product: Probable transcription repressor NiaR => putative transcription repressor NiaR
[18:38:12] Modify product: Probable protein-export membrane protein SecG => putative protein-export membrane protein SecG
[18:38:12] Modify product: Uncharacterized protein Spy1614 => putative protein
[18:38:12] Modify product: Uncharacterized protein SA1069 => putative protein
[18:38:12] Modify product: Probable fructose-bisphosphate aldolase => putative fructose-bisphosphate aldolase
[18:38:12] Modify product: Uncharacterized protein YdjI => putative protein YdjI
[18:38:12] Modify product: Putative phosphatase M6_Spy0533 => Putative phosphatase
[18:38:12] Modify product: Probable licABCH operon regulator => putative licABCH operon regulator
[18:38:12] Modify product: Uncharacterized HTH-type transcriptional regulator YbbH => putative HTH-type transcriptional regulator YbbH
[18:38:12] Modify product: Probable pyridine nucleotide-disulfide oxidoreductase RclA => putative pyridine nucleotide-disulfide oxidoreductase RclA
[18:38:12] Modify product: Putative multidrug export ATP-binding/permease protein SAV1866 => Putative multidrug export ATP-binding/permease protein
[18:38:12] Modify product: Uncharacterized ABC transporter ATP-binding protein Rv0986 => putative ABC transporter ATP-binding protein
[18:38:12] Modify product: Calcium-transporting ATPase lmo0841 => Calcium-transporting ATPase
[18:38:12] Modify product: Probable 3-hydroxyacyl-CoA dehydrogenase => putative 3-hydroxyacyl-CoA dehydrogenase
[18:38:12] Modify product: Uncharacterized oxidoreductase SpyM50865 => putative oxidoreductase
[18:38:12] Modify product: Probable quorum-quenching lactonase YtnP => putative quorum-quenching lactonase YtnP
[18:38:12] Modify product: Uncharacterized HTH-type transcriptional regulator SACOL2360 => putative HTH-type transcriptional regulator
[18:38:12] Modify product: Multidrug efflux system ATP-binding protein Rv1218c => Multidrug efflux system ATP-binding protein
[18:38:12] Modify product: Uncharacterized protein YhaP => putative protein YhaP
[18:38:12] Modify product: Uncharacterized ABC transporter ATP-binding protein Rv1273c => putative ABC transporter ATP-binding protein
[18:38:12] Modify product: Uncharacterized ABC transporter ATP-binding protein TM_0288 => putative ABC transporter ATP-binding protein
[18:38:12] Modify product: Uncharacterized ABC transporter ATP-binding protein YknY => putative ABC transporter ATP-binding protein YknY
[18:38:12] Modify product: UPF0045 protein Rv1898 => hypothetical protein
[18:38:12] Modify product: UPF0346 protein YozE => hypothetical protein
[18:38:12] Modify product: RutC family protein HI_0719 => RutC family protein
[18:38:12] Modify product: Sulfurtransferase Alvin_2599 => Sulfurtransferase
[18:38:12] Modify product: Probable L-asparaginase => putative L-asparaginase
[18:38:12] Modify product: Putative transport protein Rv0205 => Putative transport protein
[18:38:12] Modify product: DegV domain-containing protein SA1258 => DegV domain-containing protein
[18:38:12] Modify product: Uncharacterized protein YhaN => putative protein YhaN
[18:38:12] Modify product: UPF0342 protein SA1663 => hypothetical protein
[18:38:12] Modify product: Probable bifunctional oligoribonuclease and PAP phosphatase NrnA => putative bifunctional oligoribonuclease and PAP phosphatase NrnA
[18:38:12] Modify product: Uncharacterized protein Spy1535 => putative protein
[18:38:12] Modify product: Probable transcriptional regulatory protein MSMEG_2940/MSMEI_2866 => putative transcriptional regulatory protein/MSMEI_2866
[18:38:12] Modify product: Transcriptional repressor SmtB homolog => Transcriptional repressor SmtB 
[18:38:12] Modify product: Uncharacterized protein YdhK => putative protein YdhK
[18:38:12] Modify product: Uncharacterized multiple-sugar transport system permease YteP => putative multiple-sugar transport system permease YteP
[18:38:12] Modify product: Uncharacterized protein YpjQ => putative protein YpjQ
[18:38:12] Modify product: Uncharacterized oxidoreductase Mb2996 => putative oxidoreductase
[18:38:12] Modify product: Acetyltransferase SACOL1063 => Acetyltransferase
[18:38:12] Modify product: Acetyltransferase SACOL1063 => Acetyltransferase
[18:38:12] Modify product: UPF0413 protein YjbH => hypothetical protein
[18:38:12] Modify product: UPF0758 protein YsxA => hypothetical protein
[18:38:12] Modify product: UPF0473 protein SP_0194 => hypothetical protein
[18:38:12] Modify product: UPF0297 protein EF_1202 => hypothetical protein
[18:38:12] Modify product: UPF0051 protein SA0778 => hypothetical protein
[18:38:12] Modify product: UPF0051 protein SA0778 => hypothetical protein
[18:38:12] Modify product: Probable ABC transporter ATP-binding protein M6_Spy0273 => putative ABC transporter ATP-binding protein
[18:38:12] Modify product: Uncharacterized protein YqeN => putative protein YqeN
[18:38:12] Modify product: Putative trans-acting regulator SP_1800 => Putative trans-acting regulator
[18:38:12] Modify product: Uncharacterized epimerase/dehydratase SA0511 => putative epimerase/dehydratase
[18:38:12] Modify product: Probable metallo-hydrolase M6_Spy0554 => putative metallo-hydrolase
[18:38:12] Modify product: UPF0053 inner membrane protein YfjD => hypothetical protein
[18:38:12] Modify product: UPF0398 protein YpsA => hypothetical protein
[18:38:12] Modify product: Rqc2 homolog RqcH => Rqc2 RqcH
[18:38:12] Modify product: Putative metallophosphoesterase MG207 homolog => Putative metallophosphoesterase MG207 
[18:38:12] Modify product: TelA-like protein SA1238 => TelA-like protein
[18:38:12] Modify product: UPF0154 protein SA1178 => hypothetical protein
[18:38:12] Modify product: UPF0291 protein SP_1473 => hypothetical protein
[18:38:12] Modify product: Probable L-ascorbate-6-phosphate lactonase UlaG => putative L-ascorbate-6-phosphate lactonase UlaG
[18:38:12] Modify product: Probable licABCH operon regulator => putative licABCH operon regulator
[18:38:12] Modify product: Probable GTP-binding protein EngB => putative GTP-binding protein EngB
[18:38:13] Modify product: Uncharacterized protein YacP => putative protein YacP
[18:38:13] Modify product: Uncharacterized oxidoreductase YjhC => putative oxidoreductase YjhC
[18:38:13] Modify product: Probable peptidoglycan glycosyltransferase FtsW => putative peptidoglycan glycosyltransferase FtsW
[18:38:13] Modify product: Probable nicotinate-nucleotide adenylyltransferase => putative nicotinate-nucleotide adenylyltransferase
[18:38:13] Modify product: RNA-binding protein HI_1333 => RNA-binding protein
[18:38:13] Modify product: Uncharacterized protein YqeH => putative protein YqeH
[18:38:13] Modify product: UPF0358 protein EF_2458 => hypothetical protein
[18:38:13] Modify product: Probable N-acetyl-LL-diaminopimelate aminotransferase => putative N-acetyl-LL-diaminopimelate aminotransferase
[18:38:13] Modify product: Probable licABCH operon regulator => putative licABCH operon regulator
[18:38:13] Modify product: Probable tRNA sulfurtransferase => putative tRNA sulfurtransferase
[18:38:13] Modify product: UPF0702 transmembrane protein YetF => hypothetical protein
[18:38:13] Modify product: UPF0637 protein SA0957 => hypothetical protein
[18:38:13] Modify product: Uncharacterized protein YbbA => putative protein YbbA
[18:38:13] Modify product: Uncharacterized ABC transporter ATP-binding protein YheS => putative ABC transporter ATP-binding protein YheS
[18:38:13] Modify product: UPF0340 protein YwlG => hypothetical protein
[18:38:13] Modify product: Protease HtpX homolog => Protease HtpX 
[18:38:13] Modify product: Uncharacterized ABC transporter ATP-binding protein Rv0986 => putative ABC transporter ATP-binding protein
[18:38:13] Modify product: Probable ABC transporter phosphite binding protein PhnD1 => putative ABC transporter phosphite binding protein PhnD1
[18:38:13] Modify product: UPF0394 inner membrane protein YeeE => hypothetical protein
[18:38:13] Cleaned 120 /product names
[18:38:13] Deleting unwanted file: analysis_get_homologues/Prokka_Out/prokka_KPL3246.sprot.tmp.14060.faa
[18:38:13] Deleting unwanted file: analysis_get_homologues/Prokka_Out/prokka_KPL3246.sprot.tmp.14060.blast
[18:38:13] There are still 656 unannotated CDS left (started with 1720)
[18:38:13] Will use hmmer3 to search against /Users/tommytran/miniconda3/db/hmm/HAMAP.hmm with 6 CPUs
[18:38:13] Running: cat analysis_get_homologues\/Prokka_Out\/prokka_KPL3246\.HAMAP\.hmm\.tmp\.14060\.faa | parallel --gnu --plain -j 6 --block 17522 --recstart '>' --pipe hmmscan --noali --notextw --acc -E 1e-09 --cpu 1 /Users/tommytran/miniconda3/db/hmm/HAMAP.hmm /dev/stdin > analysis_get_homologues\/Prokka_Out\/prokka_KPL3246\.HAMAP\.hmm\.tmp\.14060\.hmmer3 2> /dev/null
[18:38:25] Modify product: Uncharacterized Nudix hydrolase NudL => putative Nudix hydrolase NudL
[18:38:25] Modify product: Protein SprT-like => Protein SprT-like protein
[18:38:25] Cleaned 2 /product names
[18:38:25] Deleting unwanted file: analysis_get_homologues/Prokka_Out/prokka_KPL3246.HAMAP.hmm.tmp.14060.faa
[18:38:25] Deleting unwanted file: analysis_get_homologues/Prokka_Out/prokka_KPL3246.HAMAP.hmm.tmp.14060.hmmer3
[18:38:25] Labelling remaining 572 proteins as 'hypothetical protein'
[18:38:25] Possible /pseudo 'Lactococcin-G-processing and transport ATP-binding protein LagD' at c_000000000001 position 95616
[18:38:25] Possible /pseudo 'Lactococcin-G-processing and transport ATP-binding protein LagD' at c_000000000001 position 95894
[18:38:25] Possible /pseudo 'PTS system mannose-specific EIIAB component' at c_000000000001 position 149113
[18:38:25] Possible /pseudo 'Bacitracin export ATP-binding protein BceA' at c_000000000001 position 239184
[18:38:25] Possible /pseudo 'putative ABC transporter ATP-binding protein' at c_000000000001 position 312210
[18:38:25] Possible /pseudo 'Putative glycerol transporter' at c_000000000001 position 540174
[18:38:25] Possible /pseudo 'putative protein' at c_000000000001 position 646301
[18:38:25] Possible /pseudo 'Aspartate-semialdehyde dehydrogenase 2' at c_000000000001 position 724922
[18:38:25] Possible /pseudo 'Undecaprenyl-phosphate 4-deoxy-4-formamido-L-arabinose transferase' at c_000000000001 position 786993
[18:38:25] Possible /pseudo 'Cadmium, zinc and cobalt-transporting ATPase' at c_000000000001 position 1105318
[18:38:25] Possible /pseudo 'Acetyltransferase' at c_000000000001 position 1462588
[18:38:25] Possible /pseudo 'Glycine reductase complex component B subunit gamma' at c_000000000001 position 1736861
[18:38:25] Found 922 unique /gene codes.
[18:38:25] Fixed 2 duplicate /gene - grdB_1 grdB_2
[18:38:25] Fixed 2 duplicate /gene - purR_1 purR_2
[18:38:25] Fixed 2 duplicate /gene - thiD_1 thiD_2
[18:38:25] Fixed 2 duplicate /gene - tagU_1 tagU_2
[18:38:25] Fixed 2 duplicate /gene - iscS_1 iscS_2
[18:38:25] Fixed 3 duplicate /gene - gatC_1 gatC_2 gatC_3
[18:38:25] Fixed 2 duplicate /gene - lacF_1 lacF_2
[18:38:25] Fixed 2 duplicate /gene - dppE_1 dppE_2
[18:38:25] Fixed 2 duplicate /gene - mshA_1 mshA_2
[18:38:25] Fixed 2 duplicate /gene - sufS_1 sufS_2
[18:38:25] Fixed 2 duplicate /gene - yclP_1 yclP_2
[18:38:25] Fixed 2 duplicate /gene - xerC_1 xerC_2
[18:38:25] Fixed 2 duplicate /gene - murQ_1 murQ_2
[18:38:25] Fixed 2 duplicate /gene - rluD_1 rluD_2
[18:38:25] Fixed 3 duplicate /gene - lagD_1 lagD_2 lagD_3
[18:38:25] Fixed 2 duplicate /gene - sasA_1 sasA_2
[18:38:25] Fixed 2 duplicate /gene - atpD_1 atpD_2
[18:38:25] Fixed 2 duplicate /gene - luxS_1 luxS_2
[18:38:25] Fixed 3 duplicate /gene - oppF_1 oppF_2 oppF_3
[18:38:25] Fixed 2 duplicate /gene - licA_1 licA_2
[18:38:25] Fixed 2 duplicate /gene - gsiC_1 gsiC_2
[18:38:25] Fixed 2 duplicate /gene - ybbH_1 ybbH_2
[18:38:25] Fixed 2 duplicate /gene - yohK_1 yohK_2
[18:38:25] Fixed 3 duplicate /gene - metP_1 metP_2 metP_3
[18:38:25] Fixed 2 duplicate /gene - mntB_1 mntB_2
[18:38:25] Fixed 3 duplicate /gene - arnC_1 arnC_2 arnC_3
[18:38:25] Fixed 2 duplicate /gene - spxA_1 spxA_2
[18:38:25] Fixed 2 duplicate /gene - manX_1 manX_2
[18:38:25] Fixed 2 duplicate /gene - alsT_1 alsT_2
[18:38:25] Fixed 2 duplicate /gene - dacA_1 dacA_2
[18:38:25] Fixed 2 duplicate /gene - galK_1 galK_2
[18:38:25] Fixed 2 duplicate /gene - atpE_1 atpE_2
[18:38:25] Fixed 2 duplicate /gene - zosA_1 zosA_2
[18:38:25] Fixed 2 duplicate /gene - srrA_1 srrA_2
[18:38:25] Fixed 2 duplicate /gene - gcvH_1 gcvH_2
[18:38:25] Fixed 5 duplicate /gene - smc_1 smc_2 smc_3 smc_4 smc_5
[18:38:25] Fixed 3 duplicate /gene - agrA_1 agrA_2 agrA_3
[18:38:25] Fixed 2 duplicate /gene - ptsG_1 ptsG_2
[18:38:25] Fixed 2 duplicate /gene - pepF1_1 pepF1_2
[18:38:25] Fixed 2 duplicate /gene - ngcG_1 ngcG_2
[18:38:25] Fixed 2 duplicate /gene - mgtE_1 mgtE_2
[18:38:25] Fixed 2 duplicate /gene - nagB_1 nagB_2
[18:38:25] Fixed 2 duplicate /gene - nanA_1 nanA_2
[18:38:25] Fixed 2 duplicate /gene - ettA_1 ettA_2
[18:38:25] Fixed 2 duplicate /gene - licC_1 licC_2
[18:38:25] Fixed 2 duplicate /gene - urdA_1 urdA_2
[18:38:25] Fixed 2 duplicate /gene - tenA_1 tenA_2
[18:38:25] Fixed 2 duplicate /gene - desR_1 desR_2
[18:38:25] Fixed 8 duplicate /gene - bcrA_1 bcrA_2 bcrA_3 bcrA_4 bcrA_5 bcrA_6 bcrA_7 bcrA_8
[18:38:25] Fixed 2 duplicate /gene - uvrB_1 uvrB_2
[18:38:25] Fixed 2 duplicate /gene - ccpA_1 ccpA_2
[18:38:25] Fixed 3 duplicate /gene - brnQ_1 brnQ_2 brnQ_3
[18:38:25] Fixed 2 duplicate /gene - rnfC_1 rnfC_2
[18:38:25] Fixed 2 duplicate /gene - rsmH_1 rsmH_2
[18:38:25] Fixed 2 duplicate /gene - lrgA_1 lrgA_2
[18:38:25] Fixed 2 duplicate /gene - metN_1 metN_2
[18:38:25] Fixed 2 duplicate /gene - fpgS_1 fpgS_2
[18:38:25] Fixed 2 duplicate /gene - rnfD_1 rnfD_2
[18:38:25] Fixed 2 duplicate /gene - nylA_1 nylA_2
[18:38:25] Fixed 3 duplicate /gene - bglH_1 bglH_2 bglH_3
[18:38:25] Fixed 2 duplicate /gene - lacC_1 lacC_2
[18:38:25] Fixed 2 duplicate /gene - tpiA_1 tpiA_2
[18:38:25] Fixed 2 duplicate /gene - dinG_1 dinG_2
[18:38:25] Fixed 2 duplicate /gene - mrnC_1 mrnC_2
[18:38:25] Fixed 2 duplicate /gene - trxA_1 trxA_2
[18:38:25] Fixed 8 duplicate /gene - btuD_1 btuD_2 btuD_3 btuD_4 btuD_5 btuD_6 btuD_7 btuD_8
[18:38:25] Fixed 2 duplicate /gene - copY_1 copY_2
[18:38:25] Fixed 2 duplicate /gene - apbE_1 apbE_2
[18:38:25] Fixed 2 duplicate /gene - asd2_1 asd2_2
[18:38:25] Fixed 2 duplicate /gene - lplJ_1 lplJ_2
[18:38:25] Fixed 2 duplicate /gene - est_1 est_2
[18:38:25] Fixed 2 duplicate /gene - rpoN1_1 rpoN1_2
[18:38:25] Fixed 2 duplicate /gene - cobB_1 cobB_2
[18:38:25] Fixed 2 duplicate /gene - dsdA_1 dsdA_2
[18:38:25] Fixed 2 duplicate /gene - ulaA_1 ulaA_2
[18:38:25] Fixed 2 duplicate /gene - acpP_1 acpP_2
[18:38:25] Fixed 2 duplicate /gene - pnp_1 pnp_2
[18:38:25] Fixed 3 duplicate /gene - licR_1 licR_2 licR_3
[18:38:25] Fixed 2 duplicate /gene - bglK_1 bglK_2
[18:38:25] Fixed 3 duplicate /gene - rhaR_1 rhaR_2 rhaR_3
[18:38:25] Fixed 2 duplicate /gene - trxB_1 trxB_2
[18:38:25] Fixed 4 duplicate /gene - metQ_1 metQ_2 metQ_3 metQ_4
[18:38:25] Fixed 2 duplicate /gene - gmk_1 gmk_2
[18:38:25] Fixed 2 duplicate /gene - argS_1 argS_2
[18:38:25] Fixed 2 duplicate /gene - ssbA_1 ssbA_2
[18:38:25] Fixed 3 duplicate /gene - oppD_1 oppD_2 oppD_3
[18:38:25] Fixed 2 duplicate /gene - bceA_1 bceA_2
[18:38:25] Fixed 2 duplicate /gene - clpC_1 clpC_2
[18:38:25] Fixed 3 duplicate /gene - cadA_1 cadA_2 cadA_3
[18:38:25] Fixed 3 duplicate /gene - fabG_1 fabG_2 fabG_3
[18:38:25] Fixed 2 duplicate /gene - dagK_1 dagK_2
[18:38:25] Fixed 2 duplicate /gene - lacZ_1 lacZ_2
[18:38:25] Fixed 92 colliding /gene names.
[18:38:25] Adding /locus_tag identifiers
[18:38:25] Assigned 1787 locus_tags to CDS and RNA features.
[18:38:25] Writing outputs to analysis_get_homologues/Prokka_Out/
[18:38:26] Generating annotation statistics file
[18:38:26] Generating Genbank and Sequin files
[18:38:26] Running: tbl2asn -V b -a r10k -l paired-ends -M n -N 1 -y 'Annotated using prokka 1.14.6 from https://github.com/tseemann/prokka' -Z analysis_get_homologues\/Prokka_Out\/prokka_KPL3246\.err -i analysis_get_homologues\/Prokka_Out\/prokka_KPL3246\.fsa 2> /dev/null
[18:38:28] Could not run command: tbl2asn -V b -a r10k -l paired-ends -M n -N 1 -y 'Annotated using prokka 1.14.6 from https://github.com/tseemann/prokka' -Z analysis_get_homologues\/Prokka_Out\/prokka_KPL3246\.err -i analysis_get_homologues\/Prokka_Out\/prokka_KPL3246\.fsa 2> /dev/null
