[17:25:41] This is prokka 1.14.6
[17:25:41] Written by Torsten Seemann <torsten.seemann@gmail.com>
[17:25:41] Homepage is https://github.com/tseemann/prokka
[17:25:41] Local time is Fri Jul 10 17:25:41 2020
[17:25:41] You are isabelfe
[17:25:41] Operating system is darwin
[17:25:41] You have BioPerl 1.007002
[17:25:41] System has 2 cores.
[17:25:41] Will use maximum of 2 cores.
[17:25:41] Annotating as >>> Bacteria <<<
[17:25:41] Generating locus_tag from 'analysis_prokka/Reformat_Dpig/dpi_genomes_forncbi_kpl3246_c.current.fa' contents.
[17:25:41] Setting --locustag BLPDBGGF from MD5 b59db00f5dbae18b5b5a105b7c816d1a
[17:25:41] Re-using existing --outdir analysis_prokka/Prokka_Out
[17:25:41] Using filename prefix: prokka_dpi_genomes_forncbi_kpl3246_c.current.XXX
[17:25:41] Setting HMMER_NCPU=1
[17:25:41] Writing log to: analysis_prokka/Prokka_Out/prokka_dpi_genomes_forncbi_kpl3246_c.current.log
[17:25:41] Command: /Users/isabelfe/opt/anaconda3/bin/prokka --prefix prokka_dpi_genomes_forncbi_kpl3246_c.current --outdir analysis_prokka/Prokka_Out --cpus 0 --force analysis_prokka/Reformat_Dpig/dpi_genomes_forncbi_kpl3246_c.current.fa
[17:25:41] Appending to PATH: /Users/isabelfe/opt/anaconda3/bin
[17:25:41] Looking for 'aragorn' - found /Users/isabelfe/opt/anaconda3/bin/aragorn
[17:25:41] Determined aragorn version is 001002 from 'ARAGORN v1.2.38 Dean Laslett'
[17:25:41] Looking for 'barrnap' - found /Users/isabelfe/opt/anaconda3/bin/barrnap
[17:25:41] Determined barrnap version is 000009 from 'barrnap 0.9'
[17:25:41] Looking for 'blastp' - found /Users/isabelfe/opt/anaconda3/bin/blastp
[17:25:42] Determined blastp version is 002009 from 'blastp: 2.9.0+'
[17:25:42] Looking for 'cmpress' - found /Users/isabelfe/opt/anaconda3/bin/cmpress
[17:25:42] Determined cmpress version is 001001 from '# INFERNAL 1.1.2 (July 2016)'
[17:25:42] Looking for 'cmscan' - found /Users/isabelfe/opt/anaconda3/bin/cmscan
[17:25:42] Determined cmscan version is 001001 from '# INFERNAL 1.1.2 (July 2016)'
[17:25:42] Looking for 'egrep' - found /usr/bin/egrep
[17:25:42] Looking for 'find' - found /usr/bin/find
[17:25:42] Looking for 'grep' - found /usr/bin/grep
[17:25:42] Looking for 'hmmpress' - found /Users/isabelfe/opt/anaconda3/bin/hmmpress
[17:25:42] Determined hmmpress version is 003003 from '# HMMER 3.3 (Nov 2019); http://hmmer.org/'
[17:25:42] Looking for 'hmmscan' - found /Users/isabelfe/opt/anaconda3/bin/hmmscan
[17:25:42] Determined hmmscan version is 003003 from '# HMMER 3.3 (Nov 2019); http://hmmer.org/'
[17:25:42] Looking for 'java' - found /Users/isabelfe/opt/anaconda3/bin/java
[17:25:42] Looking for 'makeblastdb' - found /Users/isabelfe/opt/anaconda3/bin/makeblastdb
[17:25:42] Determined makeblastdb version is 002009 from 'makeblastdb: 2.9.0+'
[17:25:42] Looking for 'minced' - found /Users/isabelfe/opt/anaconda3/bin/minced
[17:25:43] Determined minced version is 004002 from 'minced 0.4.2'
[17:25:43] Looking for 'parallel' - found /Users/isabelfe/opt/anaconda3/bin/parallel
[17:25:43] Determined parallel version is 20200522 from 'GNU parallel 20200522'
[17:25:43] Looking for 'prodigal' - found /Users/isabelfe/opt/anaconda3/bin/prodigal
[17:25:43] Determined prodigal version is 002006 from 'Prodigal V2.6.3: February, 2016'
[17:25:43] Looking for 'prokka-genbank_to_fasta_db' - found /Users/isabelfe/opt/anaconda3/bin/prokka-genbank_to_fasta_db
[17:25:43] Looking for 'sed' - found /usr/bin/sed
[17:25:43] Looking for 'tbl2asn' - found /Users/isabelfe/opt/anaconda3/bin/tbl2asn
[17:25:43] Determined tbl2asn version is 025007 from 'tbl2asn 25.7   arguments:'
[17:25:43] Using genetic code table 11.
[17:25:43] Loading and checking input file: analysis_prokka/Reformat_Dpig/dpi_genomes_forncbi_kpl3246_c.current.fa
[17:25:43] Wrote 1 contigs totalling 1946134 bp.
[17:25:43] Predicting tRNAs and tmRNAs
[17:25:43] Running: aragorn -l -gc11  -w analysis_prokka\/Prokka_Out\/prokka_dpi_genomes_forncbi_kpl3246_c\.current\.fna
[17:25:45] 1 tRNA-Val [159919,159993] 35 (gac)
[17:25:45] 2 tRNA-Ala [425956,426030] 35 (tgc)
[17:25:45] 3 tRNA-Asn [429351,429425] 35 (gtt)
[17:25:45] 4 tRNA-Leu [506296,506379] 34 (gag)
[17:25:45] 5 tRNA-Trp [813291,813363] 34 (cca)
[17:25:45] 6 tRNA-Ser [1173292,1173380] 36 (gga)
[17:25:45] 7 tRNA-Arg c[1244888,1244962] 35 (tct)
[17:25:45] 8 tRNA-Phe c[1414914,1414988] 35 (gaa)
[17:25:45] 9 tRNA-Asp c[1414994,1415069] 36 (gtc)
[17:25:45] 10 tRNA-Ser c[1415093,1415182] 37 (tga)
[17:25:45] 11 tRNA-Glu c[1415194,1415265] 34 (ttc)
[17:25:45] 12 tRNA-Ser c[1415281,1415371] 36 (gct)
[17:25:45] 13 tRNA-Ile c[1415397,1415472] 36 (gat)
[17:25:45] 14 tRNA-Gly c[1415480,1415550] 33 (tcc)
[17:25:45] 15 tRNA-Asp c[1415555,1415630] 36 (gtc)
[17:25:45] 16 tRNA-Met c[1415645,1415719] 35 (cat)
[17:25:45] 17 tRNA-Pro c[1415729,1415802] 35 (tgg)
[17:25:45] 18 tRNA-Arg c[1415824,1415899] 36 (acg)
[17:25:45] 19 tRNA-Leu c[1415908,1415994] 35 (taa)
[17:25:45] 20 tRNA-Gly c[1416023,1416094] 33 (gcc)
[17:25:45] 21 tRNA-Thr c[1416110,1416182] 34 (tgt)
[17:25:45] 22 tRNA-Leu c[1416189,1416270] 35 (tag)
[17:25:45] 23 tRNA-Lys c[1416288,1416360] 34 (ttt)
[17:25:45] 24 tRNA-Val c[1416370,1416442] 34 (tac)
[17:25:45] 25 tmRNA [1517226,1517583] 92,127 ANKNSNLALAA*
[17:25:45] 26 tRNA-Thr c[1644804,1644876] 34 (ggt)
[17:25:45] 27 tRNA-Gln c[1650194,1650267] 34 (ttg)
[17:25:45] 28 tRNA-Tyr c[1650271,1650354] 36 (gta)
[17:25:45] 29 tRNA-Glu c[1650359,1650430] 34 (ttc)
[17:25:45] 30 tRNA-SeC [1749242,1749339] 36 (tca)
[17:25:45] 31 tRNA-Arg c[1789745,1789819] 35 (tcg)
[17:25:45] 32 tRNA-Lys c[1789843,1789915] 34 (ttt)
[17:25:45] 33 tRNA-Val c[1789925,1789997] 34 (tac)
[17:25:45] 34 tRNA-Leu c[1795252,1795336] 35 (caa)
[17:25:45] 35 tRNA-Cys c[1795364,1795436] 33 (gca)
[17:25:45] 36 tRNA-Gln c[1795448,1795521] 34 (ttg)
[17:25:45] 37 tRNA-His c[1795536,1795610] 35 (gtg)
[17:25:45] 38 tRNA-Trp c[1795620,1795692] 34 (cca)
[17:25:45] 39 tRNA-Tyr c[1795695,1795777] 36 (gta)
[17:25:45] 40 tRNA-Phe c[1795794,1795868] 35 (gaa)
[17:25:45] 41 tRNA-Asp c[1795874,1795949] 36 (gtc)
[17:25:45] 42 tRNA-Met c[1795964,1796038] 35 (cat)
[17:25:45] 43 tRNA-Ser c[1796058,1796147] 37 (tga)
[17:25:45] 44 tRNA-Glu c[1796160,1796231] 34 (ttc)
[17:25:45] 45 tRNA-Ile c[1796247,1796322] 36 (gat)
[17:25:45] 46 tRNA-Gly c[1796332,1796402] 33 (tcc)
[17:25:45] 47 tRNA-Met c[1796455,1796528] 35 (cat)
[17:25:45] 48 tRNA-Met c[1796546,1796621] 36 (cat)
[17:25:45] 49 tRNA-Pro c[1796640,1796713] 35 (tgg)
[17:25:45] 50 tRNA-Arg c[1796770,1796845] 36 (acg)
[17:25:45] 51 tRNA-Leu c[1796854,1796940] 35 (taa)
[17:25:45] 52 tRNA-Gly c[1796969,1797040] 33 (gcc)
[17:25:45] 53 tRNA-Thr c[1797056,1797128] 34 (tgt)
[17:25:45] 54 tRNA-Asn c[1905073,1905147] 35 (gtt)
[17:25:45] 55 tRNA-Ala c[1908467,1908541] 35 (tgc)
[17:25:45] Found 55 tRNAs
[17:25:45] Predicting Ribosomal RNAs
[17:25:45] Running Barrnap with 2 threads
[17:25:48] 1 c_000000000001 424332 16S ribosomal RNA
[17:25:48] 2 c_000000000001 426226 23S ribosomal RNA
[17:25:48] 3 c_000000000001 429208 5S ribosomal RNA
[17:25:48] 4 c_000000000001 1416460 5S ribosomal RNA
[17:25:48] 5 c_000000000001 1416653 23S ribosomal RNA
[17:25:48] 6 c_000000000001 1419812 16S ribosomal RNA
[17:25:48] 7 c_000000000001 1790015 5S ribosomal RNA
[17:25:48] 8 c_000000000001 1790208 23S ribosomal RNA
[17:25:48] 9 c_000000000001 1793368 16S ribosomal RNA
[17:25:48] 10 c_000000000001 1905179 5S ribosomal RNA
[17:25:48] 11 c_000000000001 1905372 23S ribosomal RNA
[17:25:48] 12 c_000000000001 1908624 16S ribosomal RNA
[17:25:48] Found 12 rRNAs
[17:25:48] Skipping ncRNA search, enable with --rfam if desired.
[17:25:48] Total of 66 tRNA + rRNA features
[17:25:48] Searching for CRISPR repeats
[17:25:48] CRISPR1 c_000000000001 497580 with 4 spacers
[17:25:48] CRISPR2 c_000000000001 690647 with 8 spacers
[17:25:48] Found 2 CRISPRs
[17:25:48] Predicting coding sequences
[17:25:48] Contigs total 1946134 bp, so using single mode
[17:25:48] Running: prodigal -i analysis_prokka\/Prokka_Out\/prokka_dpi_genomes_forncbi_kpl3246_c\.current\.fna -c -m -g 11 -p single -f sco -q
[17:25:54] Excluding CDS which overlaps existing RNA (tRNA) at c_000000000001:1644654..1644845 on - strand
[17:25:55] Found 1720 CDS
[17:25:55] Connecting features back to sequences
[17:25:55] Not using genus-specific database. Try --usegenus to enable it.
[17:25:55] Annotating CDS, please be patient.
[17:25:55] Will use 2 CPUs for similarity searching.
[17:25:55] There are still 1720 unannotated CDS left (started with 1720)
[17:25:55] Will use blast to search against /Users/isabelfe/opt/anaconda3/db/kingdom/Bacteria/IS with 2 CPUs
[17:25:55] Running: cat analysis_prokka\/Prokka_Out\/prokka_dpi_genomes_forncbi_kpl3246_c\.current\.IS\.tmp\.28430\.faa | parallel --gnu --plain -j 2 --block 145027 --recstart '>' --pipe blastp -query - -db /Users/isabelfe/opt/anaconda3/db/kingdom/Bacteria/IS -evalue 1e-30 -qcov_hsp_perc 90 -num_threads 1 -num_descriptions 1 -num_alignments 1 -seg no > analysis_prokka\/Prokka_Out\/prokka_dpi_genomes_forncbi_kpl3246_c\.current\.IS\.tmp\.28430\.blast 2> /dev/null
[17:26:16] Deleting unwanted file: analysis_prokka/Prokka_Out/prokka_dpi_genomes_forncbi_kpl3246_c.current.IS.tmp.28430.faa
[17:26:16] Deleting unwanted file: analysis_prokka/Prokka_Out/prokka_dpi_genomes_forncbi_kpl3246_c.current.IS.tmp.28430.blast
[17:26:17] There are still 1717 unannotated CDS left (started with 1720)
[17:26:17] Will use blast to search against /Users/isabelfe/opt/anaconda3/db/kingdom/Bacteria/AMR with 2 CPUs
[17:26:17] Running: cat analysis_prokka\/Prokka_Out\/prokka_dpi_genomes_forncbi_kpl3246_c\.current\.AMR\.tmp\.28430\.faa | parallel --gnu --plain -j 2 --block 144701 --recstart '>' --pipe blastp -query - -db /Users/isabelfe/opt/anaconda3/db/kingdom/Bacteria/AMR -evalue 9.99999999999999e-301 -qcov_hsp_perc 90 -num_threads 1 -num_descriptions 1 -num_alignments 1 -seg no > analysis_prokka\/Prokka_Out\/prokka_dpi_genomes_forncbi_kpl3246_c\.current\.AMR\.tmp\.28430\.blast 2> /dev/null
[17:26:32] Deleting unwanted file: analysis_prokka/Prokka_Out/prokka_dpi_genomes_forncbi_kpl3246_c.current.AMR.tmp.28430.faa
[17:26:32] Deleting unwanted file: analysis_prokka/Prokka_Out/prokka_dpi_genomes_forncbi_kpl3246_c.current.AMR.tmp.28430.blast
[17:26:33] There are still 1717 unannotated CDS left (started with 1720)
[17:26:33] Will use blast to search against /Users/isabelfe/opt/anaconda3/db/kingdom/Bacteria/sprot with 2 CPUs
[17:26:33] Running: cat analysis_prokka\/Prokka_Out\/prokka_dpi_genomes_forncbi_kpl3246_c\.current\.sprot\.tmp\.28430\.faa | parallel --gnu --plain -j 2 --block 144701 --recstart '>' --pipe blastp -query - -db /Users/isabelfe/opt/anaconda3/db/kingdom/Bacteria/sprot -evalue 1e-09 -qcov_hsp_perc 80 -num_threads 1 -num_descriptions 1 -num_alignments 1 -seg no > analysis_prokka\/Prokka_Out\/prokka_dpi_genomes_forncbi_kpl3246_c\.current\.sprot\.tmp\.28430\.blast 2> /dev/null
[17:27:52] Modify product: UPF0365 protein SA1402 => hypothetical protein
[17:27:52] Modify product: Putative glycerol transporter Lin0368 => Putative glycerol transporter
[17:27:52] Modify product: Putative glycerol transporter Lin0367 => Putative glycerol transporter
[17:27:52] Modify product: Probable transcription repressor NiaR => putative transcription repressor NiaR
[17:27:52] Modify product: Probable protein-export membrane protein SecG => putative protein-export membrane protein SecG
[17:27:52] Modify product: Uncharacterized protein Spy1614 => putative protein
[17:27:52] Modify product: Uncharacterized protein SA1069 => putative protein
[17:27:52] Modify product: Probable cell division protein WhiA => putative cell division protein WhiA
[17:27:52] Modify product: UPF0302 protein BA_1542/GBAA_1542/BAS1430 => hypothetical protein
[17:27:52] Modify product: Uncharacterized protein YpjD => putative protein YpjD
[17:27:52] Modify product: UPF0324 inner membrane protein YeiH => hypothetical protein
[17:27:52] Modify product: UPF0053 protein HI_0107 => hypothetical protein
[17:27:52] Modify product: Uncharacterized MscS family protein YkuT => putative MscS family protein YkuT
[17:27:52] Modify product: UPF0176 protein SP_0095 => hypothetical protein
[17:27:52] Modify product: Putative universal stress protein SA1532 => Putative universal stress protein
[17:27:52] Modify product: Uncharacterized AAA domain-containing protein Rv2559c => putative AAA domain-containing protein
[17:27:52] Modify product: Uncharacterized ABC transporter ATP-binding protein Rv0986 => putative ABC transporter ATP-binding protein
[17:27:52] Modify product: Probable multidrug resistance ABC transporter ATP-binding/permease protein YheI => putative multidrug resistance ABC transporter ATP-binding/permease protein YheI
[17:27:52] Modify product: Probable multidrug resistance ABC transporter ATP-binding/permease protein YheH => putative multidrug resistance ABC transporter ATP-binding/permease protein YheH
[17:27:52] Modify product: Probable undecaprenyl-phosphate N-acetylglucosaminyl 1-phosphate transferase => putative undecaprenyl-phosphate N-acetylglucosaminyl 1-phosphate transferase
[17:27:52] Modify product: Probable glycine dehydrogenase (decarboxylating) subunit 1 => putative glycine dehydrogenase (decarboxylating) subunit 1
[17:27:52] Modify product: Probable glycine dehydrogenase (decarboxylating) subunit 2 => putative glycine dehydrogenase (decarboxylating) subunit 2
[17:27:52] Modify product: UPF0073 inner membrane protein YqfA => hypothetical protein
[17:27:52] Modify product: Putative phosphatase M6_Spy0533 => Putative phosphatase
[17:27:52] Modify product: UPF0122 protein SP_1288 => hypothetical protein
[17:27:52] Modify product: Probable ribosomal protein YlxQ => putative ribosomal protein YlxQ
[17:27:52] Modify product: Probable murein peptide carboxypeptidase => putative murein peptide carboxypeptidase
[17:27:52] Modify product: Uncharacterized HTH-type transcriptional regulator YbbH => putative HTH-type transcriptional regulator YbbH
[17:27:52] Modify product: PTS system EIIBC component SA0186 => PTS system EIIBC component
[17:27:52] Modify product: Probable endonuclease 4 => putative endonuclease 4
[17:27:52] Modify product: UPF0374 protein SP_1903 => hypothetical protein
[17:27:52] Modify product: Putative aminotransferase MSMEG_6286/MSMEI_6121 => Putative aminotransferase/MSMEI_6121
[17:27:52] Modify product: Uncharacterized protein YqeY => putative protein YqeY
[17:27:52] Modify product: Putative multidrug export ATP-binding/permease protein SAV1866 => Putative multidrug export ATP-binding/permease protein
[17:27:52] Modify product: GTP cyclohydrolase 1 type 2 homolog => GTP cyclohydrolase 1 type 2 
[17:27:52] Modify product: UPF0178 protein YaiI => hypothetical protein
[17:27:52] Modify product: Uncharacterized protein YedJ => putative protein YedJ
[17:27:52] Modify product: DegV domain-containing protein spr1415 => DegV domain-containing protein
[17:27:52] Modify product: Nudix hydrolase DR_0079 => Nudix hydrolase
[17:27:52] Modify product: Bifunctional protein FolD => Bifunctional protein FolD protein
[17:27:52] Modify product: Uncharacterized protein YqgN => putative protein YqgN
[17:27:52] Modify product: Probable D,D-dipeptide transport system permease protein DdpC => putative D,D-dipeptide transport system permease protein DdpC
[17:27:52] Modify product: Uncharacterized PIN and TRAM-domain containing protein YacL => putative PIN and TRAM-domain containing protein YacL
[17:27:53] Modify product: Probable 3-hydroxyacyl-CoA dehydrogenase => putative 3-hydroxyacyl-CoA dehydrogenase
[17:27:53] Modify product: Uncharacterized oxidoreductase SpyM50865 => putative oxidoreductase
[17:27:53] Modify product: Probable quorum-quenching lactonase YtnP => putative quorum-quenching lactonase YtnP
[17:27:53] Modify product: Uncharacterized HTH-type transcriptional regulator SACOL2360 => putative HTH-type transcriptional regulator
[17:27:53] Modify product: Multidrug efflux system ATP-binding protein Rv1218c => Multidrug efflux system ATP-binding protein
[17:27:53] Modify product: Uncharacterized protein YhaP => putative protein YhaP
[17:27:53] Modify product: Uncharacterized ABC transporter ATP-binding protein Rv1273c => putative ABC transporter ATP-binding protein
[17:27:53] Modify product: Uncharacterized ABC transporter ATP-binding protein TM_0288 => putative ABC transporter ATP-binding protein
[17:27:53] Modify product: Probable fructose-bisphosphate aldolase => putative fructose-bisphosphate aldolase
[17:27:53] Modify product: Uncharacterized protein YdjI => putative protein YdjI
[17:27:53] Modify product: Putative phosphatase M6_Spy0533 => Putative phosphatase
[17:27:53] Modify product: Probable licABCH operon regulator => putative licABCH operon regulator
[17:27:53] Modify product: Uncharacterized HTH-type transcriptional regulator YbbH => putative HTH-type transcriptional regulator YbbH
[17:27:53] Modify product: Probable pyridine nucleotide-disulfide oxidoreductase RclA => putative pyridine nucleotide-disulfide oxidoreductase RclA
[17:27:53] Modify product: Putative multidrug export ATP-binding/permease protein SAV1866 => Putative multidrug export ATP-binding/permease protein
[17:27:53] Modify product: Uncharacterized ABC transporter ATP-binding protein Rv0986 => putative ABC transporter ATP-binding protein
[17:27:53] Modify product: Calcium-transporting ATPase lmo0841 => Calcium-transporting ATPase
[17:27:53] Modify product: Uncharacterized ABC transporter ATP-binding protein YknY => putative ABC transporter ATP-binding protein YknY
[17:27:53] Modify product: UPF0045 protein Rv1898 => hypothetical protein
[17:27:53] Modify product: UPF0346 protein YozE => hypothetical protein
[17:27:53] Modify product: RutC family protein HI_0719 => RutC family protein
[17:27:53] Modify product: Sulfurtransferase Alvin_2599 => Sulfurtransferase
[17:27:53] Modify product: Probable L-asparaginase => putative L-asparaginase
[17:27:53] Modify product: Putative transport protein Rv0205 => Putative transport protein
[17:27:53] Modify product: DegV domain-containing protein SA1258 => DegV domain-containing protein
[17:27:53] Modify product: Uncharacterized protein YhaN => putative protein YhaN
[17:27:53] Modify product: UPF0342 protein SA1663 => hypothetical protein
[17:27:53] Modify product: Probable bifunctional oligoribonuclease and PAP phosphatase NrnA => putative bifunctional oligoribonuclease and PAP phosphatase NrnA
[17:27:53] Modify product: Uncharacterized protein Spy1535 => putative protein
[17:27:53] Modify product: Probable transcriptional regulatory protein MSMEG_2940/MSMEI_2866 => putative transcriptional regulatory protein/MSMEI_2866
[17:27:53] Modify product: Transcriptional repressor SmtB homolog => Transcriptional repressor SmtB 
[17:27:53] Modify product: Uncharacterized protein YdhK => putative protein YdhK
[17:27:53] Modify product: Putative trans-acting regulator SP_1800 => Putative trans-acting regulator
[17:27:53] Modify product: Uncharacterized epimerase/dehydratase SA0511 => putative epimerase/dehydratase
[17:27:53] Modify product: Probable metallo-hydrolase M6_Spy0554 => putative metallo-hydrolase
[17:27:53] Modify product: UPF0053 inner membrane protein YfjD => hypothetical protein
[17:27:53] Modify product: UPF0398 protein YpsA => hypothetical protein
[17:27:53] Modify product: Rqc2 homolog RqcH => Rqc2 RqcH
[17:27:53] Modify product: Putative metallophosphoesterase MG207 homolog => Putative metallophosphoesterase MG207 
[17:27:53] Modify product: TelA-like protein SA1238 => TelA-like protein
[17:27:53] Modify product: UPF0154 protein SA1178 => hypothetical protein
[17:27:53] Modify product: UPF0291 protein SP_1473 => hypothetical protein
[17:27:53] Modify product: Probable L-ascorbate-6-phosphate lactonase UlaG => putative L-ascorbate-6-phosphate lactonase UlaG
[17:27:53] Modify product: Probable licABCH operon regulator => putative licABCH operon regulator
[17:27:53] Modify product: Probable GTP-binding protein EngB => putative GTP-binding protein EngB
[17:27:53] Modify product: Probable nicotinate-nucleotide adenylyltransferase => putative nicotinate-nucleotide adenylyltransferase
[17:27:53] Modify product: RNA-binding protein HI_1333 => RNA-binding protein
[17:27:53] Modify product: Uncharacterized protein YqeH => putative protein YqeH
[17:27:53] Modify product: UPF0358 protein EF_2458 => hypothetical protein
[17:27:53] Modify product: Probable N-acetyl-LL-diaminopimelate aminotransferase => putative N-acetyl-LL-diaminopimelate aminotransferase
[17:27:53] Modify product: Probable licABCH operon regulator => putative licABCH operon regulator
[17:27:53] Modify product: Probable tRNA sulfurtransferase => putative tRNA sulfurtransferase
[17:27:53] Modify product: UPF0702 transmembrane protein YetF => hypothetical protein
[17:27:53] Modify product: UPF0637 protein SA0957 => hypothetical protein
[17:27:53] Modify product: Uncharacterized multiple-sugar transport system permease YteP => putative multiple-sugar transport system permease YteP
[17:27:53] Modify product: Uncharacterized protein YpjQ => putative protein YpjQ
[17:27:53] Modify product: Uncharacterized oxidoreductase Mb2996 => putative oxidoreductase
[17:27:53] Modify product: Acetyltransferase SACOL1063 => Acetyltransferase
[17:27:53] Modify product: Acetyltransferase SACOL1063 => Acetyltransferase
[17:27:53] Modify product: UPF0413 protein YjbH => hypothetical protein
[17:27:53] Modify product: UPF0758 protein YsxA => hypothetical protein
[17:27:53] Modify product: UPF0473 protein SP_0194 => hypothetical protein
[17:27:53] Modify product: UPF0297 protein EF_1202 => hypothetical protein
[17:27:53] Modify product: UPF0051 protein SA0778 => hypothetical protein
[17:27:53] Modify product: UPF0051 protein SA0778 => hypothetical protein
[17:27:53] Modify product: Probable ABC transporter ATP-binding protein M6_Spy0273 => putative ABC transporter ATP-binding protein
[17:27:53] Modify product: Uncharacterized protein YqeN => putative protein YqeN
[17:27:53] Modify product: Uncharacterized protein YbbA => putative protein YbbA
[17:27:53] Modify product: Uncharacterized ABC transporter ATP-binding protein YheS => putative ABC transporter ATP-binding protein YheS
[17:27:53] Modify product: UPF0340 protein YwlG => hypothetical protein
[17:27:53] Modify product: Protease HtpX homolog => Protease HtpX 
[17:27:53] Modify product: Uncharacterized ABC transporter ATP-binding protein Rv0986 => putative ABC transporter ATP-binding protein
[17:27:53] Modify product: Probable ABC transporter phosphite binding protein PhnD1 => putative ABC transporter phosphite binding protein PhnD1
[17:27:53] Modify product: UPF0394 inner membrane protein YeeE => hypothetical protein
[17:27:53] Modify product: Uncharacterized protein YacP => putative protein YacP
[17:27:53] Modify product: Uncharacterized oxidoreductase YjhC => putative oxidoreductase YjhC
[17:27:53] Modify product: Probable peptidoglycan glycosyltransferase FtsW => putative peptidoglycan glycosyltransferase FtsW
[17:27:53] Cleaned 120 /product names
[17:27:53] Deleting unwanted file: analysis_prokka/Prokka_Out/prokka_dpi_genomes_forncbi_kpl3246_c.current.sprot.tmp.28430.faa
[17:27:53] Deleting unwanted file: analysis_prokka/Prokka_Out/prokka_dpi_genomes_forncbi_kpl3246_c.current.sprot.tmp.28430.blast
[17:27:54] There are still 656 unannotated CDS left (started with 1720)
[17:27:54] Will use hmmer3 to search against /Users/isabelfe/opt/anaconda3/db/hmm/HAMAP.hmm with 2 CPUs
[17:27:54] Running: cat analysis_prokka\/Prokka_Out\/prokka_dpi_genomes_forncbi_kpl3246_c\.current\.HAMAP\.hmm\.tmp\.28430\.faa | parallel --gnu --plain -j 2 --block 52567 --recstart '>' --pipe hmmscan --noali --notextw --acc -E 1e-09 --cpu 1 /Users/isabelfe/opt/anaconda3/db/hmm/HAMAP.hmm /dev/stdin > analysis_prokka\/Prokka_Out\/prokka_dpi_genomes_forncbi_kpl3246_c\.current\.HAMAP\.hmm\.tmp\.28430\.hmmer3 2> /dev/null
[17:28:26] Modify product: Uncharacterized Nudix hydrolase NudL => putative Nudix hydrolase NudL
[17:28:26] Modify product: Protein SprT-like => Protein SprT-like protein
[17:28:26] Cleaned 2 /product names
[17:28:26] Deleting unwanted file: analysis_prokka/Prokka_Out/prokka_dpi_genomes_forncbi_kpl3246_c.current.HAMAP.hmm.tmp.28430.faa
[17:28:26] Deleting unwanted file: analysis_prokka/Prokka_Out/prokka_dpi_genomes_forncbi_kpl3246_c.current.HAMAP.hmm.tmp.28430.hmmer3
[17:28:26] Labelling remaining 572 proteins as 'hypothetical protein'
[17:28:26] Possible /pseudo 'Lactococcin-G-processing and transport ATP-binding protein LagD' at c_000000000001 position 95616
[17:28:26] Possible /pseudo 'Lactococcin-G-processing and transport ATP-binding protein LagD' at c_000000000001 position 95894
[17:28:26] Possible /pseudo 'PTS system mannose-specific EIIAB component' at c_000000000001 position 149113
[17:28:26] Possible /pseudo 'Bacitracin export ATP-binding protein BceA' at c_000000000001 position 239184
[17:28:26] Possible /pseudo 'putative ABC transporter ATP-binding protein' at c_000000000001 position 312210
[17:28:26] Possible /pseudo 'Putative glycerol transporter' at c_000000000001 position 540174
[17:28:26] Possible /pseudo 'putative protein' at c_000000000001 position 646301
[17:28:26] Possible /pseudo 'Aspartate-semialdehyde dehydrogenase 2' at c_000000000001 position 724922
[17:28:26] Possible /pseudo 'Undecaprenyl-phosphate 4-deoxy-4-formamido-L-arabinose transferase' at c_000000000001 position 786993
[17:28:26] Possible /pseudo 'Cadmium, zinc and cobalt-transporting ATPase' at c_000000000001 position 1105318
[17:28:26] Possible /pseudo 'Acetyltransferase' at c_000000000001 position 1462588
[17:28:26] Possible /pseudo 'Glycine reductase complex component B subunit gamma' at c_000000000001 position 1736861
[17:28:26] Found 922 unique /gene codes.
[17:28:26] Fixed 2 duplicate /gene - dppE_1 dppE_2
[17:28:26] Fixed 2 duplicate /gene - fpgS_1 fpgS_2
[17:28:26] Fixed 2 duplicate /gene - mshA_1 mshA_2
[17:28:26] Fixed 2 duplicate /gene - mntB_1 mntB_2
[17:28:26] Fixed 8 duplicate /gene - bcrA_1 bcrA_2 bcrA_3 bcrA_4 bcrA_5 bcrA_6 bcrA_7 bcrA_8
[17:28:26] Fixed 2 duplicate /gene - tpiA_1 tpiA_2
[17:28:26] Fixed 2 duplicate /gene - yohK_1 yohK_2
[17:28:26] Fixed 2 duplicate /gene - atpE_1 atpE_2
[17:28:26] Fixed 2 duplicate /gene - lacF_1 lacF_2
[17:28:26] Fixed 2 duplicate /gene - spxA_1 spxA_2
[17:28:26] Fixed 2 duplicate /gene - sasA_1 sasA_2
[17:28:26] Fixed 2 duplicate /gene - bceA_1 bceA_2
[17:28:26] Fixed 2 duplicate /gene - apbE_1 apbE_2
[17:28:26] Fixed 2 duplicate /gene - dacA_1 dacA_2
[17:28:26] Fixed 2 duplicate /gene - gsiC_1 gsiC_2
[17:28:26] Fixed 2 duplicate /gene - ccpA_1 ccpA_2
[17:28:26] Fixed 2 duplicate /gene - trxA_1 trxA_2
[17:28:26] Fixed 2 duplicate /gene - tenA_1 tenA_2
[17:28:26] Fixed 2 duplicate /gene - ngcG_1 ngcG_2
[17:28:26] Fixed 2 duplicate /gene - copY_1 copY_2
[17:28:26] Fixed 2 duplicate /gene - metN_1 metN_2
[17:28:26] Fixed 2 duplicate /gene - grdB_1 grdB_2
[17:28:26] Fixed 2 duplicate /gene - tagU_1 tagU_2
[17:28:26] Fixed 3 duplicate /gene - cadA_1 cadA_2 cadA_3
[17:28:26] Fixed 3 duplicate /gene - metP_1 metP_2 metP_3
[17:28:26] Fixed 2 duplicate /gene - nagB_1 nagB_2
[17:28:26] Fixed 8 duplicate /gene - btuD_1 btuD_2 btuD_3 btuD_4 btuD_5 btuD_6 btuD_7 btuD_8
[17:28:26] Fixed 2 duplicate /gene - lacC_1 lacC_2
[17:28:26] Fixed 2 duplicate /gene - atpD_1 atpD_2
[17:28:26] Fixed 3 duplicate /gene - fabG_1 fabG_2 fabG_3
[17:28:26] Fixed 3 duplicate /gene - licR_1 licR_2 licR_3
[17:28:26] Fixed 5 duplicate /gene - smc_1 smc_2 smc_3 smc_4 smc_5
[17:28:26] Fixed 4 duplicate /gene - metQ_1 metQ_2 metQ_3 metQ_4
[17:28:26] Fixed 2 duplicate /gene - yclP_1 yclP_2
[17:28:26] Fixed 2 duplicate /gene - purR_1 purR_2
[17:28:26] Fixed 3 duplicate /gene - oppF_1 oppF_2 oppF_3
[17:28:26] Fixed 2 duplicate /gene - lrgA_1 lrgA_2
[17:28:26] Fixed 2 duplicate /gene - ssbA_1 ssbA_2
[17:28:26] Fixed 2 duplicate /gene - cobB_1 cobB_2
[17:28:26] Fixed 2 duplicate /gene - srrA_1 srrA_2
[17:28:26] Fixed 2 duplicate /gene - ettA_1 ettA_2
[17:28:26] Fixed 2 duplicate /gene - manX_1 manX_2
[17:28:26] Fixed 2 duplicate /gene - uvrB_1 uvrB_2
[17:28:26] Fixed 2 duplicate /gene - mrnC_1 mrnC_2
[17:28:26] Fixed 2 duplicate /gene - nanA_1 nanA_2
[17:28:26] Fixed 2 duplicate /gene - clpC_1 clpC_2
[17:28:26] Fixed 2 duplicate /gene - est_1 est_2
[17:28:26] Fixed 2 duplicate /gene - trxB_1 trxB_2
[17:28:26] Fixed 3 duplicate /gene - bglH_1 bglH_2 bglH_3
[17:28:26] Fixed 2 duplicate /gene - rsmH_1 rsmH_2
[17:28:26] Fixed 2 duplicate /gene - lplJ_1 lplJ_2
[17:28:26] Fixed 2 duplicate /gene - asd2_1 asd2_2
[17:28:26] Fixed 2 duplicate /gene - mgtE_1 mgtE_2
[17:28:26] Fixed 2 duplicate /gene - ulaA_1 ulaA_2
[17:28:26] Fixed 2 duplicate /gene - zosA_1 zosA_2
[17:28:26] Fixed 2 duplicate /gene - murQ_1 murQ_2
[17:28:26] Fixed 3 duplicate /gene - gatC_1 gatC_2 gatC_3
[17:28:26] Fixed 2 duplicate /gene - lacZ_1 lacZ_2
[17:28:26] Fixed 2 duplicate /gene - rnfD_1 rnfD_2
[17:28:26] Fixed 3 duplicate /gene - lagD_1 lagD_2 lagD_3
[17:28:26] Fixed 2 duplicate /gene - thiD_1 thiD_2
[17:28:26] Fixed 2 duplicate /gene - sufS_1 sufS_2
[17:28:26] Fixed 2 duplicate /gene - licA_1 licA_2
[17:28:26] Fixed 3 duplicate /gene - oppD_1 oppD_2 oppD_3
[17:28:26] Fixed 3 duplicate /gene - brnQ_1 brnQ_2 brnQ_3
[17:28:26] Fixed 2 duplicate /gene - rpoN1_1 rpoN1_2
[17:28:26] Fixed 2 duplicate /gene - bglK_1 bglK_2
[17:28:26] Fixed 2 duplicate /gene - urdA_1 urdA_2
[17:28:26] Fixed 2 duplicate /gene - luxS_1 luxS_2
[17:28:26] Fixed 2 duplicate /gene - pnp_1 pnp_2
[17:28:26] Fixed 2 duplicate /gene - dsdA_1 dsdA_2
[17:28:26] Fixed 2 duplicate /gene - gmk_1 gmk_2
[17:28:26] Fixed 2 duplicate /gene - xerC_1 xerC_2
[17:28:26] Fixed 2 duplicate /gene - gcvH_1 gcvH_2
[17:28:26] Fixed 2 duplicate /gene - nylA_1 nylA_2
[17:28:26] Fixed 2 duplicate /gene - galK_1 galK_2
[17:28:26] Fixed 2 duplicate /gene - desR_1 desR_2
[17:28:26] Fixed 2 duplicate /gene - licC_1 licC_2
[17:28:26] Fixed 2 duplicate /gene - rluD_1 rluD_2
[17:28:26] Fixed 3 duplicate /gene - arnC_1 arnC_2 arnC_3
[17:28:26] Fixed 2 duplicate /gene - rnfC_1 rnfC_2
[17:28:26] Fixed 3 duplicate /gene - rhaR_1 rhaR_2 rhaR_3
[17:28:26] Fixed 2 duplicate /gene - pepF1_1 pepF1_2
[17:28:26] Fixed 2 duplicate /gene - argS_1 argS_2
[17:28:26] Fixed 2 duplicate /gene - dinG_1 dinG_2
[17:28:26] Fixed 2 duplicate /gene - acpP_1 acpP_2
[17:28:26] Fixed 3 duplicate /gene - agrA_1 agrA_2 agrA_3
[17:28:26] Fixed 2 duplicate /gene - dagK_1 dagK_2
[17:28:26] Fixed 2 duplicate /gene - ybbH_1 ybbH_2
[17:28:26] Fixed 2 duplicate /gene - ptsG_1 ptsG_2
[17:28:26] Fixed 2 duplicate /gene - iscS_1 iscS_2
[17:28:26] Fixed 2 duplicate /gene - alsT_1 alsT_2
[17:28:26] Fixed 92 colliding /gene names.
[17:28:26] Adding /locus_tag identifiers
[17:28:26] Assigned 1787 locus_tags to CDS and RNA features.
[17:28:26] Writing outputs to analysis_prokka/Prokka_Out/
[17:28:27] Generating annotation statistics file
[17:28:27] Generating Genbank and Sequin files
[17:28:27] Running: tbl2asn -V b -a r10k -l paired-ends -M n -N 1 -y 'Annotated using prokka 1.14.6 from https://github.com/tseemann/prokka' -Z analysis_prokka\/Prokka_Out\/prokka_dpi_genomes_forncbi_kpl3246_c\.current\.err -i analysis_prokka\/Prokka_Out\/prokka_dpi_genomes_forncbi_kpl3246_c\.current\.fsa 2> /dev/null
[17:28:33] Could not run command: tbl2asn -V b -a r10k -l paired-ends -M n -N 1 -y 'Annotated using prokka 1.14.6 from https://github.com/tseemann/prokka' -Z analysis_prokka\/Prokka_Out\/prokka_dpi_genomes_forncbi_kpl3246_c\.current\.err -i analysis_prokka\/Prokka_Out\/prokka_dpi_genomes_forncbi_kpl3246_c\.current\.fsa 2> /dev/null
