[17:06:02] This is prokka 1.14.6
[17:06:02] Written by Torsten Seemann <torsten.seemann@gmail.com>
[17:06:02] Homepage is https://github.com/tseemann/prokka
[17:06:02] Local time is Fri Jul 10 17:06:02 2020
[17:06:02] You are isabelfe
[17:06:02] Operating system is darwin
[17:06:02] You have BioPerl 1.007002
[17:06:02] System has 2 cores.
[17:06:02] Will use maximum of 2 cores.
[17:06:02] Annotating as >>> Bacteria <<<
[17:06:02] Generating locus_tag from 'analysis_prokka/Reformat_Dpig/dpi_genomes_forncbi_kpl3069_c.current.fa' contents.
[17:06:02] Setting --locustag DJACPFHC from MD5 d3ac9f1c067a32fdf1d4ab667f07abd7
[17:06:02] Re-using existing --outdir analysis_prokka/Prokka_Out
[17:06:02] Using filename prefix: prokka_dpi_genomes_forncbi_kpl3069_c.current.XXX
[17:06:02] Setting HMMER_NCPU=1
[17:06:02] Writing log to: analysis_prokka/Prokka_Out/prokka_dpi_genomes_forncbi_kpl3069_c.current.log
[17:06:02] Command: /Users/isabelfe/opt/anaconda3/bin/prokka --prefix prokka_dpi_genomes_forncbi_kpl3069_c.current --outdir analysis_prokka/Prokka_Out --cpus 0 --force analysis_prokka/Reformat_Dpig/dpi_genomes_forncbi_kpl3069_c.current.fa
[17:06:02] Appending to PATH: /Users/isabelfe/opt/anaconda3/bin
[17:06:02] Looking for 'aragorn' - found /Users/isabelfe/opt/anaconda3/bin/aragorn
[17:06:02] Determined aragorn version is 001002 from 'ARAGORN v1.2.38 Dean Laslett'
[17:06:02] Looking for 'barrnap' - found /Users/isabelfe/opt/anaconda3/bin/barrnap
[17:06:02] Determined barrnap version is 000009 from 'barrnap 0.9'
[17:06:02] Looking for 'blastp' - found /Users/isabelfe/opt/anaconda3/bin/blastp
[17:06:03] Determined blastp version is 002009 from 'blastp: 2.9.0+'
[17:06:03] Looking for 'cmpress' - found /Users/isabelfe/opt/anaconda3/bin/cmpress
[17:06:03] Determined cmpress version is 001001 from '# INFERNAL 1.1.2 (July 2016)'
[17:06:03] Looking for 'cmscan' - found /Users/isabelfe/opt/anaconda3/bin/cmscan
[17:06:03] Determined cmscan version is 001001 from '# INFERNAL 1.1.2 (July 2016)'
[17:06:03] Looking for 'egrep' - found /usr/bin/egrep
[17:06:03] Looking for 'find' - found /usr/bin/find
[17:06:03] Looking for 'grep' - found /usr/bin/grep
[17:06:03] Looking for 'hmmpress' - found /Users/isabelfe/opt/anaconda3/bin/hmmpress
[17:06:03] Determined hmmpress version is 003003 from '# HMMER 3.3 (Nov 2019); http://hmmer.org/'
[17:06:03] Looking for 'hmmscan' - found /Users/isabelfe/opt/anaconda3/bin/hmmscan
[17:06:03] Determined hmmscan version is 003003 from '# HMMER 3.3 (Nov 2019); http://hmmer.org/'
[17:06:04] Looking for 'java' - found /Users/isabelfe/opt/anaconda3/bin/java
[17:06:04] Looking for 'makeblastdb' - found /Users/isabelfe/opt/anaconda3/bin/makeblastdb
[17:06:04] Determined makeblastdb version is 002009 from 'makeblastdb: 2.9.0+'
[17:06:04] Looking for 'minced' - found /Users/isabelfe/opt/anaconda3/bin/minced
[17:06:04] Determined minced version is 004002 from 'minced 0.4.2'
[17:06:04] Looking for 'parallel' - found /Users/isabelfe/opt/anaconda3/bin/parallel
[17:06:05] Determined parallel version is 20200522 from 'GNU parallel 20200522'
[17:06:05] Looking for 'prodigal' - found /Users/isabelfe/opt/anaconda3/bin/prodigal
[17:06:05] Determined prodigal version is 002006 from 'Prodigal V2.6.3: February, 2016'
[17:06:05] Looking for 'prokka-genbank_to_fasta_db' - found /Users/isabelfe/opt/anaconda3/bin/prokka-genbank_to_fasta_db
[17:06:05] Looking for 'sed' - found /usr/bin/sed
[17:06:05] Looking for 'tbl2asn' - found /Users/isabelfe/opt/anaconda3/bin/tbl2asn
[17:06:05] Determined tbl2asn version is 025007 from 'tbl2asn 25.7   arguments:'
[17:06:05] Using genetic code table 11.
[17:06:05] Loading and checking input file: analysis_prokka/Reformat_Dpig/dpi_genomes_forncbi_kpl3069_c.current.fa
[17:06:05] Wrote 1 contigs totalling 1977296 bp.
[17:06:05] Predicting tRNAs and tmRNAs
[17:06:05] Running: aragorn -l -gc11  -w analysis_prokka\/Prokka_Out\/prokka_dpi_genomes_forncbi_kpl3069_c\.current\.fna
[17:06:07] tRNA c[115997,116084] is a pseudo/wacky gene - skipping.
[17:06:07] 2 tRNA-Val [169581,169655] 35 (gac)
[17:06:07] 3 tRNA-Ala [433644,433718] 35 (tgc)
[17:06:07] 4 tRNA-Asn [437038,437112] 35 (gtt)
[17:06:07] 5 tRNA-Leu [506381,506464] 34 (gag)
[17:06:07] 6 tRNA-Ser [1224501,1224589] 36 (gga)
[17:06:07] 7 tRNA-Arg c[1293077,1293151] 35 (tct)
[17:06:07] 8 tRNA-Phe c[1491084,1491158] 35 (gaa)
[17:06:07] 9 tRNA-Asp c[1491164,1491239] 36 (gtc)
[17:06:07] 10 tRNA-Ser c[1491263,1491352] 37 (tga)
[17:06:07] 11 tRNA-Glu c[1491363,1491434] 34 (ttc)
[17:06:07] 12 tRNA-Ser c[1491450,1491540] 36 (gct)
[17:06:07] 13 tRNA-Ile c[1491566,1491641] 36 (gat)
[17:06:07] 14 tRNA-Gly c[1491649,1491719] 33 (tcc)
[17:06:07] 15 tRNA-Asp c[1491724,1491799] 36 (gtc)
[17:06:07] 16 tRNA-Met c[1491814,1491888] 35 (cat)
[17:06:07] 17 tRNA-Pro c[1491898,1491971] 35 (tgg)
[17:06:07] 18 tRNA-Arg c[1491993,1492068] 36 (acg)
[17:06:07] 19 tRNA-Leu c[1492077,1492163] 35 (taa)
[17:06:07] 20 tRNA-Gly c[1492192,1492263] 33 (gcc)
[17:06:07] 21 tRNA-Thr c[1492279,1492351] 34 (tgt)
[17:06:07] 22 tRNA-Leu c[1492358,1492439] 35 (tag)
[17:06:07] 23 tRNA-Lys c[1492457,1492529] 34 (ttt)
[17:06:07] 24 tRNA-Val c[1492539,1492611] 34 (tac)
[17:06:07] 25 tmRNA [1601514,1601871] 92,127 ANKNSNLALAA*
[17:06:07] 26 tRNA-Thr c[1726161,1726233] 34 (ggt)
[17:06:07] 27 tRNA-Gln c[1731554,1731627] 34 (ttg)
[17:06:07] 28 tRNA-Tyr c[1731631,1731714] 36 (gta)
[17:06:07] 29 tRNA-Glu c[1731719,1731790] 34 (ttc)
[17:06:07] 30 tRNA-SeC [1799036,1799133] 36 (tca)
[17:06:07] 31 tRNA-Arg c[1816865,1816939] 35 (tcg)
[17:06:07] 32 tRNA-Lys c[1816963,1817035] 34 (ttt)
[17:06:07] 33 tRNA-Val c[1817045,1817117] 34 (tac)
[17:06:07] 34 tRNA-Leu c[1822373,1822457] 35 (caa)
[17:06:07] 35 tRNA-Cys c[1822485,1822557] 33 (gca)
[17:06:07] 36 tRNA-Gln c[1822569,1822642] 34 (ttg)
[17:06:07] 37 tRNA-His c[1822658,1822732] 35 (gtg)
[17:06:07] 38 tRNA-Trp c[1822742,1822814] 34 (cca)
[17:06:07] 39 tRNA-Tyr c[1822817,1822899] 36 (gta)
[17:06:07] 40 tRNA-Phe c[1822916,1822990] 35 (gaa)
[17:06:07] 41 tRNA-Asp c[1822996,1823071] 36 (gtc)
[17:06:07] 42 tRNA-Met c[1823086,1823160] 35 (cat)
[17:06:07] 43 tRNA-Ser c[1823178,1823267] 37 (tga)
[17:06:07] 44 tRNA-Glu c[1823280,1823351] 34 (ttc)
[17:06:07] 45 tRNA-Ile c[1823367,1823442] 36 (gat)
[17:06:07] 46 tRNA-Gly c[1823452,1823522] 33 (tcc)
[17:06:07] 47 tRNA-Met c[1823575,1823648] 35 (cat)
[17:06:07] 48 tRNA-Met c[1823666,1823741] 36 (cat)
[17:06:07] 49 tRNA-Pro c[1823760,1823833] 35 (tgg)
[17:06:07] 50 tRNA-Arg c[1823890,1823965] 36 (acg)
[17:06:07] 51 tRNA-Leu c[1823974,1824060] 35 (taa)
[17:06:07] 52 tRNA-Gly c[1824089,1824160] 33 (gcc)
[17:06:07] 53 tRNA-Thr c[1824176,1824248] 34 (tgt)
[17:06:07] 54 tRNA-Asn c[1930030,1930104] 35 (gtt)
[17:06:07] 55 tRNA-Ala c[1933425,1933499] 35 (tgc)
[17:06:07] Found 54 tRNAs
[17:06:07] Predicting Ribosomal RNAs
[17:06:07] Running Barrnap with 2 threads
[17:06:11] 1 c_000000000001 432020 16S ribosomal RNA
[17:06:11] 2 c_000000000001 433913 23S ribosomal RNA
[17:06:11] 3 c_000000000001 436895 5S ribosomal RNA
[17:06:11] 4 c_000000000001 1492629 5S ribosomal RNA
[17:06:11] 5 c_000000000001 1492822 23S ribosomal RNA
[17:06:11] 6 c_000000000001 1495982 16S ribosomal RNA
[17:06:11] 7 c_000000000001 1817135 5S ribosomal RNA
[17:06:11] 8 c_000000000001 1817328 23S ribosomal RNA
[17:06:11] 9 c_000000000001 1820488 16S ribosomal RNA
[17:06:11] 10 c_000000000001 1930137 5S ribosomal RNA
[17:06:11] 11 c_000000000001 1930330 23S ribosomal RNA
[17:06:11] 12 c_000000000001 1933581 16S ribosomal RNA
[17:06:11] Found 12 rRNAs
[17:06:11] Skipping ncRNA search, enable with --rfam if desired.
[17:06:11] Total of 65 tRNA + rRNA features
[17:06:11] Searching for CRISPR repeats
[17:06:13] CRISPR1 c_000000000001 746932 with 10 spacers
[17:06:13] Found 1 CRISPRs
[17:06:13] Predicting coding sequences
[17:06:13] Contigs total 1977296 bp, so using single mode
[17:06:13] Running: prodigal -i analysis_prokka\/Prokka_Out\/prokka_dpi_genomes_forncbi_kpl3069_c\.current\.fna -c -m -g 11 -p single -f sco -q
[17:06:19] Excluding CDS which overlaps existing RNA (tRNA) at c_000000000001:1725909..1726202 on - strand
[17:06:20] Found 1870 CDS
[17:06:20] Connecting features back to sequences
[17:06:20] Not using genus-specific database. Try --usegenus to enable it.
[17:06:20] Annotating CDS, please be patient.
[17:06:20] Will use 2 CPUs for similarity searching.
[17:06:21] There are still 1870 unannotated CDS left (started with 1870)
[17:06:21] Will use blast to search against /Users/isabelfe/opt/anaconda3/db/kingdom/Bacteria/IS with 2 CPUs
[17:06:21] Running: cat analysis_prokka\/Prokka_Out\/prokka_dpi_genomes_forncbi_kpl3069_c\.current\.IS\.tmp\.79184\.faa | parallel --gnu --plain -j 2 --block 146927 --recstart '>' --pipe blastp -query - -db /Users/isabelfe/opt/anaconda3/db/kingdom/Bacteria/IS -evalue 1e-30 -qcov_hsp_perc 90 -num_threads 1 -num_descriptions 1 -num_alignments 1 -seg no > analysis_prokka\/Prokka_Out\/prokka_dpi_genomes_forncbi_kpl3069_c\.current\.IS\.tmp\.79184\.blast 2> /dev/null
[17:06:52] Deleting unwanted file: analysis_prokka/Prokka_Out/prokka_dpi_genomes_forncbi_kpl3069_c.current.IS.tmp.79184.faa
[17:06:52] Deleting unwanted file: analysis_prokka/Prokka_Out/prokka_dpi_genomes_forncbi_kpl3069_c.current.IS.tmp.79184.blast
[17:06:55] There are still 1864 unannotated CDS left (started with 1870)
[17:06:55] Will use blast to search against /Users/isabelfe/opt/anaconda3/db/kingdom/Bacteria/AMR with 2 CPUs
[17:06:55] Running: cat analysis_prokka\/Prokka_Out\/prokka_dpi_genomes_forncbi_kpl3069_c\.current\.AMR\.tmp\.79184\.faa | parallel --gnu --plain -j 2 --block 146582 --recstart '>' --pipe blastp -query - -db /Users/isabelfe/opt/anaconda3/db/kingdom/Bacteria/AMR -evalue 9.99999999999999e-301 -qcov_hsp_perc 90 -num_threads 1 -num_descriptions 1 -num_alignments 1 -seg no > analysis_prokka\/Prokka_Out\/prokka_dpi_genomes_forncbi_kpl3069_c\.current\.AMR\.tmp\.79184\.blast 2> /dev/null
[17:07:23] Deleting unwanted file: analysis_prokka/Prokka_Out/prokka_dpi_genomes_forncbi_kpl3069_c.current.AMR.tmp.79184.faa
[17:07:23] Deleting unwanted file: analysis_prokka/Prokka_Out/prokka_dpi_genomes_forncbi_kpl3069_c.current.AMR.tmp.79184.blast
[17:07:25] There are still 1864 unannotated CDS left (started with 1870)
[17:07:25] Will use blast to search against /Users/isabelfe/opt/anaconda3/db/kingdom/Bacteria/sprot with 2 CPUs
[17:07:25] Running: cat analysis_prokka\/Prokka_Out\/prokka_dpi_genomes_forncbi_kpl3069_c\.current\.sprot\.tmp\.79184\.faa | parallel --gnu --plain -j 2 --block 146582 --recstart '>' --pipe blastp -query - -db /Users/isabelfe/opt/anaconda3/db/kingdom/Bacteria/sprot -evalue 1e-09 -qcov_hsp_perc 80 -num_threads 1 -num_descriptions 1 -num_alignments 1 -seg no > analysis_prokka\/Prokka_Out\/prokka_dpi_genomes_forncbi_kpl3069_c\.current\.sprot\.tmp\.79184\.blast 2> /dev/null
[17:09:33] Modify product: Uncharacterized protein NMB0459 => putative protein
[17:09:33] Modify product: UPF0365 protein SA1402 => hypothetical protein
[17:09:33] Modify product: Putative glycerol transporter Lin0368 => Putative glycerol transporter
[17:09:33] Modify product: Putative glycerol transporter Lin0367 => Putative glycerol transporter
[17:09:33] Modify product: Probable protein-export membrane protein SecG => putative protein-export membrane protein SecG
[17:09:33] Modify product: Uncharacterized protein Spy1614 => putative protein
[17:09:33] Modify product: Uncharacterized protein SA1069 => putative protein
[17:09:33] Modify product: Probable cell division protein WhiA => putative cell division protein WhiA
[17:09:33] Modify product: UPF0302 protein BA_1542/GBAA_1542/BAS1430 => hypothetical protein
[17:09:33] Modify product: Uncharacterized protein YpjD => putative protein YpjD
[17:09:33] Modify product: UPF0324 inner membrane protein YeiH => hypothetical protein
[17:09:33] Modify product: UPF0053 protein HI_0107 => hypothetical protein
[17:09:33] Modify product: Uncharacterized MscS family protein YkuT => putative MscS family protein YkuT
[17:09:33] Modify product: UPF0176 protein SP_0095 => hypothetical protein
[17:09:33] Modify product: Putative universal stress protein SA1532 => Putative universal stress protein
[17:09:33] Modify product: Uncharacterized AAA domain-containing protein Rv2559c => putative AAA domain-containing protein
[17:09:33] Modify product: Uncharacterized ABC transporter ATP-binding protein Rv0986 => putative ABC transporter ATP-binding protein
[17:09:33] Modify product: Probable multidrug resistance ABC transporter ATP-binding/permease protein YheI => putative multidrug resistance ABC transporter ATP-binding/permease protein YheI
[17:09:33] Modify product: Probable multidrug resistance ABC transporter ATP-binding/permease protein YheH => putative multidrug resistance ABC transporter ATP-binding/permease protein YheH
[17:09:33] Modify product: Probable undecaprenyl-phosphate N-acetylglucosaminyl 1-phosphate transferase => putative undecaprenyl-phosphate N-acetylglucosaminyl 1-phosphate transferase
[17:09:33] Modify product: Probable glycine dehydrogenase (decarboxylating) subunit 1 => putative glycine dehydrogenase (decarboxylating) subunit 1
[17:09:33] Modify product: Probable glycine dehydrogenase (decarboxylating) subunit 2 => putative glycine dehydrogenase (decarboxylating) subunit 2
[17:09:33] Modify product: UPF0073 inner membrane protein YqfA => hypothetical protein
[17:09:33] Modify product: Putative phosphatase M6_Spy0533 => Putative phosphatase
[17:09:33] Modify product: UPF0122 protein SP_1288 => hypothetical protein
[17:09:33] Modify product: UPF0109 protein Rv2908c => hypothetical protein
[17:09:33] Modify product: Probable ribosomal protein YlxQ => putative ribosomal protein YlxQ
[17:09:33] Modify product: Probable endonuclease 4 => putative endonuclease 4
[17:09:33] Modify product: UPF0374 protein SP_1903 => hypothetical protein
[17:09:33] Modify product: Putative aminotransferase MSMEG_6286/MSMEI_6121 => Putative aminotransferase/MSMEI_6121
[17:09:33] Modify product: UPF0178 protein YaiI => hypothetical protein
[17:09:33] Modify product: Uncharacterized protein YedJ => putative protein YedJ
[17:09:33] Modify product: DegV domain-containing protein spr1415 => DegV domain-containing protein
[17:09:33] Modify product: Nudix hydrolase DR_0079 => Nudix hydrolase
[17:09:33] Modify product: Bifunctional protein FolD => Bifunctional protein FolD protein
[17:09:33] Modify product: Uncharacterized protein YqgN => putative protein YqgN
[17:09:33] Modify product: Probable D,D-dipeptide transport system permease protein DdpC => putative D,D-dipeptide transport system permease protein DdpC
[17:09:33] Modify product: Uncharacterized PIN and TRAM-domain containing protein YacL => putative PIN and TRAM-domain containing protein YacL
[17:09:33] Modify product: Fluoroquinolones export ATP-binding protein Rv2688c => Fluoroquinolones export ATP-binding protein
[17:09:34] Modify product: Probable 3-hydroxyacyl-CoA dehydrogenase => putative 3-hydroxyacyl-CoA dehydrogenase
[17:09:34] Modify product: Uncharacterized oxidoreductase SpyM50865 => putative oxidoreductase
[17:09:34] Modify product: Probable quorum-quenching lactonase YtnP => putative quorum-quenching lactonase YtnP
[17:09:34] Modify product: Probable succinyl-diaminopimelate desuccinylase => putative succinyl-diaminopimelate desuccinylase
[17:09:34] Modify product: Uncharacterized HTH-type transcriptional regulator SACOL2360 => putative HTH-type transcriptional regulator
[17:09:34] Modify product: Multidrug efflux system ATP-binding protein Rv1218c => Multidrug efflux system ATP-binding protein
[17:09:34] Modify product: Uncharacterized protein YhaP => putative protein YhaP
[17:09:34] Modify product: Uncharacterized ABC transporter ATP-binding protein Rv1273c => putative ABC transporter ATP-binding protein
[17:09:34] Modify product: Uncharacterized ABC transporter ATP-binding protein TM_0288 => putative ABC transporter ATP-binding protein
[17:09:34] Modify product: Probable fructose-bisphosphate aldolase => putative fructose-bisphosphate aldolase
[17:09:34] Modify product: Uncharacterized protein NMB0459 => putative protein
[17:09:34] Modify product: Solute-binding protein Csal_2479 => Solute-binding protein
[17:09:34] Modify product: Uncharacterized oxidoreductase HI_0048 => putative oxidoreductase
[17:09:34] Modify product: Probable licABCH operon regulator => putative licABCH operon regulator
[17:09:34] Modify product: Uncharacterized HTH-type transcriptional regulator YbbH => putative HTH-type transcriptional regulator YbbH
[17:09:34] Modify product: Probable pyridine nucleotide-disulfide oxidoreductase RclA => putative pyridine nucleotide-disulfide oxidoreductase RclA
[17:09:34] Modify product: Putative multidrug export ATP-binding/permease protein SAV1866 => Putative multidrug export ATP-binding/permease protein
[17:09:34] Modify product: Uncharacterized ABC transporter ATP-binding protein Rv0986 => putative ABC transporter ATP-binding protein
[17:09:34] Modify product: Calcium-transporting ATPase lmo0841 => Calcium-transporting ATPase
[17:09:34] Modify product: Uncharacterized protein YqeY => putative protein YqeY
[17:09:34] Modify product: Putative multidrug export ATP-binding/permease protein SAV1866 => Putative multidrug export ATP-binding/permease protein
[17:09:34] Modify product: GTP cyclohydrolase 1 type 2 homolog => GTP cyclohydrolase 1 type 2 
[17:09:34] Modify product: UPF0045 protein Rv1898 => hypothetical protein
[17:09:34] Modify product: UPF0346 protein YozE => hypothetical protein
[17:09:34] Modify product: Sulfurtransferase Alvin_2599 => Sulfurtransferase
[17:09:34] Modify product: Probable L-asparaginase => putative L-asparaginase
[17:09:34] Modify product: Putative transport protein Rv0205 => Putative transport protein
[17:09:34] Modify product: DegV domain-containing protein SA1258 => DegV domain-containing protein
[17:09:34] Modify product: UPF0342 protein SA1663 => hypothetical protein
[17:09:34] Modify product: Probable bifunctional oligoribonuclease and PAP phosphatase NrnA => putative bifunctional oligoribonuclease and PAP phosphatase NrnA
[17:09:34] Modify product: Uncharacterized protein Spy1535 => putative protein
[17:09:34] Modify product: Probable transcriptional regulatory protein MSMEG_2940/MSMEI_2866 => putative transcriptional regulatory protein/MSMEI_2866
[17:09:34] Modify product: Transcriptional repressor SmtB homolog => Transcriptional repressor SmtB 
[17:09:34] Modify product: Uncharacterized protein YdhK => putative protein YdhK
[17:09:34] Modify product: Putative trans-acting regulator SP_1800 => Putative trans-acting regulator
[17:09:34] Modify product: Uncharacterized epimerase/dehydratase SA0511 => putative epimerase/dehydratase
[17:09:34] Modify product: Probable metallo-hydrolase M6_Spy0554 => putative metallo-hydrolase
[17:09:34] Modify product: UPF0053 inner membrane protein YfjD => hypothetical protein
[17:09:34] Modify product: UPF0398 protein YpsA => hypothetical protein
[17:09:34] Modify product: Rqc2 homolog RqcH => Rqc2 RqcH
[17:09:34] Modify product: Putative metallophosphoesterase MG207 homolog => Putative metallophosphoesterase MG207 
[17:09:34] Modify product: TelA-like protein SA1238 => TelA-like protein
[17:09:34] Modify product: UPF0154 protein SA1178 => hypothetical protein
[17:09:34] Modify product: UPF0291 protein SP_1473 => hypothetical protein
[17:09:34] Modify product: Probable L-ascorbate-6-phosphate lactonase UlaG => putative L-ascorbate-6-phosphate lactonase UlaG
[17:09:34] Modify product: Probable licABCH operon regulator => putative licABCH operon regulator
[17:09:34] Modify product: Probable GTP-binding protein EngB => putative GTP-binding protein EngB
[17:09:35] Modify product: Probable nicotinate-nucleotide adenylyltransferase => putative nicotinate-nucleotide adenylyltransferase
[17:09:35] Modify product: RNA-binding protein HI_1333 => RNA-binding protein
[17:09:35] Modify product: Uncharacterized protein YqeH => putative protein YqeH
[17:09:35] Modify product: UPF0358 protein EF_2458 => hypothetical protein
[17:09:35] Modify product: Probable N-acetyl-LL-diaminopimelate aminotransferase => putative N-acetyl-LL-diaminopimelate aminotransferase
[17:09:35] Modify product: Uncharacterized response regulatory protein SACOL0201 => putative response regulatory protein
[17:09:35] Modify product: Uncharacterized protein HI_0131 => putative protein
[17:09:35] Modify product: Probable licABCH operon regulator => putative licABCH operon regulator
[17:09:35] Modify product: Probable tRNA sulfurtransferase => putative tRNA sulfurtransferase
[17:09:35] Modify product: Putative trans-acting regulator SP_1800 => Putative trans-acting regulator
[17:09:35] Modify product: UPF0702 transmembrane protein YetF => hypothetical protein
[17:09:35] Modify product: UPF0637 protein SA0957 => hypothetical protein
[17:09:35] Modify product: Uncharacterized multiple-sugar transport system permease YteP => putative multiple-sugar transport system permease YteP
[17:09:35] Modify product: Uncharacterized protein YpjQ => putative protein YpjQ
[17:09:35] Modify product: Uncharacterized oxidoreductase MSMEG_2408/MSMEI_2347 => putative oxidoreductase/MSMEI_2347
[17:09:35] Modify product: Acetyltransferase SACOL1063 => Acetyltransferase
[17:09:35] Modify product: Acetyltransferase SACOL1063 => Acetyltransferase
[17:09:35] Modify product: UPF0413 protein YjbH => hypothetical protein
[17:09:35] Modify product: UPF0758 protein YsxA => hypothetical protein
[17:09:35] Modify product: UPF0758 protein SP_1088 => hypothetical protein
[17:09:35] Modify product: UPF0473 protein SP_0194 => hypothetical protein
[17:09:35] Modify product: UPF0297 protein EF_1202 => hypothetical protein
[17:09:35] Modify product: UPF0397 protein SP_0482 => hypothetical protein
[17:09:35] Modify product: UPF0051 protein SA0778 => hypothetical protein
[17:09:35] Modify product: UPF0051 protein SA0778 => hypothetical protein
[17:09:35] Modify product: Probable ABC transporter ATP-binding protein M6_Spy0273 => putative ABC transporter ATP-binding protein
[17:09:35] Modify product: Uncharacterized protein YqeN => putative protein YqeN
[17:09:35] Modify product: Uncharacterized protein YbbA => putative protein YbbA
[17:09:35] Modify product: Uncharacterized ABC transporter ATP-binding protein YheS => putative ABC transporter ATP-binding protein YheS
[17:09:35] Modify product: UPF0340 protein YwlG => hypothetical protein
[17:09:35] Modify product: Protease HtpX homolog => Protease HtpX 
[17:09:35] Modify product: Uncharacterized ABC transporter ATP-binding protein Rv0986 => putative ABC transporter ATP-binding protein
[17:09:35] Modify product: Probable ABC transporter phosphite binding protein PhnD1 => putative ABC transporter phosphite binding protein PhnD1
[17:09:35] Modify product: UPF0394 inner membrane protein YeeE => hypothetical protein
[17:09:35] Modify product: Uncharacterized protein YacP => putative protein YacP
[17:09:35] Modify product: Uncharacterized oxidoreductase YjhC => putative oxidoreductase YjhC
[17:09:35] Modify product: Uncharacterized oxidoreductase YjhC => putative oxidoreductase YjhC
[17:09:35] Modify product: Probable peptidoglycan glycosyltransferase FtsW => putative peptidoglycan glycosyltransferase FtsW
[17:09:36] Modify product: Uncharacterized ABC transporter ATP-binding protein YknY => putative ABC transporter ATP-binding protein YknY
[17:09:36] Cleaned 125 /product names
[17:09:36] Deleting unwanted file: analysis_prokka/Prokka_Out/prokka_dpi_genomes_forncbi_kpl3069_c.current.sprot.tmp.79184.faa
[17:09:36] Deleting unwanted file: analysis_prokka/Prokka_Out/prokka_dpi_genomes_forncbi_kpl3069_c.current.sprot.tmp.79184.blast
[17:09:36] There are still 786 unannotated CDS left (started with 1870)
[17:09:36] Will use hmmer3 to search against /Users/isabelfe/opt/anaconda3/db/hmm/HAMAP.hmm with 2 CPUs
[17:09:36] Running: cat analysis_prokka\/Prokka_Out\/prokka_dpi_genomes_forncbi_kpl3069_c\.current\.HAMAP\.hmm\.tmp\.79184\.faa | parallel --gnu --plain -j 2 --block 53947 --recstart '>' --pipe hmmscan --noali --notextw --acc -E 1e-09 --cpu 1 /Users/isabelfe/opt/anaconda3/db/hmm/HAMAP.hmm /dev/stdin > analysis_prokka\/Prokka_Out\/prokka_dpi_genomes_forncbi_kpl3069_c\.current\.HAMAP\.hmm\.tmp\.79184\.hmmer3 2> /dev/null
[17:10:34] Modify product: Protein SprT-like => Protein SprT-like protein
[17:10:34] Modify product: Uncharacterized Nudix hydrolase NudL => putative Nudix hydrolase NudL
[17:10:34] Cleaned 2 /product names
[17:10:34] Deleting unwanted file: analysis_prokka/Prokka_Out/prokka_dpi_genomes_forncbi_kpl3069_c.current.HAMAP.hmm.tmp.79184.faa
[17:10:34] Deleting unwanted file: analysis_prokka/Prokka_Out/prokka_dpi_genomes_forncbi_kpl3069_c.current.HAMAP.hmm.tmp.79184.hmmer3
[17:10:34] Labelling remaining 698 proteins as 'hypothetical protein'
[17:10:34] Possible /pseudo 'D-methionine-binding lipoprotein MetQ' at c_000000000001 position 115067
[17:10:34] Possible /pseudo 'PTS system mannose-specific EIIAB component' at c_000000000001 position 155789
[17:10:34] Possible /pseudo 'putative ABC transporter ATP-binding protein' at c_000000000001 position 310233
[17:10:34] Possible /pseudo 'Sialidase A' at c_000000000001 position 411223
[17:10:34] Possible /pseudo 'Putative glycerol transporter' at c_000000000001 position 613505
[17:10:34] Possible /pseudo 'putative protein' at c_000000000001 position 706818
[17:10:34] Possible /pseudo 'Undecaprenyl-phosphate 4-deoxy-4-formamido-L-arabinose transferase' at c_000000000001 position 845183
[17:10:34] Possible /pseudo 'Glucose-6-phosphate 1-dehydrogenase' at c_000000000001 position 974117
[17:10:34] Possible /pseudo 'Lipoprotein signal peptidase' at c_000000000001 position 1026386
[17:10:34] Possible /pseudo 'Exodeoxyribonuclease 7 large subunit' at c_000000000001 position 1135026
[17:10:34] Possible /pseudo 'LexA repressor' at c_000000000001 position 1480929
[17:10:34] Possible /pseudo 'Copper homeostasis protein CutC' at c_000000000001 position 1540112
[17:10:34] Possible /pseudo 'Acetyltransferase' at c_000000000001 position 1544428
[17:10:34] Possible /pseudo 'Glutathionyl-hydroquinone reductase YqjG' at c_000000000001 position 1709484
[17:10:34] Possible /pseudo 'Glycine reductase complex component B subunit gamma' at c_000000000001 position 1786655
[17:10:34] Possible /pseudo 'putative oxidoreductase YjhC' at c_000000000001 position 1840204
[17:10:34] Found 928 unique /gene codes.
[17:10:34] Fixed 2 duplicate /gene - dppE_1 dppE_2
[17:10:34] Fixed 2 duplicate /gene - pepF1_1 pepF1_2
[17:10:34] Fixed 2 duplicate /gene - topA_1 topA_2
[17:10:34] Fixed 2 duplicate /gene - natA_1 natA_2
[17:10:34] Fixed 2 duplicate /gene - urdA_1 urdA_2
[17:10:34] Fixed 2 duplicate /gene - apbE_1 apbE_2
[17:10:34] Fixed 2 duplicate /gene - lplJ_1 lplJ_2
[17:10:34] Fixed 2 duplicate /gene - purR_1 purR_2
[17:10:34] Fixed 2 duplicate /gene - manZ_1 manZ_2
[17:10:34] Fixed 2 duplicate /gene - ecfT_1 ecfT_2
[17:10:34] Fixed 2 duplicate /gene - iscS_1 iscS_2
[17:10:34] Fixed 2 duplicate /gene - xseA_1 xseA_2
[17:10:34] Fixed 2 duplicate /gene - gsiC_1 gsiC_2
[17:10:34] Fixed 2 duplicate /gene - dnaG_1 dnaG_2
[17:10:34] Fixed 2 duplicate /gene - trxA_1 trxA_2
[17:10:34] Fixed 2 duplicate /gene - ytrA_1 ytrA_2
[17:10:34] Fixed 2 duplicate /gene - pnp_1 pnp_2
[17:10:34] Fixed 2 duplicate /gene - sasA_1 sasA_2
[17:10:34] Fixed 2 duplicate /gene - luxS_1 luxS_2
[17:10:34] Fixed 2 duplicate /gene - atpE_1 atpE_2
[17:10:34] Fixed 3 duplicate /gene - metP_1 metP_2 metP_3
[17:10:34] Fixed 2 duplicate /gene - gmk_1 gmk_2
[17:10:34] Fixed 2 duplicate /gene - yqjG_1 yqjG_2
[17:10:34] Fixed 8 duplicate /gene - btuD_1 btuD_2 btuD_3 btuD_4 btuD_5 btuD_6 btuD_7 btuD_8
[17:10:34] Fixed 3 duplicate /gene - arnC_1 arnC_2 arnC_3
[17:10:34] Fixed 2 duplicate /gene - srrA_1 srrA_2
[17:10:34] Fixed 2 duplicate /gene - ykoD_1 ykoD_2
[17:10:34] Fixed 2 duplicate /gene - nylA_1 nylA_2
[17:10:34] Fixed 2 duplicate /gene - spxA_1 spxA_2
[17:10:34] Fixed 2 duplicate /gene - ulaA_1 ulaA_2
[17:10:34] Fixed 2 duplicate /gene - tagU_1 tagU_2
[17:10:34] Fixed 5 duplicate /gene - metQ_1 metQ_2 metQ_3 metQ_4 metQ_5
[17:10:34] Fixed 3 duplicate /gene - brnQ_1 brnQ_2 brnQ_3
[17:10:34] Fixed 2 duplicate /gene - galK_1 galK_2
[17:10:34] Fixed 2 duplicate /gene - alsT_1 alsT_2
[17:10:34] Fixed 2 duplicate /gene - mshA_1 mshA_2
[17:10:34] Fixed 2 duplicate /gene - nagB_1 nagB_2
[17:10:34] Fixed 3 duplicate /gene - licR_1 licR_2 licR_3
[17:10:34] Fixed 2 duplicate /gene - cutC_1 cutC_2
[17:10:34] Fixed 3 duplicate /gene - smc_1 smc_2 smc_3
[17:10:34] Fixed 2 duplicate /gene - sufS_1 sufS_2
[17:10:34] Fixed 2 duplicate /gene - thiD_1 thiD_2
[17:10:34] Fixed 2 duplicate /gene - tcyP_1 tcyP_2
[17:10:34] Fixed 2 duplicate /gene - lspA_1 lspA_2
[17:10:34] Fixed 2 duplicate /gene - ptsG_1 ptsG_2
[17:10:34] Fixed 2 duplicate /gene - bglH_1 bglH_2
[17:10:34] Fixed 2 duplicate /gene - licC_1 licC_2
[17:10:34] Fixed 2 duplicate /gene - scmP_1 scmP_2
[17:10:34] Fixed 2 duplicate /gene - ettA_1 ettA_2
[17:10:34] Fixed 2 duplicate /gene - acpP_1 acpP_2
[17:10:34] Fixed 2 duplicate /gene - recU_1 recU_2
[17:10:34] Fixed 2 duplicate /gene - bglK_1 bglK_2
[17:10:34] Fixed 2 duplicate /gene - rpoN1_1 rpoN1_2
[17:10:34] Fixed 2 duplicate /gene - trxB_1 trxB_2
[17:10:34] Fixed 2 duplicate /gene - desR_1 desR_2
[17:10:34] Fixed 2 duplicate /gene - ngcG_1 ngcG_2
[17:10:34] Fixed 2 duplicate /gene - est_1 est_2
[17:10:34] Fixed 2 duplicate /gene - gcvH_1 gcvH_2
[17:10:34] Fixed 2 duplicate /gene - mntB_1 mntB_2
[17:10:34] Fixed 2 duplicate /gene - macB_1 macB_2
[17:10:34] Fixed 2 duplicate /gene - mgtE_1 mgtE_2
[17:10:34] Fixed 2 duplicate /gene - copY_1 copY_2
[17:10:34] Fixed 3 duplicate /gene - manX_1 manX_2 manX_3
[17:10:34] Fixed 2 duplicate /gene - fpgS_1 fpgS_2
[17:10:34] Fixed 10 duplicate /gene - bcrA_1 bcrA_2 bcrA_3 bcrA_4 bcrA_5 bcrA_6 bcrA_7 bcrA_8 bcrA_9 bcrA_10
[17:10:34] Fixed 3 duplicate /gene - lexA_1 lexA_2 lexA_3
[17:10:34] Fixed 2 duplicate /gene - sglT_1 sglT_2
[17:10:34] Fixed 3 duplicate /gene - oppD_1 oppD_2 oppD_3
[17:10:34] Fixed 2 duplicate /gene - uvrB_1 uvrB_2
[17:10:34] Fixed 2 duplicate /gene - dnaC_1 dnaC_2
[17:10:34] Fixed 2 duplicate /gene - tenA_1 tenA_2
[17:10:34] Fixed 3 duplicate /gene - oppF_1 oppF_2 oppF_3
[17:10:34] Fixed 2 duplicate /gene - agrA_1 agrA_2
[17:10:34] Fixed 2 duplicate /gene - dapE_1 dapE_2
[17:10:34] Fixed 2 duplicate /gene - lrgA_1 lrgA_2
[17:10:34] Fixed 2 duplicate /gene - atpD_1 atpD_2
[17:10:34] Fixed 2 duplicate /gene - argS_1 argS_2
[17:10:34] Fixed 2 duplicate /gene - metN_1 metN_2
[17:10:34] Fixed 2 duplicate /gene - ssbA_1 ssbA_2
[17:10:34] Fixed 2 duplicate /gene - zwf_1 zwf_2
[17:10:34] Fixed 2 duplicate /gene - yjhC_1 yjhC_2
[17:10:34] Fixed 2 duplicate /gene - dacA_1 dacA_2
[17:10:34] Fixed 3 duplicate /gene - nanA_1 nanA_2 nanA_3
[17:10:34] Fixed 2 duplicate /gene - clpC_1 clpC_2
[17:10:34] Fixed 2 duplicate /gene - rhaR_1 rhaR_2
[17:10:34] Fixed 2 duplicate /gene - grdB_1 grdB_2
[17:10:34] Fixed 2 duplicate /gene - licA_1 licA_2
[17:10:34] Fixed 2 duplicate /gene - rnfD_1 rnfD_2
[17:10:34] Fixed 2 duplicate /gene - dsdA_1 dsdA_2
[17:10:34] Fixed 2 duplicate /gene - ccpA_1 ccpA_2
[17:10:34] Fixed 2 duplicate /gene - dagK_1 dagK_2
[17:10:34] Fixed 2 duplicate /gene - lacF_1 lacF_2
[17:10:34] Fixed 2 duplicate /gene - rsmH_1 rsmH_2
[17:10:34] Fixed 3 duplicate /gene - xerC_1 xerC_2 xerC_3
[17:10:34] Fixed 2 duplicate /gene - rnfC_1 rnfC_2
[17:10:34] Fixed 2 duplicate /gene - yohK_1 yohK_2
[17:10:34] Fixed 3 duplicate /gene - fabG_1 fabG_2 fabG_3
[17:10:34] Fixed 3 duplicate /gene - cadA_1 cadA_2 cadA_3
[17:10:34] Fixed 2 duplicate /gene - lacC_1 lacC_2
[17:10:34] Fixed 2 duplicate /gene - celA_1 celA_2
[17:10:34] Fixed 2 duplicate /gene - cobB_1 cobB_2
[17:10:34] Fixed 101 colliding /gene names.
[17:10:34] Adding /locus_tag identifiers
[17:10:34] Assigned 1936 locus_tags to CDS and RNA features.
[17:10:34] Writing outputs to analysis_prokka/Prokka_Out/
[17:10:36] Generating annotation statistics file
[17:10:36] Generating Genbank and Sequin files
[17:10:36] Running: tbl2asn -V b -a r10k -l paired-ends -M n -N 1 -y 'Annotated using prokka 1.14.6 from https://github.com/tseemann/prokka' -Z analysis_prokka\/Prokka_Out\/prokka_dpi_genomes_forncbi_kpl3069_c\.current\.err -i analysis_prokka\/Prokka_Out\/prokka_dpi_genomes_forncbi_kpl3069_c\.current\.fsa 2> /dev/null
[17:10:45] Could not run command: tbl2asn -V b -a r10k -l paired-ends -M n -N 1 -y 'Annotated using prokka 1.14.6 from https://github.com/tseemann/prokka' -Z analysis_prokka\/Prokka_Out\/prokka_dpi_genomes_forncbi_kpl3069_c\.current\.err -i analysis_prokka\/Prokka_Out\/prokka_dpi_genomes_forncbi_kpl3069_c\.current\.fsa 2> /dev/null
