[17:20:05] This is prokka 1.14.6
[17:20:05] Written by Torsten Seemann <torsten.seemann@gmail.com>
[17:20:05] Homepage is https://github.com/tseemann/prokka
[17:20:05] Local time is Fri Jul 10 17:20:05 2020
[17:20:05] You are isabelfe
[17:20:05] Operating system is darwin
[17:20:05] You have BioPerl 1.007002
[17:20:05] System has 2 cores.
[17:20:05] Will use maximum of 2 cores.
[17:20:05] Annotating as >>> Bacteria <<<
[17:20:05] Generating locus_tag from 'analysis_prokka/Reformat_Dpig/dpi_genomes_forncbi_kpl3086_c.current.fa' contents.
[17:20:05] Setting --locustag ENNNIKGJ from MD5 e77724031e21ef76635359b5b3bff14d
[17:20:05] Re-using existing --outdir analysis_prokka/Prokka_Out
[17:20:05] Using filename prefix: prokka_dpi_genomes_forncbi_kpl3086_c.current.XXX
[17:20:05] Setting HMMER_NCPU=1
[17:20:05] Writing log to: analysis_prokka/Prokka_Out/prokka_dpi_genomes_forncbi_kpl3086_c.current.log
[17:20:05] Command: /Users/isabelfe/opt/anaconda3/bin/prokka --prefix prokka_dpi_genomes_forncbi_kpl3086_c.current --outdir analysis_prokka/Prokka_Out --cpus 0 --force analysis_prokka/Reformat_Dpig/dpi_genomes_forncbi_kpl3086_c.current.fa
[17:20:05] Appending to PATH: /Users/isabelfe/opt/anaconda3/bin
[17:20:05] Looking for 'aragorn' - found /Users/isabelfe/opt/anaconda3/bin/aragorn
[17:20:05] Determined aragorn version is 001002 from 'ARAGORN v1.2.38 Dean Laslett'
[17:20:05] Looking for 'barrnap' - found /Users/isabelfe/opt/anaconda3/bin/barrnap
[17:20:05] Determined barrnap version is 000009 from 'barrnap 0.9'
[17:20:05] Looking for 'blastp' - found /Users/isabelfe/opt/anaconda3/bin/blastp
[17:20:06] Determined blastp version is 002009 from 'blastp: 2.9.0+'
[17:20:06] Looking for 'cmpress' - found /Users/isabelfe/opt/anaconda3/bin/cmpress
[17:20:06] Determined cmpress version is 001001 from '# INFERNAL 1.1.2 (July 2016)'
[17:20:06] Looking for 'cmscan' - found /Users/isabelfe/opt/anaconda3/bin/cmscan
[17:20:06] Determined cmscan version is 001001 from '# INFERNAL 1.1.2 (July 2016)'
[17:20:06] Looking for 'egrep' - found /usr/bin/egrep
[17:20:06] Looking for 'find' - found /usr/bin/find
[17:20:06] Looking for 'grep' - found /usr/bin/grep
[17:20:06] Looking for 'hmmpress' - found /Users/isabelfe/opt/anaconda3/bin/hmmpress
[17:20:06] Determined hmmpress version is 003003 from '# HMMER 3.3 (Nov 2019); http://hmmer.org/'
[17:20:06] Looking for 'hmmscan' - found /Users/isabelfe/opt/anaconda3/bin/hmmscan
[17:20:06] Determined hmmscan version is 003003 from '# HMMER 3.3 (Nov 2019); http://hmmer.org/'
[17:20:06] Looking for 'java' - found /Users/isabelfe/opt/anaconda3/bin/java
[17:20:06] Looking for 'makeblastdb' - found /Users/isabelfe/opt/anaconda3/bin/makeblastdb
[17:20:06] Determined makeblastdb version is 002009 from 'makeblastdb: 2.9.0+'
[17:20:06] Looking for 'minced' - found /Users/isabelfe/opt/anaconda3/bin/minced
[17:20:06] Determined minced version is 004002 from 'minced 0.4.2'
[17:20:06] Looking for 'parallel' - found /Users/isabelfe/opt/anaconda3/bin/parallel
[17:20:07] Determined parallel version is 20200522 from 'GNU parallel 20200522'
[17:20:07] Looking for 'prodigal' - found /Users/isabelfe/opt/anaconda3/bin/prodigal
[17:20:07] Determined prodigal version is 002006 from 'Prodigal V2.6.3: February, 2016'
[17:20:07] Looking for 'prokka-genbank_to_fasta_db' - found /Users/isabelfe/opt/anaconda3/bin/prokka-genbank_to_fasta_db
[17:20:07] Looking for 'sed' - found /usr/bin/sed
[17:20:07] Looking for 'tbl2asn' - found /Users/isabelfe/opt/anaconda3/bin/tbl2asn
[17:20:07] Determined tbl2asn version is 025007 from 'tbl2asn 25.7   arguments:'
[17:20:07] Using genetic code table 11.
[17:20:07] Loading and checking input file: analysis_prokka/Reformat_Dpig/dpi_genomes_forncbi_kpl3086_c.current.fa
[17:20:07] Wrote 1 contigs totalling 1864691 bp.
[17:20:07] Predicting tRNAs and tmRNAs
[17:20:07] Running: aragorn -l -gc11  -w analysis_prokka\/Prokka_Out\/prokka_dpi_genomes_forncbi_kpl3086_c\.current\.fna
[17:20:09] 1 tRNA-Val [180547,180621] 35 (gac)
[17:20:09] 2 tRNA-Ala [416015,416089] 35 (tgc)
[17:20:09] 3 tRNA-Asn [419411,419485] 35 (gtt)
[17:20:09] 4 tRNA-Leu [489097,489180] 34 (gag)
[17:20:09] 5 tRNA-Ser [1143533,1143621] 36 (gga)
[17:20:09] 6 tRNA-Arg c[1205305,1205379] 35 (tct)
[17:20:09] 7 tRNA-Phe c[1375718,1375792] 35 (gaa)
[17:20:09] 8 tRNA-Asp c[1375798,1375873] 36 (gtc)
[17:20:09] 9 tRNA-Ser c[1375897,1375986] 37 (tga)
[17:20:09] 10 tRNA-Glu c[1375997,1376068] 34 (ttc)
[17:20:09] 11 tRNA-Ser c[1376084,1376174] 36 (gct)
[17:20:09] 12 tRNA-Ile c[1376200,1376275] 36 (gat)
[17:20:09] 13 tRNA-Gly c[1376283,1376353] 33 (tcc)
[17:20:09] 14 tRNA-Asp c[1376358,1376433] 36 (gtc)
[17:20:09] 15 tRNA-Met c[1376448,1376522] 35 (cat)
[17:20:09] 16 tRNA-Pro c[1376532,1376605] 35 (tgg)
[17:20:09] 17 tRNA-Arg c[1376627,1376702] 36 (acg)
[17:20:09] 18 tRNA-Leu c[1376711,1376797] 35 (taa)
[17:20:09] 19 tRNA-Gly c[1376826,1376897] 33 (gcc)
[17:20:09] 20 tRNA-Thr c[1376913,1376985] 34 (tgt)
[17:20:09] 21 tRNA-Leu c[1376992,1377073] 35 (tag)
[17:20:09] 22 tRNA-Lys c[1377091,1377163] 34 (ttt)
[17:20:09] 23 tRNA-Val c[1377173,1377245] 34 (tac)
[17:20:09] 24 tmRNA [1486593,1486950] 92,127 ANKNSNLALAA*
[17:20:09] 25 tRNA-Thr c[1612278,1612351] 34 (ggt)
[17:20:09] 26 tRNA-Gln c[1617697,1617770] 34 (ttg)
[17:20:09] 27 tRNA-Tyr c[1617774,1617857] 36 (gta)
[17:20:09] 28 tRNA-Glu c[1617862,1617933] 34 (ttc)
[17:20:09] 29 tRNA-SeC [1687967,1688064] 36 (tca)
[17:20:09] 30 tRNA-Arg c[1705046,1705120] 35 (tcg)
[17:20:09] 31 tRNA-Lys c[1705144,1705216] 34 (ttt)
[17:20:09] 32 tRNA-Val c[1705226,1705298] 34 (tac)
[17:20:09] 33 tRNA-Leu c[1710556,1710640] 35 (caa)
[17:20:09] 34 tRNA-Cys c[1710668,1710740] 33 (gca)
[17:20:09] 35 tRNA-Gln c[1710752,1710825] 34 (ttg)
[17:20:09] 36 tRNA-His c[1710840,1710914] 35 (gtg)
[17:20:09] 37 tRNA-Trp c[1710924,1710996] 34 (cca)
[17:20:09] 38 tRNA-Tyr c[1710999,1711081] 36 (gta)
[17:20:09] 39 tRNA-Phe c[1711098,1711172] 35 (gaa)
[17:20:09] 40 tRNA-Asp c[1711178,1711253] 36 (gtc)
[17:20:09] 41 tRNA-Met c[1711268,1711342] 35 (cat)
[17:20:09] 42 tRNA-Ser c[1711362,1711451] 37 (tga)
[17:20:09] 43 tRNA-Glu c[1711464,1711535] 34 (ttc)
[17:20:09] 44 tRNA-Ile c[1711551,1711626] 36 (gat)
[17:20:09] 45 tRNA-Gly c[1711636,1711706] 33 (tcc)
[17:20:09] 46 tRNA-Met c[1711759,1711832] 35 (cat)
[17:20:09] 47 tRNA-Met c[1711850,1711925] 36 (cat)
[17:20:09] 48 tRNA-Pro c[1711944,1712017] 35 (tgg)
[17:20:09] 49 tRNA-Arg c[1712074,1712149] 36 (acg)
[17:20:09] 50 tRNA-Leu c[1712158,1712244] 35 (taa)
[17:20:09] 51 tRNA-Gly c[1712273,1712344] 33 (gcc)
[17:20:09] 52 tRNA-Thr c[1712360,1712432] 34 (tgt)
[17:20:09] 53 tRNA-Asn c[1817302,1817376] 35 (gtt)
[17:20:09] 54 tRNA-Ala c[1820697,1820771] 35 (tgc)
[17:20:09] Found 54 tRNAs
[17:20:09] Predicting Ribosomal RNAs
[17:20:09] Running Barrnap with 2 threads
[17:20:12] 1 c_000000000001 414391 16S ribosomal RNA
[17:20:12] 2 c_000000000001 416284 23S ribosomal RNA
[17:20:12] 3 c_000000000001 419268 5S ribosomal RNA
[17:20:12] 4 c_000000000001 1377263 5S ribosomal RNA
[17:20:12] 5 c_000000000001 1377456 23S ribosomal RNA
[17:20:12] 6 c_000000000001 1380616 16S ribosomal RNA
[17:20:12] 7 c_000000000001 1705316 5S ribosomal RNA
[17:20:12] 8 c_000000000001 1705509 23S ribosomal RNA
[17:20:12] 9 c_000000000001 1708671 16S ribosomal RNA
[17:20:12] 10 c_000000000001 1817409 5S ribosomal RNA
[17:20:12] 11 c_000000000001 1817602 23S ribosomal RNA
[17:20:12] 12 c_000000000001 1820854 16S ribosomal RNA
[17:20:12] Found 12 rRNAs
[17:20:12] Skipping ncRNA search, enable with --rfam if desired.
[17:20:12] Total of 65 tRNA + rRNA features
[17:20:12] Searching for CRISPR repeats
[17:20:12] CRISPR1 c_000000000001 653107 with 11 spacers
[17:20:12] CRISPR2 c_000000000001 655700 with 10 spacers
[17:20:13] Found 2 CRISPRs
[17:20:13] Predicting coding sequences
[17:20:13] Contigs total 1864691 bp, so using single mode
[17:20:13] Running: prodigal -i analysis_prokka\/Prokka_Out\/prokka_dpi_genomes_forncbi_kpl3086_c\.current\.fna -c -m -g 11 -p single -f sco -q
[17:20:17] Found 1706 CDS
[17:20:17] Connecting features back to sequences
[17:20:17] Not using genus-specific database. Try --usegenus to enable it.
[17:20:17] Annotating CDS, please be patient.
[17:20:17] Will use 2 CPUs for similarity searching.
[17:20:17] There are still 1706 unannotated CDS left (started with 1706)
[17:20:17] Will use blast to search against /Users/isabelfe/opt/anaconda3/db/kingdom/Bacteria/IS with 2 CPUs
[17:20:17] Running: cat analysis_prokka\/Prokka_Out\/prokka_dpi_genomes_forncbi_kpl3086_c\.current\.IS\.tmp\.14448\.faa | parallel --gnu --plain -j 2 --block 137790 --recstart '>' --pipe blastp -query - -db /Users/isabelfe/opt/anaconda3/db/kingdom/Bacteria/IS -evalue 1e-30 -qcov_hsp_perc 90 -num_threads 1 -num_descriptions 1 -num_alignments 1 -seg no > analysis_prokka\/Prokka_Out\/prokka_dpi_genomes_forncbi_kpl3086_c\.current\.IS\.tmp\.14448\.blast 2> /dev/null
[17:20:37] Deleting unwanted file: analysis_prokka/Prokka_Out/prokka_dpi_genomes_forncbi_kpl3086_c.current.IS.tmp.14448.faa
[17:20:37] Deleting unwanted file: analysis_prokka/Prokka_Out/prokka_dpi_genomes_forncbi_kpl3086_c.current.IS.tmp.14448.blast
[17:20:37] There are still 1704 unannotated CDS left (started with 1706)
[17:20:37] Will use blast to search against /Users/isabelfe/opt/anaconda3/db/kingdom/Bacteria/AMR with 2 CPUs
[17:20:37] Running: cat analysis_prokka\/Prokka_Out\/prokka_dpi_genomes_forncbi_kpl3086_c\.current\.AMR\.tmp\.14448\.faa | parallel --gnu --plain -j 2 --block 137634 --recstart '>' --pipe blastp -query - -db /Users/isabelfe/opt/anaconda3/db/kingdom/Bacteria/AMR -evalue 9.99999999999999e-301 -qcov_hsp_perc 90 -num_threads 1 -num_descriptions 1 -num_alignments 1 -seg no > analysis_prokka\/Prokka_Out\/prokka_dpi_genomes_forncbi_kpl3086_c\.current\.AMR\.tmp\.14448\.blast 2> /dev/null
[17:20:54] Deleting unwanted file: analysis_prokka/Prokka_Out/prokka_dpi_genomes_forncbi_kpl3086_c.current.AMR.tmp.14448.faa
[17:20:54] Deleting unwanted file: analysis_prokka/Prokka_Out/prokka_dpi_genomes_forncbi_kpl3086_c.current.AMR.tmp.14448.blast
[17:20:54] There are still 1704 unannotated CDS left (started with 1706)
[17:20:54] Will use blast to search against /Users/isabelfe/opt/anaconda3/db/kingdom/Bacteria/sprot with 2 CPUs
[17:20:54] Running: cat analysis_prokka\/Prokka_Out\/prokka_dpi_genomes_forncbi_kpl3086_c\.current\.sprot\.tmp\.14448\.faa | parallel --gnu --plain -j 2 --block 137634 --recstart '>' --pipe blastp -query - -db /Users/isabelfe/opt/anaconda3/db/kingdom/Bacteria/sprot -evalue 1e-09 -qcov_hsp_perc 80 -num_threads 1 -num_descriptions 1 -num_alignments 1 -seg no > analysis_prokka\/Prokka_Out\/prokka_dpi_genomes_forncbi_kpl3086_c\.current\.sprot\.tmp\.14448\.blast 2> /dev/null
[17:22:10] Modify product: UPF0365 protein SA1402 => hypothetical protein
[17:22:10] Modify product: Putative glycerol transporter Lin0368 => Putative glycerol transporter
[17:22:10] Modify product: Putative glycerol transporter Lin0367 => Putative glycerol transporter
[17:22:10] Modify product: Probable transcription repressor NiaR => putative transcription repressor NiaR
[17:22:10] Modify product: Probable protein-export membrane protein SecG => putative protein-export membrane protein SecG
[17:22:10] Modify product: Uncharacterized protein Spy1614 => putative protein
[17:22:10] Modify product: Uncharacterized protein SA1069 => putative protein
[17:22:10] Modify product: Probable cell division protein WhiA => putative cell division protein WhiA
[17:22:10] Modify product: UPF0302 protein BA_1542/GBAA_1542/BAS1430 => hypothetical protein
[17:22:10] Modify product: Uncharacterized protein YpjD => putative protein YpjD
[17:22:10] Modify product: UPF0324 inner membrane protein YeiH => hypothetical protein
[17:22:10] Modify product: UPF0053 protein HI_0107 => hypothetical protein
[17:22:10] Modify product: Uncharacterized MscS family protein YkuT => putative MscS family protein YkuT
[17:22:10] Modify product: UPF0176 protein SP_0095 => hypothetical protein
[17:22:10] Modify product: Putative universal stress protein SA1532 => Putative universal stress protein
[17:22:10] Modify product: Uncharacterized AAA domain-containing protein Rv2559c => putative AAA domain-containing protein
[17:22:10] Modify product: Probable multidrug resistance ABC transporter ATP-binding/permease protein YheI => putative multidrug resistance ABC transporter ATP-binding/permease protein YheI
[17:22:10] Modify product: Probable multidrug resistance ABC transporter ATP-binding/permease protein YheH => putative multidrug resistance ABC transporter ATP-binding/permease protein YheH
[17:22:10] Modify product: Probable undecaprenyl-phosphate N-acetylglucosaminyl 1-phosphate transferase => putative undecaprenyl-phosphate N-acetylglucosaminyl 1-phosphate transferase
[17:22:10] Modify product: Probable glycine dehydrogenase (decarboxylating) subunit 1 => putative glycine dehydrogenase (decarboxylating) subunit 1
[17:22:10] Modify product: Probable glycine dehydrogenase (decarboxylating) subunit 2 => putative glycine dehydrogenase (decarboxylating) subunit 2
[17:22:10] Modify product: UPF0073 inner membrane protein YqfA => hypothetical protein
[17:22:10] Modify product: Putative phosphatase M6_Spy0533 => Putative phosphatase
[17:22:10] Modify product: UPF0122 protein SP_1288 => hypothetical protein
[17:22:10] Modify product: Probable ribosomal protein YlxQ => putative ribosomal protein YlxQ
[17:22:10] Modify product: Probable endonuclease 4 => putative endonuclease 4
[17:22:10] Modify product: UPF0374 protein SP_1903 => hypothetical protein
[17:22:10] Modify product: Putative aminotransferase MSMEG_6286/MSMEI_6121 => Putative aminotransferase/MSMEI_6121
[17:22:10] Modify product: Uncharacterized protein YqeY => putative protein YqeY
[17:22:10] Modify product: Putative multidrug export ATP-binding/permease protein SAV1866 => Putative multidrug export ATP-binding/permease protein
[17:22:10] Modify product: GTP cyclohydrolase 1 type 2 homolog => GTP cyclohydrolase 1 type 2 
[17:22:10] Modify product: UPF0178 protein YaiI => hypothetical protein
[17:22:10] Modify product: Uncharacterized protein YedJ => putative protein YedJ
[17:22:10] Modify product: DegV domain-containing protein spr1415 => DegV domain-containing protein
[17:22:10] Modify product: Nudix hydrolase DR_0079 => Nudix hydrolase
[17:22:10] Modify product: Bifunctional protein FolD => Bifunctional protein FolD protein
[17:22:10] Modify product: Uncharacterized protein YqgN => putative protein YqgN
[17:22:10] Modify product: Probable D,D-dipeptide transport system permease protein DdpC => putative D,D-dipeptide transport system permease protein DdpC
[17:22:10] Modify product: Uncharacterized PIN and TRAM-domain containing protein YacL => putative PIN and TRAM-domain containing protein YacL
[17:22:10] Modify product: Putative multidrug export ATP-binding/permease protein SAV1866 => Putative multidrug export ATP-binding/permease protein
[17:22:10] Modify product: Probable 3-hydroxyacyl-CoA dehydrogenase => putative 3-hydroxyacyl-CoA dehydrogenase
[17:22:10] Modify product: Uncharacterized oxidoreductase SpyM50865 => putative oxidoreductase
[17:22:10] Modify product: Probable quorum-quenching lactonase YtnP => putative quorum-quenching lactonase YtnP
[17:22:10] Modify product: Uncharacterized HTH-type transcriptional regulator SACOL2360 => putative HTH-type transcriptional regulator
[17:22:10] Modify product: Multidrug efflux system ATP-binding protein Rv1218c => Multidrug efflux system ATP-binding protein
[17:22:10] Modify product: Uncharacterized protein YhaP => putative protein YhaP
[17:22:10] Modify product: Uncharacterized ABC transporter ATP-binding protein Rv1273c => putative ABC transporter ATP-binding protein
[17:22:10] Modify product: Uncharacterized ABC transporter ATP-binding protein TM_0288 => putative ABC transporter ATP-binding protein
[17:22:10] Modify product: Probable fructose-bisphosphate aldolase => putative fructose-bisphosphate aldolase
[17:22:10] Modify product: Putative phosphatase M6_Spy0533 => Putative phosphatase
[17:22:10] Modify product: Probable licABCH operon regulator => putative licABCH operon regulator
[17:22:10] Modify product: Uncharacterized HTH-type transcriptional regulator YbbH => putative HTH-type transcriptional regulator YbbH
[17:22:10] Modify product: Probable pyridine nucleotide-disulfide oxidoreductase RclA => putative pyridine nucleotide-disulfide oxidoreductase RclA
[17:22:10] Modify product: Putative multidrug export ATP-binding/permease protein SAV1866 => Putative multidrug export ATP-binding/permease protein
[17:22:10] Modify product: Uncharacterized ABC transporter ATP-binding protein Rv0986 => putative ABC transporter ATP-binding protein
[17:22:10] Modify product: Calcium-transporting ATPase lmo0841 => Calcium-transporting ATPase
[17:22:10] Modify product: UPF0045 protein Rv1898 => hypothetical protein
[17:22:10] Modify product: UPF0346 protein YozE => hypothetical protein
[17:22:10] Modify product: Sulfurtransferase Alvin_2599 => Sulfurtransferase
[17:22:10] Modify product: Probable L-asparaginase => putative L-asparaginase
[17:22:10] Modify product: Putative transport protein Rv0205 => Putative transport protein
[17:22:10] Modify product: DegV domain-containing protein SA1258 => DegV domain-containing protein
[17:22:10] Modify product: UPF0342 protein SA1663 => hypothetical protein
[17:22:10] Modify product: Probable bifunctional oligoribonuclease and PAP phosphatase NrnA => putative bifunctional oligoribonuclease and PAP phosphatase NrnA
[17:22:10] Modify product: Uncharacterized protein Spy1535 => putative protein
[17:22:10] Modify product: Probable transcriptional regulatory protein MSMEG_2940/MSMEI_2866 => putative transcriptional regulatory protein/MSMEI_2866
[17:22:10] Modify product: Transcriptional repressor SmtB homolog => Transcriptional repressor SmtB 
[17:22:10] Modify product: Uncharacterized protein YdhK => putative protein YdhK
[17:22:10] Modify product: Putative trans-acting regulator SP_1800 => Putative trans-acting regulator
[17:22:10] Modify product: Uncharacterized epimerase/dehydratase SA0511 => putative epimerase/dehydratase
[17:22:10] Modify product: Probable metallo-hydrolase M6_Spy0554 => putative metallo-hydrolase
[17:22:10] Modify product: UPF0053 inner membrane protein YfjD => hypothetical protein
[17:22:10] Modify product: UPF0398 protein YpsA => hypothetical protein
[17:22:10] Modify product: Rqc2 homolog RqcH => Rqc2 RqcH
[17:22:10] Modify product: Putative metallophosphoesterase MG207 homolog => Putative metallophosphoesterase MG207 
[17:22:10] Modify product: TelA-like protein SA1238 => TelA-like protein
[17:22:10] Modify product: UPF0154 protein SA1178 => hypothetical protein
[17:22:10] Modify product: UPF0291 protein SP_1473 => hypothetical protein
[17:22:10] Modify product: Probable GTP-binding protein EngB => putative GTP-binding protein EngB
[17:22:10] Modify product: Probable nicotinate-nucleotide adenylyltransferase => putative nicotinate-nucleotide adenylyltransferase
[17:22:10] Modify product: RNA-binding protein HI_1333 => RNA-binding protein
[17:22:10] Modify product: Uncharacterized protein YqeH => putative protein YqeH
[17:22:10] Modify product: UPF0358 protein EF_2458 => hypothetical protein
[17:22:10] Modify product: Probable N-acetyl-LL-diaminopimelate aminotransferase => putative N-acetyl-LL-diaminopimelate aminotransferase
[17:22:10] Modify product: Uncharacterized response regulatory protein SACOL0201 => putative response regulatory protein
[17:22:10] Modify product: Uncharacterized protein HI_0131 => putative protein
[17:22:10] Modify product: Probable licABCH operon regulator => putative licABCH operon regulator
[17:22:10] Modify product: Probable tRNA sulfurtransferase => putative tRNA sulfurtransferase
[17:22:11] Modify product: Putative trans-acting regulator SP_1800 => Putative trans-acting regulator
[17:22:11] Modify product: UPF0702 transmembrane protein YetF => hypothetical protein
[17:22:11] Modify product: UPF0637 protein SA0957 => hypothetical protein
[17:22:11] Modify product: Uncharacterized multiple-sugar transport system permease YteP => putative multiple-sugar transport system permease YteP
[17:22:11] Modify product: Uncharacterized protein YpjQ => putative protein YpjQ
[17:22:11] Modify product: Uncharacterized oxidoreductase Mb2996 => putative oxidoreductase
[17:22:11] Modify product: Acetyltransferase SACOL1063 => Acetyltransferase
[17:22:11] Modify product: Acetyltransferase SACOL1063 => Acetyltransferase
[17:22:11] Modify product: UPF0413 protein YjbH => hypothetical protein
[17:22:11] Modify product: UPF0758 protein YsxA => hypothetical protein
[17:22:11] Modify product: UPF0473 protein SP_0194 => hypothetical protein
[17:22:11] Modify product: UPF0297 protein EF_1202 => hypothetical protein
[17:22:11] Modify product: UPF0397 protein SP_0482 => hypothetical protein
[17:22:11] Modify product: UPF0051 protein SA0778 => hypothetical protein
[17:22:11] Modify product: UPF0051 protein SA0778 => hypothetical protein
[17:22:11] Modify product: Probable ABC transporter ATP-binding protein M6_Spy0273 => putative ABC transporter ATP-binding protein
[17:22:11] Modify product: Uncharacterized protein YqeN => putative protein YqeN
[17:22:11] Modify product: Uncharacterized protein YbbA => putative protein YbbA
[17:22:11] Modify product: Uncharacterized ABC transporter ATP-binding protein YheS => putative ABC transporter ATP-binding protein YheS
[17:22:11] Modify product: UPF0340 protein YwlG => hypothetical protein
[17:22:11] Modify product: Protease HtpX homolog => Protease HtpX 
[17:22:11] Modify product: Uncharacterized ABC transporter ATP-binding protein Rv0986 => putative ABC transporter ATP-binding protein
[17:22:11] Modify product: Probable ABC transporter phosphite binding protein PhnD1 => putative ABC transporter phosphite binding protein PhnD1
[17:22:11] Modify product: UPF0394 inner membrane protein YeeE => hypothetical protein
[17:22:11] Modify product: Uncharacterized protein YacP => putative protein YacP
[17:22:11] Modify product: Uncharacterized oxidoreductase YjhC => putative oxidoreductase YjhC
[17:22:11] Modify product: Probable peptidoglycan glycosyltransferase FtsW => putative peptidoglycan glycosyltransferase FtsW
[17:22:11] Modify product: Organic hydroperoxide resistance protein-like => Organic hydroperoxide resistance protein-like protein
[17:22:11] Cleaned 116 /product names
[17:22:11] Deleting unwanted file: analysis_prokka/Prokka_Out/prokka_dpi_genomes_forncbi_kpl3086_c.current.sprot.tmp.14448.faa
[17:22:11] Deleting unwanted file: analysis_prokka/Prokka_Out/prokka_dpi_genomes_forncbi_kpl3086_c.current.sprot.tmp.14448.blast
[17:22:11] There are still 674 unannotated CDS left (started with 1706)
[17:22:11] Will use hmmer3 to search against /Users/isabelfe/opt/anaconda3/db/hmm/HAMAP.hmm with 2 CPUs
[17:22:11] Running: cat analysis_prokka\/Prokka_Out\/prokka_dpi_genomes_forncbi_kpl3086_c\.current\.HAMAP\.hmm\.tmp\.14448\.faa | parallel --gnu --plain -j 2 --block 48833 --recstart '>' --pipe hmmscan --noali --notextw --acc -E 1e-09 --cpu 1 /Users/isabelfe/opt/anaconda3/db/hmm/HAMAP.hmm /dev/stdin > analysis_prokka\/Prokka_Out\/prokka_dpi_genomes_forncbi_kpl3086_c\.current\.HAMAP\.hmm\.tmp\.14448\.hmmer3 2> /dev/null
[17:22:40] Modify product: Uncharacterized Nudix hydrolase NudL => putative Nudix hydrolase NudL
[17:22:40] Modify product: Protein SprT-like => Protein SprT-like protein
[17:22:40] Cleaned 2 /product names
[17:22:40] Deleting unwanted file: analysis_prokka/Prokka_Out/prokka_dpi_genomes_forncbi_kpl3086_c.current.HAMAP.hmm.tmp.14448.faa
[17:22:40] Deleting unwanted file: analysis_prokka/Prokka_Out/prokka_dpi_genomes_forncbi_kpl3086_c.current.HAMAP.hmm.tmp.14448.hmmer3
[17:22:40] Labelling remaining 591 proteins as 'hypothetical protein'
[17:22:40] Possible /pseudo 'D-methionine-binding lipoprotein MetQ' at c_000000000001 position 122696
[17:22:40] Possible /pseudo 'PTS system mannose-specific EIIAB component' at c_000000000001 position 167779
[17:22:40] Possible /pseudo 'putative ABC transporter ATP-binding protein' at c_000000000001 position 306774
[17:22:40] Possible /pseudo 'Arsenical pump-driving ATPase' at c_000000000001 position 499025
[17:22:40] Possible /pseudo 'Putative glycerol transporter' at c_000000000001 position 523304
[17:22:40] Possible /pseudo 'putative protein' at c_000000000001 position 613001
[17:22:40] Possible /pseudo 'Undecaprenyl-phosphate 4-deoxy-4-formamido-L-arabinose transferase' at c_000000000001 position 757044
[17:22:40] Possible /pseudo 'Penicillin-binding protein 2B' at c_000000000001 position 895950
[17:22:40] Possible /pseudo 'DNA repair protein RecO' at c_000000000001 position 906596
[17:22:40] Possible /pseudo 'DNA topoisomerase 1' at c_000000000001 position 936768
[17:22:40] Possible /pseudo 'Tyrosine recombinase XerC' at c_000000000001 position 938868
[17:22:40] Possible /pseudo 'DNA topoisomerase 4 subunit A' at c_000000000001 position 953897
[17:22:40] Possible /pseudo 'DNA topoisomerase 4 subunit B' at c_000000000001 position 955609
[17:22:40] Possible /pseudo 'Acetyltransferase' at c_000000000001 position 1429522
[17:22:40] Possible /pseudo 'Glycine reductase complex component B subunit gamma' at c_000000000001 position 1673731
[17:22:40] Found 893 unique /gene codes.
[17:22:40] Fixed 6 duplicate /gene - bcrA_1 bcrA_2 bcrA_3 bcrA_4 bcrA_5 bcrA_6
[17:22:40] Fixed 3 duplicate /gene - lexA_1 lexA_2 lexA_3
[17:22:40] Fixed 2 duplicate /gene - trxA_1 trxA_2
[17:22:40] Fixed 2 duplicate /gene - nylA_1 nylA_2
[17:22:40] Fixed 2 duplicate /gene - ruvB_1 ruvB_2
[17:22:40] Fixed 2 duplicate /gene - spxA_1 spxA_2
[17:22:40] Fixed 2 duplicate /gene - metN_1 metN_2
[17:22:40] Fixed 2 duplicate /gene - yclP_1 yclP_2
[17:22:40] Fixed 2 duplicate /gene - cobB_1 cobB_2
[17:22:40] Fixed 3 duplicate /gene - oppD_1 oppD_2 oppD_3
[17:22:40] Fixed 2 duplicate /gene - bglK_1 bglK_2
[17:22:40] Fixed 2 duplicate /gene - zosA_1 zosA_2
[17:22:40] Fixed 3 duplicate /gene - xerC_1 xerC_2 xerC_3
[17:22:40] Fixed 2 duplicate /gene - ytrA_1 ytrA_2
[17:22:40] Fixed 2 duplicate /gene - fpgS_1 fpgS_2
[17:22:40] Fixed 2 duplicate /gene - atpD_1 atpD_2
[17:22:40] Fixed 2 duplicate /gene - gmk_1 gmk_2
[17:22:40] Fixed 2 duplicate /gene - arsA_1 arsA_2
[17:22:40] Fixed 2 duplicate /gene - rhaR_1 rhaR_2
[17:22:40] Fixed 2 duplicate /gene - srrA_1 srrA_2
[17:22:40] Fixed 2 duplicate /gene - acpP_1 acpP_2
[17:22:40] Fixed 2 duplicate /gene - gcvH_1 gcvH_2
[17:22:40] Fixed 2 duplicate /gene - thiD_1 thiD_2
[17:22:40] Fixed 2 duplicate /gene - argS_1 argS_2
[17:22:40] Fixed 2 duplicate /gene - galK_1 galK_2
[17:22:40] Fixed 2 duplicate /gene - mntB_1 mntB_2
[17:22:40] Fixed 2 duplicate /gene - rpoN1_1 rpoN1_2
[17:22:40] Fixed 2 duplicate /gene - apbE_1 apbE_2
[17:22:40] Fixed 2 duplicate /gene - parC_1 parC_2
[17:22:40] Fixed 2 duplicate /gene - urdA_1 urdA_2
[17:22:40] Fixed 2 duplicate /gene - mshA_1 mshA_2
[17:22:40] Fixed 3 duplicate /gene - oppF_1 oppF_2 oppF_3
[17:22:40] Fixed 2 duplicate /gene - ptsG_1 ptsG_2
[17:22:40] Fixed 3 duplicate /gene - bglH_1 bglH_2 bglH_3
[17:22:40] Fixed 2 duplicate /gene - pnp_1 pnp_2
[17:22:40] Fixed 2 duplicate /gene - gatC_1 gatC_2
[17:22:40] Fixed 2 duplicate /gene - nagB_1 nagB_2
[17:22:40] Fixed 2 duplicate /gene - yohK_1 yohK_2
[17:22:40] Fixed 2 duplicate /gene - licR_1 licR_2
[17:22:40] Fixed 5 duplicate /gene - metQ_1 metQ_2 metQ_3 metQ_4 metQ_5
[17:22:40] Fixed 2 duplicate /gene - dagK_1 dagK_2
[17:22:40] Fixed 2 duplicate /gene - aes_1 aes_2
[17:22:40] Fixed 2 duplicate /gene - lacC_1 lacC_2
[17:22:40] Fixed 2 duplicate /gene - licA_1 licA_2
[17:22:40] Fixed 2 duplicate /gene - mgtE_1 mgtE_2
[17:22:40] Fixed 2 duplicate /gene - pcp_1 pcp_2
[17:22:40] Fixed 2 duplicate /gene - est_1 est_2
[17:22:40] Fixed 2 duplicate /gene - rnfD_1 rnfD_2
[17:22:40] Fixed 2 duplicate /gene - lrgA_1 lrgA_2
[17:22:40] Fixed 3 duplicate /gene - brnQ_1 brnQ_2 brnQ_3
[17:22:40] Fixed 2 duplicate /gene - lacF_1 lacF_2
[17:22:40] Fixed 3 duplicate /gene - smc_1 smc_2 smc_3
[17:22:40] Fixed 2 duplicate /gene - dacA_1 dacA_2
[17:22:40] Fixed 2 duplicate /gene - licC_1 licC_2
[17:22:40] Fixed 2 duplicate /gene - cadA_1 cadA_2
[17:22:40] Fixed 2 duplicate /gene - trxB_1 trxB_2
[17:22:40] Fixed 2 duplicate /gene - sufS_1 sufS_2
[17:22:40] Fixed 2 duplicate /gene - manX_1 manX_2
[17:22:40] Fixed 2 duplicate /gene - rsmH_1 rsmH_2
[17:22:40] Fixed 2 duplicate /gene - alsT_1 alsT_2
[17:22:40] Fixed 2 duplicate /gene - ngcG_1 ngcG_2
[17:22:40] Fixed 2 duplicate /gene - rnfC_1 rnfC_2
[17:22:40] Fixed 2 duplicate /gene - pepF1_1 pepF1_2
[17:22:40] Fixed 2 duplicate /gene - natA_1 natA_2
[17:22:40] Fixed 3 duplicate /gene - metP_1 metP_2 metP_3
[17:22:40] Fixed 2 duplicate /gene - luxS_1 luxS_2
[17:22:40] Fixed 4 duplicate /gene - agrA_1 agrA_2 agrA_3 agrA_4
[17:22:40] Fixed 2 duplicate /gene - parE_1 parE_2
[17:22:40] Fixed 2 duplicate /gene - nanA_1 nanA_2
[17:22:40] Fixed 2 duplicate /gene - recO_1 recO_2
[17:22:40] Fixed 2 duplicate /gene - lagD_1 lagD_2
[17:22:40] Fixed 3 duplicate /gene - fabG_1 fabG_2 fabG_3
[17:22:40] Fixed 9 duplicate /gene - btuD_1 btuD_2 btuD_3 btuD_4 btuD_5 btuD_6 btuD_7 btuD_8 btuD_9
[17:22:40] Fixed 2 duplicate /gene - atpE_1 atpE_2
[17:22:40] Fixed 2 duplicate /gene - clpC_1 clpC_2
[17:22:40] Fixed 2 duplicate /gene - ccpA_1 ccpA_2
[17:22:40] Fixed 2 duplicate /gene - tagU_1 tagU_2
[17:22:40] Fixed 3 duplicate /gene - arnC_1 arnC_2 arnC_3
[17:22:40] Fixed 2 duplicate /gene - ecfT_1 ecfT_2
[17:22:40] Fixed 2 duplicate /gene - sasA_1 sasA_2
[17:22:40] Fixed 2 duplicate /gene - grdB_1 grdB_2
[17:22:40] Fixed 2 duplicate /gene - gsiC_1 gsiC_2
[17:22:40] Fixed 2 duplicate /gene - dsdA_1 dsdA_2
[17:22:40] Fixed 2 duplicate /gene - penA_1 penA_2
[17:22:40] Fixed 2 duplicate /gene - iscS_1 iscS_2
[17:22:40] Fixed 2 duplicate /gene - tenA_1 tenA_2
[17:22:40] Fixed 2 duplicate /gene - copY_1 copY_2
[17:22:40] Fixed 2 duplicate /gene - topA_1 topA_2
[17:22:40] Fixed 2 duplicate /gene - lplJ_1 lplJ_2
[17:22:40] Fixed 2 duplicate /gene - ettA_1 ettA_2
[17:22:40] Fixed 90 colliding /gene names.
[17:22:40] Adding /locus_tag identifiers
[17:22:40] Assigned 1772 locus_tags to CDS and RNA features.
[17:22:40] Writing outputs to analysis_prokka/Prokka_Out/
[17:22:41] Generating annotation statistics file
[17:22:41] Generating Genbank and Sequin files
[17:22:41] Running: tbl2asn -V b -a r10k -l paired-ends -M n -N 1 -y 'Annotated using prokka 1.14.6 from https://github.com/tseemann/prokka' -Z analysis_prokka\/Prokka_Out\/prokka_dpi_genomes_forncbi_kpl3086_c\.current\.err -i analysis_prokka\/Prokka_Out\/prokka_dpi_genomes_forncbi_kpl3086_c\.current\.fsa 2> /dev/null
[17:22:46] Could not run command: tbl2asn -V b -a r10k -l paired-ends -M n -N 1 -y 'Annotated using prokka 1.14.6 from https://github.com/tseemann/prokka' -Z analysis_prokka\/Prokka_Out\/prokka_dpi_genomes_forncbi_kpl3086_c\.current\.err -i analysis_prokka\/Prokka_Out\/prokka_dpi_genomes_forncbi_kpl3086_c\.current\.fsa 2> /dev/null
