[16:21:33] This is prokka 1.14.6
[16:21:33] Written by Torsten Seemann <torsten.seemann@gmail.com>
[16:21:33] Homepage is https://github.com/tseemann/prokka
[16:21:33] Local time is Fri Jul 10 16:21:33 2020
[16:21:33] You are isabelfe
[16:21:33] Operating system is darwin
[16:21:33] You have BioPerl 1.007002
[16:21:34] System has 2 cores.
[16:21:34] Will use maximum of 2 cores.
[16:21:34] Annotating as >>> Bacteria <<<
[16:21:34] Generating locus_tag from 'analysis_prokka/Reformat_Dpig/GCF_003264005.1_ASM326400v1_genomic.fa' contents.
[16:21:34] Setting --locustag IHNPLLLM from MD5 21795556130c9e50856fe9c7e598e312
[16:21:34] Re-using existing --outdir analysis_prokka/Prokka_Out
[16:21:34] Using filename prefix: prokka_GCF_003264005.1_ASM326400v1_genomic.XXX
[16:21:34] Setting HMMER_NCPU=1
[16:21:34] Writing log to: analysis_prokka/Prokka_Out/prokka_GCF_003264005.1_ASM326400v1_genomic.log
[16:21:34] Command: /Users/isabelfe/opt/anaconda3/bin/prokka --prefix prokka_GCF_003264005.1_ASM326400v1_genomic --outdir analysis_prokka/Prokka_Out --cpus 0 --force analysis_prokka/Reformat_Dpig/GCF_003264005.1_ASM326400v1_genomic.fa
[16:21:34] Appending to PATH: /Users/isabelfe/opt/anaconda3/bin
[16:21:34] Looking for 'aragorn' - found /Users/isabelfe/opt/anaconda3/bin/aragorn
[16:21:34] Determined aragorn version is 001002 from 'ARAGORN v1.2.38 Dean Laslett'
[16:21:34] Looking for 'barrnap' - found /Users/isabelfe/opt/anaconda3/bin/barrnap
[16:21:34] Determined barrnap version is 000009 from 'barrnap 0.9'
[16:21:34] Looking for 'blastp' - found /Users/isabelfe/opt/anaconda3/bin/blastp
[16:21:34] Determined blastp version is 002009 from 'blastp: 2.9.0+'
[16:21:34] Looking for 'cmpress' - found /Users/isabelfe/opt/anaconda3/bin/cmpress
[16:21:34] Determined cmpress version is 001001 from '# INFERNAL 1.1.2 (July 2016)'
[16:21:34] Looking for 'cmscan' - found /Users/isabelfe/opt/anaconda3/bin/cmscan
[16:21:34] Determined cmscan version is 001001 from '# INFERNAL 1.1.2 (July 2016)'
[16:21:34] Looking for 'egrep' - found /usr/bin/egrep
[16:21:34] Looking for 'find' - found /usr/bin/find
[16:21:34] Looking for 'grep' - found /usr/bin/grep
[16:21:34] Looking for 'hmmpress' - found /Users/isabelfe/opt/anaconda3/bin/hmmpress
[16:21:34] Determined hmmpress version is 003003 from '# HMMER 3.3 (Nov 2019); http://hmmer.org/'
[16:21:34] Looking for 'hmmscan' - found /Users/isabelfe/opt/anaconda3/bin/hmmscan
[16:21:34] Determined hmmscan version is 003003 from '# HMMER 3.3 (Nov 2019); http://hmmer.org/'
[16:21:34] Looking for 'java' - found /Users/isabelfe/opt/anaconda3/bin/java
[16:21:34] Looking for 'makeblastdb' - found /Users/isabelfe/opt/anaconda3/bin/makeblastdb
[16:21:35] Determined makeblastdb version is 002009 from 'makeblastdb: 2.9.0+'
[16:21:35] Looking for 'minced' - found /Users/isabelfe/opt/anaconda3/bin/minced
[16:21:35] Determined minced version is 004002 from 'minced 0.4.2'
[16:21:35] Looking for 'parallel' - found /Users/isabelfe/opt/anaconda3/bin/parallel
[16:21:35] Determined parallel version is 20200522 from 'GNU parallel 20200522'
[16:21:35] Looking for 'prodigal' - found /Users/isabelfe/opt/anaconda3/bin/prodigal
[16:21:35] Determined prodigal version is 002006 from 'Prodigal V2.6.3: February, 2016'
[16:21:35] Looking for 'prokka-genbank_to_fasta_db' - found /Users/isabelfe/opt/anaconda3/bin/prokka-genbank_to_fasta_db
[16:21:35] Looking for 'sed' - found /usr/bin/sed
[16:21:35] Looking for 'tbl2asn' - found /Users/isabelfe/opt/anaconda3/bin/tbl2asn
[16:21:35] Determined tbl2asn version is 025007 from 'tbl2asn 25.7   arguments:'
[16:21:35] Using genetic code table 11.
[16:21:35] Loading and checking input file: analysis_prokka/Reformat_Dpig/GCF_003264005.1_ASM326400v1_genomic.fa
[16:21:35] Wrote 65 contigs totalling 1976602 bp.
[16:21:35] Predicting tRNAs and tmRNAs
[16:21:35] Running: aragorn -l -gc11  -w analysis_prokka\/Prokka_Out\/prokka_GCF_003264005\.1_ASM326400v1_genomic\.fna
[16:21:37] 1 tRNA-Trp [91049,91121] 34 (cca)
[16:21:37] 1 tRNA-Arg c[13208,13282] 35 (tct)
[16:21:37] 1 tRNA-Val [273,345] 34 (tac)
[16:21:37] 2 tRNA-Lys [355,427] 34 (ttt)
[16:21:37] 3 tRNA-Arg [451,525] 35 (tcg)
[16:21:37] 4 tRNA-SeC c[40929,41026] 36 (tca)
[16:21:37] 1 tRNA-Leu c[10242,10326] 34 (gag)
[16:21:37] 2 tRNA-Asn c[80873,80947] 35 (gtt)
[16:21:37] 1 tmRNA [96684,97041] 92,127 ANKNSNLALAA*
[16:21:37] 2 tRNA-Gln c[228292,228365] 34 (ttg)
[16:21:37] 3 tRNA-Tyr c[228369,228452] 36 (gta)
[16:21:37] 4 tRNA-Glu c[228457,228528] 34 (ttc)
[16:21:37] 1 tRNA-Val c[210245,210319] 35 (gac)
[16:21:37] 1 tRNA-Leu c[694,778] 35 (caa)
[16:21:37] 2 tRNA-Cys c[806,878] 33 (gca)
[16:21:37] 3 tRNA-Gln c[890,963] 34 (ttg)
[16:21:37] 4 tRNA-His c[978,1052] 35 (gtg)
[16:21:37] 5 tRNA-Trp c[1062,1134] 34 (cca)
[16:21:37] 6 tRNA-Tyr c[1137,1219] 36 (gta)
[16:21:37] 7 tRNA-Phe c[1236,1310] 35 (gaa)
[16:21:37] 8 tRNA-Asp c[1316,1391] 36 (gtc)
[16:21:37] 9 tRNA-Met c[1406,1480] 35 (cat)
[16:21:37] 10 tRNA-Ser c[1500,1589] 37 (tga)
[16:21:37] 11 tRNA-Glu c[1602,1673] 34 (ttc)
[16:21:37] 12 tRNA-Ile c[1689,1764] 36 (gat)
[16:21:37] 13 tRNA-Gly c[1774,1844] 33 (tcc)
[16:21:37] 14 tRNA-Met c[1897,1970] 35 (cat)
[16:21:37] 15 tRNA-Met c[1988,2063] 36 (cat)
[16:21:37] 16 tRNA-Pro c[2082,2155] 35 (tgg)
[16:21:37] 17 tRNA-Arg c[2212,2287] 36 (acg)
[16:21:37] 18 tRNA-Leu c[2296,2382] 35 (taa)
[16:21:37] 19 tRNA-Gly c[2411,2482] 33 (gcc)
[16:21:37] 20 tRNA-Thr c[2498,2570] 34 (tgt)
[16:21:37] 21 tRNA-Asn c[102188,102262] 35 (gtt)
[16:21:37] 1 tRNA-Phe c[24962,25036] 35 (gaa)
[16:21:37] 2 tRNA-Asp c[25042,25117] 36 (gtc)
[16:21:37] 3 tRNA-Ser c[25141,25230] 37 (tga)
[16:21:37] 4 tRNA-Glu c[25242,25313] 34 (ttc)
[16:21:37] 5 tRNA-Ser c[25329,25419] 36 (gct)
[16:21:37] 6 tRNA-Ile c[25445,25520] 36 (gat)
[16:21:37] 7 tRNA-Gly c[25528,25598] 33 (tcc)
[16:21:37] 8 tRNA-Asp c[25603,25678] 36 (gtc)
[16:21:37] 9 tRNA-Met c[25693,25767] 35 (cat)
[16:21:37] 10 tRNA-Pro c[25777,25850] 35 (tgg)
[16:21:37] 11 tRNA-Arg c[25872,25947] 36 (acg)
[16:21:37] 12 tRNA-Leu c[25956,26042] 35 (taa)
[16:21:37] 13 tRNA-Gly c[26071,26142] 33 (gcc)
[16:21:37] 14 tRNA-Thr c[26158,26230] 34 (tgt)
[16:21:37] 15 tRNA-Leu c[26237,26318] 35 (tag)
[16:21:37] 16 tRNA-Lys c[26336,26408] 34 (ttt)
[16:21:37] 17 tRNA-Val c[26418,26490] 34 (tac)
[16:21:37] 1 tRNA-Leu c[7,93] 35 (taa)
[16:21:37] 2 tRNA-Gly c[122,193] 33 (gcc)
[16:21:37] 3 tRNA-Thr c[209,281] 34 (tgt)
[16:21:37] 1 tRNA-Ala c[37,111] 35 (tgc)
[16:21:37] 1 tRNA-Ala [167,241] 35 (tgc)
[16:21:37] 1 tRNA-Ser [12872,12960] 36 (gga)
[16:21:37] Found 57 tRNAs
[16:21:37] Predicting Ribosomal RNAs
[16:21:37] Running Barrnap with 2 threads
[16:21:39] 1 c_000000000008 4 23S ribosomal RNA (partial)
[16:21:39] 2 c_000000000017 145 5S ribosomal RNA
[16:21:39] 3 c_000000000022 80980 5S ribosomal RNA
[16:21:39] 4 c_000000000035 102294 5S ribosomal RNA
[16:21:39] 5 c_000000000041 7 5S ribosomal RNA
[16:21:39] 6 c_000000000047 6 16S ribosomal RNA
[16:21:39] 7 c_000000000053 26508 5S ribosomal RNA
[16:21:39] Found 7 rRNAs
[16:21:39] Skipping ncRNA search, enable with --rfam if desired.
[16:21:39] Total of 63 tRNA + rRNA features
[16:21:39] Searching for CRISPR repeats
[16:21:40] CRISPR1 c_000000000045 37127 with 11 spacers
[16:21:40] Found 1 CRISPRs
[16:21:40] Predicting coding sequences
[16:21:40] Contigs total 1976602 bp, so using single mode
[16:21:40] Running: prodigal -i analysis_prokka\/Prokka_Out\/prokka_GCF_003264005\.1_ASM326400v1_genomic\.fna -c -m -g 11 -p single -f sco -q
[16:21:44] Found 1795 CDS
[16:21:44] Connecting features back to sequences
[16:21:44] Not using genus-specific database. Try --usegenus to enable it.
[16:21:44] Annotating CDS, please be patient.
[16:21:44] Will use 2 CPUs for similarity searching.
[16:21:45] There are still 1795 unannotated CDS left (started with 1795)
[16:21:45] Will use blast to search against /Users/isabelfe/opt/anaconda3/db/kingdom/Bacteria/IS with 2 CPUs
[16:21:45] Running: cat analysis_prokka\/Prokka_Out\/prokka_GCF_003264005\.1_ASM326400v1_genomic\.IS\.tmp\.70066\.faa | parallel --gnu --plain -j 2 --block 141455 --recstart '>' --pipe blastp -query - -db /Users/isabelfe/opt/anaconda3/db/kingdom/Bacteria/IS -evalue 1e-30 -qcov_hsp_perc 90 -num_threads 1 -num_descriptions 1 -num_alignments 1 -seg no > analysis_prokka\/Prokka_Out\/prokka_GCF_003264005\.1_ASM326400v1_genomic\.IS\.tmp\.70066\.blast 2> /dev/null
[16:22:13] Deleting unwanted file: analysis_prokka/Prokka_Out/prokka_GCF_003264005.1_ASM326400v1_genomic.IS.tmp.70066.faa
[16:22:13] Deleting unwanted file: analysis_prokka/Prokka_Out/prokka_GCF_003264005.1_ASM326400v1_genomic.IS.tmp.70066.blast
[16:22:14] There are still 1791 unannotated CDS left (started with 1795)
[16:22:14] Will use blast to search against /Users/isabelfe/opt/anaconda3/db/kingdom/Bacteria/AMR with 2 CPUs
[16:22:14] Running: cat analysis_prokka\/Prokka_Out\/prokka_GCF_003264005\.1_ASM326400v1_genomic\.AMR\.tmp\.70066\.faa | parallel --gnu --plain -j 2 --block 141155 --recstart '>' --pipe blastp -query - -db /Users/isabelfe/opt/anaconda3/db/kingdom/Bacteria/AMR -evalue 9.99999999999999e-301 -qcov_hsp_perc 90 -num_threads 1 -num_descriptions 1 -num_alignments 1 -seg no > analysis_prokka\/Prokka_Out\/prokka_GCF_003264005\.1_ASM326400v1_genomic\.AMR\.tmp\.70066\.blast 2> /dev/null
[16:22:35] Deleting unwanted file: analysis_prokka/Prokka_Out/prokka_GCF_003264005.1_ASM326400v1_genomic.AMR.tmp.70066.faa
[16:22:35] Deleting unwanted file: analysis_prokka/Prokka_Out/prokka_GCF_003264005.1_ASM326400v1_genomic.AMR.tmp.70066.blast
[16:22:36] There are still 1791 unannotated CDS left (started with 1795)
[16:22:36] Will use blast to search against /Users/isabelfe/opt/anaconda3/db/kingdom/Bacteria/sprot with 2 CPUs
[16:22:36] Running: cat analysis_prokka\/Prokka_Out\/prokka_GCF_003264005\.1_ASM326400v1_genomic\.sprot\.tmp\.70066\.faa | parallel --gnu --plain -j 2 --block 141155 --recstart '>' --pipe blastp -query - -db /Users/isabelfe/opt/anaconda3/db/kingdom/Bacteria/sprot -evalue 1e-09 -qcov_hsp_perc 80 -num_threads 1 -num_descriptions 1 -num_alignments 1 -seg no > analysis_prokka\/Prokka_Out\/prokka_GCF_003264005\.1_ASM326400v1_genomic\.sprot\.tmp\.70066\.blast 2> /dev/null
[16:24:15] Modify product: UPF0176 protein SP_0095 => hypothetical protein
[16:24:15] Modify product: Putative universal stress protein SA1532 => Putative universal stress protein
[16:24:15] Modify product: Uncharacterized AAA domain-containing protein Rv2559c => putative AAA domain-containing protein
[16:24:15] Modify product: Uncharacterized ABC transporter ATP-binding protein Rv0986 => putative ABC transporter ATP-binding protein
[16:24:15] Modify product: Probable multidrug resistance ABC transporter ATP-binding/permease protein YheI => putative multidrug resistance ABC transporter ATP-binding/permease protein YheI
[16:24:15] Modify product: Probable multidrug resistance ABC transporter ATP-binding/permease protein YheH => putative multidrug resistance ABC transporter ATP-binding/permease protein YheH
[16:24:15] Modify product: Probable undecaprenyl-phosphate N-acetylglucosaminyl 1-phosphate transferase => putative undecaprenyl-phosphate N-acetylglucosaminyl 1-phosphate transferase
[16:24:15] Modify product: Probable glycine dehydrogenase (decarboxylating) subunit 1 => putative glycine dehydrogenase (decarboxylating) subunit 1
[16:24:15] Modify product: Probable glycine dehydrogenase (decarboxylating) subunit 2 => putative glycine dehydrogenase (decarboxylating) subunit 2
[16:24:15] Modify product: UPF0073 inner membrane protein YqfA => hypothetical protein
[16:24:15] Modify product: Putative phosphatase M6_Spy0533 => Putative phosphatase
[16:24:15] Modify product: UPF0122 protein SP_1288 => hypothetical protein
[16:24:15] Modify product: UPF0109 protein Rv2908c => hypothetical protein
[16:24:15] Modify product: UPF0342 protein SA1663 => hypothetical protein
[16:24:15] Modify product: Probable bifunctional oligoribonuclease and PAP phosphatase NrnA => putative bifunctional oligoribonuclease and PAP phosphatase NrnA
[16:24:15] Modify product: Uncharacterized protein Spy1535 => putative protein
[16:24:15] Modify product: Probable transcriptional regulatory protein MSMEG_2940/MSMEI_2866 => putative transcriptional regulatory protein/MSMEI_2866
[16:24:15] Modify product: Transcriptional repressor SmtB homolog => Transcriptional repressor SmtB 
[16:24:15] Modify product: Uncharacterized protein NMB0459 => putative protein
[16:24:15] Modify product: Probable murein peptide carboxypeptidase => putative murein peptide carboxypeptidase
[16:24:15] Modify product: Probable ribosomal protein YlxQ => putative ribosomal protein YlxQ
[16:24:15] Modify product: Probable GTP-binding protein EngB => putative GTP-binding protein EngB
[16:24:15] Modify product: Putative transport protein Rv0205 => Putative transport protein
[16:24:15] Modify product: Probable L-asparaginase => putative L-asparaginase
[16:24:15] Modify product: Putative glycerol transporter Lin0367 => Putative glycerol transporter
[16:24:15] Modify product: Putative glycerol transporter Lin0368 => Putative glycerol transporter
[16:24:15] Modify product: UPF0365 protein SA1402 => hypothetical protein
[16:24:15] Modify product: Putative aminotransferase MSMEG_6286/MSMEI_6121 => Putative aminotransferase/MSMEI_6121
[16:24:15] Modify product: UPF0374 protein SP_1903 => hypothetical protein
[16:24:15] Modify product: Probable endonuclease 4 => putative endonuclease 4
[16:24:15] Modify product: Uncharacterized protein YacP => putative protein YacP
[16:24:15] Modify product: UPF0394 inner membrane protein YeeE => hypothetical protein
[16:24:15] Modify product: Probable ABC transporter phosphite binding protein PhnD1 => putative ABC transporter phosphite binding protein PhnD1
[16:24:15] Modify product: Uncharacterized ABC transporter ATP-binding protein Rv0986 => putative ABC transporter ATP-binding protein
[16:24:15] Modify product: Calcium-transporting ATPase lmo0841 => Calcium-transporting ATPase
[16:24:15] Modify product: Uncharacterized ABC transporter ATP-binding protein Rv0986 => putative ABC transporter ATP-binding protein
[16:24:15] Modify product: Putative multidrug export ATP-binding/permease protein SAV1866 => Putative multidrug export ATP-binding/permease protein
[16:24:15] Modify product: Sulfurtransferase Alvin_2599 => Sulfurtransferase
[16:24:15] Modify product: Uncharacterized epimerase/dehydratase SA0511 => putative epimerase/dehydratase
[16:24:15] Modify product: Probable metallo-hydrolase M6_Spy0554 => putative metallo-hydrolase
[16:24:15] Modify product: UPF0053 inner membrane protein YfjD => hypothetical protein
[16:24:15] Modify product: Uncharacterized multiple-sugar transport system permease YteP => putative multiple-sugar transport system permease YteP
[16:24:15] Modify product: Uncharacterized protein YpjQ => putative protein YpjQ
[16:24:15] Modify product: Uncharacterized oxidoreductase Mb2996 => putative oxidoreductase
[16:24:15] Modify product: Acetyltransferase SACOL1063 => Acetyltransferase
[16:24:15] Modify product: Acetyltransferase SACOL1063 => Acetyltransferase
[16:24:15] Modify product: UPF0413 protein YjbH => hypothetical protein
[16:24:16] Modify product: UPF0758 protein YsxA => hypothetical protein
[16:24:16] Modify product: UPF0473 protein SP_0194 => hypothetical protein
[16:24:16] Modify product: UPF0297 protein EF_1202 => hypothetical protein
[16:24:16] Modify product: UPF0397 protein SP_0482 => hypothetical protein
[16:24:16] Modify product: UPF0051 protein SA0778 => hypothetical protein
[16:24:16] Modify product: UPF0051 protein SA0778 => hypothetical protein
[16:24:16] Modify product: Probable ABC transporter ATP-binding protein M6_Spy0273 => putative ABC transporter ATP-binding protein
[16:24:16] Modify product: Uncharacterized protein YqeN => putative protein YqeN
[16:24:16] Modify product: Uncharacterized protein YbbA => putative protein YbbA
[16:24:16] Modify product: Uncharacterized ABC transporter ATP-binding protein YheS => putative ABC transporter ATP-binding protein YheS
[16:24:16] Modify product: UPF0340 protein YwlG => hypothetical protein
[16:24:16] Modify product: Protease HtpX homolog => Protease HtpX 
[16:24:16] Modify product: Probable fructose-bisphosphate aldolase => putative fructose-bisphosphate aldolase
[16:24:16] Modify product: Uncharacterized ABC transporter ATP-binding protein TM_0288 => putative ABC transporter ATP-binding protein
[16:24:16] Modify product: Uncharacterized ABC transporter ATP-binding protein Rv1273c => putative ABC transporter ATP-binding protein
[16:24:16] Modify product: Uncharacterized protein YhaP => putative protein YhaP
[16:24:16] Modify product: Multidrug efflux system ATP-binding protein Rv1218c => Multidrug efflux system ATP-binding protein
[16:24:16] Modify product: Uncharacterized HTH-type transcriptional regulator SACOL2360 => putative HTH-type transcriptional regulator
[16:24:16] Modify product: Probable succinyl-diaminopimelate desuccinylase => putative succinyl-diaminopimelate desuccinylase
[16:24:16] Modify product: Probable quorum-quenching lactonase YtnP => putative quorum-quenching lactonase YtnP
[16:24:16] Modify product: Uncharacterized oxidoreductase SpyM50865 => putative oxidoreductase
[16:24:16] Modify product: Probable 3-hydroxyacyl-CoA dehydrogenase => putative 3-hydroxyacyl-CoA dehydrogenase
[16:24:17] Modify product: Putative multidrug export ATP-binding/permease protein SAV1866 => Putative multidrug export ATP-binding/permease protein
[16:24:17] Modify product: Uncharacterized PIN and TRAM-domain containing protein YacL => putative PIN and TRAM-domain containing protein YacL
[16:24:17] Modify product: Probable D,D-dipeptide transport system permease protein DdpC => putative D,D-dipeptide transport system permease protein DdpC
[16:24:17] Modify product: Uncharacterized protein YqgN => putative protein YqgN
[16:24:17] Modify product: Bifunctional protein FolD => Bifunctional protein FolD protein
[16:24:17] Modify product: Nudix hydrolase DR_0079 => Nudix hydrolase
[16:24:17] Modify product: DegV domain-containing protein spr1415 => DegV domain-containing protein
[16:24:17] Modify product: Uncharacterized protein YedJ => putative protein YedJ
[16:24:17] Modify product: UPF0178 protein YaiI => hypothetical protein
[16:24:17] Modify product: GTP cyclohydrolase 1 type 2 homolog => GTP cyclohydrolase 1 type 2 
[16:24:17] Modify product: Putative multidrug export ATP-binding/permease protein SAV1866 => Putative multidrug export ATP-binding/permease protein
[16:24:17] Modify product: Uncharacterized protein YqeY => putative protein YqeY
[16:24:17] Modify product: Uncharacterized ABC transporter ATP-binding protein YknY => putative ABC transporter ATP-binding protein YknY
[16:24:17] Modify product: UPF0045 protein Rv1898 => hypothetical protein
[16:24:17] Modify product: UPF0346 protein YozE => hypothetical protein
[16:24:17] Modify product: RutC family protein HI_0719 => RutC family protein
[16:24:17] Modify product: Uncharacterized oxidoreductase YjhC => putative oxidoreductase YjhC
[16:24:17] Modify product: Probable peptidoglycan glycosyltransferase FtsW => putative peptidoglycan glycosyltransferase FtsW
[16:24:18] Modify product: Probable tRNA sulfurtransferase => putative tRNA sulfurtransferase
[16:24:18] Modify product: Probable licABCH operon regulator => putative licABCH operon regulator
[16:24:18] Modify product: Probable licABCH operon regulator => putative licABCH operon regulator
[16:24:18] Modify product: Probable N-acetyl-LL-diaminopimelate aminotransferase => putative N-acetyl-LL-diaminopimelate aminotransferase
[16:24:18] Modify product: UPF0358 protein EF_2458 => hypothetical protein
[16:24:18] Modify product: Uncharacterized protein YqeH => putative protein YqeH
[16:24:18] Modify product: RNA-binding protein HI_1333 => RNA-binding protein
[16:24:18] Modify product: Probable nicotinate-nucleotide adenylyltransferase => putative nicotinate-nucleotide adenylyltransferase
[16:24:18] Modify product: Probable pyridine nucleotide-disulfide oxidoreductase RclA => putative pyridine nucleotide-disulfide oxidoreductase RclA
[16:24:18] Modify product: Uncharacterized HTH-type transcriptional regulator YbbH => putative HTH-type transcriptional regulator YbbH
[16:24:18] Modify product: Uncharacterized protein YpjD => putative protein YpjD
[16:24:18] Modify product: UPF0302 protein BA_1542/GBAA_1542/BAS1430 => hypothetical protein
[16:24:18] Modify product: Probable cell division protein WhiA => putative cell division protein WhiA
[16:24:18] Modify product: Uncharacterized protein SA1069 => putative protein
[16:24:19] Modify product: Uncharacterized protein Spy1614 => putative protein
[16:24:19] Modify product: Probable protein-export membrane protein SecG => putative protein-export membrane protein SecG
[16:24:19] Modify product: Probable transcription repressor NiaR => putative transcription repressor NiaR
[16:24:19] Modify product: Putative trans-acting regulator SP_1800 => Putative trans-acting regulator
[16:24:19] Modify product: UPF0702 transmembrane protein YetF => hypothetical protein
[16:24:19] Modify product: UPF0637 protein SA0957 => hypothetical protein
[16:24:19] Modify product: Uncharacterized protein YdhK => putative protein YdhK
[16:24:19] Modify product: UPF0398 protein YpsA => hypothetical protein
[16:24:19] Modify product: Rqc2 homolog RqcH => Rqc2 RqcH
[16:24:19] Modify product: Putative metallophosphoesterase MG207 homolog => Putative metallophosphoesterase MG207 
[16:24:19] Modify product: TelA-like protein SA1238 => TelA-like protein
[16:24:19] Modify product: UPF0154 protein SA1178 => hypothetical protein
[16:24:19] Modify product: UPF0291 protein SP_1473 => hypothetical protein
[16:24:19] Modify product: Probable L-ascorbate-6-phosphate lactonase UlaG => putative L-ascorbate-6-phosphate lactonase UlaG
[16:24:19] Cleaned 115 /product names
[16:24:19] Deleting unwanted file: analysis_prokka/Prokka_Out/prokka_GCF_003264005.1_ASM326400v1_genomic.sprot.tmp.70066.faa
[16:24:19] Deleting unwanted file: analysis_prokka/Prokka_Out/prokka_GCF_003264005.1_ASM326400v1_genomic.sprot.tmp.70066.blast
[16:24:20] There are still 767 unannotated CDS left (started with 1795)
[16:24:20] Will use hmmer3 to search against /Users/isabelfe/opt/anaconda3/db/hmm/HAMAP.hmm with 2 CPUs
[16:24:20] Running: cat analysis_prokka\/Prokka_Out\/prokka_GCF_003264005\.1_ASM326400v1_genomic\.HAMAP\.hmm\.tmp\.70066\.faa | parallel --gnu --plain -j 2 --block 52353 --recstart '>' --pipe hmmscan --noali --notextw --acc -E 1e-09 --cpu 1 /Users/isabelfe/opt/anaconda3/db/hmm/HAMAP.hmm /dev/stdin > analysis_prokka\/Prokka_Out\/prokka_GCF_003264005\.1_ASM326400v1_genomic\.HAMAP\.hmm\.tmp\.70066\.hmmer3 2> /dev/null
[16:25:02] Modify product: Protein SprT-like => Protein SprT-like protein
[16:25:03] Cleaned 1 /product names
[16:25:03] Deleting unwanted file: analysis_prokka/Prokka_Out/prokka_GCF_003264005.1_ASM326400v1_genomic.HAMAP.hmm.tmp.70066.faa
[16:25:03] Deleting unwanted file: analysis_prokka/Prokka_Out/prokka_GCF_003264005.1_ASM326400v1_genomic.HAMAP.hmm.tmp.70066.hmmer3
[16:25:03] Labelling remaining 682 proteins as 'hypothetical protein'
[16:25:03] Possible /pseudo 'Undecaprenyl-phosphate 4-deoxy-4-formamido-L-arabinose transferase' at c_000000000001 position 57729
[16:25:03] Possible /pseudo 'Putative glycerol transporter' at c_000000000012 position 48391
[16:25:03] Possible /pseudo 'Glycine reductase complex component B subunit gamma' at c_000000000017 position 53423
[16:25:03] Possible /pseudo 'Acetyltransferase' at c_000000000031 position 39482
[16:25:03] Possible /pseudo 'putative ABC transporter ATP-binding protein' at c_000000000032 position 66189
[16:25:03] Possible /pseudo 'PTS system mannose-specific EIIAB component' at c_000000000032 position 226889
[16:25:03] Possible /pseudo 'D-methionine-binding lipoprotein MetQ' at c_000000000032 position 270708
[16:25:03] Possible /pseudo 'putative protein' at c_000000000045 position 71622
[16:25:03] Found 894 unique /gene codes.
[16:25:03] Fixed 2 duplicate /gene - nagB_1 nagB_2
[16:25:03] Fixed 2 duplicate /gene - luxS_1 luxS_2
[16:25:03] Fixed 2 duplicate /gene - pnp_1 pnp_2
[16:25:03] Fixed 2 duplicate /gene - rpoN1_1 rpoN1_2
[16:25:03] Fixed 2 duplicate /gene - rnfC_1 rnfC_2
[16:25:03] Fixed 2 duplicate /gene - nylA_1 nylA_2
[16:25:03] Fixed 2 duplicate /gene - rsmH_1 rsmH_2
[16:25:03] Fixed 2 duplicate /gene - smc_1 smc_2
[16:25:03] Fixed 2 duplicate /gene - clpP_1 clpP_2
[16:25:03] Fixed 3 duplicate /gene - metP_1 metP_2 metP_3
[16:25:03] Fixed 2 duplicate /gene - cadA_1 cadA_2
[16:25:03] Fixed 2 duplicate /gene - dapE_1 dapE_2
[16:25:03] Fixed 2 duplicate /gene - mshA_1 mshA_2
[16:25:03] Fixed 2 duplicate /gene - rnfD_1 rnfD_2
[16:25:03] Fixed 2 duplicate /gene - thiD_1 thiD_2
[16:25:03] Fixed 5 duplicate /gene - xerC_1 xerC_2 xerC_3 xerC_4 xerC_5
[16:25:03] Fixed 3 duplicate /gene - oppD_1 oppD_2 oppD_3
[16:25:03] Fixed 2 duplicate /gene - ccpA_1 ccpA_2
[16:25:03] Fixed 2 duplicate /gene - gsiC_1 gsiC_2
[16:25:03] Fixed 2 duplicate /gene - argS_1 argS_2
[16:25:03] Fixed 2 duplicate /gene - atpD_1 atpD_2
[16:25:03] Fixed 2 duplicate /gene - dsdA_1 dsdA_2
[16:25:03] Fixed 2 duplicate /gene - galK_1 galK_2
[16:25:03] Fixed 2 duplicate /gene - est_1 est_2
[16:25:03] Fixed 2 duplicate /gene - lacF_1 lacF_2
[16:25:03] Fixed 2 duplicate /gene - licR_1 licR_2
[16:25:03] Fixed 2 duplicate /gene - metN_1 metN_2
[16:25:03] Fixed 5 duplicate /gene - metQ_1 metQ_2 metQ_3 metQ_4 metQ_5
[16:25:03] Fixed 2 duplicate /gene - iscS_1 iscS_2
[16:25:03] Fixed 2 duplicate /gene - lagD_1 lagD_2
[16:25:03] Fixed 2 duplicate /gene - lrgA_1 lrgA_2
[16:25:03] Fixed 2 duplicate /gene - cdaR_1 cdaR_2
[16:25:03] Fixed 3 duplicate /gene - arnC_1 arnC_2 arnC_3
[16:25:03] Fixed 2 duplicate /gene - cobB_1 cobB_2
[16:25:03] Fixed 2 duplicate /gene - fpgS_1 fpgS_2
[16:25:03] Fixed 2 duplicate /gene - apbE_1 apbE_2
[16:25:03] Fixed 2 duplicate /gene - copY_1 copY_2
[16:25:03] Fixed 2 duplicate /gene - acpP_1 acpP_2
[16:25:03] Fixed 2 duplicate /gene - nanA_1 nanA_2
[16:25:03] Fixed 2 duplicate /gene - mntB_1 mntB_2
[16:25:03] Fixed 2 duplicate /gene - lplJ_1 lplJ_2
[16:25:03] Fixed 2 duplicate /gene - tagU_1 tagU_2
[16:25:03] Fixed 2 duplicate /gene - mgtE_1 mgtE_2
[16:25:03] Fixed 2 duplicate /gene - tenA_1 tenA_2
[16:25:03] Fixed 2 duplicate /gene - pcp_1 pcp_2
[16:25:03] Fixed 2 duplicate /gene - lexA_1 lexA_2
[16:25:03] Fixed 2 duplicate /gene - ettA_1 ettA_2
[16:25:03] Fixed 2 duplicate /gene - sufS_1 sufS_2
[16:25:03] Fixed 2 duplicate /gene - alsT_1 alsT_2
[16:25:03] Fixed 2 duplicate /gene - gcvH_1 gcvH_2
[16:25:03] Fixed 7 duplicate /gene - bcrA_1 bcrA_2 bcrA_3 bcrA_4 bcrA_5 bcrA_6 bcrA_7
[16:25:03] Fixed 2 duplicate /gene - gatC_1 gatC_2
[16:25:03] Fixed 3 duplicate /gene - brnQ_1 brnQ_2 brnQ_3
[16:25:03] Fixed 2 duplicate /gene - bglK_1 bglK_2
[16:25:03] Fixed 2 duplicate /gene - recD2_1 recD2_2
[16:25:03] Fixed 2 duplicate /gene - pepF1_1 pepF1_2
[16:25:03] Fixed 3 duplicate /gene - oppF_1 oppF_2 oppF_3
[16:25:03] Fixed 2 duplicate /gene - manX_1 manX_2
[16:25:03] Fixed 2 duplicate /gene - sasA_1 sasA_2
[16:25:03] Fixed 2 duplicate /gene - dagK_1 dagK_2
[16:25:03] Fixed 2 duplicate /gene - uvrB_1 uvrB_2
[16:25:03] Fixed 2 duplicate /gene - ecfT_1 ecfT_2
[16:25:03] Fixed 2 duplicate /gene - urdA_1 urdA_2
[16:25:03] Fixed 2 duplicate /gene - trxB_1 trxB_2
[16:25:03] Fixed 2 duplicate /gene - dacA_1 dacA_2
[16:25:03] Fixed 11 duplicate /gene - btuD_1 btuD_2 btuD_3 btuD_4 btuD_5 btuD_6 btuD_7 btuD_8 btuD_9 btuD_10 btuD_11
[16:25:03] Fixed 2 duplicate /gene - spxA_1 spxA_2
[16:25:03] Fixed 2 duplicate /gene - dnaC_1 dnaC_2
[16:25:03] Fixed 6 duplicate /gene - agrA_1 agrA_2 agrA_3 agrA_4 agrA_5 agrA_6
[16:25:03] Fixed 2 duplicate /gene - srrA_1 srrA_2
[16:25:03] Fixed 2 duplicate /gene - desR_1 desR_2
[16:25:03] Fixed 2 duplicate /gene - zosA_1 zosA_2
[16:25:03] Fixed 2 duplicate /gene - ykoD_1 ykoD_2
[16:25:03] Fixed 2 duplicate /gene - yohK_1 yohK_2
[16:25:03] Fixed 2 duplicate /gene - atpE_1 atpE_2
[16:25:03] Fixed 2 duplicate /gene - trxA_1 trxA_2
[16:25:03] Fixed 2 duplicate /gene - gmk_1 gmk_2
[16:25:03] Fixed 2 duplicate /gene - lacC_1 lacC_2
[16:25:03] Fixed 3 duplicate /gene - rhaR_1 rhaR_2 rhaR_3
[16:25:03] Fixed 2 duplicate /gene - yclP_1 yclP_2
[16:25:03] Fixed 2 duplicate /gene - clpC_1 clpC_2
[16:25:03] Fixed 3 duplicate /gene - fabG_1 fabG_2 fabG_3
[16:25:03] Fixed 3 duplicate /gene - ssbA_1 ssbA_2 ssbA_3
[16:25:03] Fixed 2 duplicate /gene - grdB_1 grdB_2
[16:25:03] Fixed 84 colliding /gene names.
[16:25:03] Adding /locus_tag identifiers
[16:25:03] Assigned 1859 locus_tags to CDS and RNA features.
[16:25:03] Writing outputs to analysis_prokka/Prokka_Out/
[16:25:04] Generating annotation statistics file
[16:25:04] Generating Genbank and Sequin files
[16:25:04] Running: tbl2asn -V b -a r10k -l paired-ends -M n -N 1 -y 'Annotated using prokka 1.14.6 from https://github.com/tseemann/prokka' -Z analysis_prokka\/Prokka_Out\/prokka_GCF_003264005\.1_ASM326400v1_genomic\.err -i analysis_prokka\/Prokka_Out\/prokka_GCF_003264005\.1_ASM326400v1_genomic\.fsa 2> /dev/null
[16:25:13] Could not run command: tbl2asn -V b -a r10k -l paired-ends -M n -N 1 -y 'Annotated using prokka 1.14.6 from https://github.com/tseemann/prokka' -Z analysis_prokka\/Prokka_Out\/prokka_GCF_003264005\.1_ASM326400v1_genomic\.err -i analysis_prokka\/Prokka_Out\/prokka_GCF_003264005\.1_ASM326400v1_genomic\.fsa 2> /dev/null
