[17:22:46] This is prokka 1.14.6
[17:22:46] Written by Torsten Seemann <torsten.seemann@gmail.com>
[17:22:46] Homepage is https://github.com/tseemann/prokka
[17:22:46] Local time is Fri Jul 10 17:22:46 2020
[17:22:46] You are isabelfe
[17:22:46] Operating system is darwin
[17:22:46] You have BioPerl 1.007002
[17:22:46] System has 2 cores.
[17:22:46] Will use maximum of 2 cores.
[17:22:46] Annotating as >>> Bacteria <<<
[17:22:46] Generating locus_tag from 'analysis_prokka/Reformat_Dpig/dpi_genomes_forncbi_kpl3090_c.current.fa' contents.
[17:22:46] Setting --locustag ICGMMPNH from MD5 2c06697196c12076f7acfab133643223
[17:22:46] Re-using existing --outdir analysis_prokka/Prokka_Out
[17:22:46] Using filename prefix: prokka_dpi_genomes_forncbi_kpl3090_c.current.XXX
[17:22:46] Setting HMMER_NCPU=1
[17:22:46] Writing log to: analysis_prokka/Prokka_Out/prokka_dpi_genomes_forncbi_kpl3090_c.current.log
[17:22:46] Command: /Users/isabelfe/opt/anaconda3/bin/prokka --prefix prokka_dpi_genomes_forncbi_kpl3090_c.current --outdir analysis_prokka/Prokka_Out --cpus 0 --force analysis_prokka/Reformat_Dpig/dpi_genomes_forncbi_kpl3090_c.current.fa
[17:22:46] Appending to PATH: /Users/isabelfe/opt/anaconda3/bin
[17:22:46] Looking for 'aragorn' - found /Users/isabelfe/opt/anaconda3/bin/aragorn
[17:22:46] Determined aragorn version is 001002 from 'ARAGORN v1.2.38 Dean Laslett'
[17:22:46] Looking for 'barrnap' - found /Users/isabelfe/opt/anaconda3/bin/barrnap
[17:22:46] Determined barrnap version is 000009 from 'barrnap 0.9'
[17:22:46] Looking for 'blastp' - found /Users/isabelfe/opt/anaconda3/bin/blastp
[17:22:47] Determined blastp version is 002009 from 'blastp: 2.9.0+'
[17:22:47] Looking for 'cmpress' - found /Users/isabelfe/opt/anaconda3/bin/cmpress
[17:22:47] Determined cmpress version is 001001 from '# INFERNAL 1.1.2 (July 2016)'
[17:22:47] Looking for 'cmscan' - found /Users/isabelfe/opt/anaconda3/bin/cmscan
[17:22:47] Determined cmscan version is 001001 from '# INFERNAL 1.1.2 (July 2016)'
[17:22:47] Looking for 'egrep' - found /usr/bin/egrep
[17:22:47] Looking for 'find' - found /usr/bin/find
[17:22:47] Looking for 'grep' - found /usr/bin/grep
[17:22:47] Looking for 'hmmpress' - found /Users/isabelfe/opt/anaconda3/bin/hmmpress
[17:22:47] Determined hmmpress version is 003003 from '# HMMER 3.3 (Nov 2019); http://hmmer.org/'
[17:22:47] Looking for 'hmmscan' - found /Users/isabelfe/opt/anaconda3/bin/hmmscan
[17:22:47] Determined hmmscan version is 003003 from '# HMMER 3.3 (Nov 2019); http://hmmer.org/'
[17:22:47] Looking for 'java' - found /Users/isabelfe/opt/anaconda3/bin/java
[17:22:47] Looking for 'makeblastdb' - found /Users/isabelfe/opt/anaconda3/bin/makeblastdb
[17:22:47] Determined makeblastdb version is 002009 from 'makeblastdb: 2.9.0+'
[17:22:47] Looking for 'minced' - found /Users/isabelfe/opt/anaconda3/bin/minced
[17:22:48] Determined minced version is 004002 from 'minced 0.4.2'
[17:22:48] Looking for 'parallel' - found /Users/isabelfe/opt/anaconda3/bin/parallel
[17:22:48] Determined parallel version is 20200522 from 'GNU parallel 20200522'
[17:22:48] Looking for 'prodigal' - found /Users/isabelfe/opt/anaconda3/bin/prodigal
[17:22:48] Determined prodigal version is 002006 from 'Prodigal V2.6.3: February, 2016'
[17:22:48] Looking for 'prokka-genbank_to_fasta_db' - found /Users/isabelfe/opt/anaconda3/bin/prokka-genbank_to_fasta_db
[17:22:48] Looking for 'sed' - found /usr/bin/sed
[17:22:48] Looking for 'tbl2asn' - found /Users/isabelfe/opt/anaconda3/bin/tbl2asn
[17:22:48] Determined tbl2asn version is 025007 from 'tbl2asn 25.7   arguments:'
[17:22:48] Using genetic code table 11.
[17:22:48] Loading and checking input file: analysis_prokka/Reformat_Dpig/dpi_genomes_forncbi_kpl3090_c.current.fa
[17:22:48] Wrote 1 contigs totalling 2009643 bp.
[17:22:48] Predicting tRNAs and tmRNAs
[17:22:48] Running: aragorn -l -gc11  -w analysis_prokka\/Prokka_Out\/prokka_dpi_genomes_forncbi_kpl3090_c\.current\.fna
[17:22:49] 1 tRNA-Trp [95701,95773] 34 (cca)
[17:22:49] 2 tRNA-Val [239014,239088] 35 (gac)
[17:22:49] 3 tRNA-Ala [491669,491743] 35 (tgc)
[17:22:49] 4 tRNA-Asn [495065,495139] 35 (gtt)
[17:22:49] 5 tRNA-Leu [566160,566244] 34 (gag)
[17:22:49] 6 tRNA-Trp [876481,876553] 34 (cca)
[17:22:49] 7 tRNA-Ser [1254427,1254515] 36 (gga)
[17:22:49] 8 tRNA-Arg c[1319811,1319885] 35 (tct)
[17:22:49] 9 tRNA-Phe c[1477469,1477543] 35 (gaa)
[17:22:49] 10 tRNA-Asp c[1477549,1477624] 36 (gtc)
[17:22:49] 11 tRNA-Ser c[1477648,1477737] 37 (tga)
[17:22:49] 12 tRNA-Glu c[1477748,1477819] 34 (ttc)
[17:22:49] 13 tRNA-Ser c[1477835,1477925] 36 (gct)
[17:22:49] 14 tRNA-Ile c[1477951,1478026] 36 (gat)
[17:22:49] 15 tRNA-Gly c[1478034,1478104] 33 (tcc)
[17:22:49] 16 tRNA-Asp c[1478109,1478184] 36 (gtc)
[17:22:49] 17 tRNA-Met c[1478199,1478273] 35 (cat)
[17:22:49] 18 tRNA-Pro c[1478283,1478356] 35 (tgg)
[17:22:49] 19 tRNA-Arg c[1478378,1478453] 36 (acg)
[17:22:49] 20 tRNA-Leu c[1478462,1478548] 35 (taa)
[17:22:49] 21 tRNA-Gly c[1478577,1478648] 33 (gcc)
[17:22:49] 22 tRNA-Thr c[1478664,1478736] 34 (tgt)
[17:22:49] 23 tRNA-Leu c[1478743,1478824] 35 (tag)
[17:22:49] 24 tRNA-Lys c[1478842,1478914] 34 (ttt)
[17:22:49] 25 tRNA-Val c[1478924,1478996] 34 (tac)
[17:22:49] 26 tRNA-Trp c[1580013,1580085] 34 (cca)
[17:22:49] 27 tmRNA [1632684,1633041] 92,127 ANKNSNLALAA*
[17:22:49] 28 tRNA-Thr c[1762286,1762358] 34 (ggt)
[17:22:49] 29 tRNA-Gln c[1769380,1769453] 34 (ttg)
[17:22:49] 30 tRNA-Tyr c[1769457,1769540] 36 (gta)
[17:22:49] 31 tRNA-Glu c[1769545,1769616] 34 (ttc)
[17:22:49] 32 tRNA-SeC [1836390,1836487] 36 (tca)
[17:22:49] 33 tRNA-Arg c[1855339,1855413] 35 (tcg)
[17:22:49] 34 tRNA-Lys c[1855437,1855509] 34 (ttt)
[17:22:49] 35 tRNA-Val c[1855519,1855591] 34 (tac)
[17:22:49] 36 tRNA-Leu c[1860847,1860931] 35 (caa)
[17:22:49] 37 tRNA-Cys c[1860959,1861031] 33 (gca)
[17:22:49] 38 tRNA-Gln c[1861043,1861116] 34 (ttg)
[17:22:49] 39 tRNA-His c[1861131,1861205] 35 (gtg)
[17:22:49] 40 tRNA-Trp c[1861215,1861287] 34 (cca)
[17:22:49] 41 tRNA-Tyr c[1861290,1861372] 36 (gta)
[17:22:49] 42 tRNA-Phe c[1861389,1861463] 35 (gaa)
[17:22:49] 43 tRNA-Asp c[1861469,1861544] 36 (gtc)
[17:22:49] 44 tRNA-Met c[1861559,1861633] 35 (cat)
[17:22:49] 45 tRNA-Ser c[1861653,1861742] 37 (tga)
[17:22:49] 46 tRNA-Glu c[1861755,1861826] 34 (ttc)
[17:22:49] 47 tRNA-Ile c[1861842,1861917] 36 (gat)
[17:22:49] 48 tRNA-Gly c[1861927,1861997] 33 (tcc)
[17:22:49] 49 tRNA-Met c[1862050,1862123] 35 (cat)
[17:22:49] 50 tRNA-Met c[1862141,1862216] 36 (cat)
[17:22:49] 51 tRNA-Pro c[1862235,1862308] 35 (tgg)
[17:22:49] 52 tRNA-Arg c[1862365,1862440] 36 (acg)
[17:22:49] 53 tRNA-Leu c[1862449,1862535] 35 (taa)
[17:22:49] 54 tRNA-Gly c[1862564,1862635] 33 (gcc)
[17:22:49] 55 tRNA-Thr c[1862651,1862723] 34 (tgt)
[17:22:49] 56 tRNA-Asn c[1966090,1966164] 35 (gtt)
[17:22:49] 57 tRNA-Ala c[1969483,1969557] 35 (tgc)
[17:22:49] Found 57 tRNAs
[17:22:49] Predicting Ribosomal RNAs
[17:22:49] Running Barrnap with 2 threads
[17:22:52] 1 c_000000000001 490045 16S ribosomal RNA
[17:22:52] 2 c_000000000001 491938 23S ribosomal RNA
[17:22:52] 3 c_000000000001 494922 5S ribosomal RNA
[17:22:52] 4 c_000000000001 1479014 5S ribosomal RNA
[17:22:52] 5 c_000000000001 1479207 23S ribosomal RNA
[17:22:52] 6 c_000000000001 1482367 16S ribosomal RNA
[17:22:52] 7 c_000000000001 1855609 5S ribosomal RNA
[17:22:52] 8 c_000000000001 1855802 23S ribosomal RNA
[17:22:52] 9 c_000000000001 1858963 16S ribosomal RNA
[17:22:52] 10 c_000000000001 1966196 5S ribosomal RNA
[17:22:52] 11 c_000000000001 1966389 23S ribosomal RNA
[17:22:52] 12 c_000000000001 1969640 16S ribosomal RNA
[17:22:52] Found 12 rRNAs
[17:22:52] Skipping ncRNA search, enable with --rfam if desired.
[17:22:52] Total of 68 tRNA + rRNA features
[17:22:52] Searching for CRISPR repeats
[17:22:52] CRISPR1 c_000000000001 751071 with 15 spacers
[17:22:52] Found 1 CRISPRs
[17:22:52] Predicting coding sequences
[17:22:52] Contigs total 2009643 bp, so using single mode
[17:22:52] Running: prodigal -i analysis_prokka\/Prokka_Out\/prokka_dpi_genomes_forncbi_kpl3090_c\.current\.fna -c -m -g 11 -p single -f sco -q
[17:22:59] Found 1891 CDS
[17:22:59] Connecting features back to sequences
[17:22:59] Not using genus-specific database. Try --usegenus to enable it.
[17:22:59] Annotating CDS, please be patient.
[17:22:59] Will use 2 CPUs for similarity searching.
[17:22:59] There are still 1891 unannotated CDS left (started with 1891)
[17:22:59] Will use blast to search against /Users/isabelfe/opt/anaconda3/db/kingdom/Bacteria/IS with 2 CPUs
[17:22:59] Running: cat analysis_prokka\/Prokka_Out\/prokka_dpi_genomes_forncbi_kpl3090_c\.current\.IS\.tmp\.21210\.faa | parallel --gnu --plain -j 2 --block 149480 --recstart '>' --pipe blastp -query - -db /Users/isabelfe/opt/anaconda3/db/kingdom/Bacteria/IS -evalue 1e-30 -qcov_hsp_perc 90 -num_threads 1 -num_descriptions 1 -num_alignments 1 -seg no > analysis_prokka\/Prokka_Out\/prokka_dpi_genomes_forncbi_kpl3090_c\.current\.IS\.tmp\.21210\.blast 2> /dev/null
[17:23:20] Deleting unwanted file: analysis_prokka/Prokka_Out/prokka_dpi_genomes_forncbi_kpl3090_c.current.IS.tmp.21210.faa
[17:23:20] Deleting unwanted file: analysis_prokka/Prokka_Out/prokka_dpi_genomes_forncbi_kpl3090_c.current.IS.tmp.21210.blast
[17:23:20] There are still 1880 unannotated CDS left (started with 1891)
[17:23:20] Will use blast to search against /Users/isabelfe/opt/anaconda3/db/kingdom/Bacteria/AMR with 2 CPUs
[17:23:20] Running: cat analysis_prokka\/Prokka_Out\/prokka_dpi_genomes_forncbi_kpl3090_c\.current\.AMR\.tmp\.21210\.faa | parallel --gnu --plain -j 2 --block 148488 --recstart '>' --pipe blastp -query - -db /Users/isabelfe/opt/anaconda3/db/kingdom/Bacteria/AMR -evalue 9.99999999999999e-301 -qcov_hsp_perc 90 -num_threads 1 -num_descriptions 1 -num_alignments 1 -seg no > analysis_prokka\/Prokka_Out\/prokka_dpi_genomes_forncbi_kpl3090_c\.current\.AMR\.tmp\.21210\.blast 2> /dev/null
[17:23:36] Deleting unwanted file: analysis_prokka/Prokka_Out/prokka_dpi_genomes_forncbi_kpl3090_c.current.AMR.tmp.21210.faa
[17:23:36] Deleting unwanted file: analysis_prokka/Prokka_Out/prokka_dpi_genomes_forncbi_kpl3090_c.current.AMR.tmp.21210.blast
[17:23:37] There are still 1880 unannotated CDS left (started with 1891)
[17:23:37] Will use blast to search against /Users/isabelfe/opt/anaconda3/db/kingdom/Bacteria/sprot with 2 CPUs
[17:23:37] Running: cat analysis_prokka\/Prokka_Out\/prokka_dpi_genomes_forncbi_kpl3090_c\.current\.sprot\.tmp\.21210\.faa | parallel --gnu --plain -j 2 --block 148488 --recstart '>' --pipe blastp -query - -db /Users/isabelfe/opt/anaconda3/db/kingdom/Bacteria/sprot -evalue 1e-09 -qcov_hsp_perc 80 -num_threads 1 -num_descriptions 1 -num_alignments 1 -seg no > analysis_prokka\/Prokka_Out\/prokka_dpi_genomes_forncbi_kpl3090_c\.current\.sprot\.tmp\.21210\.blast 2> /dev/null
[17:24:58] Modify product: Uncharacterized ABC transporter ATP-binding protein Rv0986 => putative ABC transporter ATP-binding protein
[17:24:58] Modify product: Calcium-transporting ATPase lmo0841 => Calcium-transporting ATPase
[17:24:58] Modify product: UPF0365 protein SA1402 => hypothetical protein
[17:24:58] Modify product: Putative glycerol transporter Lin0368 => Putative glycerol transporter
[17:24:58] Modify product: Putative glycerol transporter Lin0367 => Putative glycerol transporter
[17:24:58] Modify product: Probable transcription repressor NiaR => putative transcription repressor NiaR
[17:24:58] Modify product: Probable protein-export membrane protein SecG => putative protein-export membrane protein SecG
[17:24:58] Modify product: Uncharacterized protein Spy1614 => putative protein
[17:24:58] Modify product: Uncharacterized protein SA1069 => putative protein
[17:24:58] Modify product: Probable cell division protein WhiA => putative cell division protein WhiA
[17:24:58] Modify product: UPF0302 protein BA_1542/GBAA_1542/BAS1430 => hypothetical protein
[17:24:58] Modify product: Uncharacterized protein YpjD => putative protein YpjD
[17:24:58] Modify product: UPF0324 inner membrane protein YeiH => hypothetical protein
[17:24:58] Modify product: UPF0053 protein HI_0107 => hypothetical protein
[17:24:58] Modify product: Uncharacterized MscS family protein YkuT => putative MscS family protein YkuT
[17:24:58] Modify product: UPF0176 protein SP_0095 => hypothetical protein
[17:24:58] Modify product: Putative universal stress protein SA1532 => Putative universal stress protein
[17:24:58] Modify product: Uncharacterized AAA domain-containing protein Rv2559c => putative AAA domain-containing protein
[17:24:58] Modify product: Uncharacterized ABC transporter ATP-binding protein Rv0986 => putative ABC transporter ATP-binding protein
[17:24:58] Modify product: Probable multidrug resistance ABC transporter ATP-binding/permease protein YheI => putative multidrug resistance ABC transporter ATP-binding/permease protein YheI
[17:24:58] Modify product: Probable multidrug resistance ABC transporter ATP-binding/permease protein YheH => putative multidrug resistance ABC transporter ATP-binding/permease protein YheH
[17:24:58] Modify product: Probable undecaprenyl-phosphate N-acetylglucosaminyl 1-phosphate transferase => putative undecaprenyl-phosphate N-acetylglucosaminyl 1-phosphate transferase
[17:24:58] Modify product: Probable glycine dehydrogenase (decarboxylating) subunit 1 => putative glycine dehydrogenase (decarboxylating) subunit 1
[17:24:58] Modify product: Probable glycine dehydrogenase (decarboxylating) subunit 2 => putative glycine dehydrogenase (decarboxylating) subunit 2
[17:24:58] Modify product: UPF0073 inner membrane protein YqfA => hypothetical protein
[17:24:58] Modify product: Putative phosphatase M6_Spy0533 => Putative phosphatase
[17:24:58] Modify product: UPF0122 protein SP_1288 => hypothetical protein
[17:24:58] Modify product: UPF0109 protein Rv2908c => hypothetical protein
[17:24:58] Modify product: Probable ribosomal protein YlxQ => putative ribosomal protein YlxQ
[17:24:58] Modify product: Probable murein peptide carboxypeptidase => putative murein peptide carboxypeptidase
[17:24:58] Modify product: Probable endonuclease 4 => putative endonuclease 4
[17:24:58] Modify product: UPF0374 protein SP_1903 => hypothetical protein
[17:24:58] Modify product: Putative aminotransferase MSMEG_6286/MSMEI_6121 => Putative aminotransferase/MSMEI_6121
[17:24:58] Modify product: UPF0178 protein YaiI => hypothetical protein
[17:24:58] Modify product: Uncharacterized protein YedJ => putative protein YedJ
[17:24:58] Modify product: DegV domain-containing protein spr1415 => DegV domain-containing protein
[17:24:58] Modify product: Nudix hydrolase DR_0079 => Nudix hydrolase
[17:24:58] Modify product: Bifunctional protein FolD => Bifunctional protein FolD protein
[17:24:58] Modify product: Uncharacterized protein YqgN => putative protein YqgN
[17:24:58] Modify product: Probable D,D-dipeptide transport system permease protein DdpC => putative D,D-dipeptide transport system permease protein DdpC
[17:24:58] Modify product: Uncharacterized PIN and TRAM-domain containing protein YacL => putative PIN and TRAM-domain containing protein YacL
[17:24:58] Modify product: Probable 3-hydroxyacyl-CoA dehydrogenase => putative 3-hydroxyacyl-CoA dehydrogenase
[17:24:58] Modify product: Uncharacterized oxidoreductase SpyM50865 => putative oxidoreductase
[17:24:58] Modify product: Probable quorum-quenching lactonase YtnP => putative quorum-quenching lactonase YtnP
[17:24:58] Modify product: Probable succinyl-diaminopimelate desuccinylase => putative succinyl-diaminopimelate desuccinylase
[17:24:58] Modify product: Uncharacterized HTH-type transcriptional regulator SACOL2360 => putative HTH-type transcriptional regulator
[17:24:58] Modify product: Multidrug efflux system ATP-binding protein Rv1218c => Multidrug efflux system ATP-binding protein
[17:24:58] Modify product: Uncharacterized protein YhaP => putative protein YhaP
[17:24:59] Modify product: Uncharacterized ABC transporter ATP-binding protein Rv1273c => putative ABC transporter ATP-binding protein
[17:24:59] Modify product: Uncharacterized ABC transporter ATP-binding protein TM_0288 => putative ABC transporter ATP-binding protein
[17:24:59] Modify product: Probable fructose-bisphosphate aldolase => putative fructose-bisphosphate aldolase
[17:24:59] Modify product: Probable licABCH operon regulator => putative licABCH operon regulator
[17:24:59] Modify product: Probable pyridine nucleotide-disulfide oxidoreductase RclA => putative pyridine nucleotide-disulfide oxidoreductase RclA
[17:24:59] Modify product: Putative multidrug export ATP-binding/permease protein SAV1866 => Putative multidrug export ATP-binding/permease protein
[17:24:59] Modify product: Uncharacterized protein YqeY => putative protein YqeY
[17:24:59] Modify product: Putative multidrug export ATP-binding/permease protein SAV1866 => Putative multidrug export ATP-binding/permease protein
[17:24:59] Modify product: GTP cyclohydrolase 1 type 2 homolog => GTP cyclohydrolase 1 type 2 
[17:24:59] Modify product: UPF0045 protein Rv1898 => hypothetical protein
[17:24:59] Modify product: UPF0346 protein YozE => hypothetical protein
[17:24:59] Modify product: Sulfurtransferase Alvin_2599 => Sulfurtransferase
[17:24:59] Modify product: Probable L-asparaginase => putative L-asparaginase
[17:24:59] Modify product: Putative transport protein Rv0205 => Putative transport protein
[17:24:59] Modify product: DegV domain-containing protein SA1258 => DegV domain-containing protein
[17:24:59] Modify product: Prophage bactoprenol glucosyl transferase homolog => Prophage bactoprenol glucosyl transferase 
[17:24:59] Modify product: UPF0342 protein SA1663 => hypothetical protein
[17:24:59] Modify product: Probable bifunctional oligoribonuclease and PAP phosphatase NrnA => putative bifunctional oligoribonuclease and PAP phosphatase NrnA
[17:24:59] Modify product: Uncharacterized protein Spy1535 => putative protein
[17:24:59] Modify product: Probable transcriptional regulatory protein MSMEG_2940/MSMEI_2866 => putative transcriptional regulatory protein/MSMEI_2866
[17:24:59] Modify product: Transcriptional repressor SmtB homolog => Transcriptional repressor SmtB 
[17:24:59] Modify product: Uncharacterized protein YdhK => putative protein YdhK
[17:24:59] Modify product: Putative trans-acting regulator SP_1800 => Putative trans-acting regulator
[17:24:59] Modify product: Uncharacterized epimerase/dehydratase SA0511 => putative epimerase/dehydratase
[17:24:59] Modify product: Probable metallo-hydrolase M6_Spy0554 => putative metallo-hydrolase
[17:24:59] Modify product: UPF0053 inner membrane protein YfjD => hypothetical protein
[17:24:59] Modify product: UPF0398 protein YpsA => hypothetical protein
[17:24:59] Modify product: Rqc2 homolog RqcH => Rqc2 RqcH
[17:24:59] Modify product: Putative metallophosphoesterase MG207 homolog => Putative metallophosphoesterase MG207 
[17:24:59] Modify product: TelA-like protein SA1238 => TelA-like protein
[17:24:59] Modify product: UPF0154 protein SA1178 => hypothetical protein
[17:24:59] Modify product: UPF0291 protein SP_1473 => hypothetical protein
[17:24:59] Modify product: Probable GTP-binding protein EngB => putative GTP-binding protein EngB
[17:24:59] Modify product: Probable nicotinate-nucleotide adenylyltransferase => putative nicotinate-nucleotide adenylyltransferase
[17:24:59] Modify product: RNA-binding protein HI_1333 => RNA-binding protein
[17:24:59] Modify product: Uncharacterized protein YqeH => putative protein YqeH
[17:24:59] Modify product: UPF0358 protein EF_2458 => hypothetical protein
[17:24:59] Modify product: Probable N-acetyl-LL-diaminopimelate aminotransferase => putative N-acetyl-LL-diaminopimelate aminotransferase
[17:24:59] Modify product: Uncharacterized response regulatory protein SACOL0201 => putative response regulatory protein
[17:24:59] Modify product: Uncharacterized protein HI_0131 => putative protein
[17:24:59] Modify product: Probable licABCH operon regulator => putative licABCH operon regulator
[17:24:59] Modify product: Probable tRNA sulfurtransferase => putative tRNA sulfurtransferase
[17:24:59] Modify product: Putative trans-acting regulator SP_1800 => Putative trans-acting regulator
[17:24:59] Modify product: UPF0702 transmembrane protein YetF => hypothetical protein
[17:24:59] Modify product: UPF0637 protein SA0957 => hypothetical protein
[17:24:59] Modify product: Uncharacterized multiple-sugar transport system permease YteP => putative multiple-sugar transport system permease YteP
[17:24:59] Modify product: Uncharacterized protein YpjQ => putative protein YpjQ
[17:24:59] Modify product: Uncharacterized oxidoreductase MSMEG_2408/MSMEI_2347 => putative oxidoreductase/MSMEI_2347
[17:24:59] Modify product: Acetyltransferase SACOL1063 => Acetyltransferase
[17:24:59] Modify product: Acetyltransferase SACOL1063 => Acetyltransferase
[17:24:59] Modify product: Uncharacterized RNA pseudouridine synthase Rv1540 => putative RNA pseudouridine synthase
[17:24:59] Modify product: UPF0413 protein YjbH => hypothetical protein
[17:24:59] Modify product: Probable ABC transporter ATP-binding/permease protein HI_0664 => putative ABC transporter ATP-binding/permease protein
[17:24:59] Modify product: UPF0758 protein YsxA => hypothetical protein
[17:24:59] Modify product: UPF0473 protein SP_0194 => hypothetical protein
[17:24:59] Modify product: UPF0297 protein EF_1202 => hypothetical protein
[17:24:59] Modify product: UPF0397 protein SP_0482 => hypothetical protein
[17:24:59] Modify product: UPF0051 protein SA0778 => hypothetical protein
[17:24:59] Modify product: UPF0051 protein SA0778 => hypothetical protein
[17:24:59] Modify product: Probable ABC transporter ATP-binding protein M6_Spy0273 => putative ABC transporter ATP-binding protein
[17:24:59] Modify product: Uncharacterized protein YqeN => putative protein YqeN
[17:24:59] Modify product: Uncharacterized protein YbbA => putative protein YbbA
[17:24:59] Modify product: Uncharacterized ABC transporter ATP-binding protein YheS => putative ABC transporter ATP-binding protein YheS
[17:24:59] Modify product: UPF0340 protein YwlG => hypothetical protein
[17:24:59] Modify product: Protease HtpX homolog => Protease HtpX 
[17:24:59] Modify product: Uncharacterized ABC transporter ATP-binding protein Rv0986 => putative ABC transporter ATP-binding protein
[17:24:59] Modify product: Probable ABC transporter phosphite binding protein PhnD1 => putative ABC transporter phosphite binding protein PhnD1
[17:24:59] Modify product: UPF0394 inner membrane protein YeeE => hypothetical protein
[17:24:59] Modify product: Uncharacterized protein YacP => putative protein YacP
[17:24:59] Modify product: Uncharacterized oxidoreductase YjhC => putative oxidoreductase YjhC
[17:24:59] Modify product: Probable peptidoglycan glycosyltransferase FtsW => putative peptidoglycan glycosyltransferase FtsW
[17:25:00] Cleaned 119 /product names
[17:25:00] Deleting unwanted file: analysis_prokka/Prokka_Out/prokka_dpi_genomes_forncbi_kpl3090_c.current.sprot.tmp.21210.faa
[17:25:00] Deleting unwanted file: analysis_prokka/Prokka_Out/prokka_dpi_genomes_forncbi_kpl3090_c.current.sprot.tmp.21210.blast
[17:25:00] There are still 820 unannotated CDS left (started with 1891)
[17:25:00] Will use hmmer3 to search against /Users/isabelfe/opt/anaconda3/db/hmm/HAMAP.hmm with 2 CPUs
[17:25:00] Running: cat analysis_prokka\/Prokka_Out\/prokka_dpi_genomes_forncbi_kpl3090_c\.current\.HAMAP\.hmm\.tmp\.21210\.faa | parallel --gnu --plain -j 2 --block 57349 --recstart '>' --pipe hmmscan --noali --notextw --acc -E 1e-09 --cpu 1 /Users/isabelfe/opt/anaconda3/db/hmm/HAMAP.hmm /dev/stdin > analysis_prokka\/Prokka_Out\/prokka_dpi_genomes_forncbi_kpl3090_c\.current\.HAMAP\.hmm\.tmp\.21210\.hmmer3 2> /dev/null
[17:25:35] Modify product: Uncharacterized Nudix hydrolase NudL => putative Nudix hydrolase NudL
[17:25:35] Modify product: Protein SprT-like => Protein SprT-like protein
[17:25:35] Cleaned 2 /product names
[17:25:35] Deleting unwanted file: analysis_prokka/Prokka_Out/prokka_dpi_genomes_forncbi_kpl3090_c.current.HAMAP.hmm.tmp.21210.faa
[17:25:35] Deleting unwanted file: analysis_prokka/Prokka_Out/prokka_dpi_genomes_forncbi_kpl3090_c.current.HAMAP.hmm.tmp.21210.hmmer3
[17:25:35] Labelling remaining 738 proteins as 'hypothetical protein'
[17:25:35] Possible /pseudo 'D-methionine-binding lipoprotein MetQ' at c_000000000001 position 177119
[17:25:35] Possible /pseudo 'PTS system mannose-specific EIIAB component' at c_000000000001 position 227498
[17:25:35] Possible /pseudo 'putative ABC transporter ATP-binding protein' at c_000000000001 position 379245
[17:25:35] Possible /pseudo 'Putative glycerol transporter' at c_000000000001 position 604181
[17:25:35] Possible /pseudo 'putative protein' at c_000000000001 position 710955
[17:25:35] Possible /pseudo 'Undecaprenyl-phosphate 4-deoxy-4-formamido-L-arabinose transferase' at c_000000000001 position 849300
[17:25:35] Possible /pseudo 'Glucose-6-phosphate 1-dehydrogenase' at c_000000000001 position 981004
[17:25:35] Possible /pseudo 'DNA translocase SpoIIIE' at c_000000000001 position 987058
[17:25:35] Possible /pseudo 'Galactose/methyl galactoside import ATP-binding protein MglA' at c_000000000001 position 990649
[17:25:35] Possible /pseudo 'Cadmium, zinc and cobalt-transporting ATPase' at c_000000000001 position 1175233
[17:25:35] Possible /pseudo 'Manganese efflux system protein MneS' at c_000000000001 position 1476516
[17:25:35] Possible /pseudo 'Acetyltransferase' at c_000000000001 position 1528394
[17:25:35] Possible /pseudo 'Putative HMP/thiamine import ATP-binding protein YkoD' at c_000000000001 position 1731955
[17:25:35] Possible /pseudo 'Glycine reductase complex component B subunit gamma' at c_000000000001 position 1824555
[17:25:35] Found 909 unique /gene codes.
[17:25:35] Fixed 2 duplicate /gene - zwf_1 zwf_2
[17:25:35] Fixed 2 duplicate /gene - copY_1 copY_2
[17:25:35] Fixed 2 duplicate /gene - apbE_1 apbE_2
[17:25:35] Fixed 2 duplicate /gene - alsT_1 alsT_2
[17:25:35] Fixed 2 duplicate /gene - lrgA_1 lrgA_2
[17:25:35] Fixed 2 duplicate /gene - pnp_1 pnp_2
[17:25:35] Fixed 2 duplicate /gene - yclP_1 yclP_2
[17:25:35] Fixed 2 duplicate /gene - srrA_1 srrA_2
[17:25:35] Fixed 2 duplicate /gene - sglT_1 sglT_2
[17:25:35] Fixed 2 duplicate /gene - nanA_1 nanA_2
[17:25:35] Fixed 2 duplicate /gene - dacA_1 dacA_2
[17:25:35] Fixed 2 duplicate /gene - luxS_1 luxS_2
[17:25:35] Fixed 2 duplicate /gene - licR_1 licR_2
[17:25:35] Fixed 2 duplicate /gene - dsdA_1 dsdA_2
[17:25:35] Fixed 4 duplicate /gene - xerC_1 xerC_2 xerC_3 xerC_4
[17:25:35] Fixed 3 duplicate /gene - ykoD_1 ykoD_2 ykoD_3
[17:25:35] Fixed 2 duplicate /gene - pepF1_1 pepF1_2
[17:25:35] Fixed 2 duplicate /gene - ptsG_1 ptsG_2
[17:25:35] Fixed 2 duplicate /gene - spoIIIE_1 spoIIIE_2
[17:25:35] Fixed 2 duplicate /gene - yohK_1 yohK_2
[17:25:35] Fixed 2 duplicate /gene - tagU_1 tagU_2
[17:25:35] Fixed 3 duplicate /gene - lexA_1 lexA_2 lexA_3
[17:25:35] Fixed 2 duplicate /gene - dagK_1 dagK_2
[17:25:35] Fixed 3 duplicate /gene - oppF_1 oppF_2 oppF_3
[17:25:35] Fixed 3 duplicate /gene - brnQ_1 brnQ_2 brnQ_3
[17:25:35] Fixed 3 duplicate /gene - arnC_1 arnC_2 arnC_3
[17:25:35] Fixed 2 duplicate /gene - scmP_1 scmP_2
[17:25:35] Fixed 2 duplicate /gene - iscS_1 iscS_2
[17:25:35] Fixed 2 duplicate /gene - ytrA_1 ytrA_2
[17:25:35] Fixed 2 duplicate /gene - atpD_1 atpD_2
[17:25:35] Fixed 2 duplicate /gene - mneS_1 mneS_2
[17:25:35] Fixed 2 duplicate /gene - nylA_1 nylA_2
[17:25:35] Fixed 2 duplicate /gene - rsmH_1 rsmH_2
[17:25:35] Fixed 2 duplicate /gene - ecfT_1 ecfT_2
[17:25:35] Fixed 2 duplicate /gene - galK_1 galK_2
[17:25:35] Fixed 2 duplicate /gene - gmuD_1 gmuD_2
[17:25:35] Fixed 2 duplicate /gene - desR_1 desR_2
[17:25:35] Fixed 2 duplicate /gene - rnfD_1 rnfD_2
[17:25:35] Fixed 2 duplicate /gene - dapE_1 dapE_2
[17:25:35] Fixed 2 duplicate /gene - metN_1 metN_2
[17:25:35] Fixed 2 duplicate /gene - lacC_1 lacC_2
[17:25:35] Fixed 3 duplicate /gene - cadA_1 cadA_2 cadA_3
[17:25:35] Fixed 2 duplicate /gene - manZ_1 manZ_2
[17:25:35] Fixed 2 duplicate /gene - rhaR_1 rhaR_2
[17:25:35] Fixed 2 duplicate /gene - acpP_1 acpP_2
[17:25:35] Fixed 2 duplicate /gene - tenA_1 tenA_2
[17:25:35] Fixed 4 duplicate /gene - smc_1 smc_2 smc_3 smc_4
[17:25:35] Fixed 2 duplicate /gene - grdB_1 grdB_2
[17:25:35] Fixed 2 duplicate /gene - cobB_1 cobB_2
[17:25:35] Fixed 2 duplicate /gene - sasA_1 sasA_2
[17:25:35] Fixed 3 duplicate /gene - fabG_1 fabG_2 fabG_3
[17:25:35] Fixed 2 duplicate /gene - bglK_1 bglK_2
[17:25:35] Fixed 3 duplicate /gene - recU_1 recU_2 recU_3
[17:25:35] Fixed 2 duplicate /gene - ruvB_1 ruvB_2
[17:25:35] Fixed 2 duplicate /gene - argS_1 argS_2
[17:25:35] Fixed 2 duplicate /gene - mgtE_1 mgtE_2
[17:25:35] Fixed 3 duplicate /gene - oppD_1 oppD_2 oppD_3
[17:25:35] Fixed 2 duplicate /gene - atpE_1 atpE_2
[17:25:35] Fixed 2 duplicate /gene - mglA_1 mglA_2
[17:25:35] Fixed 2 duplicate /gene - zosA_1 zosA_2
[17:25:35] Fixed 10 duplicate /gene - btuD_1 btuD_2 btuD_3 btuD_4 btuD_5 btuD_6 btuD_7 btuD_8 btuD_9 btuD_10
[17:25:35] Fixed 2 duplicate /gene - trxA_1 trxA_2
[17:25:35] Fixed 2 duplicate /gene - gmk_1 gmk_2
[17:25:35] Fixed 5 duplicate /gene - metQ_1 metQ_2 metQ_3 metQ_4 metQ_5
[17:25:35] Fixed 7 duplicate /gene - bcrA_1 bcrA_2 bcrA_3 bcrA_4 bcrA_5 bcrA_6 bcrA_7
[17:25:35] Fixed 2 duplicate /gene - purR_1 purR_2
[17:25:35] Fixed 2 duplicate /gene - lacF_1 lacF_2
[17:25:35] Fixed 2 duplicate /gene - mshA_1 mshA_2
[17:25:35] Fixed 3 duplicate /gene - metP_1 metP_2 metP_3
[17:25:35] Fixed 3 duplicate /gene - agrA_1 agrA_2 agrA_3
[17:25:35] Fixed 2 duplicate /gene - gatC_1 gatC_2
[17:25:35] Fixed 2 duplicate /gene - nagB_1 nagB_2
[17:25:35] Fixed 2 duplicate /gene - ccpA_1 ccpA_2
[17:25:35] Fixed 2 duplicate /gene - trxB_1 trxB_2
[17:25:35] Fixed 2 duplicate /gene - rnfC_1 rnfC_2
[17:25:35] Fixed 2 duplicate /gene - gcvH_1 gcvH_2
[17:25:35] Fixed 2 duplicate /gene - clpC_1 clpC_2
[17:25:35] Fixed 3 duplicate /gene - manX_1 manX_2 manX_3
[17:25:35] Fixed 2 duplicate /gene - spxA_1 spxA_2
[17:25:35] Fixed 2 duplicate /gene - cdaR_1 cdaR_2
[17:25:35] Fixed 2 duplicate /gene - est_1 est_2
[17:25:35] Fixed 2 duplicate /gene - lagD_1 lagD_2
[17:25:35] Fixed 2 duplicate /gene - rpoN1_1 rpoN1_2
[17:25:35] Fixed 2 duplicate /gene - fpgS_1 fpgS_2
[17:25:35] Fixed 2 duplicate /gene - ulaA_1 ulaA_2
[17:25:35] Fixed 2 duplicate /gene - thiD_1 thiD_2
[17:25:35] Fixed 2 duplicate /gene - mntB_1 mntB_2
[17:25:35] Fixed 2 duplicate /gene - sufS_1 sufS_2
[17:25:35] Fixed 2 duplicate /gene - ssb_1 ssb_2
[17:25:35] Fixed 2 duplicate /gene - gsiC_1 gsiC_2
[17:25:35] Fixed 2 duplicate /gene - ettA_1 ettA_2
[17:25:35] Fixed 2 duplicate /gene - urdA_1 urdA_2
[17:25:35] Fixed 2 duplicate /gene - ssbA_1 ssbA_2
[17:25:35] Fixed 2 duplicate /gene - lplJ_1 lplJ_2
[17:25:35] Fixed 94 colliding /gene names.
[17:25:35] Adding /locus_tag identifiers
[17:25:35] Assigned 1960 locus_tags to CDS and RNA features.
[17:25:35] Writing outputs to analysis_prokka/Prokka_Out/
[17:25:36] Generating annotation statistics file
[17:25:36] Generating Genbank and Sequin files
[17:25:36] Running: tbl2asn -V b -a r10k -l paired-ends -M n -N 1 -y 'Annotated using prokka 1.14.6 from https://github.com/tseemann/prokka' -Z analysis_prokka\/Prokka_Out\/prokka_dpi_genomes_forncbi_kpl3090_c\.current\.err -i analysis_prokka\/Prokka_Out\/prokka_dpi_genomes_forncbi_kpl3090_c\.current\.fsa 2> /dev/null
[17:25:41] Could not run command: tbl2asn -V b -a r10k -l paired-ends -M n -N 1 -y 'Annotated using prokka 1.14.6 from https://github.com/tseemann/prokka' -Z analysis_prokka\/Prokka_Out\/prokka_dpi_genomes_forncbi_kpl3090_c\.current\.err -i analysis_prokka\/Prokka_Out\/prokka_dpi_genomes_forncbi_kpl3090_c\.current\.fsa 2> /dev/null
