[16:14:39] This is prokka 1.14.6
[16:14:39] Written by Torsten Seemann <torsten.seemann@gmail.com>
[16:14:39] Homepage is https://github.com/tseemann/prokka
[16:14:39] Local time is Fri Jul 10 16:14:39 2020
[16:14:39] You are isabelfe
[16:14:39] Operating system is darwin
[16:14:39] You have BioPerl 1.007002
[16:14:40] System has 2 cores.
[16:14:40] Will use maximum of 2 cores.
[16:14:40] Annotating as >>> Bacteria <<<
[16:14:40] Generating locus_tag from 'analysis_prokka/Reformat_Dpig/GCF_003263965.1_ASM326396v1_genomic.fa' contents.
[16:14:40] Setting --locustag IBCCMOPG from MD5 2bcc68902d69d0fef5ecf3a149f4feb0
[16:14:40] Re-using existing --outdir analysis_prokka/Prokka_Out
[16:14:40] Using filename prefix: prokka_GCF_003263965.1_ASM326396v1_genomic.XXX
[16:14:40] Setting HMMER_NCPU=1
[16:14:40] Writing log to: analysis_prokka/Prokka_Out/prokka_GCF_003263965.1_ASM326396v1_genomic.log
[16:14:40] Command: /Users/isabelfe/opt/anaconda3/bin/prokka --prefix prokka_GCF_003263965.1_ASM326396v1_genomic --outdir analysis_prokka/Prokka_Out --cpus 0 --force analysis_prokka/Reformat_Dpig/GCF_003263965.1_ASM326396v1_genomic.fa
[16:14:40] Appending to PATH: /Users/isabelfe/opt/anaconda3/bin
[16:14:40] Looking for 'aragorn' - found /Users/isabelfe/opt/anaconda3/bin/aragorn
[16:14:40] Determined aragorn version is 001002 from 'ARAGORN v1.2.38 Dean Laslett'
[16:14:40] Looking for 'barrnap' - found /Users/isabelfe/opt/anaconda3/bin/barrnap
[16:14:40] Determined barrnap version is 000009 from 'barrnap 0.9'
[16:14:40] Looking for 'blastp' - found /Users/isabelfe/opt/anaconda3/bin/blastp
[16:14:40] Determined blastp version is 002009 from 'blastp: 2.9.0+'
[16:14:40] Looking for 'cmpress' - found /Users/isabelfe/opt/anaconda3/bin/cmpress
[16:14:40] Determined cmpress version is 001001 from '# INFERNAL 1.1.2 (July 2016)'
[16:14:40] Looking for 'cmscan' - found /Users/isabelfe/opt/anaconda3/bin/cmscan
[16:14:40] Determined cmscan version is 001001 from '# INFERNAL 1.1.2 (July 2016)'
[16:14:40] Looking for 'egrep' - found /usr/bin/egrep
[16:14:40] Looking for 'find' - found /usr/bin/find
[16:14:40] Looking for 'grep' - found /usr/bin/grep
[16:14:40] Looking for 'hmmpress' - found /Users/isabelfe/opt/anaconda3/bin/hmmpress
[16:14:40] Determined hmmpress version is 003003 from '# HMMER 3.3 (Nov 2019); http://hmmer.org/'
[16:14:40] Looking for 'hmmscan' - found /Users/isabelfe/opt/anaconda3/bin/hmmscan
[16:14:40] Determined hmmscan version is 003003 from '# HMMER 3.3 (Nov 2019); http://hmmer.org/'
[16:14:41] Looking for 'java' - found /Users/isabelfe/opt/anaconda3/bin/java
[16:14:41] Looking for 'makeblastdb' - found /Users/isabelfe/opt/anaconda3/bin/makeblastdb
[16:14:41] Determined makeblastdb version is 002009 from 'makeblastdb: 2.9.0+'
[16:14:41] Looking for 'minced' - found /Users/isabelfe/opt/anaconda3/bin/minced
[16:14:42] Determined minced version is 004002 from 'minced 0.4.2'
[16:14:42] Looking for 'parallel' - found /Users/isabelfe/opt/anaconda3/bin/parallel
[16:14:42] Determined parallel version is 20200522 from 'GNU parallel 20200522'
[16:14:42] Looking for 'prodigal' - found /Users/isabelfe/opt/anaconda3/bin/prodigal
[16:14:42] Determined prodigal version is 002006 from 'Prodigal V2.6.3: February, 2016'
[16:14:42] Looking for 'prokka-genbank_to_fasta_db' - found /Users/isabelfe/opt/anaconda3/bin/prokka-genbank_to_fasta_db
[16:14:42] Looking for 'sed' - found /usr/bin/sed
[16:14:42] Looking for 'tbl2asn' - found /Users/isabelfe/opt/anaconda3/bin/tbl2asn
[16:14:42] Determined tbl2asn version is 025007 from 'tbl2asn 25.7   arguments:'
[16:14:42] Using genetic code table 11.
[16:14:42] Loading and checking input file: analysis_prokka/Reformat_Dpig/GCF_003263965.1_ASM326396v1_genomic.fa
[16:14:42] Wrote 47 contigs totalling 1893917 bp.
[16:14:42] Predicting tRNAs and tmRNAs
[16:14:42] Running: aragorn -l -gc11  -w analysis_prokka\/Prokka_Out\/prokka_GCF_003263965\.1_ASM326396v1_genomic\.fna
[16:14:43] 1 tRNA-Asn [59,133] 35 (gtt)
[16:14:43] 2 tRNA-Leu [71872,71955] 34 (gag)
[16:14:43] 1 tRNA-Arg [27666,27740] 35 (tct)
[16:14:43] 2 tRNA-Ser c[106686,106774] 36 (gga)
[16:14:43] 1 tRNA-Lys [65,137] 34 (ttt)
[16:14:43] 2 tRNA-Leu [155,236] 35 (tag)
[16:14:43] 3 tRNA-Thr [243,315] 34 (tgt)
[16:14:43] 4 tRNA-Gly [331,402] 33 (gcc)
[16:14:43] 5 tRNA-Leu [431,517] 35 (taa)
[16:14:43] 6 tRNA-Arg [526,601] 36 (acg)
[16:14:43] 7 tRNA-Pro [623,696] 35 (tgg)
[16:14:43] 8 tRNA-Met [706,780] 35 (cat)
[16:14:43] 9 tRNA-Asp [795,870] 36 (gtc)
[16:14:43] 10 tRNA-Gly [875,945] 33 (tcc)
[16:14:43] 11 tRNA-Ile [953,1028] 36 (gat)
[16:14:43] 12 tRNA-Ser [1054,1144] 36 (gct)
[16:14:43] 13 tRNA-Glu [1160,1231] 34 (ttc)
[16:14:43] 14 tRNA-Ser [1242,1331] 37 (tga)
[16:14:43] 15 tRNA-Asp [1355,1430] 36 (gtc)
[16:14:43] 16 tRNA-Phe [1436,1510] 35 (gaa)
[16:14:43] 1 tRNA-Arg c[4,79] 36 (acg)
[16:14:43] 2 tRNA-Leu c[88,174] 35 (taa)
[16:14:43] 3 tRNA-Gly c[203,274] 33 (gcc)
[16:14:43] 4 tRNA-Thr c[290,362] 34 (tgt)
[16:14:43] 1 tRNA-Val [150,222] 34 (tac)
[16:14:43] 2 tRNA-Lys [232,304] 34 (ttt)
[16:14:43] 1 tRNA-Ala c[155,229] 35 (tgc)
[16:14:43] 1 tRNA-Val [224600,224674] 35 (gac)
[16:14:43] 1 tRNA-Lys [65,137] 34 (ttt)
[16:14:43] 2 tRNA-Arg [161,235] 35 (tcg)
[16:14:43] 3 tRNA-SeC c[38416,38513] 36 (tca)
[16:14:43] 4 tRNA-Glu [95435,95506] 34 (ttc)
[16:14:43] 5 tRNA-Tyr [95511,95594] 36 (gta)
[16:14:43] 6 tRNA-Gln [95598,95671] 34 (ttg)
[16:14:43] 7 tRNA-Thr [100991,101063] 34 (ggt)
[16:14:43] 8 tmRNA c[233550,233907] 92,127 ANKNSNLALAA*
[16:14:43] 1 tRNA-Asn [59,133] 35 (gtt)
[16:14:43] 2 tRNA-Thr [122484,122556] 34 (tgt)
[16:14:43] 3 tRNA-Gly [122572,122643] 33 (gcc)
[16:14:43] 4 tRNA-Leu [122672,122758] 35 (taa)
[16:14:43] 5 tRNA-Arg [122767,122842] 36 (acg)
[16:14:43] 6 tRNA-Pro [122899,122972] 35 (tgg)
[16:14:43] 7 tRNA-Met [122991,123066] 36 (cat)
[16:14:43] 8 tRNA-Met [123084,123157] 35 (cat)
[16:14:43] 9 tRNA-Gly [123210,123280] 33 (tcc)
[16:14:43] 10 tRNA-Ile [123290,123365] 36 (gat)
[16:14:43] 11 tRNA-Glu [123381,123452] 34 (ttc)
[16:14:43] 12 tRNA-Ser [123465,123554] 37 (tga)
[16:14:43] 13 tRNA-Met [123574,123648] 35 (cat)
[16:14:43] 14 tRNA-Asp [123663,123738] 36 (gtc)
[16:14:43] 15 tRNA-Phe [123744,123818] 35 (gaa)
[16:14:43] 16 tRNA-Tyr [123835,123917] 36 (gta)
[16:14:43] 17 tRNA-Trp [123920,123992] 34 (cca)
[16:14:43] 18 tRNA-His [124002,124076] 35 (gtg)
[16:14:43] 19 tRNA-Gln [124091,124164] 34 (ttg)
[16:14:43] 20 tRNA-Cys [124176,124248] 33 (gca)
[16:14:43] 21 tRNA-Leu [124276,124360] 35 (caa)
[16:14:43] Found 57 tRNAs
[16:14:43] Predicting Ribosomal RNAs
[16:14:43] Running Barrnap with 2 threads
[16:14:44] 1 c_000000000004 1 23S ribosomal RNA (partial)
[16:14:44] 2 c_000000000012 1 16S ribosomal RNA
[16:14:44] 3 c_000000000015 4 5S ribosomal RNA
[16:14:44] 4 c_000000000027 22 5S ribosomal RNA
[16:14:44] 5 c_000000000032 4 5S ribosomal RNA
[16:14:44] 6 c_000000000034 3 23S ribosomal RNA (partial)
[16:14:44] Found 6 rRNAs
[16:14:44] Skipping ncRNA search, enable with --rfam if desired.
[16:14:44] Total of 62 tRNA + rRNA features
[16:14:44] Searching for CRISPR repeats
[16:14:44] CRISPR1 c_000000000008 6 with 3 spacers
[16:14:44] CRISPR2 c_000000000042 460552 with 5 spacers
[16:14:44] Found 2 CRISPRs
[16:14:44] Predicting coding sequences
[16:14:44] Contigs total 1893917 bp, so using single mode
[16:14:44] Running: prodigal -i analysis_prokka\/Prokka_Out\/prokka_GCF_003263965\.1_ASM326396v1_genomic\.fna -c -m -g 11 -p single -f sco -q
[16:14:48] Found 1734 CDS
[16:14:48] Connecting features back to sequences
[16:14:48] Not using genus-specific database. Try --usegenus to enable it.
[16:14:48] Annotating CDS, please be patient.
[16:14:48] Will use 2 CPUs for similarity searching.
[16:14:50] There are still 1734 unannotated CDS left (started with 1734)
[16:14:50] Will use blast to search against /Users/isabelfe/opt/anaconda3/db/kingdom/Bacteria/IS with 2 CPUs
[16:14:50] Running: cat analysis_prokka\/Prokka_Out\/prokka_GCF_003263965\.1_ASM326396v1_genomic\.IS\.tmp\.53014\.faa | parallel --gnu --plain -j 2 --block 138098 --recstart '>' --pipe blastp -query - -db /Users/isabelfe/opt/anaconda3/db/kingdom/Bacteria/IS -evalue 1e-30 -qcov_hsp_perc 90 -num_threads 1 -num_descriptions 1 -num_alignments 1 -seg no > analysis_prokka\/Prokka_Out\/prokka_GCF_003263965\.1_ASM326396v1_genomic\.IS\.tmp\.53014\.blast 2> /dev/null
[16:15:15] Deleting unwanted file: analysis_prokka/Prokka_Out/prokka_GCF_003263965.1_ASM326396v1_genomic.IS.tmp.53014.faa
[16:15:15] Deleting unwanted file: analysis_prokka/Prokka_Out/prokka_GCF_003263965.1_ASM326396v1_genomic.IS.tmp.53014.blast
[16:15:15] There are still 1730 unannotated CDS left (started with 1734)
[16:15:15] Will use blast to search against /Users/isabelfe/opt/anaconda3/db/kingdom/Bacteria/AMR with 2 CPUs
[16:15:15] Running: cat analysis_prokka\/Prokka_Out\/prokka_GCF_003263965\.1_ASM326396v1_genomic\.AMR\.tmp\.53014\.faa | parallel --gnu --plain -j 2 --block 137863 --recstart '>' --pipe blastp -query - -db /Users/isabelfe/opt/anaconda3/db/kingdom/Bacteria/AMR -evalue 9.99999999999999e-301 -qcov_hsp_perc 90 -num_threads 1 -num_descriptions 1 -num_alignments 1 -seg no > analysis_prokka\/Prokka_Out\/prokka_GCF_003263965\.1_ASM326396v1_genomic\.AMR\.tmp\.53014\.blast 2> /dev/null
[16:15:36] Deleting unwanted file: analysis_prokka/Prokka_Out/prokka_GCF_003263965.1_ASM326396v1_genomic.AMR.tmp.53014.faa
[16:15:36] Deleting unwanted file: analysis_prokka/Prokka_Out/prokka_GCF_003263965.1_ASM326396v1_genomic.AMR.tmp.53014.blast
[16:15:37] There are still 1730 unannotated CDS left (started with 1734)
[16:15:37] Will use blast to search against /Users/isabelfe/opt/anaconda3/db/kingdom/Bacteria/sprot with 2 CPUs
[16:15:37] Running: cat analysis_prokka\/Prokka_Out\/prokka_GCF_003263965\.1_ASM326396v1_genomic\.sprot\.tmp\.53014\.faa | parallel --gnu --plain -j 2 --block 137863 --recstart '>' --pipe blastp -query - -db /Users/isabelfe/opt/anaconda3/db/kingdom/Bacteria/sprot -evalue 1e-09 -qcov_hsp_perc 80 -num_threads 1 -num_descriptions 1 -num_alignments 1 -seg no > analysis_prokka\/Prokka_Out\/prokka_GCF_003263965\.1_ASM326396v1_genomic\.sprot\.tmp\.53014\.blast 2> /dev/null
[16:17:08] Modify product: Probable nicotinate-nucleotide adenylyltransferase => putative nicotinate-nucleotide adenylyltransferase
[16:17:08] Modify product: RNA-binding protein HI_1333 => RNA-binding protein
[16:17:08] Modify product: Uncharacterized protein YqeH => putative protein YqeH
[16:17:08] Modify product: UPF0358 protein EF_2458 => hypothetical protein
[16:17:08] Modify product: Probable N-acetyl-LL-diaminopimelate aminotransferase => putative N-acetyl-LL-diaminopimelate aminotransferase
[16:17:09] Modify product: Probable tRNA sulfurtransferase => putative tRNA sulfurtransferase
[16:17:09] Modify product: Uncharacterized protein SA1069 => putative protein
[16:17:09] Modify product: Uncharacterized protein Spy1614 => putative protein
[16:17:09] Modify product: Probable protein-export membrane protein SecG => putative protein-export membrane protein SecG
[16:17:09] Modify product: Probable transcription repressor NiaR => putative transcription repressor NiaR
[16:17:09] Modify product: Putative multidrug export ATP-binding/permease protein SAV1866 => Putative multidrug export ATP-binding/permease protein
[16:17:09] Modify product: Uncharacterized ABC transporter ATP-binding protein Rv0986 => putative ABC transporter ATP-binding protein
[16:17:09] Modify product: Calcium-transporting ATPase lmo0841 => Calcium-transporting ATPase
[16:17:09] Modify product: Probable GTP-binding protein EngB => putative GTP-binding protein EngB
[16:17:09] Modify product: Probable licABCH operon regulator => putative licABCH operon regulator
[16:17:09] Modify product: Probable L-ascorbate-6-phosphate lactonase UlaG => putative L-ascorbate-6-phosphate lactonase UlaG
[16:17:09] Modify product: UPF0291 protein SP_1473 => hypothetical protein
[16:17:09] Modify product: UPF0154 protein SA1178 => hypothetical protein
[16:17:09] Modify product: TelA-like protein SA1238 => TelA-like protein
[16:17:09] Modify product: Putative metallophosphoesterase MG207 homolog => Putative metallophosphoesterase MG207 
[16:17:09] Modify product: Rqc2 homolog RqcH => Rqc2 RqcH
[16:17:09] Modify product: UPF0398 protein YpsA => hypothetical protein
[16:17:09] Modify product: UPF0053 inner membrane protein YfjD => hypothetical protein
[16:17:09] Modify product: Probable metallo-hydrolase M6_Spy0554 => putative metallo-hydrolase
[16:17:09] Modify product: Uncharacterized epimerase/dehydratase SA0511 => putative epimerase/dehydratase
[16:17:09] Modify product: Putative trans-acting regulator SP_1800 => Putative trans-acting regulator
[16:17:09] Modify product: UPF0637 protein SA0957 => hypothetical protein
[16:17:09] Modify product: UPF0702 transmembrane protein YetF => hypothetical protein
[16:17:09] Modify product: Putative trans-acting regulator SP_1800 => Putative trans-acting regulator
[16:17:09] Modify product: Probable 3-hydroxyacyl-CoA dehydrogenase => putative 3-hydroxyacyl-CoA dehydrogenase
[16:17:09] Modify product: Uncharacterized oxidoreductase SpyM50865 => putative oxidoreductase
[16:17:09] Modify product: Probable quorum-quenching lactonase YtnP => putative quorum-quenching lactonase YtnP
[16:17:09] Modify product: Probable succinyl-diaminopimelate desuccinylase => putative succinyl-diaminopimelate desuccinylase
[16:17:09] Modify product: Multidrug efflux system ATP-binding protein Rv1218c => Multidrug efflux system ATP-binding protein
[16:17:09] Modify product: Uncharacterized protein YhaP => putative protein YhaP
[16:17:09] Modify product: Uncharacterized ABC transporter ATP-binding protein Rv1273c => putative ABC transporter ATP-binding protein
[16:17:09] Modify product: Uncharacterized ABC transporter ATP-binding protein TM_0288 => putative ABC transporter ATP-binding protein
[16:17:09] Modify product: Probable fructose-bisphosphate aldolase => putative fructose-bisphosphate aldolase
[16:17:09] Modify product: Putative dipeptidase SA1572 => Putative dipeptidase
[16:17:09] Modify product: Probable licABCH operon regulator => putative licABCH operon regulator
[16:17:09] Modify product: Probable pyridine nucleotide-disulfide oxidoreductase RclA => putative pyridine nucleotide-disulfide oxidoreductase RclA
[16:17:09] Modify product: Uncharacterized ABC transporter ATP-binding protein YknY => putative ABC transporter ATP-binding protein YknY
[16:17:09] Modify product: UPF0178 protein YaiI => hypothetical protein
[16:17:09] Modify product: Uncharacterized protein YedJ => putative protein YedJ
[16:17:09] Modify product: DegV domain-containing protein spr1415 => DegV domain-containing protein
[16:17:09] Modify product: Nudix hydrolase DR_0079 => Nudix hydrolase
[16:17:09] Modify product: Bifunctional protein FolD => Bifunctional protein FolD protein
[16:17:09] Modify product: Uncharacterized protein YqgN => putative protein YqgN
[16:17:09] Modify product: Probable D,D-dipeptide transport system permease protein DdpC => putative D,D-dipeptide transport system permease protein DdpC
[16:17:09] Modify product: Uncharacterized PIN and TRAM-domain containing protein YacL => putative PIN and TRAM-domain containing protein YacL
[16:17:09] Modify product: Fluoroquinolones export ATP-binding protein Rv2688c => Fluoroquinolones export ATP-binding protein
[16:17:09] Modify product: Putative multidrug export ATP-binding/permease protein SAV1866 => Putative multidrug export ATP-binding/permease protein
[16:17:09] Modify product: Putative glycerol transporter Lin0367 => Putative glycerol transporter
[16:17:09] Modify product: Putative glycerol transporter Lin0368 => Putative glycerol transporter
[16:17:09] Modify product: UPF0365 protein SA1402 => hypothetical protein
[16:17:09] Modify product: Uncharacterized protein YdhK => putative protein YdhK
[16:17:09] Modify product: Transcriptional repressor SmtB homolog => Transcriptional repressor SmtB 
[16:17:09] Modify product: Probable transcriptional regulatory protein MSMEG_2940/MSMEI_2866 => putative transcriptional regulatory protein/MSMEI_2866
[16:17:09] Modify product: Uncharacterized protein Spy1535 => putative protein
[16:17:09] Modify product: Probable bifunctional oligoribonuclease and PAP phosphatase NrnA => putative bifunctional oligoribonuclease and PAP phosphatase NrnA
[16:17:09] Modify product: UPF0342 protein SA1663 => hypothetical protein
[16:17:09] Modify product: DegV domain-containing protein SA1258 => DegV domain-containing protein
[16:17:09] Modify product: Putative transport protein Rv0205 => Putative transport protein
[16:17:09] Modify product: Probable L-asparaginase => putative L-asparaginase
[16:17:09] Modify product: Sulfurtransferase Alvin_2599 => Sulfurtransferase
[16:17:09] Modify product: UPF0346 protein YozE => hypothetical protein
[16:17:10] Modify product: UPF0045 protein Rv1898 => hypothetical protein
[16:17:10] Modify product: GTP cyclohydrolase 1 type 2 homolog => GTP cyclohydrolase 1 type 2 
[16:17:10] Modify product: Putative multidrug export ATP-binding/permease protein SAV1866 => Putative multidrug export ATP-binding/permease protein
[16:17:10] Modify product: Uncharacterized protein YqeY => putative protein YqeY
[16:17:10] Modify product: Putative aminotransferase MSMEG_6286/MSMEI_6121 => Putative aminotransferase/MSMEI_6121
[16:17:10] Modify product: UPF0374 protein SP_1903 => hypothetical protein
[16:17:10] Modify product: Probable endonuclease 4 => putative endonuclease 4
[16:17:10] Modify product: PTS system EIIBC component SA0186 => PTS system EIIBC component
[16:17:10] Modify product: Uncharacterized HTH-type transcriptional regulator YbbH => putative HTH-type transcriptional regulator YbbH
[16:17:10] Modify product: Probable murein peptide carboxypeptidase => putative murein peptide carboxypeptidase
[16:17:10] Modify product: Probable ribosomal protein YlxQ => putative ribosomal protein YlxQ
[16:17:10] Modify product: UPF0109 protein Rv2908c => hypothetical protein
[16:17:10] Modify product: UPF0122 protein SP_1288 => hypothetical protein
[16:17:10] Modify product: Putative phosphatase M6_Spy0533 => Putative phosphatase
[16:17:10] Modify product: UPF0073 inner membrane protein YqfA => hypothetical protein
[16:17:10] Modify product: Probable glycine dehydrogenase (decarboxylating) subunit 2 => putative glycine dehydrogenase (decarboxylating) subunit 2
[16:17:10] Modify product: Probable glycine dehydrogenase (decarboxylating) subunit 1 => putative glycine dehydrogenase (decarboxylating) subunit 1
[16:17:10] Modify product: Probable undecaprenyl-phosphate N-acetylglucosaminyl 1-phosphate transferase => putative undecaprenyl-phosphate N-acetylglucosaminyl 1-phosphate transferase
[16:17:10] Modify product: Probable multidrug resistance ABC transporter ATP-binding/permease protein YheH => putative multidrug resistance ABC transporter ATP-binding/permease protein YheH
[16:17:10] Modify product: Probable multidrug resistance ABC transporter ATP-binding/permease protein YheI => putative multidrug resistance ABC transporter ATP-binding/permease protein YheI
[16:17:10] Modify product: Uncharacterized AAA domain-containing protein Rv2559c => putative AAA domain-containing protein
[16:17:10] Modify product: Putative universal stress protein SA1532 => Putative universal stress protein
[16:17:10] Modify product: UPF0176 protein SP_0095 => hypothetical protein
[16:17:10] Modify product: Uncharacterized MscS family protein YkuT => putative MscS family protein YkuT
[16:17:10] Modify product: UPF0053 protein HI_0107 => hypothetical protein
[16:17:10] Modify product: UPF0324 inner membrane protein YeiH => hypothetical protein
[16:17:10] Modify product: Uncharacterized protein YpjD => putative protein YpjD
[16:17:10] Modify product: UPF0302 protein BA_1542/GBAA_1542/BAS1430 => hypothetical protein
[16:17:10] Modify product: Probable cell division protein WhiA => putative cell division protein WhiA
[16:17:10] Modify product: Uncharacterized protein YacP => putative protein YacP
[16:17:10] Modify product: UPF0394 inner membrane protein YeeE => hypothetical protein
[16:17:10] Modify product: Probable ABC transporter phosphite binding protein PhnD1 => putative ABC transporter phosphite binding protein PhnD1
[16:17:10] Modify product: Uncharacterized ABC transporter ATP-binding protein Rv0986 => putative ABC transporter ATP-binding protein
[16:17:10] Modify product: Protease HtpX homolog => Protease HtpX 
[16:17:10] Modify product: UPF0340 protein YwlG => hypothetical protein
[16:17:10] Modify product: Uncharacterized ABC transporter ATP-binding protein YheS => putative ABC transporter ATP-binding protein YheS
[16:17:10] Modify product: Uncharacterized protein YbbA => putative protein YbbA
[16:17:10] Modify product: Uncharacterized protein YqeN => putative protein YqeN
[16:17:10] Modify product: Probable ABC transporter ATP-binding protein M6_Spy0273 => putative ABC transporter ATP-binding protein
[16:17:10] Modify product: UPF0051 protein SA0778 => hypothetical protein
[16:17:10] Modify product: UPF0051 protein SA0778 => hypothetical protein
[16:17:10] Modify product: UPF0397 protein SP_0482 => hypothetical protein
[16:17:10] Modify product: UPF0297 protein EF_1202 => hypothetical protein
[16:17:10] Modify product: UPF0473 protein SP_0194 => hypothetical protein
[16:17:10] Modify product: UPF0758 protein YsxA => hypothetical protein
[16:17:10] Modify product: UPF0413 protein YjbH => hypothetical protein
[16:17:10] Modify product: Acetyltransferase SACOL1063 => Acetyltransferase
[16:17:10] Modify product: Acetyltransferase SACOL1063 => Acetyltransferase
[16:17:10] Modify product: Uncharacterized oxidoreductase MSMEG_2408/MSMEI_2347 => putative oxidoreductase/MSMEI_2347
[16:17:10] Modify product: Uncharacterized protein YpjQ => putative protein YpjQ
[16:17:10] Modify product: Uncharacterized multiple-sugar transport system permease YteP => putative multiple-sugar transport system permease YteP
[16:17:11] Modify product: Uncharacterized oxidoreductase YhhX => putative oxidoreductase YhhX
[16:17:11] Modify product: Probable peptidoglycan glycosyltransferase FtsW => putative peptidoglycan glycosyltransferase FtsW
[16:17:11] Modify product: Uncharacterized oxidoreductase YjhC => putative oxidoreductase YjhC
[16:17:11] Cleaned 120 /product names
[16:17:11] Deleting unwanted file: analysis_prokka/Prokka_Out/prokka_GCF_003263965.1_ASM326396v1_genomic.sprot.tmp.53014.faa
[16:17:11] Deleting unwanted file: analysis_prokka/Prokka_Out/prokka_GCF_003263965.1_ASM326396v1_genomic.sprot.tmp.53014.blast
[16:17:11] There are still 671 unannotated CDS left (started with 1734)
[16:17:11] Will use hmmer3 to search against /Users/isabelfe/opt/anaconda3/db/hmm/HAMAP.hmm with 2 CPUs
[16:17:11] Running: cat analysis_prokka\/Prokka_Out\/prokka_GCF_003263965\.1_ASM326396v1_genomic\.HAMAP\.hmm\.tmp\.53014\.faa | parallel --gnu --plain -j 2 --block 45922 --recstart '>' --pipe hmmscan --noali --notextw --acc -E 1e-09 --cpu 1 /Users/isabelfe/opt/anaconda3/db/hmm/HAMAP.hmm /dev/stdin > analysis_prokka\/Prokka_Out\/prokka_GCF_003263965\.1_ASM326396v1_genomic\.HAMAP\.hmm\.tmp\.53014\.hmmer3 2> /dev/null
[16:17:54] Modify product: Protein SprT-like => Protein SprT-like protein
[16:17:54] Modify product: Uncharacterized Nudix hydrolase NudL => putative Nudix hydrolase NudL
[16:17:54] Cleaned 2 /product names
[16:17:54] Deleting unwanted file: analysis_prokka/Prokka_Out/prokka_GCF_003263965.1_ASM326396v1_genomic.HAMAP.hmm.tmp.53014.faa
[16:17:54] Deleting unwanted file: analysis_prokka/Prokka_Out/prokka_GCF_003263965.1_ASM326396v1_genomic.HAMAP.hmm.tmp.53014.hmmer3
[16:17:54] Labelling remaining 596 proteins as 'hypothetical protein'
[16:17:54] Possible /pseudo 'putative protein' at c_000000000008 position 27635
[16:17:54] Possible /pseudo 'putative ABC transporter ATP-binding protein' at c_000000000023 position 109639
[16:17:54] Possible /pseudo 'D-methionine-binding lipoprotein MetQ' at c_000000000030 position 168608
[16:17:54] Possible /pseudo 'PTS system mannose-specific EIIAB component' at c_000000000030 position 215164
[16:17:54] Possible /pseudo 'Putative glycerol transporter' at c_000000000031 position 25407
[16:17:54] Possible /pseudo 'Amino-acid carrier protein AlsT' at c_000000000042 position 297194
[16:17:54] Possible /pseudo 'Undecaprenyl-phosphate 4-deoxy-4-formamido-L-arabinose transferase' at c_000000000042 position 368594
[16:17:54] Possible /pseudo 'Glycine reductase complex component B subunit gamma' at c_000000000045 position 50922
[16:17:54] Possible /pseudo 'Acetyltransferase' at c_000000000045 position 291396
[16:17:54] Found 908 unique /gene codes.
[16:17:54] Fixed 2 duplicate /gene - zosA_1 zosA_2
[16:17:54] Fixed 2 duplicate /gene - apbE_1 apbE_2
[16:17:54] Fixed 5 duplicate /gene - manX_1 manX_2 manX_3 manX_4 manX_5
[16:17:54] Fixed 2 duplicate /gene - acpP_1 acpP_2
[16:17:54] Fixed 2 duplicate /gene - yohK_1 yohK_2
[16:17:54] Fixed 2 duplicate /gene - rhaR_1 rhaR_2
[16:17:54] Fixed 2 duplicate /gene - bglK_1 bglK_2
[16:17:54] Fixed 2 duplicate /gene - sasA_1 sasA_2
[16:17:54] Fixed 5 duplicate /gene - metQ_1 metQ_2 metQ_3 metQ_4 metQ_5
[16:17:54] Fixed 3 duplicate /gene - arnC_1 arnC_2 arnC_3
[16:17:54] Fixed 2 duplicate /gene - fpgS_1 fpgS_2
[16:17:54] Fixed 2 duplicate /gene - ruvB_1 ruvB_2
[16:17:54] Fixed 2 duplicate /gene - cobB_1 cobB_2
[16:17:54] Fixed 2 duplicate /gene - cdaR_1 cdaR_2
[16:17:54] Fixed 2 duplicate /gene - grdB_1 grdB_2
[16:17:54] Fixed 2 duplicate /gene - ssbA_1 ssbA_2
[16:17:54] Fixed 2 duplicate /gene - araQ_1 araQ_2
[16:17:54] Fixed 2 duplicate /gene - est_1 est_2
[16:17:54] Fixed 2 duplicate /gene - rnfD_1 rnfD_2
[16:17:54] Fixed 2 duplicate /gene - dacA_1 dacA_2
[16:17:54] Fixed 2 duplicate /gene - lacC_1 lacC_2
[16:17:54] Fixed 2 duplicate /gene - malP_1 malP_2
[16:17:54] Fixed 3 duplicate /gene - oppD_1 oppD_2 oppD_3
[16:17:54] Fixed 2 duplicate /gene - thiD_1 thiD_2
[16:17:54] Fixed 2 duplicate /gene - metN_1 metN_2
[16:17:54] Fixed 2 duplicate /gene - gsiC_1 gsiC_2
[16:17:54] Fixed 2 duplicate /gene - ecfT_1 ecfT_2
[16:17:54] Fixed 2 duplicate /gene - macB_1 macB_2
[16:17:54] Fixed 2 duplicate /gene - gatC_1 gatC_2
[16:17:54] Fixed 3 duplicate /gene - lagD_1 lagD_2 lagD_3
[16:17:54] Fixed 2 duplicate /gene - galK_1 galK_2
[16:17:54] Fixed 2 duplicate /gene - cadA_1 cadA_2
[16:17:54] Fixed 2 duplicate /gene - dsdA_1 dsdA_2
[16:17:54] Fixed 2 duplicate /gene - urdA_1 urdA_2
[16:17:54] Fixed 3 duplicate /gene - manZ_1 manZ_2 manZ_3
[16:17:54] Fixed 2 duplicate /gene - rpoN1_1 rpoN1_2
[16:17:54] Fixed 2 duplicate /gene - dagK_1 dagK_2
[16:17:54] Fixed 4 duplicate /gene - smc_1 smc_2 smc_3 smc_4
[16:17:54] Fixed 2 duplicate /gene - scmP_1 scmP_2
[16:17:54] Fixed 2 duplicate /gene - pepF1_1 pepF1_2
[16:17:54] Fixed 3 duplicate /gene - fabG_1 fabG_2 fabG_3
[16:17:54] Fixed 2 duplicate /gene - ykoD_1 ykoD_2
[16:17:54] Fixed 2 duplicate /gene - srrA_1 srrA_2
[16:17:54] Fixed 2 duplicate /gene - gmuD_1 gmuD_2
[16:17:54] Fixed 2 duplicate /gene - copY_1 copY_2
[16:17:54] Fixed 2 duplicate /gene - mgtE_1 mgtE_2
[16:17:54] Fixed 2 duplicate /gene - ptsG_1 ptsG_2
[16:17:54] Fixed 2 duplicate /gene - gcvH_1 gcvH_2
[16:17:54] Fixed 3 duplicate /gene - metP_1 metP_2 metP_3
[16:17:54] Fixed 2 duplicate /gene - atpD_1 atpD_2
[16:17:54] Fixed 2 duplicate /gene - argS_1 argS_2
[16:17:54] Fixed 2 duplicate /gene - arcC1_1 arcC1_2
[16:17:54] Fixed 2 duplicate /gene - ytrA_1 ytrA_2
[16:17:54] Fixed 2 duplicate /gene - relA_1 relA_2
[16:17:54] Fixed 2 duplicate /gene - gmk_1 gmk_2
[16:17:54] Fixed 2 duplicate /gene - ettA_1 ettA_2
[16:17:54] Fixed 2 duplicate /gene - xerC_1 xerC_2
[16:17:54] Fixed 2 duplicate /gene - clpC_1 clpC_2
[16:17:54] Fixed 2 duplicate /gene - mshA_1 mshA_2
[16:17:54] Fixed 2 duplicate /gene - tagU_1 tagU_2
[16:17:54] Fixed 2 duplicate /gene - lrgA_1 lrgA_2
[16:17:54] Fixed 2 duplicate /gene - iscS_1 iscS_2
[16:17:54] Fixed 3 duplicate /gene - ulaA_1 ulaA_2 ulaA_3
[16:17:54] Fixed 2 duplicate /gene - lacF_1 lacF_2
[16:17:54] Fixed 2 duplicate /gene - pcp_1 pcp_2
[16:17:54] Fixed 2 duplicate /gene - atpE_1 atpE_2
[16:17:54] Fixed 2 duplicate /gene - nylA_1 nylA_2
[16:17:54] Fixed 2 duplicate /gene - lplJ_1 lplJ_2
[16:17:54] Fixed 2 duplicate /gene - pnp_1 pnp_2
[16:17:54] Fixed 2 duplicate /gene - tenA_1 tenA_2
[16:17:54] Fixed 2 duplicate /gene - trxA_1 trxA_2
[16:17:54] Fixed 2 duplicate /gene - nanA_1 nanA_2
[16:17:54] Fixed 2 duplicate /gene - rsmH_1 rsmH_2
[16:17:54] Fixed 3 duplicate /gene - msbA_1 msbA_2 msbA_3
[16:17:54] Fixed 3 duplicate /gene - brnQ_1 brnQ_2 brnQ_3
[16:17:54] Fixed 2 duplicate /gene - rnfC_1 rnfC_2
[16:17:54] Fixed 2 duplicate /gene - trxB_1 trxB_2
[16:17:54] Fixed 2 duplicate /gene - mntB_1 mntB_2
[16:17:54] Fixed 2 duplicate /gene - licR_1 licR_2
[16:17:54] Fixed 3 duplicate /gene - agrA_1 agrA_2 agrA_3
[16:17:54] Fixed 2 duplicate /gene - sufS_1 sufS_2
[16:17:54] Fixed 7 duplicate /gene - bcrA_1 bcrA_2 bcrA_3 bcrA_4 bcrA_5 bcrA_6 bcrA_7
[16:17:54] Fixed 3 duplicate /gene - alsT_1 alsT_2 alsT_3
[16:17:54] Fixed 3 duplicate /gene - ccpA_1 ccpA_2 ccpA_3
[16:17:54] Fixed 3 duplicate /gene - oppF_1 oppF_2 oppF_3
[16:17:54] Fixed 2 duplicate /gene - dapE_1 dapE_2
[16:17:54] Fixed 2 duplicate /gene - luxS_1 luxS_2
[16:17:54] Fixed 9 duplicate /gene - btuD_1 btuD_2 btuD_3 btuD_4 btuD_5 btuD_6 btuD_7 btuD_8 btuD_9
[16:17:54] Fixed 2 duplicate /gene - spxA_1 spxA_2
[16:17:54] Fixed 89 colliding /gene names.
[16:17:54] Adding /locus_tag identifiers
[16:17:54] Assigned 1797 locus_tags to CDS and RNA features.
[16:17:54] Writing outputs to analysis_prokka/Prokka_Out/
[16:17:55] Generating annotation statistics file
[16:17:55] Generating Genbank and Sequin files
[16:17:55] Running: tbl2asn -V b -a r10k -l paired-ends -M n -N 1 -y 'Annotated using prokka 1.14.6 from https://github.com/tseemann/prokka' -Z analysis_prokka\/Prokka_Out\/prokka_GCF_003263965\.1_ASM326396v1_genomic\.err -i analysis_prokka\/Prokka_Out\/prokka_GCF_003263965\.1_ASM326396v1_genomic\.fsa 2> /dev/null
[16:18:03] Could not run command: tbl2asn -V b -a r10k -l paired-ends -M n -N 1 -y 'Annotated using prokka 1.14.6 from https://github.com/tseemann/prokka' -Z analysis_prokka\/Prokka_Out\/prokka_GCF_003263965\.1_ASM326396v1_genomic\.err -i analysis_prokka\/Prokka_Out\/prokka_GCF_003263965\.1_ASM326396v1_genomic\.fsa 2> /dev/null
