[16:48:25] This is prokka 1.14.6
[16:48:25] Written by Torsten Seemann <torsten.seemann@gmail.com>
[16:48:25] Homepage is https://github.com/tseemann/prokka
[16:48:25] Local time is Fri Jul 10 16:48:25 2020
[16:48:25] You are isabelfe
[16:48:25] Operating system is darwin
[16:48:25] You have BioPerl 1.007002
[16:48:25] System has 2 cores.
[16:48:25] Will use maximum of 2 cores.
[16:48:25] Annotating as >>> Bacteria <<<
[16:48:25] Generating locus_tag from 'analysis_prokka/Reformat_Dpig/dpi_genomes_forncbi_kpl3043_c.current.fa' contents.
[16:48:25] Setting --locustag GCDMMHDL from MD5 0cd661d5d251ab8337e7a2be9e8cd7c8
[16:48:25] Re-using existing --outdir analysis_prokka/Prokka_Out
[16:48:25] Using filename prefix: prokka_dpi_genomes_forncbi_kpl3043_c.current.XXX
[16:48:25] Setting HMMER_NCPU=1
[16:48:25] Writing log to: analysis_prokka/Prokka_Out/prokka_dpi_genomes_forncbi_kpl3043_c.current.log
[16:48:25] Command: /Users/isabelfe/opt/anaconda3/bin/prokka --prefix prokka_dpi_genomes_forncbi_kpl3043_c.current --outdir analysis_prokka/Prokka_Out --cpus 0 --force analysis_prokka/Reformat_Dpig/dpi_genomes_forncbi_kpl3043_c.current.fa
[16:48:25] Appending to PATH: /Users/isabelfe/opt/anaconda3/bin
[16:48:25] Looking for 'aragorn' - found /Users/isabelfe/opt/anaconda3/bin/aragorn
[16:48:25] Determined aragorn version is 001002 from 'ARAGORN v1.2.38 Dean Laslett'
[16:48:25] Looking for 'barrnap' - found /Users/isabelfe/opt/anaconda3/bin/barrnap
[16:48:25] Determined barrnap version is 000009 from 'barrnap 0.9'
[16:48:25] Looking for 'blastp' - found /Users/isabelfe/opt/anaconda3/bin/blastp
[16:48:25] Determined blastp version is 002009 from 'blastp: 2.9.0+'
[16:48:25] Looking for 'cmpress' - found /Users/isabelfe/opt/anaconda3/bin/cmpress
[16:48:25] Determined cmpress version is 001001 from '# INFERNAL 1.1.2 (July 2016)'
[16:48:25] Looking for 'cmscan' - found /Users/isabelfe/opt/anaconda3/bin/cmscan
[16:48:25] Determined cmscan version is 001001 from '# INFERNAL 1.1.2 (July 2016)'
[16:48:25] Looking for 'egrep' - found /usr/bin/egrep
[16:48:25] Looking for 'find' - found /usr/bin/find
[16:48:25] Looking for 'grep' - found /usr/bin/grep
[16:48:25] Looking for 'hmmpress' - found /Users/isabelfe/opt/anaconda3/bin/hmmpress
[16:48:26] Determined hmmpress version is 003003 from '# HMMER 3.3 (Nov 2019); http://hmmer.org/'
[16:48:26] Looking for 'hmmscan' - found /Users/isabelfe/opt/anaconda3/bin/hmmscan
[16:48:26] Determined hmmscan version is 003003 from '# HMMER 3.3 (Nov 2019); http://hmmer.org/'
[16:48:26] Looking for 'java' - found /Users/isabelfe/opt/anaconda3/bin/java
[16:48:26] Looking for 'makeblastdb' - found /Users/isabelfe/opt/anaconda3/bin/makeblastdb
[16:48:26] Determined makeblastdb version is 002009 from 'makeblastdb: 2.9.0+'
[16:48:26] Looking for 'minced' - found /Users/isabelfe/opt/anaconda3/bin/minced
[16:48:26] Determined minced version is 004002 from 'minced 0.4.2'
[16:48:26] Looking for 'parallel' - found /Users/isabelfe/opt/anaconda3/bin/parallel
[16:48:27] Determined parallel version is 20200522 from 'GNU parallel 20200522'
[16:48:27] Looking for 'prodigal' - found /Users/isabelfe/opt/anaconda3/bin/prodigal
[16:48:27] Determined prodigal version is 002006 from 'Prodigal V2.6.3: February, 2016'
[16:48:27] Looking for 'prokka-genbank_to_fasta_db' - found /Users/isabelfe/opt/anaconda3/bin/prokka-genbank_to_fasta_db
[16:48:27] Looking for 'sed' - found /usr/bin/sed
[16:48:27] Looking for 'tbl2asn' - found /Users/isabelfe/opt/anaconda3/bin/tbl2asn
[16:48:27] Determined tbl2asn version is 025007 from 'tbl2asn 25.7   arguments:'
[16:48:27] Using genetic code table 11.
[16:48:27] Loading and checking input file: analysis_prokka/Reformat_Dpig/dpi_genomes_forncbi_kpl3043_c.current.fa
[16:48:27] Wrote 1 contigs totalling 1885610 bp.
[16:48:27] Predicting tRNAs and tmRNAs
[16:48:27] Running: aragorn -l -gc11  -w analysis_prokka\/Prokka_Out\/prokka_dpi_genomes_forncbi_kpl3043_c\.current\.fna
[16:48:29] 1 tRNA-Val [186220,186294] 35 (gac)
[16:48:29] 2 tRNA-Ala [420702,420776] 35 (tgc)
[16:48:29] 3 tRNA-Asn [424098,424172] 35 (gtt)
[16:48:29] 4 tRNA-Leu [495665,495748] 34 (gag)
[16:48:29] 5 tRNA-Ser [1158462,1158550] 36 (gga)
[16:48:29] 6 tRNA-Arg c[1220266,1220340] 35 (tct)
[16:48:29] 7 tRNA-Phe c[1394087,1394161] 35 (gaa)
[16:48:29] 8 tRNA-Asp c[1394167,1394242] 36 (gtc)
[16:48:29] 9 tRNA-Ser c[1394266,1394355] 37 (tga)
[16:48:29] 10 tRNA-Glu c[1394366,1394437] 34 (ttc)
[16:48:29] 11 tRNA-Ser c[1394453,1394543] 36 (gct)
[16:48:29] 12 tRNA-Ile c[1394569,1394644] 36 (gat)
[16:48:29] 13 tRNA-Gly c[1394652,1394722] 33 (tcc)
[16:48:29] 14 tRNA-Asp c[1394727,1394802] 36 (gtc)
[16:48:29] 15 tRNA-Met c[1394817,1394891] 35 (cat)
[16:48:29] 16 tRNA-Pro c[1394901,1394974] 35 (tgg)
[16:48:29] 17 tRNA-Arg c[1394996,1395071] 36 (acg)
[16:48:29] 18 tRNA-Leu c[1395080,1395166] 35 (taa)
[16:48:29] 19 tRNA-Gly c[1395195,1395266] 33 (gcc)
[16:48:29] 20 tRNA-Thr c[1395282,1395354] 34 (tgt)
[16:48:29] 21 tRNA-Leu c[1395361,1395442] 35 (tag)
[16:48:29] 22 tRNA-Lys c[1395460,1395532] 34 (ttt)
[16:48:29] 23 tRNA-Val c[1395542,1395614] 34 (tac)
[16:48:29] 24 tmRNA [1504963,1505320] 92,127 ANKNSNLALAA*
[16:48:29] 25 tRNA-Thr c[1636012,1636084] 34 (ggt)
[16:48:29] 26 tRNA-Gln c[1641431,1641504] 34 (ttg)
[16:48:29] 27 tRNA-Tyr c[1641508,1641591] 36 (gta)
[16:48:29] 28 tRNA-Glu c[1641596,1641667] 34 (ttc)
[16:48:29] 29 tRNA-SeC [1708886,1708983] 36 (tca)
[16:48:29] 30 tRNA-Arg c[1725966,1726040] 35 (tcg)
[16:48:29] 31 tRNA-Lys c[1726064,1726136] 34 (ttt)
[16:48:29] 32 tRNA-Val c[1726146,1726218] 34 (tac)
[16:48:29] 33 tRNA-Leu c[1731476,1731560] 35 (caa)
[16:48:29] 34 tRNA-Cys c[1731588,1731660] 33 (gca)
[16:48:29] 35 tRNA-Gln c[1731672,1731745] 34 (ttg)
[16:48:29] 36 tRNA-His c[1731760,1731834] 35 (gtg)
[16:48:29] 37 tRNA-Trp c[1731844,1731916] 34 (cca)
[16:48:29] 38 tRNA-Tyr c[1731919,1732001] 36 (gta)
[16:48:29] 39 tRNA-Phe c[1732018,1732092] 35 (gaa)
[16:48:29] 40 tRNA-Asp c[1732098,1732173] 36 (gtc)
[16:48:29] 41 tRNA-Met c[1732188,1732262] 35 (cat)
[16:48:29] 42 tRNA-Ser c[1732282,1732371] 37 (tga)
[16:48:29] 43 tRNA-Glu c[1732384,1732455] 34 (ttc)
[16:48:29] 44 tRNA-Ile c[1732471,1732546] 36 (gat)
[16:48:29] 45 tRNA-Gly c[1732556,1732626] 33 (tcc)
[16:48:29] 46 tRNA-Met c[1732679,1732752] 35 (cat)
[16:48:29] 47 tRNA-Met c[1732770,1732845] 36 (cat)
[16:48:29] 48 tRNA-Pro c[1732864,1732937] 35 (tgg)
[16:48:29] 49 tRNA-Arg c[1732994,1733069] 36 (acg)
[16:48:29] 50 tRNA-Leu c[1733078,1733164] 35 (taa)
[16:48:29] 51 tRNA-Gly c[1733193,1733264] 33 (gcc)
[16:48:29] 52 tRNA-Thr c[1733280,1733352] 34 (tgt)
[16:48:29] 53 tRNA-Asn c[1838221,1838295] 35 (gtt)
[16:48:29] 54 tRNA-Ala c[1841616,1841690] 35 (tgc)
[16:48:29] Found 54 tRNAs
[16:48:29] Predicting Ribosomal RNAs
[16:48:29] Running Barrnap with 2 threads
[16:48:33] 1 c_000000000001 419078 16S ribosomal RNA
[16:48:33] 2 c_000000000001 420971 23S ribosomal RNA
[16:48:33] 3 c_000000000001 423955 5S ribosomal RNA
[16:48:33] 4 c_000000000001 1395632 5S ribosomal RNA
[16:48:33] 5 c_000000000001 1395825 23S ribosomal RNA
[16:48:33] 6 c_000000000001 1398985 16S ribosomal RNA
[16:48:33] 7 c_000000000001 1726236 5S ribosomal RNA
[16:48:33] 8 c_000000000001 1726429 23S ribosomal RNA
[16:48:33] 9 c_000000000001 1729591 16S ribosomal RNA
[16:48:33] 10 c_000000000001 1838328 5S ribosomal RNA
[16:48:33] 11 c_000000000001 1838521 23S ribosomal RNA
[16:48:33] 12 c_000000000001 1841773 16S ribosomal RNA
[16:48:33] Found 12 rRNAs
[16:48:33] Skipping ncRNA search, enable with --rfam if desired.
[16:48:33] Total of 65 tRNA + rRNA features
[16:48:33] Searching for CRISPR repeats
[16:48:34] CRISPR1 c_000000000001 663222 with 18 spacers
[16:48:34] CRISPR2 c_000000000001 666277 with 10 spacers
[16:48:34] Found 2 CRISPRs
[16:48:34] Predicting coding sequences
[16:48:34] Contigs total 1885610 bp, so using single mode
[16:48:34] Running: prodigal -i analysis_prokka\/Prokka_Out\/prokka_dpi_genomes_forncbi_kpl3043_c\.current\.fna -c -m -g 11 -p single -f sco -q
[16:48:42] Found 1714 CDS
[16:48:42] Connecting features back to sequences
[16:48:42] Not using genus-specific database. Try --usegenus to enable it.
[16:48:42] Annotating CDS, please be patient.
[16:48:42] Will use 2 CPUs for similarity searching.
[16:48:43] There are still 1714 unannotated CDS left (started with 1714)
[16:48:43] Will use blast to search against /Users/isabelfe/opt/anaconda3/db/kingdom/Bacteria/IS with 2 CPUs
[16:48:43] Running: cat analysis_prokka\/Prokka_Out\/prokka_dpi_genomes_forncbi_kpl3043_c\.current\.IS\.tmp\.36061\.faa | parallel --gnu --plain -j 2 --block 139076 --recstart '>' --pipe blastp -query - -db /Users/isabelfe/opt/anaconda3/db/kingdom/Bacteria/IS -evalue 1e-30 -qcov_hsp_perc 90 -num_threads 1 -num_descriptions 1 -num_alignments 1 -seg no > analysis_prokka\/Prokka_Out\/prokka_dpi_genomes_forncbi_kpl3043_c\.current\.IS\.tmp\.36061\.blast 2> /dev/null
[16:49:12] Deleting unwanted file: analysis_prokka/Prokka_Out/prokka_dpi_genomes_forncbi_kpl3043_c.current.IS.tmp.36061.faa
[16:49:12] Deleting unwanted file: analysis_prokka/Prokka_Out/prokka_dpi_genomes_forncbi_kpl3043_c.current.IS.tmp.36061.blast
[16:49:13] There are still 1711 unannotated CDS left (started with 1714)
[16:49:13] Will use blast to search against /Users/isabelfe/opt/anaconda3/db/kingdom/Bacteria/AMR with 2 CPUs
[16:49:13] Running: cat analysis_prokka\/Prokka_Out\/prokka_dpi_genomes_forncbi_kpl3043_c\.current\.AMR\.tmp\.36061\.faa | parallel --gnu --plain -j 2 --block 138850 --recstart '>' --pipe blastp -query - -db /Users/isabelfe/opt/anaconda3/db/kingdom/Bacteria/AMR -evalue 9.99999999999999e-301 -qcov_hsp_perc 90 -num_threads 1 -num_descriptions 1 -num_alignments 1 -seg no > analysis_prokka\/Prokka_Out\/prokka_dpi_genomes_forncbi_kpl3043_c\.current\.AMR\.tmp\.36061\.blast 2> /dev/null
[16:49:36] Deleting unwanted file: analysis_prokka/Prokka_Out/prokka_dpi_genomes_forncbi_kpl3043_c.current.AMR.tmp.36061.faa
[16:49:36] Deleting unwanted file: analysis_prokka/Prokka_Out/prokka_dpi_genomes_forncbi_kpl3043_c.current.AMR.tmp.36061.blast
[16:49:37] There are still 1711 unannotated CDS left (started with 1714)
[16:49:37] Will use blast to search against /Users/isabelfe/opt/anaconda3/db/kingdom/Bacteria/sprot with 2 CPUs
[16:49:37] Running: cat analysis_prokka\/Prokka_Out\/prokka_dpi_genomes_forncbi_kpl3043_c\.current\.sprot\.tmp\.36061\.faa | parallel --gnu --plain -j 2 --block 138850 --recstart '>' --pipe blastp -query - -db /Users/isabelfe/opt/anaconda3/db/kingdom/Bacteria/sprot -evalue 1e-09 -qcov_hsp_perc 80 -num_threads 1 -num_descriptions 1 -num_alignments 1 -seg no > analysis_prokka\/Prokka_Out\/prokka_dpi_genomes_forncbi_kpl3043_c\.current\.sprot\.tmp\.36061\.blast 2> /dev/null
[16:51:29] Modify product: UPF0365 protein SA1402 => hypothetical protein
[16:51:29] Modify product: Putative glycerol transporter Lin0368 => Putative glycerol transporter
[16:51:29] Modify product: Putative glycerol transporter Lin0367 => Putative glycerol transporter
[16:51:29] Modify product: Probable transcription repressor NiaR => putative transcription repressor NiaR
[16:51:29] Modify product: Probable protein-export membrane protein SecG => putative protein-export membrane protein SecG
[16:51:29] Modify product: Uncharacterized protein Spy1614 => putative protein
[16:51:29] Modify product: Uncharacterized protein SA1069 => putative protein
[16:51:29] Modify product: Probable cell division protein WhiA => putative cell division protein WhiA
[16:51:29] Modify product: UPF0302 protein BA_1542/GBAA_1542/BAS1430 => hypothetical protein
[16:51:29] Modify product: Uncharacterized protein YpjD => putative protein YpjD
[16:51:29] Modify product: UPF0324 inner membrane protein YeiH => hypothetical protein
[16:51:29] Modify product: UPF0053 protein HI_0107 => hypothetical protein
[16:51:29] Modify product: Uncharacterized MscS family protein YkuT => putative MscS family protein YkuT
[16:51:29] Modify product: UPF0176 protein SP_0095 => hypothetical protein
[16:51:29] Modify product: Putative universal stress protein SA1532 => Putative universal stress protein
[16:51:29] Modify product: Uncharacterized AAA domain-containing protein Rv2559c => putative AAA domain-containing protein
[16:51:29] Modify product: Probable multidrug resistance ABC transporter ATP-binding/permease protein YheI => putative multidrug resistance ABC transporter ATP-binding/permease protein YheI
[16:51:29] Modify product: Probable multidrug resistance ABC transporter ATP-binding/permease protein YheH => putative multidrug resistance ABC transporter ATP-binding/permease protein YheH
[16:51:29] Modify product: Probable undecaprenyl-phosphate N-acetylglucosaminyl 1-phosphate transferase => putative undecaprenyl-phosphate N-acetylglucosaminyl 1-phosphate transferase
[16:51:29] Modify product: Probable glycine dehydrogenase (decarboxylating) subunit 1 => putative glycine dehydrogenase (decarboxylating) subunit 1
[16:51:29] Modify product: Probable glycine dehydrogenase (decarboxylating) subunit 2 => putative glycine dehydrogenase (decarboxylating) subunit 2
[16:51:29] Modify product: UPF0073 inner membrane protein YqfA => hypothetical protein
[16:51:29] Modify product: Putative phosphatase M6_Spy0533 => Putative phosphatase
[16:51:29] Modify product: UPF0122 protein SP_1288 => hypothetical protein
[16:51:29] Modify product: Probable ribosomal protein YlxQ => putative ribosomal protein YlxQ
[16:51:30] Modify product: Probable endonuclease 4 => putative endonuclease 4
[16:51:30] Modify product: UPF0374 protein SP_1903 => hypothetical protein
[16:51:30] Modify product: Putative aminotransferase MSMEG_6286/MSMEI_6121 => Putative aminotransferase/MSMEI_6121
[16:51:30] Modify product: Uncharacterized protein YqeY => putative protein YqeY
[16:51:30] Modify product: Putative multidrug export ATP-binding/permease protein SAV1866 => Putative multidrug export ATP-binding/permease protein
[16:51:30] Modify product: GTP cyclohydrolase 1 type 2 homolog => GTP cyclohydrolase 1 type 2 
[16:51:30] Modify product: UPF0178 protein YaiI => hypothetical protein
[16:51:30] Modify product: Uncharacterized protein YedJ => putative protein YedJ
[16:51:30] Modify product: DegV domain-containing protein spr1415 => DegV domain-containing protein
[16:51:30] Modify product: Nudix hydrolase DR_0079 => Nudix hydrolase
[16:51:30] Modify product: Bifunctional protein FolD => Bifunctional protein FolD protein
[16:51:30] Modify product: Uncharacterized protein YqgN => putative protein YqgN
[16:51:30] Modify product: Probable D,D-dipeptide transport system permease protein DdpC => putative D,D-dipeptide transport system permease protein DdpC
[16:51:30] Modify product: Uncharacterized PIN and TRAM-domain containing protein YacL => putative PIN and TRAM-domain containing protein YacL
[16:51:30] Modify product: Fluoroquinolones export ATP-binding protein Rv2688c => Fluoroquinolones export ATP-binding protein
[16:51:30] Modify product: Putative multidrug export ATP-binding/permease protein SAV1866 => Putative multidrug export ATP-binding/permease protein
[16:51:31] Modify product: Probable 3-hydroxyacyl-CoA dehydrogenase => putative 3-hydroxyacyl-CoA dehydrogenase
[16:51:31] Modify product: Uncharacterized oxidoreductase SpyM50865 => putative oxidoreductase
[16:51:31] Modify product: Probable quorum-quenching lactonase YtnP => putative quorum-quenching lactonase YtnP
[16:51:31] Modify product: Uncharacterized HTH-type transcriptional regulator SACOL2360 => putative HTH-type transcriptional regulator
[16:51:31] Modify product: Multidrug efflux system ATP-binding protein Rv1218c => Multidrug efflux system ATP-binding protein
[16:51:31] Modify product: Uncharacterized protein YhaP => putative protein YhaP
[16:51:31] Modify product: Uncharacterized ABC transporter ATP-binding protein Rv1273c => putative ABC transporter ATP-binding protein
[16:51:31] Modify product: Uncharacterized ABC transporter ATP-binding protein TM_0288 => putative ABC transporter ATP-binding protein
[16:51:31] Modify product: Probable fructose-bisphosphate aldolase => putative fructose-bisphosphate aldolase
[16:51:31] Modify product: Probable licABCH operon regulator => putative licABCH operon regulator
[16:51:31] Modify product: Probable licABCH operon regulator => putative licABCH operon regulator
[16:51:31] Modify product: Probable pyridine nucleotide-disulfide oxidoreductase RclA => putative pyridine nucleotide-disulfide oxidoreductase RclA
[16:51:31] Modify product: Putative multidrug export ATP-binding/permease protein SAV1866 => Putative multidrug export ATP-binding/permease protein
[16:51:31] Modify product: Uncharacterized ABC transporter ATP-binding protein Rv0986 => putative ABC transporter ATP-binding protein
[16:51:31] Modify product: Calcium-transporting ATPase lmo0841 => Calcium-transporting ATPase
[16:51:31] Modify product: Uncharacterized multiple-sugar transport system permease YteP => putative multiple-sugar transport system permease YteP
[16:51:31] Modify product: Uncharacterized protein YpjQ => putative protein YpjQ
[16:51:31] Modify product: Uncharacterized oxidoreductase Mb2996 => putative oxidoreductase
[16:51:31] Modify product: Acetyltransferase SACOL1063 => Acetyltransferase
[16:51:31] Modify product: Acetyltransferase SACOL1063 => Acetyltransferase
[16:51:31] Modify product: UPF0413 protein YjbH => hypothetical protein
[16:51:31] Modify product: UPF0758 protein YsxA => hypothetical protein
[16:51:31] Modify product: UPF0473 protein SP_0194 => hypothetical protein
[16:51:31] Modify product: UPF0297 protein EF_1202 => hypothetical protein
[16:51:31] Modify product: UPF0397 protein SP_0482 => hypothetical protein
[16:51:31] Modify product: UPF0051 protein SA0778 => hypothetical protein
[16:51:31] Modify product: UPF0051 protein SA0778 => hypothetical protein
[16:51:32] Modify product: Probable ABC transporter ATP-binding protein M6_Spy0273 => putative ABC transporter ATP-binding protein
[16:51:32] Modify product: Uncharacterized protein YqeN => putative protein YqeN
[16:51:32] Modify product: Uncharacterized protein YbbA => putative protein YbbA
[16:51:32] Modify product: Uncharacterized ABC transporter ATP-binding protein YheS => putative ABC transporter ATP-binding protein YheS
[16:51:32] Modify product: UPF0340 protein YwlG => hypothetical protein
[16:51:32] Modify product: Protease HtpX homolog => Protease HtpX 
[16:51:32] Modify product: Uncharacterized ABC transporter ATP-binding protein Rv0986 => putative ABC transporter ATP-binding protein
[16:51:32] Modify product: Probable ABC transporter phosphite binding protein PhnD1 => putative ABC transporter phosphite binding protein PhnD1
[16:51:32] Modify product: UPF0394 inner membrane protein YeeE => hypothetical protein
[16:51:32] Modify product: Uncharacterized protein YacP => putative protein YacP
[16:51:32] Modify product: Uncharacterized oxidoreductase YjhC => putative oxidoreductase YjhC
[16:51:32] Modify product: Probable peptidoglycan glycosyltransferase FtsW => putative peptidoglycan glycosyltransferase FtsW
[16:51:32] Modify product: Organic hydroperoxide resistance protein-like => Organic hydroperoxide resistance protein-like protein
[16:51:32] Modify product: UPF0045 protein Rv1898 => hypothetical protein
[16:51:32] Modify product: UPF0346 protein YozE => hypothetical protein
[16:51:32] Modify product: Sulfurtransferase Alvin_2599 => Sulfurtransferase
[16:51:32] Modify product: Probable L-asparaginase => putative L-asparaginase
[16:51:32] Modify product: Putative transport protein Rv0205 => Putative transport protein
[16:51:32] Modify product: DegV domain-containing protein SA1258 => DegV domain-containing protein
[16:51:32] Modify product: UPF0342 protein SA1663 => hypothetical protein
[16:51:32] Modify product: Probable bifunctional oligoribonuclease and PAP phosphatase NrnA => putative bifunctional oligoribonuclease and PAP phosphatase NrnA
[16:51:33] Modify product: Uncharacterized protein Spy1535 => putative protein
[16:51:33] Modify product: Probable transcriptional regulatory protein MSMEG_2940/MSMEI_2866 => putative transcriptional regulatory protein/MSMEI_2866
[16:51:33] Modify product: Transcriptional repressor SmtB homolog => Transcriptional repressor SmtB 
[16:51:33] Modify product: Uncharacterized protein YdhK => putative protein YdhK
[16:51:33] Modify product: Uncharacterized epimerase/dehydratase SA0511 => putative epimerase/dehydratase
[16:51:33] Modify product: Probable metallo-hydrolase M6_Spy0554 => putative metallo-hydrolase
[16:51:33] Modify product: UPF0053 inner membrane protein YfjD => hypothetical protein
[16:51:33] Modify product: UPF0398 protein YpsA => hypothetical protein
[16:51:33] Modify product: Rqc2 homolog RqcH => Rqc2 RqcH
[16:51:33] Modify product: Putative metallophosphoesterase MG207 homolog => Putative metallophosphoesterase MG207 
[16:51:33] Modify product: TelA-like protein SA1238 => TelA-like protein
[16:51:33] Modify product: UPF0154 protein SA1178 => hypothetical protein
[16:51:33] Modify product: UPF0291 protein SP_1473 => hypothetical protein
[16:51:33] Modify product: Probable GTP-binding protein EngB => putative GTP-binding protein EngB
[16:51:33] Modify product: Probable nicotinate-nucleotide adenylyltransferase => putative nicotinate-nucleotide adenylyltransferase
[16:51:33] Modify product: RNA-binding protein HI_1333 => RNA-binding protein
[16:51:33] Modify product: Uncharacterized protein YqeH => putative protein YqeH
[16:51:33] Modify product: UPF0358 protein EF_2458 => hypothetical protein
[16:51:33] Modify product: Probable N-acetyl-LL-diaminopimelate aminotransferase => putative N-acetyl-LL-diaminopimelate aminotransferase
[16:51:33] Modify product: Probable licABCH operon regulator => putative licABCH operon regulator
[16:51:33] Modify product: Probable tRNA sulfurtransferase => putative tRNA sulfurtransferase
[16:51:33] Modify product: Putative trans-acting regulator SP_1800 => Putative trans-acting regulator
[16:51:33] Modify product: UPF0702 transmembrane protein YetF => hypothetical protein
[16:51:33] Modify product: UPF0637 protein SA0957 => hypothetical protein
[16:51:33] Cleaned 113 /product names
[16:51:33] Deleting unwanted file: analysis_prokka/Prokka_Out/prokka_dpi_genomes_forncbi_kpl3043_c.current.sprot.tmp.36061.faa
[16:51:33] Deleting unwanted file: analysis_prokka/Prokka_Out/prokka_dpi_genomes_forncbi_kpl3043_c.current.sprot.tmp.36061.blast
[16:51:33] There are still 682 unannotated CDS left (started with 1714)
[16:51:33] Will use hmmer3 to search against /Users/isabelfe/opt/anaconda3/db/hmm/HAMAP.hmm with 2 CPUs
[16:51:33] Running: cat analysis_prokka\/Prokka_Out\/prokka_dpi_genomes_forncbi_kpl3043_c\.current\.HAMAP\.hmm\.tmp\.36061\.faa | parallel --gnu --plain -j 2 --block 49183 --recstart '>' --pipe hmmscan --noali --notextw --acc -E 1e-09 --cpu 1 /Users/isabelfe/opt/anaconda3/db/hmm/HAMAP.hmm /dev/stdin > analysis_prokka\/Prokka_Out\/prokka_dpi_genomes_forncbi_kpl3043_c\.current\.HAMAP\.hmm\.tmp\.36061\.hmmer3 2> /dev/null
[16:52:20] Modify product: Uncharacterized Nudix hydrolase NudL => putative Nudix hydrolase NudL
[16:52:20] Modify product: Protein SprT-like => Protein SprT-like protein
[16:52:20] Cleaned 2 /product names
[16:52:20] Deleting unwanted file: analysis_prokka/Prokka_Out/prokka_dpi_genomes_forncbi_kpl3043_c.current.HAMAP.hmm.tmp.36061.faa
[16:52:20] Deleting unwanted file: analysis_prokka/Prokka_Out/prokka_dpi_genomes_forncbi_kpl3043_c.current.HAMAP.hmm.tmp.36061.hmmer3
[16:52:20] Labelling remaining 601 proteins as 'hypothetical protein'
[16:52:20] Possible /pseudo 'D-methionine-binding lipoprotein MetQ' at c_000000000001 position 128370
[16:52:20] Possible /pseudo 'O-acetyl-L-homoserine sulfhydrylase' at c_000000000001 position 132403
[16:52:20] Possible /pseudo 'IS3 family transposase ISEfa10' at c_000000000001 position 148053
[16:52:20] Possible /pseudo 'PTS system mannose-specific EIIAB component' at c_000000000001 position 173453
[16:52:20] Possible /pseudo 'putative ABC transporter ATP-binding protein' at c_000000000001 position 312454
[16:52:20] Possible /pseudo 'putative licABCH operon regulator' at c_000000000001 position 392583
[16:52:20] Possible /pseudo 'Putative glycerol transporter' at c_000000000001 position 529871
[16:52:20] Possible /pseudo 'putative protein' at c_000000000001 position 623111
[16:52:20] Possible /pseudo 'Undecaprenyl-phosphate 4-deoxy-4-formamido-L-arabinose transferase' at c_000000000001 position 762949
[16:52:20] Possible /pseudo 'Acetyltransferase' at c_000000000001 position 1447892
[16:52:20] Possible /pseudo 'Glycine reductase complex component B subunit gamma' at c_000000000001 position 1694650
[16:52:20] Found 901 unique /gene codes.
[16:52:20] Fixed 2 duplicate /gene - urdA_1 urdA_2
[16:52:20] Fixed 2 duplicate /gene - cdaR_1 cdaR_2
[16:52:20] Fixed 2 duplicate /gene - iscS_1 iscS_2
[16:52:20] Fixed 2 duplicate /gene - rpoN1_1 rpoN1_2
[16:52:20] Fixed 2 duplicate /gene - argS_1 argS_2
[16:52:20] Fixed 2 duplicate /gene - nylA_1 nylA_2
[16:52:20] Fixed 2 duplicate /gene - expZ_1 expZ_2
[16:52:20] Fixed 2 duplicate /gene - grdB_1 grdB_2
[16:52:20] Fixed 2 duplicate /gene - fpgS_1 fpgS_2
[16:52:20] Fixed 2 duplicate /gene - acpP_1 acpP_2
[16:52:20] Fixed 2 duplicate /gene - mgtE_1 mgtE_2
[16:52:20] Fixed 3 duplicate /gene - oppD_1 oppD_2 oppD_3
[16:52:20] Fixed 3 duplicate /gene - smc_1 smc_2 smc_3
[16:52:20] Fixed 2 duplicate /gene - tagU_1 tagU_2
[16:52:20] Fixed 2 duplicate /gene - cadA_1 cadA_2
[16:52:20] Fixed 2 duplicate /gene - lplJ_1 lplJ_2
[16:52:20] Fixed 2 duplicate /gene - dsdA_1 dsdA_2
[16:52:20] Fixed 2 duplicate /gene - thiD_1 thiD_2
[16:52:20] Fixed 2 duplicate /gene - ccpA_1 ccpA_2
[16:52:20] Fixed 2 duplicate /gene - nagB_1 nagB_2
[16:52:20] Fixed 2 duplicate /gene - lrgA_1 lrgA_2
[16:52:20] Fixed 9 duplicate /gene - btuD_1 btuD_2 btuD_3 btuD_4 btuD_5 btuD_6 btuD_7 btuD_8 btuD_9
[16:52:20] Fixed 2 duplicate /gene - manX_1 manX_2
[16:52:20] Fixed 2 duplicate /gene - ykoD_1 ykoD_2
[16:52:20] Fixed 2 duplicate /gene - sufS_1 sufS_2
[16:52:20] Fixed 2 duplicate /gene - ngcG_1 ngcG_2
[16:52:20] Fixed 2 duplicate /gene - trxA_1 trxA_2
[16:52:20] Fixed 2 duplicate /gene - rsmH_1 rsmH_2
[16:52:20] Fixed 2 duplicate /gene - lacF_1 lacF_2
[16:52:20] Fixed 5 duplicate /gene - metQ_1 metQ_2 metQ_3 metQ_4 metQ_5
[16:52:20] Fixed 7 duplicate /gene - bcrA_1 bcrA_2 bcrA_3 bcrA_4 bcrA_5 bcrA_6 bcrA_7
[16:52:20] Fixed 3 duplicate /gene - fabG_1 fabG_2 fabG_3
[16:52:20] Fixed 2 duplicate /gene - apbE_1 apbE_2
[16:52:20] Fixed 2 duplicate /gene - trxB_1 trxB_2
[16:52:20] Fixed 2 duplicate /gene - dacA_1 dacA_2
[16:52:20] Fixed 2 duplicate /gene - atpD_1 atpD_2
[16:52:20] Fixed 2 duplicate /gene - gcvH_1 gcvH_2
[16:52:20] Fixed 2 duplicate /gene - tenA_1 tenA_2
[16:52:20] Fixed 2 duplicate /gene - lexA_1 lexA_2
[16:52:20] Fixed 2 duplicate /gene - rnfC_1 rnfC_2
[16:52:20] Fixed 2 duplicate /gene - sasA_1 sasA_2
[16:52:20] Fixed 2 duplicate /gene - clpC_1 clpC_2
[16:52:20] Fixed 2 duplicate /gene - aes_1 aes_2
[16:52:20] Fixed 2 duplicate /gene - yclP_1 yclP_2
[16:52:20] Fixed 3 duplicate /gene - oppF_1 oppF_2 oppF_3
[16:52:20] Fixed 2 duplicate /gene - ruvB_1 ruvB_2
[16:52:20] Fixed 3 duplicate /gene - arnC_1 arnC_2 arnC_3
[16:52:20] Fixed 2 duplicate /gene - mshA_1 mshA_2
[16:52:20] Fixed 2 duplicate /gene - gmk_1 gmk_2
[16:52:20] Fixed 2 duplicate /gene - rnfD_1 rnfD_2
[16:52:20] Fixed 2 duplicate /gene - gsiC_1 gsiC_2
[16:52:20] Fixed 2 duplicate /gene - recD2_1 recD2_2
[16:52:20] Fixed 2 duplicate /gene - rhaR_1 rhaR_2
[16:52:20] Fixed 2 duplicate /gene - pepF1_1 pepF1_2
[16:52:20] Fixed 2 duplicate /gene - spxA_1 spxA_2
[16:52:20] Fixed 2 duplicate /gene - zosA_1 zosA_2
[16:52:20] Fixed 2 duplicate /gene - bglK_1 bglK_2
[16:52:20] Fixed 2 duplicate /gene - est_1 est_2
[16:52:20] Fixed 2 duplicate /gene - metN_1 metN_2
[16:52:20] Fixed 2 duplicate /gene - galK_1 galK_2
[16:52:20] Fixed 3 duplicate /gene - metP_1 metP_2 metP_3
[16:52:20] Fixed 2 duplicate /gene - gmuD_1 gmuD_2
[16:52:20] Fixed 3 duplicate /gene - brnQ_1 brnQ_2 brnQ_3
[16:52:20] Fixed 2 duplicate /gene - copY_1 copY_2
[16:52:20] Fixed 2 duplicate /gene - ebh_1 ebh_2
[16:52:20] Fixed 2 duplicate /gene - xerC_1 xerC_2
[16:52:20] Fixed 2 duplicate /gene - ytrA_1 ytrA_2
[16:52:20] Fixed 2 duplicate /gene - alsT_1 alsT_2
[16:52:20] Fixed 2 duplicate /gene - mntB_1 mntB_2
[16:52:20] Fixed 3 duplicate /gene - licR_1 licR_2 licR_3
[16:52:20] Fixed 2 duplicate /gene - atpE_1 atpE_2
[16:52:20] Fixed 2 duplicate /gene - ecfT_1 ecfT_2
[16:52:20] Fixed 2 duplicate /gene - pcp_1 pcp_2
[16:52:20] Fixed 2 duplicate /gene - cobB_1 cobB_2
[16:52:20] Fixed 2 duplicate /gene - luxS_1 luxS_2
[16:52:20] Fixed 4 duplicate /gene - agrA_1 agrA_2 agrA_3 agrA_4
[16:52:20] Fixed 2 duplicate /gene - dagK_1 dagK_2
[16:52:20] Fixed 2 duplicate /gene - pnp_1 pnp_2
[16:52:20] Fixed 2 duplicate /gene - yohK_1 yohK_2
[16:52:20] Fixed 2 duplicate /gene - nanA_1 nanA_2
[16:52:20] Fixed 2 duplicate /gene - gatC_1 gatC_2
[16:52:20] Fixed 2 duplicate /gene - srrA_1 srrA_2
[16:52:20] Fixed 82 colliding /gene names.
[16:52:20] Adding /locus_tag identifiers
[16:52:20] Assigned 1780 locus_tags to CDS and RNA features.
[16:52:20] Writing outputs to analysis_prokka/Prokka_Out/
[16:52:23] Generating annotation statistics file
[16:52:23] Generating Genbank and Sequin files
[16:52:23] Running: tbl2asn -V b -a r10k -l paired-ends -M n -N 1 -y 'Annotated using prokka 1.14.6 from https://github.com/tseemann/prokka' -Z analysis_prokka\/Prokka_Out\/prokka_dpi_genomes_forncbi_kpl3043_c\.current\.err -i analysis_prokka\/Prokka_Out\/prokka_dpi_genomes_forncbi_kpl3043_c\.current\.fsa 2> /dev/null
[16:52:30] Could not run command: tbl2asn -V b -a r10k -l paired-ends -M n -N 1 -y 'Annotated using prokka 1.14.6 from https://github.com/tseemann/prokka' -Z analysis_prokka\/Prokka_Out\/prokka_dpi_genomes_forncbi_kpl3043_c\.current\.err -i analysis_prokka\/Prokka_Out\/prokka_dpi_genomes_forncbi_kpl3043_c\.current\.fsa 2> /dev/null
