[17:33:50] This is prokka 1.14.6
[17:33:50] Written by Torsten Seemann <torsten.seemann@gmail.com>
[17:33:50] Homepage is https://github.com/tseemann/prokka
[17:33:50] Local time is Fri Jul 10 17:33:50 2020
[17:33:50] You are isabelfe
[17:33:50] Operating system is darwin
[17:33:50] You have BioPerl 1.007002
[17:33:50] System has 2 cores.
[17:33:50] Will use maximum of 2 cores.
[17:33:50] Annotating as >>> Bacteria <<<
[17:33:50] Generating locus_tag from 'analysis_prokka/Reformat_Dpig/dpi_genomes_forncbi_kpl3264.current.fa' contents.
[17:33:51] Setting --locustag BKNCOMMB from MD5 b47c866b740fa9e2b968e3ee117321e9
[17:33:51] Re-using existing --outdir analysis_prokka/Prokka_Out
[17:33:51] Using filename prefix: prokka_dpi_genomes_forncbi_kpl3264.current.XXX
[17:33:51] Setting HMMER_NCPU=1
[17:33:51] Writing log to: analysis_prokka/Prokka_Out/prokka_dpi_genomes_forncbi_kpl3264.current.log
[17:33:51] Command: /Users/isabelfe/opt/anaconda3/bin/prokka --prefix prokka_dpi_genomes_forncbi_kpl3264.current --outdir analysis_prokka/Prokka_Out --cpus 0 --force analysis_prokka/Reformat_Dpig/dpi_genomes_forncbi_kpl3264.current.fa
[17:33:51] Appending to PATH: /Users/isabelfe/opt/anaconda3/bin
[17:33:51] Looking for 'aragorn' - found /Users/isabelfe/opt/anaconda3/bin/aragorn
[17:33:51] Determined aragorn version is 001002 from 'ARAGORN v1.2.38 Dean Laslett'
[17:33:51] Looking for 'barrnap' - found /Users/isabelfe/opt/anaconda3/bin/barrnap
[17:33:51] Determined barrnap version is 000009 from 'barrnap 0.9'
[17:33:51] Looking for 'blastp' - found /Users/isabelfe/opt/anaconda3/bin/blastp
[17:33:51] Determined blastp version is 002009 from 'blastp: 2.9.0+'
[17:33:51] Looking for 'cmpress' - found /Users/isabelfe/opt/anaconda3/bin/cmpress
[17:33:51] Determined cmpress version is 001001 from '# INFERNAL 1.1.2 (July 2016)'
[17:33:51] Looking for 'cmscan' - found /Users/isabelfe/opt/anaconda3/bin/cmscan
[17:33:51] Determined cmscan version is 001001 from '# INFERNAL 1.1.2 (July 2016)'
[17:33:51] Looking for 'egrep' - found /usr/bin/egrep
[17:33:51] Looking for 'find' - found /usr/bin/find
[17:33:51] Looking for 'grep' - found /usr/bin/grep
[17:33:51] Looking for 'hmmpress' - found /Users/isabelfe/opt/anaconda3/bin/hmmpress
[17:33:51] Determined hmmpress version is 003003 from '# HMMER 3.3 (Nov 2019); http://hmmer.org/'
[17:33:51] Looking for 'hmmscan' - found /Users/isabelfe/opt/anaconda3/bin/hmmscan
[17:33:51] Determined hmmscan version is 003003 from '# HMMER 3.3 (Nov 2019); http://hmmer.org/'
[17:33:51] Looking for 'java' - found /Users/isabelfe/opt/anaconda3/bin/java
[17:33:51] Looking for 'makeblastdb' - found /Users/isabelfe/opt/anaconda3/bin/makeblastdb
[17:33:51] Determined makeblastdb version is 002009 from 'makeblastdb: 2.9.0+'
[17:33:51] Looking for 'minced' - found /Users/isabelfe/opt/anaconda3/bin/minced
[17:33:51] Determined minced version is 004002 from 'minced 0.4.2'
[17:33:51] Looking for 'parallel' - found /Users/isabelfe/opt/anaconda3/bin/parallel
[17:33:52] Determined parallel version is 20200522 from 'GNU parallel 20200522'
[17:33:52] Looking for 'prodigal' - found /Users/isabelfe/opt/anaconda3/bin/prodigal
[17:33:52] Determined prodigal version is 002006 from 'Prodigal V2.6.3: February, 2016'
[17:33:52] Looking for 'prokka-genbank_to_fasta_db' - found /Users/isabelfe/opt/anaconda3/bin/prokka-genbank_to_fasta_db
[17:33:52] Looking for 'sed' - found /usr/bin/sed
[17:33:52] Looking for 'tbl2asn' - found /Users/isabelfe/opt/anaconda3/bin/tbl2asn
[17:33:52] Determined tbl2asn version is 025007 from 'tbl2asn 25.7   arguments:'
[17:33:52] Using genetic code table 11.
[17:33:52] Loading and checking input file: analysis_prokka/Reformat_Dpig/dpi_genomes_forncbi_kpl3264.current.fa
[17:33:52] Wrote 1 contigs totalling 1984755 bp.
[17:33:52] Predicting tRNAs and tmRNAs
[17:33:52] Running: aragorn -l -gc11  -w analysis_prokka\/Prokka_Out\/prokka_dpi_genomes_forncbi_kpl3264\.current\.fna
[17:33:53] 1 tRNA-Arg [69463,69537] 35 (tct)
[17:33:53] 2 tRNA-Ser c[139141,139229] 36 (gga)
[17:33:53] 3 tRNA-Leu c[821966,822050] 34 (gag)
[17:33:53] 4 tRNA-Asn c[893462,893536] 35 (gtt)
[17:33:53] 5 tRNA-Ala c[896855,896929] 35 (tgc)
[17:33:53] 6 tRNA-Val c[1140821,1140895] 35 (gac)
[17:33:53] tRNA [1200879,1200966] is a pseudo/wacky gene - skipping.
[17:33:53] 8 tRNA-Ala [1358342,1358416] 35 (tgc)
[17:33:53] 9 tRNA-Asn [1361736,1361810] 35 (gtt)
[17:33:53] 10 tRNA-Thr [1466371,1466443] 34 (tgt)
[17:33:53] 11 tRNA-Gly [1466459,1466530] 33 (gcc)
[17:33:53] 12 tRNA-Leu [1466559,1466645] 35 (taa)
[17:33:53] 13 tRNA-Arg [1466654,1466729] 36 (acg)
[17:33:53] 14 tRNA-Pro [1466751,1466824] 35 (tgg)
[17:33:53] 15 tRNA-Met [1466843,1466918] 36 (cat)
[17:33:53] 16 tRNA-Met [1466936,1467009] 35 (cat)
[17:33:53] 17 tRNA-Gly [1467062,1467132] 33 (tcc)
[17:33:53] 18 tRNA-Ile [1467143,1467216] 35 (gat)
[17:33:53] 19 tRNA-Glu [1467233,1467304] 34 (ttc)
[17:33:53] 20 tRNA-Ser [1467317,1467406] 37 (tga)
[17:33:53] 21 tRNA-Met [1467425,1467499] 35 (cat)
[17:33:53] 22 tRNA-Asp [1467514,1467589] 36 (gtc)
[17:33:53] 23 tRNA-Phe [1467595,1467669] 35 (gaa)
[17:33:53] 24 tRNA-Tyr [1467686,1467768] 36 (gta)
[17:33:53] 25 tRNA-Trp [1467771,1467843] 34 (cca)
[17:33:53] 26 tRNA-His [1467853,1467927] 35 (gtg)
[17:33:53] 27 tRNA-Gln [1467942,1468015] 34 (ttg)
[17:33:53] 28 tRNA-Cys [1468027,1468099] 33 (gca)
[17:33:53] 29 tRNA-Leu [1468127,1468211] 35 (caa)
[17:33:53] 30 tRNA-Val [1473466,1473538] 34 (tac)
[17:33:53] 31 tRNA-Lys [1473548,1473620] 34 (ttt)
[17:33:53] 32 tRNA-Arg [1473644,1473718] 35 (tcg)
[17:33:53] 33 tRNA-SeC c[1511159,1511256] 36 (tca)
[17:33:53] 34 tRNA-Glu [1609861,1609932] 34 (ttc)
[17:33:53] 35 tRNA-Tyr [1609937,1610020] 36 (gta)
[17:33:53] 36 tRNA-Gln [1610024,1610097] 34 (ttg)
[17:33:53] 37 tRNA-Thr [1615419,1615491] 34 (ggt)
[17:33:53] 38 tmRNA c[1742833,1743190] 92,127 ANKNSNLALAA*
[17:33:53] 39 tRNA-Val [1848792,1848868] 35 (tac)
[17:33:53] 40 tRNA-Lys [1848875,1848947] 34 (ttt)
[17:33:53] 41 tRNA-Leu [1848965,1849046] 35 (tag)
[17:33:53] 42 tRNA-Thr [1849053,1849125] 34 (tgt)
[17:33:53] 43 tRNA-Gly [1849141,1849212] 33 (gcc)
[17:33:53] 44 tRNA-Leu [1849241,1849327] 35 (taa)
[17:33:53] 45 tRNA-Arg [1849336,1849411] 36 (acg)
[17:33:53] 46 tRNA-Pro [1849433,1849506] 35 (tgg)
[17:33:53] 47 tRNA-Met [1849516,1849590] 35 (cat)
[17:33:53] 48 tRNA-Asp [1849605,1849680] 36 (gtc)
[17:33:53] 49 tRNA-Gly [1849685,1849755] 33 (tcc)
[17:33:53] 50 tRNA-Ile [1849763,1849838] 36 (gat)
[17:33:53] 51 tRNA-Ser [1849864,1849954] 36 (gct)
[17:33:53] 52 tRNA-Glu [1849970,1850041] 34 (ttc)
[17:33:53] 53 tRNA-Ser [1850051,1850140] 37 (tga)
[17:33:53] 54 tRNA-Asp [1850164,1850239] 36 (gtc)
[17:33:53] 55 tRNA-Phe [1850245,1850319] 35 (gaa)
[17:33:53] Found 54 tRNAs
[17:33:53] Predicting Ribosomal RNAs
[17:33:53] Running Barrnap with 2 threads
[17:33:56] 1 c_000000000001 893568 5S ribosomal RNA
[17:33:56] 2 c_000000000001 893761 23S ribosomal RNA
[17:33:56] 3 c_000000000001 897012 16S ribosomal RNA
[17:33:56] 4 c_000000000001 1356718 16S ribosomal RNA
[17:33:56] 5 c_000000000001 1358611 23S ribosomal RNA
[17:33:56] 6 c_000000000001 1361593 5S ribosomal RNA
[17:33:56] 7 c_000000000001 1468554 16S ribosomal RNA
[17:33:56] 8 c_000000000001 1470356 23S ribosomal RNA
[17:33:56] 9 c_000000000001 1473338 5S ribosomal RNA
[17:33:56] 10 c_000000000001 1843881 16S ribosomal RNA
[17:33:56] 11 c_000000000001 1845683 23S ribosomal RNA
[17:33:56] 12 c_000000000001 1848665 5S ribosomal RNA
[17:33:56] Found 12 rRNAs
[17:33:56] Skipping ncRNA search, enable with --rfam if desired.
[17:33:56] Total of 65 tRNA + rRNA features
[17:33:56] Searching for CRISPR repeats
[17:33:57] CRISPR1 c_000000000001 638406 with 20 spacers
[17:33:57] Found 1 CRISPRs
[17:33:57] Predicting coding sequences
[17:33:57] Contigs total 1984755 bp, so using single mode
[17:33:57] Running: prodigal -i analysis_prokka\/Prokka_Out\/prokka_dpi_genomes_forncbi_kpl3264\.current\.fna -c -m -g 11 -p single -f sco -q
[17:34:01] Found 1811 CDS
[17:34:01] Connecting features back to sequences
[17:34:01] Not using genus-specific database. Try --usegenus to enable it.
[17:34:01] Annotating CDS, please be patient.
[17:34:01] Will use 2 CPUs for similarity searching.
[17:34:01] There are still 1811 unannotated CDS left (started with 1811)
[17:34:01] Will use blast to search against /Users/isabelfe/opt/anaconda3/db/kingdom/Bacteria/IS with 2 CPUs
[17:34:01] Running: cat analysis_prokka\/Prokka_Out\/prokka_dpi_genomes_forncbi_kpl3264\.current\.IS\.tmp\.48935\.faa | parallel --gnu --plain -j 2 --block 147100 --recstart '>' --pipe blastp -query - -db /Users/isabelfe/opt/anaconda3/db/kingdom/Bacteria/IS -evalue 1e-30 -qcov_hsp_perc 90 -num_threads 1 -num_descriptions 1 -num_alignments 1 -seg no > analysis_prokka\/Prokka_Out\/prokka_dpi_genomes_forncbi_kpl3264\.current\.IS\.tmp\.48935\.blast 2> /dev/null
[17:34:22] Deleting unwanted file: analysis_prokka/Prokka_Out/prokka_dpi_genomes_forncbi_kpl3264.current.IS.tmp.48935.faa
[17:34:22] Deleting unwanted file: analysis_prokka/Prokka_Out/prokka_dpi_genomes_forncbi_kpl3264.current.IS.tmp.48935.blast
[17:34:22] There are still 1802 unannotated CDS left (started with 1811)
[17:34:22] Will use blast to search against /Users/isabelfe/opt/anaconda3/db/kingdom/Bacteria/AMR with 2 CPUs
[17:34:22] Running: cat analysis_prokka\/Prokka_Out\/prokka_dpi_genomes_forncbi_kpl3264\.current\.AMR\.tmp\.48935\.faa | parallel --gnu --plain -j 2 --block 146183 --recstart '>' --pipe blastp -query - -db /Users/isabelfe/opt/anaconda3/db/kingdom/Bacteria/AMR -evalue 9.99999999999999e-301 -qcov_hsp_perc 90 -num_threads 1 -num_descriptions 1 -num_alignments 1 -seg no > analysis_prokka\/Prokka_Out\/prokka_dpi_genomes_forncbi_kpl3264\.current\.AMR\.tmp\.48935\.blast 2> /dev/null
[17:34:38] Deleting unwanted file: analysis_prokka/Prokka_Out/prokka_dpi_genomes_forncbi_kpl3264.current.AMR.tmp.48935.faa
[17:34:38] Deleting unwanted file: analysis_prokka/Prokka_Out/prokka_dpi_genomes_forncbi_kpl3264.current.AMR.tmp.48935.blast
[17:34:39] There are still 1802 unannotated CDS left (started with 1811)
[17:34:39] Will use blast to search against /Users/isabelfe/opt/anaconda3/db/kingdom/Bacteria/sprot with 2 CPUs
[17:34:39] Running: cat analysis_prokka\/Prokka_Out\/prokka_dpi_genomes_forncbi_kpl3264\.current\.sprot\.tmp\.48935\.faa | parallel --gnu --plain -j 2 --block 146183 --recstart '>' --pipe blastp -query - -db /Users/isabelfe/opt/anaconda3/db/kingdom/Bacteria/sprot -evalue 1e-09 -qcov_hsp_perc 80 -num_threads 1 -num_descriptions 1 -num_alignments 1 -seg no > analysis_prokka\/Prokka_Out\/prokka_dpi_genomes_forncbi_kpl3264\.current\.sprot\.tmp\.48935\.blast 2> /dev/null
[17:35:56] Modify product: UPF0358 protein EF_2458 => hypothetical protein
[17:35:56] Modify product: Uncharacterized protein YqeH => putative protein YqeH
[17:35:56] Modify product: RNA-binding protein HI_1333 => RNA-binding protein
[17:35:56] Modify product: Probable nicotinate-nucleotide adenylyltransferase => putative nicotinate-nucleotide adenylyltransferase
[17:35:56] Modify product: Probable GTP-binding protein EngB => putative GTP-binding protein EngB
[17:35:56] Modify product: Probable licABCH operon regulator => putative licABCH operon regulator
[17:35:56] Modify product: Probable L-ascorbate-6-phosphate lactonase UlaG => putative L-ascorbate-6-phosphate lactonase UlaG
[17:35:56] Modify product: UPF0291 protein SP_1473 => hypothetical protein
[17:35:56] Modify product: UPF0154 protein SA1178 => hypothetical protein
[17:35:56] Modify product: TelA-like protein SA1238 => TelA-like protein
[17:35:56] Modify product: Putative metallophosphoesterase MG207 homolog => Putative metallophosphoesterase MG207 
[17:35:56] Modify product: Rqc2 homolog RqcH => Rqc2 RqcH
[17:35:56] Modify product: UPF0398 protein YpsA => hypothetical protein
[17:35:56] Modify product: UPF0053 inner membrane protein YfjD => hypothetical protein
[17:35:56] Modify product: Probable metallo-hydrolase M6_Spy0554 => putative metallo-hydrolase
[17:35:56] Modify product: Uncharacterized epimerase/dehydratase SA0511 => putative epimerase/dehydratase
[17:35:56] Modify product: Putative trans-acting regulator SP_1800 => Putative trans-acting regulator
[17:35:56] Modify product: Uncharacterized protein YdhK => putative protein YdhK
[17:35:56] Modify product: Transcriptional repressor SmtB homolog => Transcriptional repressor SmtB 
[17:35:56] Modify product: Probable transcriptional regulatory protein MSMEG_2940/MSMEI_2866 => putative transcriptional regulatory protein/MSMEI_2866
[17:35:56] Modify product: Uncharacterized protein Spy1535 => putative protein
[17:35:56] Modify product: Probable bifunctional oligoribonuclease and PAP phosphatase NrnA => putative bifunctional oligoribonuclease and PAP phosphatase NrnA
[17:35:56] Modify product: UPF0342 protein SA1663 => hypothetical protein
[17:35:56] Modify product: DegV domain-containing protein SA1258 => DegV domain-containing protein
[17:35:56] Modify product: Putative transport protein Rv0205 => Putative transport protein
[17:35:56] Modify product: Probable L-asparaginase => putative L-asparaginase
[17:35:56] Modify product: Sulfurtransferase Alvin_2599 => Sulfurtransferase
[17:35:56] Modify product: UPF0346 protein YozE => hypothetical protein
[17:35:56] Modify product: UPF0045 protein Rv1898 => hypothetical protein
[17:35:56] Modify product: GTP cyclohydrolase 1 type 2 homolog => GTP cyclohydrolase 1 type 2 
[17:35:56] Modify product: Putative multidrug export ATP-binding/permease protein SAV1866 => Putative multidrug export ATP-binding/permease protein
[17:35:56] Modify product: Uncharacterized ABC transporter ATP-binding protein TM_0288 => putative ABC transporter ATP-binding protein
[17:35:56] Modify product: Putative multidrug export ATP-binding/permease protein SAV1866 => Putative multidrug export ATP-binding/permease protein
[17:35:56] Modify product: Uncharacterized protein YqeY => putative protein YqeY
[17:35:56] Modify product: Putative aminotransferase MSMEG_6286/MSMEI_6121 => Putative aminotransferase/MSMEI_6121
[17:35:56] Modify product: UPF0374 protein SP_1903 => hypothetical protein
[17:35:56] Modify product: Probable endonuclease 4 => putative endonuclease 4
[17:35:56] Modify product: Probable murein peptide carboxypeptidase => putative murein peptide carboxypeptidase
[17:35:56] Modify product: Probable ribosomal protein YlxQ => putative ribosomal protein YlxQ
[17:35:56] Modify product: UPF0109 protein Rv2908c => hypothetical protein
[17:35:56] Modify product: UPF0122 protein SP_1288 => hypothetical protein
[17:35:56] Modify product: Putative phosphatase M6_Spy0533 => Putative phosphatase
[17:35:56] Modify product: UPF0073 inner membrane protein YqfA => hypothetical protein
[17:35:56] Modify product: Probable glycine dehydrogenase (decarboxylating) subunit 2 => putative glycine dehydrogenase (decarboxylating) subunit 2
[17:35:56] Modify product: Probable glycine dehydrogenase (decarboxylating) subunit 1 => putative glycine dehydrogenase (decarboxylating) subunit 1
[17:35:56] Modify product: Probable undecaprenyl-phosphate N-acetylglucosaminyl 1-phosphate transferase => putative undecaprenyl-phosphate N-acetylglucosaminyl 1-phosphate transferase
[17:35:56] Modify product: Probable multidrug resistance ABC transporter ATP-binding/permease protein YheH => putative multidrug resistance ABC transporter ATP-binding/permease protein YheH
[17:35:56] Modify product: Probable multidrug resistance ABC transporter ATP-binding/permease protein YheI => putative multidrug resistance ABC transporter ATP-binding/permease protein YheI
[17:35:56] Modify product: Uncharacterized ABC transporter ATP-binding protein Rv0986 => putative ABC transporter ATP-binding protein
[17:35:56] Modify product: Uncharacterized AAA domain-containing protein Rv2559c => putative AAA domain-containing protein
[17:35:56] Modify product: Putative universal stress protein SA1532 => Putative universal stress protein
[17:35:56] Modify product: UPF0176 protein SP_0095 => hypothetical protein
[17:35:56] Modify product: Uncharacterized MscS family protein YkuT => putative MscS family protein YkuT
[17:35:56] Modify product: UPF0053 protein HI_0107 => hypothetical protein
[17:35:56] Modify product: UPF0324 inner membrane protein YeiH => hypothetical protein
[17:35:56] Modify product: Uncharacterized protein YpjD => putative protein YpjD
[17:35:56] Modify product: UPF0302 protein BA_1542/GBAA_1542/BAS1430 => hypothetical protein
[17:35:56] Modify product: Probable cell division protein WhiA => putative cell division protein WhiA
[17:35:56] Modify product: Uncharacterized protein SA1069 => putative protein
[17:35:56] Modify product: Uncharacterized protein Spy1614 => putative protein
[17:35:56] Modify product: Probable protein-export membrane protein SecG => putative protein-export membrane protein SecG
[17:35:56] Modify product: Probable transcription repressor NiaR => putative transcription repressor NiaR
[17:35:56] Modify product: Putative glycerol transporter Lin0367 => Putative glycerol transporter
[17:35:56] Modify product: Putative glycerol transporter Lin0368 => Putative glycerol transporter
[17:35:56] Modify product: UPF0365 protein SA1402 => hypothetical protein
[17:35:56] Modify product: Calcium-transporting ATPase lmo0841 => Calcium-transporting ATPase
[17:35:56] Modify product: Uncharacterized ABC transporter ATP-binding protein Rv0986 => putative ABC transporter ATP-binding protein
[17:35:56] Modify product: Putative multidrug export ATP-binding/permease protein SAV1866 => Putative multidrug export ATP-binding/permease protein
[17:35:56] Modify product: Probable pyridine nucleotide-disulfide oxidoreductase RclA => putative pyridine nucleotide-disulfide oxidoreductase RclA
[17:35:56] Modify product: Probable licABCH operon regulator => putative licABCH operon regulator
[17:35:56] Modify product: Probable fructose-bisphosphate aldolase => putative fructose-bisphosphate aldolase
[17:35:56] Modify product: Uncharacterized ABC transporter ATP-binding protein TM_0288 => putative ABC transporter ATP-binding protein
[17:35:56] Modify product: Uncharacterized ABC transporter ATP-binding protein Rv1273c => putative ABC transporter ATP-binding protein
[17:35:56] Modify product: Uncharacterized protein YhaP => putative protein YhaP
[17:35:56] Modify product: Multidrug efflux system ATP-binding protein Rv1218c => Multidrug efflux system ATP-binding protein
[17:35:56] Modify product: Probable quorum-quenching lactonase YtnP => putative quorum-quenching lactonase YtnP
[17:35:56] Modify product: Uncharacterized oxidoreductase SpyM50865 => putative oxidoreductase
[17:35:56] Modify product: Probable 3-hydroxyacyl-CoA dehydrogenase => putative 3-hydroxyacyl-CoA dehydrogenase
[17:35:56] Modify product: Fluoroquinolones export ATP-binding protein Rv2688c => Fluoroquinolones export ATP-binding protein
[17:35:56] Modify product: Uncharacterized PIN and TRAM-domain containing protein YacL => putative PIN and TRAM-domain containing protein YacL
[17:35:56] Modify product: Probable D,D-dipeptide transport system permease protein DdpC => putative D,D-dipeptide transport system permease protein DdpC
[17:35:56] Modify product: Uncharacterized protein YqgN => putative protein YqgN
[17:35:56] Modify product: Bifunctional protein FolD => Bifunctional protein FolD protein
[17:35:56] Modify product: Nudix hydrolase DR_0079 => Nudix hydrolase
[17:35:56] Modify product: DegV domain-containing protein spr1415 => DegV domain-containing protein
[17:35:56] Modify product: Uncharacterized protein YedJ => putative protein YedJ
[17:35:56] Modify product: UPF0178 protein YaiI => hypothetical protein
[17:35:57] Modify product: Probable peptidoglycan glycosyltransferase FtsW => putative peptidoglycan glycosyltransferase FtsW
[17:35:57] Modify product: Uncharacterized oxidoreductase YjhC => putative oxidoreductase YjhC
[17:35:57] Modify product: Uncharacterized protein YacP => putative protein YacP
[17:35:57] Modify product: UPF0394 inner membrane protein YeeE => hypothetical protein
[17:35:57] Modify product: Probable ABC transporter phosphite binding protein PhnD1 => putative ABC transporter phosphite binding protein PhnD1
[17:35:57] Modify product: Uncharacterized ABC transporter ATP-binding protein Rv0986 => putative ABC transporter ATP-binding protein
[17:35:57] Modify product: Protease HtpX homolog => Protease HtpX 
[17:35:57] Modify product: UPF0340 protein YwlG => hypothetical protein
[17:35:57] Modify product: Uncharacterized ABC transporter ATP-binding protein YheS => putative ABC transporter ATP-binding protein YheS
[17:35:57] Modify product: Uncharacterized protein YbbA => putative protein YbbA
[17:35:57] Modify product: Uncharacterized protein YqeN => putative protein YqeN
[17:35:57] Modify product: Probable ABC transporter ATP-binding protein M6_Spy0273 => putative ABC transporter ATP-binding protein
[17:35:57] Modify product: UPF0051 protein SA0778 => hypothetical protein
[17:35:57] Modify product: UPF0051 protein SA0778 => hypothetical protein
[17:35:57] Modify product: UPF0397 protein SP_0482 => hypothetical protein
[17:35:57] Modify product: UPF0297 protein EF_1202 => hypothetical protein
[17:35:57] Modify product: UPF0473 protein SP_0194 => hypothetical protein
[17:35:57] Modify product: UPF0758 protein YsxA => hypothetical protein
[17:35:57] Modify product: UPF0413 protein YjbH => hypothetical protein
[17:35:57] Modify product: Acetyltransferase SACOL1063 => Acetyltransferase
[17:35:57] Modify product: Acetyltransferase SACOL1063 => Acetyltransferase
[17:35:57] Modify product: Uncharacterized oxidoreductase MSMEG_2407/MSMEI_2346 => putative oxidoreductase/MSMEI_2346
[17:35:57] Modify product: Uncharacterized protein YpjQ => putative protein YpjQ
[17:35:57] Modify product: Uncharacterized multiple-sugar transport system permease YteP => putative multiple-sugar transport system permease YteP
[17:35:57] Modify product: UPF0637 protein SA0957 => hypothetical protein
[17:35:57] Modify product: UPF0702 transmembrane protein YetF => hypothetical protein
[17:35:57] Modify product: Putative trans-acting regulator SP_1800 => Putative trans-acting regulator
[17:35:57] Modify product: Probable tRNA sulfurtransferase => putative tRNA sulfurtransferase
[17:35:57] Modify product: Probable licABCH operon regulator => putative licABCH operon regulator
[17:35:57] Modify product: Uncharacterized protein HI_0131 => putative protein
[17:35:57] Modify product: Uncharacterized response regulatory protein SACOL0201 => putative response regulatory protein
[17:35:57] Modify product: Probable N-acetyl-LL-diaminopimelate aminotransferase => putative N-acetyl-LL-diaminopimelate aminotransferase
[17:35:57] Cleaned 119 /product names
[17:35:57] Deleting unwanted file: analysis_prokka/Prokka_Out/prokka_dpi_genomes_forncbi_kpl3264.current.sprot.tmp.48935.faa
[17:35:57] Deleting unwanted file: analysis_prokka/Prokka_Out/prokka_dpi_genomes_forncbi_kpl3264.current.sprot.tmp.48935.blast
[17:35:57] There are still 753 unannotated CDS left (started with 1811)
[17:35:57] Will use hmmer3 to search against /Users/isabelfe/opt/anaconda3/db/hmm/HAMAP.hmm with 2 CPUs
[17:35:57] Running: cat analysis_prokka\/Prokka_Out\/prokka_dpi_genomes_forncbi_kpl3264\.current\.HAMAP\.hmm\.tmp\.48935\.faa | parallel --gnu --plain -j 2 --block 55741 --recstart '>' --pipe hmmscan --noali --notextw --acc -E 1e-09 --cpu 1 /Users/isabelfe/opt/anaconda3/db/hmm/HAMAP.hmm /dev/stdin > analysis_prokka\/Prokka_Out\/prokka_dpi_genomes_forncbi_kpl3264\.current\.HAMAP\.hmm\.tmp\.48935\.hmmer3 2> /dev/null
[17:36:34] Modify product: Uncharacterized Nudix hydrolase NudL => putative Nudix hydrolase NudL
[17:36:34] Modify product: Protein SprT-like => Protein SprT-like protein
[17:36:34] Cleaned 2 /product names
[17:36:34] Deleting unwanted file: analysis_prokka/Prokka_Out/prokka_dpi_genomes_forncbi_kpl3264.current.HAMAP.hmm.tmp.48935.faa
[17:36:34] Deleting unwanted file: analysis_prokka/Prokka_Out/prokka_dpi_genomes_forncbi_kpl3264.current.HAMAP.hmm.tmp.48935.hmmer3
[17:36:34] Labelling remaining 670 proteins as 'hypothetical protein'
[17:36:34] Possible /pseudo 'Pyruvate kinase' at c_000000000001 position 52453
[17:36:34] Possible /pseudo 'Glutathione biosynthesis bifunctional protein GshAB' at c_000000000001 position 101823
[17:36:34] Possible /pseudo 'Chromosome partition protein Smc' at c_000000000001 position 462975
[17:36:34] Possible /pseudo 'Undecaprenyl-phosphate 4-deoxy-4-formamido-L-arabinose transferase' at c_000000000001 position 540700
[17:36:34] Possible /pseudo 'putative protein' at c_000000000001 position 679846
[17:36:34] Possible /pseudo 'Putative glycerol transporter' at c_000000000001 position 785681
[17:36:34] Possible /pseudo 'putative ABC transporter ATP-binding protein' at c_000000000001 position 1012695
[17:36:34] Possible /pseudo 'PTS system mannose-specific EIIAB component' at c_000000000001 position 1153701
[17:36:34] Possible /pseudo 'Mercuric reductase' at c_000000000001 position 1188930
[17:36:34] Possible /pseudo 'Glycine reductase complex component B subunit gamma' at c_000000000001 position 1523123
[17:36:34] Possible /pseudo 'Acetyltransferase' at c_000000000001 position 1799387
[17:36:34] Possible /pseudo 'Branched-chain amino acid transport system 2 carrier protein' at c_000000000001 position 1940348
[17:36:34] Found 905 unique /gene codes.
[17:36:34] Fixed 2 duplicate /gene - thiD_1 thiD_2
[17:36:34] Fixed 2 duplicate /gene - grdB_1 grdB_2
[17:36:34] Fixed 7 duplicate /gene - btuD_1 btuD_2 btuD_3 btuD_4 btuD_5 btuD_6 btuD_7
[17:36:34] Fixed 2 duplicate /gene - gcvH_1 gcvH_2
[17:36:34] Fixed 2 duplicate /gene - galK_1 galK_2
[17:36:34] Fixed 2 duplicate /gene - copY_1 copY_2
[17:36:34] Fixed 2 duplicate /gene - ruvB_1 ruvB_2
[17:36:34] Fixed 2 duplicate /gene - lacF_1 lacF_2
[17:36:34] Fixed 3 duplicate /gene - agrA_1 agrA_2 agrA_3
[17:36:34] Fixed 3 duplicate /gene - oppF_1 oppF_2 oppF_3
[17:36:34] Fixed 6 duplicate /gene - smc_1 smc_2 smc_3 smc_4 smc_5 smc_6
[17:36:34] Fixed 2 duplicate /gene - gatC_1 gatC_2
[17:36:34] Fixed 8 duplicate /gene - bcrA_1 bcrA_2 bcrA_3 bcrA_4 bcrA_5 bcrA_6 bcrA_7 bcrA_8
[17:36:34] Fixed 2 duplicate /gene - pyk_1 pyk_2
[17:36:34] Fixed 2 duplicate /gene - bglK_1 bglK_2
[17:36:34] Fixed 2 duplicate /gene - rnfD_1 rnfD_2
[17:36:34] Fixed 2 duplicate /gene - tagU_1 tagU_2
[17:36:34] Fixed 2 duplicate /gene - alsT_1 alsT_2
[17:36:34] Fixed 2 duplicate /gene - atpD_1 atpD_2
[17:36:34] Fixed 2 duplicate /gene - luxS_1 luxS_2
[17:36:34] Fixed 2 duplicate /gene - pnp_1 pnp_2
[17:36:34] Fixed 2 duplicate /gene - spxA_1 spxA_2
[17:36:34] Fixed 3 duplicate /gene - manX_1 manX_2 manX_3
[17:36:34] Fixed 2 duplicate /gene - ccpA_1 ccpA_2
[17:36:34] Fixed 2 duplicate /gene - ykoD_1 ykoD_2
[17:36:34] Fixed 4 duplicate /gene - rhaR_1 rhaR_2 rhaR_3 rhaR_4
[17:36:34] Fixed 2 duplicate /gene - gmk_1 gmk_2
[17:36:34] Fixed 2 duplicate /gene - apbE_1 apbE_2
[17:36:34] Fixed 2 duplicate /gene - gmuD_1 gmuD_2
[17:36:34] Fixed 2 duplicate /gene - celA_1 celA_2
[17:36:34] Fixed 2 duplicate /gene - lexA_1 lexA_2
[17:36:34] Fixed 2 duplicate /gene - rnz_1 rnz_2
[17:36:34] Fixed 2 duplicate /gene - ulaA_1 ulaA_2
[17:36:34] Fixed 2 duplicate /gene - ettA_1 ettA_2
[17:36:34] Fixed 2 duplicate /gene - srrA_1 srrA_2
[17:36:34] Fixed 2 duplicate /gene - gsiC_1 gsiC_2
[17:36:34] Fixed 2 duplicate /gene - mntB_1 mntB_2
[17:36:34] Fixed 2 duplicate /gene - nagB_1 nagB_2
[17:36:34] Fixed 2 duplicate /gene - sufS_1 sufS_2
[17:36:34] Fixed 2 duplicate /gene - sasA_1 sasA_2
[17:36:34] Fixed 2 duplicate /gene - trxB_1 trxB_2
[17:36:34] Fixed 2 duplicate /gene - fpgS_1 fpgS_2
[17:36:34] Fixed 2 duplicate /gene - nylA_1 nylA_2
[17:36:34] Fixed 2 duplicate /gene - argS_1 argS_2
[17:36:34] Fixed 2 duplicate /gene - rnfC_1 rnfC_2
[17:36:34] Fixed 4 duplicate /gene - brnQ_1 brnQ_2 brnQ_3 brnQ_4
[17:36:34] Fixed 2 duplicate /gene - tenA_1 tenA_2
[17:36:34] Fixed 2 duplicate /gene - ytrB_1 ytrB_2
[17:36:34] Fixed 2 duplicate /gene - est_1 est_2
[17:36:34] Fixed 2 duplicate /gene - clpC_1 clpC_2
[17:36:34] Fixed 2 duplicate /gene - pepF1_1 pepF1_2
[17:36:34] Fixed 2 duplicate /gene - rsmH_1 rsmH_2
[17:36:34] Fixed 3 duplicate /gene - cadA_1 cadA_2 cadA_3
[17:36:34] Fixed 2 duplicate /gene - lplJ_1 lplJ_2
[17:36:34] Fixed 2 duplicate /gene - urdA_1 urdA_2
[17:36:34] Fixed 3 duplicate /gene - ssbA_1 ssbA_2 ssbA_3
[17:36:34] Fixed 2 duplicate /gene - metN_1 metN_2
[17:36:34] Fixed 3 duplicate /gene - licR_1 licR_2 licR_3
[17:36:34] Fixed 2 duplicate /gene - dacA_1 dacA_2
[17:36:34] Fixed 2 duplicate /gene - nanA_1 nanA_2
[17:36:34] Fixed 2 duplicate /gene - ptsG_1 ptsG_2
[17:36:34] Fixed 3 duplicate /gene - metP_1 metP_2 metP_3
[17:36:34] Fixed 3 duplicate /gene - fabG_1 fabG_2 fabG_3
[17:36:34] Fixed 2 duplicate /gene - cobB_1 cobB_2
[17:36:34] Fixed 2 duplicate /gene - dsdA_1 dsdA_2
[17:36:34] Fixed 2 duplicate /gene - ecfT_1 ecfT_2
[17:36:34] Fixed 2 duplicate /gene - dagK_1 dagK_2
[17:36:34] Fixed 2 duplicate /gene - dnaI_1 dnaI_2
[17:36:34] Fixed 2 duplicate /gene - acpP_1 acpP_2
[17:36:34] Fixed 2 duplicate /gene - manZ_1 manZ_2
[17:36:34] Fixed 2 duplicate /gene - cdaR_1 cdaR_2
[17:36:34] Fixed 2 duplicate /gene - lacC_1 lacC_2
[17:36:34] Fixed 2 duplicate /gene - gshAB_1 gshAB_2
[17:36:34] Fixed 2 duplicate /gene - mshA_1 mshA_2
[17:36:34] Fixed 4 duplicate /gene - xerC_1 xerC_2 xerC_3 xerC_4
[17:36:34] Fixed 3 duplicate /gene - arnC_1 arnC_2 arnC_3
[17:36:34] Fixed 2 duplicate /gene - yohK_1 yohK_2
[17:36:34] Fixed 4 duplicate /gene - metQ_1 metQ_2 metQ_3 metQ_4
[17:36:34] Fixed 2 duplicate /gene - desR_1 desR_2
[17:36:34] Fixed 2 duplicate /gene - merA_1 merA_2
[17:36:34] Fixed 2 duplicate /gene - iscS_1 iscS_2
[17:36:34] Fixed 2 duplicate /gene - rpoN1_1 rpoN1_2
[17:36:34] Fixed 2 duplicate /gene - dnaC_1 dnaC_2
[17:36:34] Fixed 3 duplicate /gene - oppD_1 oppD_2 oppD_3
[17:36:34] Fixed 2 duplicate /gene - trxA_1 trxA_2
[17:36:34] Fixed 2 duplicate /gene - mgtE_1 mgtE_2
[17:36:34] Fixed 2 duplicate /gene - lrgA_1 lrgA_2
[17:36:34] Fixed 2 duplicate /gene - atpE_1 atpE_2
[17:36:34] Fixed 2 duplicate /gene - prmC_1 prmC_2
[17:36:34] Fixed 89 colliding /gene names.
[17:36:34] Adding /locus_tag identifiers
[17:36:34] Assigned 1877 locus_tags to CDS and RNA features.
[17:36:34] Writing outputs to analysis_prokka/Prokka_Out/
[17:36:35] Generating annotation statistics file
[17:36:35] Generating Genbank and Sequin files
[17:36:35] Running: tbl2asn -V b -a r10k -l paired-ends -M n -N 1 -y 'Annotated using prokka 1.14.6 from https://github.com/tseemann/prokka' -Z analysis_prokka\/Prokka_Out\/prokka_dpi_genomes_forncbi_kpl3264\.current\.err -i analysis_prokka\/Prokka_Out\/prokka_dpi_genomes_forncbi_kpl3264\.current\.fsa 2> /dev/null
[17:36:38] Could not run command: tbl2asn -V b -a r10k -l paired-ends -M n -N 1 -y 'Annotated using prokka 1.14.6 from https://github.com/tseemann/prokka' -Z analysis_prokka\/Prokka_Out\/prokka_dpi_genomes_forncbi_kpl3264\.current\.err -i analysis_prokka\/Prokka_Out\/prokka_dpi_genomes_forncbi_kpl3264\.current\.fsa 2> /dev/null
