[16:56:59] This is prokka 1.14.6
[16:56:59] Written by Torsten Seemann <torsten.seemann@gmail.com>
[16:56:59] Homepage is https://github.com/tseemann/prokka
[16:56:59] Local time is Fri Jul 10 16:56:59 2020
[16:56:59] You are isabelfe
[16:56:59] Operating system is darwin
[16:56:59] You have BioPerl 1.007002
[16:56:59] System has 2 cores.
[16:56:59] Will use maximum of 2 cores.
[16:56:59] Annotating as >>> Bacteria <<<
[16:56:59] Generating locus_tag from 'analysis_prokka/Reformat_Dpig/dpi_genomes_forncbi_kpl3052_c.current.fa' contents.
[16:56:59] Setting --locustag EHCBDENP from MD5 e1cbde79f467c67bac765db494903e3c
[16:56:59] Re-using existing --outdir analysis_prokka/Prokka_Out
[16:56:59] Using filename prefix: prokka_dpi_genomes_forncbi_kpl3052_c.current.XXX
[16:56:59] Setting HMMER_NCPU=1
[16:56:59] Writing log to: analysis_prokka/Prokka_Out/prokka_dpi_genomes_forncbi_kpl3052_c.current.log
[16:56:59] Command: /Users/isabelfe/opt/anaconda3/bin/prokka --prefix prokka_dpi_genomes_forncbi_kpl3052_c.current --outdir analysis_prokka/Prokka_Out --cpus 0 --force analysis_prokka/Reformat_Dpig/dpi_genomes_forncbi_kpl3052_c.current.fa
[16:56:59] Appending to PATH: /Users/isabelfe/opt/anaconda3/bin
[16:56:59] Looking for 'aragorn' - found /Users/isabelfe/opt/anaconda3/bin/aragorn
[16:56:59] Determined aragorn version is 001002 from 'ARAGORN v1.2.38 Dean Laslett'
[16:56:59] Looking for 'barrnap' - found /Users/isabelfe/opt/anaconda3/bin/barrnap
[16:56:59] Determined barrnap version is 000009 from 'barrnap 0.9'
[16:56:59] Looking for 'blastp' - found /Users/isabelfe/opt/anaconda3/bin/blastp
[16:57:00] Determined blastp version is 002009 from 'blastp: 2.9.0+'
[16:57:00] Looking for 'cmpress' - found /Users/isabelfe/opt/anaconda3/bin/cmpress
[16:57:00] Determined cmpress version is 001001 from '# INFERNAL 1.1.2 (July 2016)'
[16:57:00] Looking for 'cmscan' - found /Users/isabelfe/opt/anaconda3/bin/cmscan
[16:57:00] Determined cmscan version is 001001 from '# INFERNAL 1.1.2 (July 2016)'
[16:57:00] Looking for 'egrep' - found /usr/bin/egrep
[16:57:00] Looking for 'find' - found /usr/bin/find
[16:57:00] Looking for 'grep' - found /usr/bin/grep
[16:57:00] Looking for 'hmmpress' - found /Users/isabelfe/opt/anaconda3/bin/hmmpress
[16:57:00] Determined hmmpress version is 003003 from '# HMMER 3.3 (Nov 2019); http://hmmer.org/'
[16:57:00] Looking for 'hmmscan' - found /Users/isabelfe/opt/anaconda3/bin/hmmscan
[16:57:00] Determined hmmscan version is 003003 from '# HMMER 3.3 (Nov 2019); http://hmmer.org/'
[16:57:00] Looking for 'java' - found /Users/isabelfe/opt/anaconda3/bin/java
[16:57:00] Looking for 'makeblastdb' - found /Users/isabelfe/opt/anaconda3/bin/makeblastdb
[16:57:00] Determined makeblastdb version is 002009 from 'makeblastdb: 2.9.0+'
[16:57:00] Looking for 'minced' - found /Users/isabelfe/opt/anaconda3/bin/minced
[16:57:01] Determined minced version is 004002 from 'minced 0.4.2'
[16:57:01] Looking for 'parallel' - found /Users/isabelfe/opt/anaconda3/bin/parallel
[16:57:01] Determined parallel version is 20200522 from 'GNU parallel 20200522'
[16:57:01] Looking for 'prodigal' - found /Users/isabelfe/opt/anaconda3/bin/prodigal
[16:57:01] Determined prodigal version is 002006 from 'Prodigal V2.6.3: February, 2016'
[16:57:01] Looking for 'prokka-genbank_to_fasta_db' - found /Users/isabelfe/opt/anaconda3/bin/prokka-genbank_to_fasta_db
[16:57:01] Looking for 'sed' - found /usr/bin/sed
[16:57:01] Looking for 'tbl2asn' - found /Users/isabelfe/opt/anaconda3/bin/tbl2asn
[16:57:01] Determined tbl2asn version is 025007 from 'tbl2asn 25.7   arguments:'
[16:57:01] Using genetic code table 11.
[16:57:01] Loading and checking input file: analysis_prokka/Reformat_Dpig/dpi_genomes_forncbi_kpl3052_c.current.fa
[16:57:01] Wrote 1 contigs totalling 2001464 bp.
[16:57:01] Predicting tRNAs and tmRNAs
[16:57:01] Running: aragorn -l -gc11  -w analysis_prokka\/Prokka_Out\/prokka_dpi_genomes_forncbi_kpl3052_c\.current\.fna
[16:57:03] tRNA c[109185,109272] is a pseudo/wacky gene - skipping.
[16:57:03] 2 tRNA-Val [163195,163269] 35 (gac)
[16:57:03] 3 tRNA-Ala [417687,417761] 35 (tgc)
[16:57:03] 4 tRNA-Asn [421083,421157] 35 (gtt)
[16:57:03] 5 tRNA-Leu [491636,491720] 34 (gag)
[16:57:03] 6 tRNA-Ser [1241600,1241688] 36 (gga)
[16:57:03] 7 tRNA-Arg c[1303362,1303436] 35 (tct)
[16:57:03] 8 tRNA-Phe c[1455370,1455445] 35 (gaa)
[16:57:03] 9 tRNA-Asp c[1455451,1455526] 36 (gtc)
[16:57:03] 10 tRNA-Ser c[1455550,1455639] 37 (tga)
[16:57:03] 11 tRNA-Glu c[1455649,1455720] 34 (ttc)
[16:57:03] 12 tRNA-Ser c[1455736,1455826] 36 (gct)
[16:57:03] 13 tRNA-Ile c[1455853,1455928] 36 (gat)
[16:57:03] 14 tRNA-Gly c[1455936,1456006] 33 (tcc)
[16:57:03] 15 tRNA-Asp c[1456011,1456086] 36 (gtc)
[16:57:03] 16 tRNA-Met c[1456101,1456175] 35 (cat)
[16:57:03] 17 tRNA-Pro c[1456185,1456258] 35 (tgg)
[16:57:03] 18 tRNA-Arg c[1456280,1456355] 36 (acg)
[16:57:03] 19 tRNA-Leu c[1456364,1456450] 35 (taa)
[16:57:03] 20 tRNA-Gly c[1456479,1456550] 33 (gcc)
[16:57:03] 21 tRNA-Thr c[1456566,1456638] 34 (tgt)
[16:57:03] 22 tRNA-Leu c[1456645,1456726] 35 (tag)
[16:57:03] 23 tRNA-Lys c[1456744,1456816] 34 (ttt)
[16:57:03] 24 tRNA-Val c[1456826,1456898] 34 (tac)
[16:57:03] 25 tmRNA [1560434,1560791] 92,127 ANKNSNLALAA*
[16:57:03] 26 tRNA-Thr c[1702113,1702185] 34 (ggt)
[16:57:03] 27 tRNA-Gln c[1707532,1707605] 34 (ttg)
[16:57:03] 28 tRNA-Tyr c[1707609,1707692] 36 (gta)
[16:57:03] 29 tRNA-Glu c[1707697,1707768] 34 (ttc)
[16:57:03] 30 tRNA-SeC [1791816,1791913] 36 (tca)
[16:57:03] 31 tRNA-Arg c[1835117,1835191] 35 (tcg)
[16:57:03] 32 tRNA-Lys c[1835215,1835287] 34 (ttt)
[16:57:03] 33 tRNA-Val c[1835297,1835369] 34 (tac)
[16:57:03] 34 tRNA-Leu c[1840624,1840708] 35 (caa)
[16:57:03] 35 tRNA-Cys c[1840736,1840808] 33 (gca)
[16:57:03] 36 tRNA-Gln c[1840820,1840893] 34 (ttg)
[16:57:03] 37 tRNA-His c[1840908,1840982] 35 (gtg)
[16:57:03] 38 tRNA-Trp c[1840992,1841064] 34 (cca)
[16:57:03] 39 tRNA-Tyr c[1841067,1841149] 36 (gta)
[16:57:03] 40 tRNA-Phe c[1841166,1841240] 35 (gaa)
[16:57:03] 41 tRNA-Asp c[1841246,1841321] 36 (gtc)
[16:57:03] 42 tRNA-Met c[1841336,1841410] 35 (cat)
[16:57:03] 43 tRNA-Ser c[1841429,1841518] 37 (tga)
[16:57:03] 44 tRNA-Glu c[1841531,1841602] 34 (ttc)
[16:57:03] 45 tRNA-Ile c[1841618,1841693] 36 (gat)
[16:57:03] 46 tRNA-Gly c[1841703,1841773] 33 (tcc)
[16:57:03] 47 tRNA-Met c[1841826,1841899] 35 (cat)
[16:57:03] 48 tRNA-Met c[1841917,1841992] 36 (cat)
[16:57:03] 49 tRNA-Pro c[1842011,1842084] 35 (tgg)
[16:57:03] 50 tRNA-Arg c[1842141,1842216] 36 (acg)
[16:57:03] 51 tRNA-Leu c[1842225,1842311] 35 (taa)
[16:57:03] 52 tRNA-Gly c[1842340,1842411] 33 (gcc)
[16:57:03] 53 tRNA-Thr c[1842427,1842499] 34 (tgt)
[16:57:03] 54 tRNA-Asn c[1954058,1954132] 35 (gtt)
[16:57:03] 55 tRNA-Ala c[1957452,1957526] 35 (tgc)
[16:57:03] Found 54 tRNAs
[16:57:03] Predicting Ribosomal RNAs
[16:57:03] Running Barrnap with 2 threads
[16:57:08] 1 c_000000000001 416063 16S ribosomal RNA
[16:57:08] 2 c_000000000001 417956 23S ribosomal RNA
[16:57:08] 3 c_000000000001 420940 5S ribosomal RNA
[16:57:08] 4 c_000000000001 1456916 5S ribosomal RNA
[16:57:08] 5 c_000000000001 1457109 23S ribosomal RNA
[16:57:08] 6 c_000000000001 1460269 16S ribosomal RNA
[16:57:08] 7 c_000000000001 1835387 5S ribosomal RNA
[16:57:08] 8 c_000000000001 1835580 23S ribosomal RNA
[16:57:08] 9 c_000000000001 1838739 16S ribosomal RNA
[16:57:08] 10 c_000000000001 1954165 5S ribosomal RNA
[16:57:08] 11 c_000000000001 1954358 23S ribosomal RNA
[16:57:08] 12 c_000000000001 1957609 16S ribosomal RNA
[16:57:08] Found 12 rRNAs
[16:57:08] Skipping ncRNA search, enable with --rfam if desired.
[16:57:08] Total of 65 tRNA + rRNA features
[16:57:08] Searching for CRISPR repeats
[16:57:09] CRISPR1 c_000000000001 734458 with 22 spacers
[16:57:09] Found 1 CRISPRs
[16:57:09] Predicting coding sequences
[16:57:09] Contigs total 2001464 bp, so using single mode
[16:57:09] Running: prodigal -i analysis_prokka\/Prokka_Out\/prokka_dpi_genomes_forncbi_kpl3052_c\.current\.fna -c -m -g 11 -p single -f sco -q
[16:57:17] Excluding CDS which overlaps existing RNA (tRNA) at c_000000000001:1701960..1702154 on - strand
[16:57:18] Found 1820 CDS
[16:57:18] Connecting features back to sequences
[16:57:18] Not using genus-specific database. Try --usegenus to enable it.
[16:57:18] Annotating CDS, please be patient.
[16:57:18] Will use 2 CPUs for similarity searching.
[16:57:19] There are still 1820 unannotated CDS left (started with 1820)
[16:57:19] Will use blast to search against /Users/isabelfe/opt/anaconda3/db/kingdom/Bacteria/IS with 2 CPUs
[16:57:19] Running: cat analysis_prokka\/Prokka_Out\/prokka_dpi_genomes_forncbi_kpl3052_c\.current\.IS\.tmp\.57084\.faa | parallel --gnu --plain -j 2 --block 148890 --recstart '>' --pipe blastp -query - -db /Users/isabelfe/opt/anaconda3/db/kingdom/Bacteria/IS -evalue 1e-30 -qcov_hsp_perc 90 -num_threads 1 -num_descriptions 1 -num_alignments 1 -seg no > analysis_prokka\/Prokka_Out\/prokka_dpi_genomes_forncbi_kpl3052_c\.current\.IS\.tmp\.57084\.blast 2> /dev/null
[16:57:50] Deleting unwanted file: analysis_prokka/Prokka_Out/prokka_dpi_genomes_forncbi_kpl3052_c.current.IS.tmp.57084.faa
[16:57:50] Deleting unwanted file: analysis_prokka/Prokka_Out/prokka_dpi_genomes_forncbi_kpl3052_c.current.IS.tmp.57084.blast
[16:57:51] There are still 1812 unannotated CDS left (started with 1820)
[16:57:51] Will use blast to search against /Users/isabelfe/opt/anaconda3/db/kingdom/Bacteria/AMR with 2 CPUs
[16:57:51] Running: cat analysis_prokka\/Prokka_Out\/prokka_dpi_genomes_forncbi_kpl3052_c\.current\.AMR\.tmp\.57084\.faa | parallel --gnu --plain -j 2 --block 148306 --recstart '>' --pipe blastp -query - -db /Users/isabelfe/opt/anaconda3/db/kingdom/Bacteria/AMR -evalue 9.99999999999999e-301 -qcov_hsp_perc 90 -num_threads 1 -num_descriptions 1 -num_alignments 1 -seg no > analysis_prokka\/Prokka_Out\/prokka_dpi_genomes_forncbi_kpl3052_c\.current\.AMR\.tmp\.57084\.blast 2> /dev/null
[16:58:21] Deleting unwanted file: analysis_prokka/Prokka_Out/prokka_dpi_genomes_forncbi_kpl3052_c.current.AMR.tmp.57084.faa
[16:58:21] Deleting unwanted file: analysis_prokka/Prokka_Out/prokka_dpi_genomes_forncbi_kpl3052_c.current.AMR.tmp.57084.blast
[16:58:23] There are still 1812 unannotated CDS left (started with 1820)
[16:58:23] Will use blast to search against /Users/isabelfe/opt/anaconda3/db/kingdom/Bacteria/sprot with 2 CPUs
[16:58:23] Running: cat analysis_prokka\/Prokka_Out\/prokka_dpi_genomes_forncbi_kpl3052_c\.current\.sprot\.tmp\.57084\.faa | parallel --gnu --plain -j 2 --block 148306 --recstart '>' --pipe blastp -query - -db /Users/isabelfe/opt/anaconda3/db/kingdom/Bacteria/sprot -evalue 1e-09 -qcov_hsp_perc 80 -num_threads 1 -num_descriptions 1 -num_alignments 1 -seg no > analysis_prokka\/Prokka_Out\/prokka_dpi_genomes_forncbi_kpl3052_c\.current\.sprot\.tmp\.57084\.blast 2> /dev/null
[17:00:29] Modify product: Uncharacterized protein NMB0459 => putative protein
[17:00:29] Modify product: UPF0365 protein SA1402 => hypothetical protein
[17:00:29] Modify product: Putative glycerol transporter Lin0368 => Putative glycerol transporter
[17:00:29] Modify product: Putative glycerol transporter Lin0367 => Putative glycerol transporter
[17:00:30] Modify product: Probable transcription repressor NiaR => putative transcription repressor NiaR
[17:00:30] Modify product: Probable protein-export membrane protein SecG => putative protein-export membrane protein SecG
[17:00:30] Modify product: Uncharacterized protein Spy1614 => putative protein
[17:00:30] Modify product: Uncharacterized protein SA1069 => putative protein
[17:00:30] Modify product: Probable cell division protein WhiA => putative cell division protein WhiA
[17:00:30] Modify product: UPF0302 protein BA_1542/GBAA_1542/BAS1430 => hypothetical protein
[17:00:30] Modify product: Uncharacterized protein YpjD => putative protein YpjD
[17:00:30] Modify product: UPF0324 inner membrane protein YeiH => hypothetical protein
[17:00:30] Modify product: UPF0053 protein HI_0107 => hypothetical protein
[17:00:30] Modify product: Uncharacterized MscS family protein YkuT => putative MscS family protein YkuT
[17:00:30] Modify product: UPF0176 protein SP_0095 => hypothetical protein
[17:00:30] Modify product: Putative universal stress protein SA1532 => Putative universal stress protein
[17:00:30] Modify product: Uncharacterized AAA domain-containing protein Rv2559c => putative AAA domain-containing protein
[17:00:30] Modify product: Uncharacterized ABC transporter ATP-binding protein Rv0986 => putative ABC transporter ATP-binding protein
[17:00:30] Modify product: Probable multidrug resistance ABC transporter ATP-binding/permease protein YheI => putative multidrug resistance ABC transporter ATP-binding/permease protein YheI
[17:00:30] Modify product: Probable multidrug resistance ABC transporter ATP-binding/permease protein YheH => putative multidrug resistance ABC transporter ATP-binding/permease protein YheH
[17:00:30] Modify product: Probable undecaprenyl-phosphate N-acetylglucosaminyl 1-phosphate transferase => putative undecaprenyl-phosphate N-acetylglucosaminyl 1-phosphate transferase
[17:00:30] Modify product: Probable glycine dehydrogenase (decarboxylating) subunit 1 => putative glycine dehydrogenase (decarboxylating) subunit 1
[17:00:30] Modify product: Probable glycine dehydrogenase (decarboxylating) subunit 2 => putative glycine dehydrogenase (decarboxylating) subunit 2
[17:00:30] Modify product: UPF0073 inner membrane protein YqfA => hypothetical protein
[17:00:30] Modify product: Putative phosphatase M6_Spy0533 => Putative phosphatase
[17:00:30] Modify product: UPF0122 protein SP_1288 => hypothetical protein
[17:00:30] Modify product: UPF0109 protein Rv2908c => hypothetical protein
[17:00:30] Modify product: Probable ribosomal protein YlxQ => putative ribosomal protein YlxQ
[17:00:30] Modify product: Probable murein peptide carboxypeptidase => putative murein peptide carboxypeptidase
[17:00:30] Modify product: Probable endonuclease 4 => putative endonuclease 4
[17:00:30] Modify product: UPF0374 protein SP_1903 => hypothetical protein
[17:00:30] Modify product: Putative aminotransferase MSMEG_6286/MSMEI_6121 => Putative aminotransferase/MSMEI_6121
[17:00:30] Modify product: Uncharacterized protein YqeY => putative protein YqeY
[17:00:30] Modify product: UPF0178 protein YaiI => hypothetical protein
[17:00:30] Modify product: Uncharacterized protein YedJ => putative protein YedJ
[17:00:30] Modify product: DegV domain-containing protein spr1415 => DegV domain-containing protein
[17:00:30] Modify product: Nudix hydrolase DR_0079 => Nudix hydrolase
[17:00:30] Modify product: Bifunctional protein FolD => Bifunctional protein FolD protein
[17:00:30] Modify product: Uncharacterized protein YqgN => putative protein YqgN
[17:00:30] Modify product: Probable D,D-dipeptide transport system permease protein DdpC => putative D,D-dipeptide transport system permease protein DdpC
[17:00:30] Modify product: Uncharacterized PIN and TRAM-domain containing protein YacL => putative PIN and TRAM-domain containing protein YacL
[17:00:30] Modify product: Probable 3-hydroxyacyl-CoA dehydrogenase => putative 3-hydroxyacyl-CoA dehydrogenase
[17:00:30] Modify product: Uncharacterized oxidoreductase SpyM50865 => putative oxidoreductase
[17:00:30] Modify product: Probable quorum-quenching lactonase YtnP => putative quorum-quenching lactonase YtnP
[17:00:30] Modify product: Uncharacterized HTH-type transcriptional regulator SACOL2360 => putative HTH-type transcriptional regulator
[17:00:30] Modify product: Multidrug efflux system ATP-binding protein Rv1218c => Multidrug efflux system ATP-binding protein
[17:00:30] Modify product: Uncharacterized protein YhaP => putative protein YhaP
[17:00:30] Modify product: Uncharacterized ABC transporter ATP-binding protein Rv1273c => putative ABC transporter ATP-binding protein
[17:00:30] Modify product: Uncharacterized ABC transporter ATP-binding protein TM_0288 => putative ABC transporter ATP-binding protein
[17:00:30] Modify product: Probable fructose-bisphosphate aldolase => putative fructose-bisphosphate aldolase
[17:00:30] Modify product: Uncharacterized protein YdjI => putative protein YdjI
[17:00:30] Modify product: Putative phosphatase M6_Spy0533 => Putative phosphatase
[17:00:30] Modify product: Probable licABCH operon regulator => putative licABCH operon regulator
[17:00:30] Modify product: Uncharacterized HTH-type transcriptional regulator YbbH => putative HTH-type transcriptional regulator YbbH
[17:00:30] Modify product: Probable pyridine nucleotide-disulfide oxidoreductase RclA => putative pyridine nucleotide-disulfide oxidoreductase RclA
[17:00:30] Modify product: Putative multidrug export ATP-binding/permease protein SAV1866 => Putative multidrug export ATP-binding/permease protein
[17:00:31] Modify product: Uncharacterized ABC transporter ATP-binding protein Rv0986 => putative ABC transporter ATP-binding protein
[17:00:31] Modify product: Calcium-transporting ATPase lmo0841 => Calcium-transporting ATPase
[17:00:31] Modify product: Putative multidrug export ATP-binding/permease protein SAV1866 => Putative multidrug export ATP-binding/permease protein
[17:00:31] Modify product: GTP cyclohydrolase 1 type 2 homolog => GTP cyclohydrolase 1 type 2 
[17:00:31] Modify product: UPF0045 protein Rv1898 => hypothetical protein
[17:00:31] Modify product: UPF0346 protein YozE => hypothetical protein
[17:00:31] Modify product: RutC family protein HI_0719 => RutC family protein
[17:00:31] Modify product: Sulfurtransferase Alvin_2599 => Sulfurtransferase
[17:00:31] Modify product: Probable L-asparaginase => putative L-asparaginase
[17:00:31] Modify product: Putative transport protein Rv0205 => Putative transport protein
[17:00:31] Modify product: DegV domain-containing protein SA1258 => DegV domain-containing protein
[17:00:31] Modify product: UPF0342 protein SA1663 => hypothetical protein
[17:00:31] Modify product: Probable bifunctional oligoribonuclease and PAP phosphatase NrnA => putative bifunctional oligoribonuclease and PAP phosphatase NrnA
[17:00:31] Modify product: Uncharacterized protein Spy1535 => putative protein
[17:00:31] Modify product: Probable transcriptional regulatory protein MSMEG_2940/MSMEI_2866 => putative transcriptional regulatory protein/MSMEI_2866
[17:00:31] Modify product: Transcriptional repressor SmtB homolog => Transcriptional repressor SmtB 
[17:00:31] Modify product: Uncharacterized protein YdhK => putative protein YdhK
[17:00:31] Modify product: Putative trans-acting regulator SP_1800 => Putative trans-acting regulator
[17:00:31] Modify product: Uncharacterized epimerase/dehydratase SA0511 => putative epimerase/dehydratase
[17:00:31] Modify product: Probable metallo-hydrolase M6_Spy0554 => putative metallo-hydrolase
[17:00:31] Modify product: UPF0053 inner membrane protein YfjD => hypothetical protein
[17:00:31] Modify product: UPF0398 protein YpsA => hypothetical protein
[17:00:31] Modify product: Rqc2 homolog RqcH => Rqc2 RqcH
[17:00:31] Modify product: Putative metallophosphoesterase MG207 homolog => Putative metallophosphoesterase MG207 
[17:00:31] Modify product: TelA-like protein SA1238 => TelA-like protein
[17:00:31] Modify product: UPF0154 protein SA1178 => hypothetical protein
[17:00:31] Modify product: UPF0291 protein SP_1473 => hypothetical protein
[17:00:31] Modify product: Probable GTP-binding protein EngB => putative GTP-binding protein EngB
[17:00:31] Modify product: Probable nicotinate-nucleotide adenylyltransferase => putative nicotinate-nucleotide adenylyltransferase
[17:00:31] Modify product: RNA-binding protein HI_1333 => RNA-binding protein
[17:00:31] Modify product: Uncharacterized protein YqeH => putative protein YqeH
[17:00:31] Modify product: UPF0358 protein EF_2458 => hypothetical protein
[17:00:31] Modify product: Probable N-acetyl-LL-diaminopimelate aminotransferase => putative N-acetyl-LL-diaminopimelate aminotransferase
[17:00:31] Modify product: Probable N-acetyl-LL-diaminopimelate aminotransferase => putative N-acetyl-LL-diaminopimelate aminotransferase
[17:00:31] Modify product: Probable licABCH operon regulator => putative licABCH operon regulator
[17:00:31] Modify product: Probable tRNA sulfurtransferase => putative tRNA sulfurtransferase
[17:00:31] Modify product: Putative trans-acting regulator SP_1800 => Putative trans-acting regulator
[17:00:31] Modify product: UPF0702 transmembrane protein YetF => hypothetical protein
[17:00:31] Modify product: UPF0637 protein SA0957 => hypothetical protein
[17:00:31] Modify product: Uncharacterized multiple-sugar transport system permease YteP => putative multiple-sugar transport system permease YteP
[17:00:31] Modify product: Uncharacterized protein YpjQ => putative protein YpjQ
[17:00:31] Modify product: Uncharacterized oxidoreductase MSMEG_2407/MSMEI_2346 => putative oxidoreductase/MSMEI_2346
[17:00:31] Modify product: Acetyltransferase SACOL1063 => Acetyltransferase
[17:00:31] Modify product: Acetyltransferase SACOL1063 => Acetyltransferase
[17:00:31] Modify product: UPF0413 protein YjbH => hypothetical protein
[17:00:31] Modify product: UPF0758 protein YsxA => hypothetical protein
[17:00:31] Modify product: UPF0473 protein SP_0194 => hypothetical protein
[17:00:31] Modify product: UPF0297 protein EF_1202 => hypothetical protein
[17:00:31] Modify product: UPF0397 protein SP_0482 => hypothetical protein
[17:00:31] Modify product: UPF0051 protein SA0778 => hypothetical protein
[17:00:31] Modify product: UPF0051 protein SA0778 => hypothetical protein
[17:00:31] Modify product: Probable ABC transporter ATP-binding protein M6_Spy0273 => putative ABC transporter ATP-binding protein
[17:00:31] Modify product: Uncharacterized protein YqeN => putative protein YqeN
[17:00:32] Modify product: Uncharacterized protein YbbA => putative protein YbbA
[17:00:32] Modify product: Uncharacterized ABC transporter ATP-binding protein YheS => putative ABC transporter ATP-binding protein YheS
[17:00:32] Modify product: UPF0340 protein YwlG => hypothetical protein
[17:00:32] Modify product: Protease HtpX homolog => Protease HtpX 
[17:00:32] Modify product: Uncharacterized ABC transporter ATP-binding protein Rv0986 => putative ABC transporter ATP-binding protein
[17:00:32] Modify product: Probable ABC transporter phosphite binding protein PhnD1 => putative ABC transporter phosphite binding protein PhnD1
[17:00:32] Modify product: UPF0394 inner membrane protein YeeE => hypothetical protein
[17:00:32] Modify product: Uncharacterized protein YacP => putative protein YacP
[17:00:32] Modify product: Uncharacterized oxidoreductase YjhC => putative oxidoreductase YjhC
[17:00:32] Modify product: Probable peptidoglycan glycosyltransferase FtsW => putative peptidoglycan glycosyltransferase FtsW
[17:00:32] Cleaned 119 /product names
[17:00:32] Deleting unwanted file: analysis_prokka/Prokka_Out/prokka_dpi_genomes_forncbi_kpl3052_c.current.sprot.tmp.57084.faa
[17:00:32] Deleting unwanted file: analysis_prokka/Prokka_Out/prokka_dpi_genomes_forncbi_kpl3052_c.current.sprot.tmp.57084.blast
[17:00:33] There are still 748 unannotated CDS left (started with 1820)
[17:00:33] Will use hmmer3 to search against /Users/isabelfe/opt/anaconda3/db/hmm/HAMAP.hmm with 2 CPUs
[17:00:33] Running: cat analysis_prokka\/Prokka_Out\/prokka_dpi_genomes_forncbi_kpl3052_c\.current\.HAMAP\.hmm\.tmp\.57084\.faa | parallel --gnu --plain -j 2 --block 56311 --recstart '>' --pipe hmmscan --noali --notextw --acc -E 1e-09 --cpu 1 /Users/isabelfe/opt/anaconda3/db/hmm/HAMAP.hmm /dev/stdin > analysis_prokka\/Prokka_Out\/prokka_dpi_genomes_forncbi_kpl3052_c\.current\.HAMAP\.hmm\.tmp\.57084\.hmmer3 2> /dev/null
[17:01:34] Modify product: Uncharacterized Nudix hydrolase NudL => putative Nudix hydrolase NudL
[17:01:34] Modify product: Protein SprT-like => Protein SprT-like protein
[17:01:34] Cleaned 2 /product names
[17:01:34] Deleting unwanted file: analysis_prokka/Prokka_Out/prokka_dpi_genomes_forncbi_kpl3052_c.current.HAMAP.hmm.tmp.57084.faa
[17:01:34] Deleting unwanted file: analysis_prokka/Prokka_Out/prokka_dpi_genomes_forncbi_kpl3052_c.current.HAMAP.hmm.tmp.57084.hmmer3
[17:01:34] Labelling remaining 652 proteins as 'hypothetical protein'
[17:01:34] Possible /pseudo 'PTS system mannose-specific EIIAB component' at c_000000000001 position 149402
[17:01:34] Possible /pseudo 'putative ABC transporter ATP-binding protein' at c_000000000001 position 300504
[17:01:34] Possible /pseudo 'Putative glycerol transporter' at c_000000000001 position 605642
[17:01:34] Possible /pseudo 'V-type sodium ATPase subunit C' at c_000000000001 position 676933
[17:01:34] Possible /pseudo 'putative protein' at c_000000000001 position 694342
[17:01:34] Possible /pseudo 'Transcriptional regulator MtlR' at c_000000000001 position 712797
[17:01:34] Possible /pseudo 'Undecaprenyl-phosphate 4-deoxy-4-formamido-L-arabinose transferase' at c_000000000001 position 834626
[17:01:34] Possible /pseudo 'Cell division protein FtsA' at c_000000000001 position 1339962
[17:01:34] Possible /pseudo 'UDP-N-acetylmuramoylalanine--D-glutamate ligase' at c_000000000001 position 1344130
[17:01:34] Possible /pseudo 'Transcriptional regulator MraZ' at c_000000000001 position 1349287
[17:01:34] Possible /pseudo 'Dihydrolipoyl dehydrogenase' at c_000000000001 position 1367510
[17:01:34] Possible /pseudo 'putative N-acetyl-LL-diaminopimelate aminotransferase' at c_000000000001 position 1376523
[17:01:34] Possible /pseudo 'Acetyltransferase' at c_000000000001 position 1503156
[17:01:34] Possible /pseudo 'Acetate kinase' at c_000000000001 position 1526208
[17:01:34] Possible /pseudo 'Glycine reductase complex component B subunit gamma' at c_000000000001 position 1779456
[17:01:34] Found 919 unique /gene codes.
[17:01:34] Fixed 2 duplicate /gene - atpD_1 atpD_2
[17:01:34] Fixed 2 duplicate /gene - mgtE_1 mgtE_2
[17:01:34] Fixed 2 duplicate /gene - alsT_1 alsT_2
[17:01:34] Fixed 2 duplicate /gene - sufS_1 sufS_2
[17:01:34] Fixed 2 duplicate /gene - atpE_1 atpE_2
[17:01:34] Fixed 2 duplicate /gene - lacF_1 lacF_2
[17:01:34] Fixed 2 duplicate /gene - ackA_1 ackA_2
[17:01:34] Fixed 2 duplicate /gene - urdA_1 urdA_2
[17:01:34] Fixed 2 duplicate /gene - metN_1 metN_2
[17:01:34] Fixed 2 duplicate /gene - nylA_1 nylA_2
[17:01:34] Fixed 2 duplicate /gene - ssbA_1 ssbA_2
[17:01:34] Fixed 4 duplicate /gene - metQ_1 metQ_2 metQ_3 metQ_4
[17:01:34] Fixed 2 duplicate /gene - pnp_1 pnp_2
[17:01:34] Fixed 2 duplicate /gene - lnrL_1 lnrL_2
[17:01:34] Fixed 2 duplicate /gene - rnfC_1 rnfC_2
[17:01:34] Fixed 2 duplicate /gene - ftsA_1 ftsA_2
[17:01:34] Fixed 2 duplicate /gene - pdhD_1 pdhD_2
[17:01:34] Fixed 2 duplicate /gene - lplJ_1 lplJ_2
[17:01:34] Fixed 2 duplicate /gene - ntpC_1 ntpC_2
[17:01:34] Fixed 3 duplicate /gene - oppD_1 oppD_2 oppD_3
[17:01:34] Fixed 2 duplicate /gene - ecfT_1 ecfT_2
[17:01:34] Fixed 2 duplicate /gene - dnaG_1 dnaG_2
[17:01:34] Fixed 3 duplicate /gene - oppF_1 oppF_2 oppF_3
[17:01:34] Fixed 2 duplicate /gene - lrgA_1 lrgA_2
[17:01:34] Fixed 3 duplicate /gene - gatC_1 gatC_2 gatC_3
[17:01:34] Fixed 2 duplicate /gene - licR_1 licR_2
[17:01:34] Fixed 2 duplicate /gene - apbE_1 apbE_2
[17:01:34] Fixed 3 duplicate /gene - brnQ_1 brnQ_2 brnQ_3
[17:01:34] Fixed 5 duplicate /gene - agrA_1 agrA_2 agrA_3 agrA_4 agrA_5
[17:01:34] Fixed 2 duplicate /gene - dapX_1 dapX_2
[17:01:34] Fixed 2 duplicate /gene - manZ_1 manZ_2
[17:01:34] Fixed 2 duplicate /gene - cadA_1 cadA_2
[17:01:34] Fixed 2 duplicate /gene - yohK_1 yohK_2
[17:01:34] Fixed 2 duplicate /gene - aes_1 aes_2
[17:01:34] Fixed 2 duplicate /gene - trxB_1 trxB_2
[17:01:34] Fixed 2 duplicate /gene - dinB_1 dinB_2
[17:01:34] Fixed 2 duplicate /gene - purR_1 purR_2
[17:01:34] Fixed 2 duplicate /gene - dacA_1 dacA_2
[17:01:34] Fixed 2 duplicate /gene - mtlR_1 mtlR_2
[17:01:34] Fixed 2 duplicate /gene - tagU_1 tagU_2
[17:01:34] Fixed 2 duplicate /gene - sasA_1 sasA_2
[17:01:34] Fixed 5 duplicate /gene - smc_1 smc_2 smc_3 smc_4 smc_5
[17:01:34] Fixed 2 duplicate /gene - murD_1 murD_2
[17:01:34] Fixed 2 duplicate /gene - ngcG_1 ngcG_2
[17:01:34] Fixed 2 duplicate /gene - iscS_1 iscS_2
[17:01:34] Fixed 2 duplicate /gene - bglK_1 bglK_2
[17:01:34] Fixed 8 duplicate /gene - bcrA_1 bcrA_2 bcrA_3 bcrA_4 bcrA_5 bcrA_6 bcrA_7 bcrA_8
[17:01:34] Fixed 3 duplicate /gene - rhaR_1 rhaR_2 rhaR_3
[17:01:34] Fixed 2 duplicate /gene - argS_1 argS_2
[17:01:34] Fixed 3 duplicate /gene - lagD_1 lagD_2 lagD_3
[17:01:34] Fixed 2 duplicate /gene - trxA_1 trxA_2
[17:01:34] Fixed 2 duplicate /gene - gsiC_1 gsiC_2
[17:01:34] Fixed 2 duplicate /gene - rpoN1_1 rpoN1_2
[17:01:34] Fixed 2 duplicate /gene - ccpA_1 ccpA_2
[17:01:34] Fixed 2 duplicate /gene - est_1 est_2
[17:01:34] Fixed 2 duplicate /gene - ytrA_1 ytrA_2
[17:01:34] Fixed 2 duplicate /gene - zosA_1 zosA_2
[17:01:34] Fixed 10 duplicate /gene - btuD_1 btuD_2 btuD_3 btuD_4 btuD_5 btuD_6 btuD_7 btuD_8 btuD_9 btuD_10
[17:01:34] Fixed 2 duplicate /gene - dagK_1 dagK_2
[17:01:34] Fixed 2 duplicate /gene - ettA_1 ettA_2
[17:01:34] Fixed 2 duplicate /gene - lacC_1 lacC_2
[17:01:34] Fixed 2 duplicate /gene - cobB_1 cobB_2
[17:01:34] Fixed 2 duplicate /gene - licC_1 licC_2
[17:01:34] Fixed 2 duplicate /gene - pepF1_1 pepF1_2
[17:01:34] Fixed 2 duplicate /gene - licA_1 licA_2
[17:01:34] Fixed 2 duplicate /gene - luxS_1 luxS_2
[17:01:34] Fixed 2 duplicate /gene - mshA_1 mshA_2
[17:01:34] Fixed 3 duplicate /gene - bglH_1 bglH_2 bglH_3
[17:01:34] Fixed 2 duplicate /gene - fpgS_1 fpgS_2
[17:01:34] Fixed 2 duplicate /gene - rnfD_1 rnfD_2
[17:01:34] Fixed 2 duplicate /gene - nanA_1 nanA_2
[17:01:34] Fixed 2 duplicate /gene - mraZ_1 mraZ_2
[17:01:34] Fixed 2 duplicate /gene - galK_1 galK_2
[17:01:34] Fixed 3 duplicate /gene - arnC_1 arnC_2 arnC_3
[17:01:34] Fixed 2 duplicate /gene - lexA_1 lexA_2
[17:01:34] Fixed 2 duplicate /gene - gcvH_1 gcvH_2
[17:01:34] Fixed 2 duplicate /gene - srrA_1 srrA_2
[17:01:34] Fixed 2 duplicate /gene - thiD_1 thiD_2
[17:01:34] Fixed 2 duplicate /gene - dsdA_1 dsdA_2
[17:01:34] Fixed 2 duplicate /gene - ptsG_1 ptsG_2
[17:01:34] Fixed 2 duplicate /gene - era_1 era_2
[17:01:34] Fixed 4 duplicate /gene - xerC_1 xerC_2 xerC_3 xerC_4
[17:01:34] Fixed 2 duplicate /gene - nagB_1 nagB_2
[17:01:34] Fixed 2 duplicate /gene - clpC_1 clpC_2
[17:01:34] Fixed 2 duplicate /gene - walR_1 walR_2
[17:01:34] Fixed 2 duplicate /gene - tenA_1 tenA_2
[17:01:34] Fixed 2 duplicate /gene - spxA_1 spxA_2
[17:01:34] Fixed 2 duplicate /gene - desR_1 desR_2
[17:01:34] Fixed 2 duplicate /gene - yclP_1 yclP_2
[17:01:34] Fixed 3 duplicate /gene - manX_1 manX_2 manX_3
[17:01:34] Fixed 2 duplicate /gene - gmk_1 gmk_2
[17:01:34] Fixed 2 duplicate /gene - tpiA_1 tpiA_2
[17:01:34] Fixed 2 duplicate /gene - copY_1 copY_2
[17:01:34] Fixed 2 duplicate /gene - sglT_1 sglT_2
[17:01:34] Fixed 3 duplicate /gene - metP_1 metP_2 metP_3
[17:01:34] Fixed 2 duplicate /gene - acpP_1 acpP_2
[17:01:34] Fixed 2 duplicate /gene - uvrB_1 uvrB_2
[17:01:34] Fixed 2 duplicate /gene - grdB_1 grdB_2
[17:01:34] Fixed 2 duplicate /gene - ecfA1_1 ecfA1_2
[17:01:34] Fixed 3 duplicate /gene - fabG_1 fabG_2 fabG_3
[17:01:34] Fixed 2 duplicate /gene - topA_1 topA_2
[17:01:34] Fixed 2 duplicate /gene - rsmH_1 rsmH_2
[17:01:34] Fixed 102 colliding /gene names.
[17:01:34] Adding /locus_tag identifiers
[17:01:34] Assigned 1886 locus_tags to CDS and RNA features.
[17:01:34] Writing outputs to analysis_prokka/Prokka_Out/
[17:01:36] Generating annotation statistics file
[17:01:36] Generating Genbank and Sequin files
[17:01:36] Running: tbl2asn -V b -a r10k -l paired-ends -M n -N 1 -y 'Annotated using prokka 1.14.6 from https://github.com/tseemann/prokka' -Z analysis_prokka\/Prokka_Out\/prokka_dpi_genomes_forncbi_kpl3052_c\.current\.err -i analysis_prokka\/Prokka_Out\/prokka_dpi_genomes_forncbi_kpl3052_c\.current\.fsa 2> /dev/null
[17:01:45] Could not run command: tbl2asn -V b -a r10k -l paired-ends -M n -N 1 -y 'Annotated using prokka 1.14.6 from https://github.com/tseemann/prokka' -Z analysis_prokka\/Prokka_Out\/prokka_dpi_genomes_forncbi_kpl3052_c\.current\.err -i analysis_prokka\/Prokka_Out\/prokka_dpi_genomes_forncbi_kpl3052_c\.current\.fsa 2> /dev/null
