[18:31:53] This is prokka 1.14.6
[18:31:53] Written by Torsten Seemann <torsten.seemann@gmail.com>
[18:31:53] Homepage is https://github.com/tseemann/prokka
[18:31:53] Local time is Thu Oct 29 18:31:53 2020
[18:31:53] You are tommytran
[18:31:53] Operating system is darwin
[18:31:53] You have BioPerl 1.007002
[18:31:53] System has 6 cores.
[18:31:53] Will use maximum of 6 cores.
[18:31:53] Annotating as >>> Bacteria <<<
[18:31:53] Generating locus_tag from 'analysis_get_homologues/Renamed_Dpig/KPL3069.fa' contents.
[18:31:53] Setting --locustag DJACPFHC from MD5 d3ac9f1c067a32fdf1d4ab667f07abd7
[18:31:53] Re-using existing --outdir analysis_get_homologues/Prokka_Out
[18:31:53] Using filename prefix: prokka_KPL3069.XXX
[18:31:53] Setting HMMER_NCPU=1
[18:31:53] Writing log to: analysis_get_homologues/Prokka_Out/prokka_KPL3069.log
[18:31:53] Command: /Users/tommytran/miniconda3/bin/prokka --prefix prokka_KPL3069 --outdir analysis_get_homologues/Prokka_Out --genus Dolosigranulum --species pigrum --strain KPL3069 --cpus 0 --force analysis_get_homologues/Renamed_Dpig/KPL3069.fa
[18:31:53] Appending to PATH: /Users/tommytran/miniconda3/bin
[18:31:53] Looking for 'aragorn' - found /Users/tommytran/miniconda3/bin/aragorn
[18:31:53] Determined aragorn version is 001002 from 'ARAGORN v1.2.38 Dean Laslett'
[18:31:53] Looking for 'barrnap' - found /Users/tommytran/miniconda3/bin/barrnap
[18:31:53] Determined barrnap version is 000009 from 'barrnap 0.9'
[18:31:53] Looking for 'blastp' - found /Users/tommytran/miniconda3/bin/blastp
[18:31:53] Determined blastp version is 002009 from 'blastp: 2.9.0+'
[18:31:53] Looking for 'cmpress' - found /Users/tommytran/miniconda3/bin/cmpress
[18:31:53] Determined cmpress version is 001001 from '# INFERNAL 1.1.2 (July 2016)'
[18:31:53] Looking for 'cmscan' - found /Users/tommytran/miniconda3/bin/cmscan
[18:31:53] Determined cmscan version is 001001 from '# INFERNAL 1.1.2 (July 2016)'
[18:31:53] Looking for 'egrep' - found /usr/bin/egrep
[18:31:53] Looking for 'find' - found /usr/bin/find
[18:31:53] Looking for 'grep' - found /usr/bin/grep
[18:31:53] Looking for 'hmmpress' - found /Users/tommytran/miniconda3/bin/hmmpress
[18:31:53] Determined hmmpress version is 003003 from '# HMMER 3.3 (Nov 2019); http://hmmer.org/'
[18:31:53] Looking for 'hmmscan' - found /Users/tommytran/miniconda3/bin/hmmscan
[18:31:53] Determined hmmscan version is 003003 from '# HMMER 3.3 (Nov 2019); http://hmmer.org/'
[18:31:53] Looking for 'java' - found /Users/tommytran/miniconda3/bin/java
[18:31:53] Looking for 'makeblastdb' - found /Users/tommytran/miniconda3/bin/makeblastdb
[18:31:54] Determined makeblastdb version is 002009 from 'makeblastdb: 2.9.0+'
[18:31:54] Looking for 'minced' - found /Users/tommytran/miniconda3/bin/minced
[18:31:54] Determined minced version is 004002 from 'minced 0.4.2'
[18:31:54] Looking for 'parallel' - found /Users/tommytran/miniconda3/bin/parallel
[18:31:54] Determined parallel version is 20200522 from 'GNU parallel 20200522'
[18:31:54] Looking for 'prodigal' - found /Users/tommytran/miniconda3/bin/prodigal
[18:31:54] Determined prodigal version is 002006 from 'Prodigal V2.6.3: February, 2016'
[18:31:54] Looking for 'prokka-genbank_to_fasta_db' - found /Users/tommytran/miniconda3/bin/prokka-genbank_to_fasta_db
[18:31:54] Looking for 'sed' - found /usr/bin/sed
[18:31:54] Looking for 'tbl2asn' - found /Users/tommytran/miniconda3/bin/tbl2asn
[18:31:54] Determined tbl2asn version is 025007 from 'tbl2asn 25.7   arguments:'
[18:31:54] Using genetic code table 11.
[18:31:54] Loading and checking input file: analysis_get_homologues/Renamed_Dpig/KPL3069.fa
[18:31:54] Wrote 1 contigs totalling 1977296 bp.
[18:31:54] Predicting tRNAs and tmRNAs
[18:31:54] Running: aragorn -l -gc11  -w analysis_get_homologues\/Prokka_Out\/prokka_KPL3069\.fna
[18:31:55] tRNA c[115997,116084] is a pseudo/wacky gene - skipping.
[18:31:55] 2 tRNA-Val [169581,169655] 35 (gac)
[18:31:55] 3 tRNA-Ala [433644,433718] 35 (tgc)
[18:31:55] 4 tRNA-Asn [437038,437112] 35 (gtt)
[18:31:55] 5 tRNA-Leu [506381,506464] 34 (gag)
[18:31:55] 6 tRNA-Ser [1224501,1224589] 36 (gga)
[18:31:55] 7 tRNA-Arg c[1293077,1293151] 35 (tct)
[18:31:55] 8 tRNA-Phe c[1491084,1491158] 35 (gaa)
[18:31:55] 9 tRNA-Asp c[1491164,1491239] 36 (gtc)
[18:31:55] 10 tRNA-Ser c[1491263,1491352] 37 (tga)
[18:31:55] 11 tRNA-Glu c[1491363,1491434] 34 (ttc)
[18:31:55] 12 tRNA-Ser c[1491450,1491540] 36 (gct)
[18:31:55] 13 tRNA-Ile c[1491566,1491641] 36 (gat)
[18:31:55] 14 tRNA-Gly c[1491649,1491719] 33 (tcc)
[18:31:55] 15 tRNA-Asp c[1491724,1491799] 36 (gtc)
[18:31:55] 16 tRNA-Met c[1491814,1491888] 35 (cat)
[18:31:55] 17 tRNA-Pro c[1491898,1491971] 35 (tgg)
[18:31:55] 18 tRNA-Arg c[1491993,1492068] 36 (acg)
[18:31:55] 19 tRNA-Leu c[1492077,1492163] 35 (taa)
[18:31:55] 20 tRNA-Gly c[1492192,1492263] 33 (gcc)
[18:31:55] 21 tRNA-Thr c[1492279,1492351] 34 (tgt)
[18:31:55] 22 tRNA-Leu c[1492358,1492439] 35 (tag)
[18:31:55] 23 tRNA-Lys c[1492457,1492529] 34 (ttt)
[18:31:55] 24 tRNA-Val c[1492539,1492611] 34 (tac)
[18:31:55] 25 tmRNA [1601514,1601871] 92,127 ANKNSNLALAA*
[18:31:55] 26 tRNA-Thr c[1726161,1726233] 34 (ggt)
[18:31:55] 27 tRNA-Gln c[1731554,1731627] 34 (ttg)
[18:31:55] 28 tRNA-Tyr c[1731631,1731714] 36 (gta)
[18:31:55] 29 tRNA-Glu c[1731719,1731790] 34 (ttc)
[18:31:55] 30 tRNA-SeC [1799036,1799133] 36 (tca)
[18:31:55] 31 tRNA-Arg c[1816865,1816939] 35 (tcg)
[18:31:55] 32 tRNA-Lys c[1816963,1817035] 34 (ttt)
[18:31:55] 33 tRNA-Val c[1817045,1817117] 34 (tac)
[18:31:55] 34 tRNA-Leu c[1822373,1822457] 35 (caa)
[18:31:55] 35 tRNA-Cys c[1822485,1822557] 33 (gca)
[18:31:55] 36 tRNA-Gln c[1822569,1822642] 34 (ttg)
[18:31:55] 37 tRNA-His c[1822658,1822732] 35 (gtg)
[18:31:55] 38 tRNA-Trp c[1822742,1822814] 34 (cca)
[18:31:55] 39 tRNA-Tyr c[1822817,1822899] 36 (gta)
[18:31:55] 40 tRNA-Phe c[1822916,1822990] 35 (gaa)
[18:31:55] 41 tRNA-Asp c[1822996,1823071] 36 (gtc)
[18:31:55] 42 tRNA-Met c[1823086,1823160] 35 (cat)
[18:31:55] 43 tRNA-Ser c[1823178,1823267] 37 (tga)
[18:31:55] 44 tRNA-Glu c[1823280,1823351] 34 (ttc)
[18:31:55] 45 tRNA-Ile c[1823367,1823442] 36 (gat)
[18:31:55] 46 tRNA-Gly c[1823452,1823522] 33 (tcc)
[18:31:55] 47 tRNA-Met c[1823575,1823648] 35 (cat)
[18:31:55] 48 tRNA-Met c[1823666,1823741] 36 (cat)
[18:31:55] 49 tRNA-Pro c[1823760,1823833] 35 (tgg)
[18:31:55] 50 tRNA-Arg c[1823890,1823965] 36 (acg)
[18:31:55] 51 tRNA-Leu c[1823974,1824060] 35 (taa)
[18:31:55] 52 tRNA-Gly c[1824089,1824160] 33 (gcc)
[18:31:55] 53 tRNA-Thr c[1824176,1824248] 34 (tgt)
[18:31:55] 54 tRNA-Asn c[1930030,1930104] 35 (gtt)
[18:31:55] 55 tRNA-Ala c[1933425,1933499] 35 (tgc)
[18:31:55] Found 54 tRNAs
[18:31:55] Predicting Ribosomal RNAs
[18:31:55] Running Barrnap with 6 threads
[18:31:55] 1 c_000000000001 432020 16S ribosomal RNA
[18:31:55] 2 c_000000000001 433913 23S ribosomal RNA
[18:31:55] 3 c_000000000001 436895 5S ribosomal RNA
[18:31:55] 4 c_000000000001 1492629 5S ribosomal RNA
[18:31:55] 5 c_000000000001 1492822 23S ribosomal RNA
[18:31:55] 6 c_000000000001 1495982 16S ribosomal RNA
[18:31:55] 7 c_000000000001 1817135 5S ribosomal RNA
[18:31:55] 8 c_000000000001 1817328 23S ribosomal RNA
[18:31:55] 9 c_000000000001 1820488 16S ribosomal RNA
[18:31:55] 10 c_000000000001 1930137 5S ribosomal RNA
[18:31:55] 11 c_000000000001 1930330 23S ribosomal RNA
[18:31:55] 12 c_000000000001 1933581 16S ribosomal RNA
[18:31:55] Found 12 rRNAs
[18:31:55] Skipping ncRNA search, enable with --rfam if desired.
[18:31:55] Total of 65 tRNA + rRNA features
[18:31:55] Searching for CRISPR repeats
[18:31:56] CRISPR1 c_000000000001 746932 with 10 spacers
[18:31:56] Found 1 CRISPRs
[18:31:56] Predicting coding sequences
[18:31:56] Contigs total 1977296 bp, so using single mode
[18:31:56] Running: prodigal -i analysis_get_homologues\/Prokka_Out\/prokka_KPL3069\.fna -c -m -g 11 -p single -f sco -q
[18:31:59] Excluding CDS which overlaps existing RNA (tRNA) at c_000000000001:1725909..1726202 on - strand
[18:32:00] Found 1870 CDS
[18:32:00] Connecting features back to sequences
[18:32:00] Not using genus-specific database. Try --usegenus to enable it.
[18:32:00] Annotating CDS, please be patient.
[18:32:00] Will use 6 CPUs for similarity searching.
[18:32:00] There are still 1870 unannotated CDS left (started with 1870)
[18:32:00] Will use blast to search against /Users/tommytran/miniconda3/db/kingdom/Bacteria/IS with 6 CPUs
[18:32:00] Running: cat analysis_get_homologues\/Prokka_Out\/prokka_KPL3069\.IS\.tmp\.11618\.faa | parallel --gnu --plain -j 6 --block 48975 --recstart '>' --pipe blastp -query - -db /Users/tommytran/miniconda3/db/kingdom/Bacteria/IS -evalue 1e-30 -qcov_hsp_perc 90 -num_threads 1 -num_descriptions 1 -num_alignments 1 -seg no > analysis_get_homologues\/Prokka_Out\/prokka_KPL3069\.IS\.tmp\.11618\.blast 2> /dev/null
[18:32:06] Deleting unwanted file: analysis_get_homologues/Prokka_Out/prokka_KPL3069.IS.tmp.11618.faa
[18:32:06] Deleting unwanted file: analysis_get_homologues/Prokka_Out/prokka_KPL3069.IS.tmp.11618.blast
[18:32:06] There are still 1864 unannotated CDS left (started with 1870)
[18:32:06] Will use blast to search against /Users/tommytran/miniconda3/db/kingdom/Bacteria/AMR with 6 CPUs
[18:32:06] Running: cat analysis_get_homologues\/Prokka_Out\/prokka_KPL3069\.AMR\.tmp\.11618\.faa | parallel --gnu --plain -j 6 --block 48860 --recstart '>' --pipe blastp -query - -db /Users/tommytran/miniconda3/db/kingdom/Bacteria/AMR -evalue 9.99999999999999e-301 -qcov_hsp_perc 90 -num_threads 1 -num_descriptions 1 -num_alignments 1 -seg no > analysis_get_homologues\/Prokka_Out\/prokka_KPL3069\.AMR\.tmp\.11618\.blast 2> /dev/null
[18:32:11] Deleting unwanted file: analysis_get_homologues/Prokka_Out/prokka_KPL3069.AMR.tmp.11618.faa
[18:32:11] Deleting unwanted file: analysis_get_homologues/Prokka_Out/prokka_KPL3069.AMR.tmp.11618.blast
[18:32:11] There are still 1864 unannotated CDS left (started with 1870)
[18:32:11] Will use blast to search against /Users/tommytran/miniconda3/db/kingdom/Bacteria/sprot with 6 CPUs
[18:32:11] Running: cat analysis_get_homologues\/Prokka_Out\/prokka_KPL3069\.sprot\.tmp\.11618\.faa | parallel --gnu --plain -j 6 --block 48860 --recstart '>' --pipe blastp -query - -db /Users/tommytran/miniconda3/db/kingdom/Bacteria/sprot -evalue 1e-09 -qcov_hsp_perc 80 -num_threads 1 -num_descriptions 1 -num_alignments 1 -seg no > analysis_get_homologues\/Prokka_Out\/prokka_KPL3069\.sprot\.tmp\.11618\.blast 2> /dev/null
[18:32:33] Modify product: Uncharacterized protein NMB0459 => putative protein
[18:32:34] Modify product: UPF0365 protein SA1402 => hypothetical protein
[18:32:34] Modify product: Putative glycerol transporter Lin0368 => Putative glycerol transporter
[18:32:34] Modify product: Putative glycerol transporter Lin0367 => Putative glycerol transporter
[18:32:34] Modify product: Probable protein-export membrane protein SecG => putative protein-export membrane protein SecG
[18:32:34] Modify product: Uncharacterized protein Spy1614 => putative protein
[18:32:34] Modify product: Uncharacterized protein SA1069 => putative protein
[18:32:34] Modify product: Probable cell division protein WhiA => putative cell division protein WhiA
[18:32:34] Modify product: UPF0302 protein BA_1542/GBAA_1542/BAS1430 => hypothetical protein
[18:32:34] Modify product: Uncharacterized protein YpjD => putative protein YpjD
[18:32:34] Modify product: UPF0324 inner membrane protein YeiH => hypothetical protein
[18:32:34] Modify product: UPF0053 protein HI_0107 => hypothetical protein
[18:32:34] Modify product: Uncharacterized MscS family protein YkuT => putative MscS family protein YkuT
[18:32:34] Modify product: UPF0176 protein SP_0095 => hypothetical protein
[18:32:34] Modify product: Putative universal stress protein SA1532 => Putative universal stress protein
[18:32:34] Modify product: Uncharacterized AAA domain-containing protein Rv2559c => putative AAA domain-containing protein
[18:32:34] Modify product: Uncharacterized ABC transporter ATP-binding protein Rv0986 => putative ABC transporter ATP-binding protein
[18:32:34] Modify product: UPF0178 protein YaiI => hypothetical protein
[18:32:34] Modify product: Uncharacterized protein YedJ => putative protein YedJ
[18:32:34] Modify product: DegV domain-containing protein spr1415 => DegV domain-containing protein
[18:32:34] Modify product: Nudix hydrolase DR_0079 => Nudix hydrolase
[18:32:34] Modify product: Bifunctional protein FolD => Bifunctional protein FolD protein
[18:32:34] Modify product: Uncharacterized protein YqgN => putative protein YqgN
[18:32:34] Modify product: Probable D,D-dipeptide transport system permease protein DdpC => putative D,D-dipeptide transport system permease protein DdpC
[18:32:34] Modify product: Uncharacterized PIN and TRAM-domain containing protein YacL => putative PIN and TRAM-domain containing protein YacL
[18:32:34] Modify product: Fluoroquinolones export ATP-binding protein Rv2688c => Fluoroquinolones export ATP-binding protein
[18:32:34] Modify product: Probable multidrug resistance ABC transporter ATP-binding/permease protein YheI => putative multidrug resistance ABC transporter ATP-binding/permease protein YheI
[18:32:34] Modify product: Probable multidrug resistance ABC transporter ATP-binding/permease protein YheH => putative multidrug resistance ABC transporter ATP-binding/permease protein YheH
[18:32:34] Modify product: Probable undecaprenyl-phosphate N-acetylglucosaminyl 1-phosphate transferase => putative undecaprenyl-phosphate N-acetylglucosaminyl 1-phosphate transferase
[18:32:34] Modify product: Probable glycine dehydrogenase (decarboxylating) subunit 1 => putative glycine dehydrogenase (decarboxylating) subunit 1
[18:32:34] Modify product: Probable glycine dehydrogenase (decarboxylating) subunit 2 => putative glycine dehydrogenase (decarboxylating) subunit 2
[18:32:34] Modify product: UPF0073 inner membrane protein YqfA => hypothetical protein
[18:32:34] Modify product: Putative phosphatase M6_Spy0533 => Putative phosphatase
[18:32:34] Modify product: UPF0122 protein SP_1288 => hypothetical protein
[18:32:34] Modify product: UPF0109 protein Rv2908c => hypothetical protein
[18:32:34] Modify product: Probable ribosomal protein YlxQ => putative ribosomal protein YlxQ
[18:32:34] Modify product: Probable endonuclease 4 => putative endonuclease 4
[18:32:34] Modify product: UPF0374 protein SP_1903 => hypothetical protein
[18:32:34] Modify product: Putative aminotransferase MSMEG_6286/MSMEI_6121 => Putative aminotransferase/MSMEI_6121
[18:32:34] Modify product: Probable fructose-bisphosphate aldolase => putative fructose-bisphosphate aldolase
[18:32:34] Modify product: Uncharacterized protein NMB0459 => putative protein
[18:32:34] Modify product: Solute-binding protein Csal_2479 => Solute-binding protein
[18:32:34] Modify product: Uncharacterized oxidoreductase HI_0048 => putative oxidoreductase
[18:32:34] Modify product: Probable licABCH operon regulator => putative licABCH operon regulator
[18:32:34] Modify product: Uncharacterized HTH-type transcriptional regulator YbbH => putative HTH-type transcriptional regulator YbbH
[18:32:34] Modify product: Probable pyridine nucleotide-disulfide oxidoreductase RclA => putative pyridine nucleotide-disulfide oxidoreductase RclA
[18:32:34] Modify product: Putative multidrug export ATP-binding/permease protein SAV1866 => Putative multidrug export ATP-binding/permease protein
[18:32:34] Modify product: Uncharacterized ABC transporter ATP-binding protein Rv0986 => putative ABC transporter ATP-binding protein
[18:32:34] Modify product: Calcium-transporting ATPase lmo0841 => Calcium-transporting ATPase
[18:32:34] Modify product: Probable 3-hydroxyacyl-CoA dehydrogenase => putative 3-hydroxyacyl-CoA dehydrogenase
[18:32:34] Modify product: Uncharacterized oxidoreductase SpyM50865 => putative oxidoreductase
[18:32:34] Modify product: Probable quorum-quenching lactonase YtnP => putative quorum-quenching lactonase YtnP
[18:32:34] Modify product: Probable succinyl-diaminopimelate desuccinylase => putative succinyl-diaminopimelate desuccinylase
[18:32:34] Modify product: Uncharacterized HTH-type transcriptional regulator SACOL2360 => putative HTH-type transcriptional regulator
[18:32:34] Modify product: Multidrug efflux system ATP-binding protein Rv1218c => Multidrug efflux system ATP-binding protein
[18:32:34] Modify product: Uncharacterized protein YhaP => putative protein YhaP
[18:32:34] Modify product: Uncharacterized ABC transporter ATP-binding protein Rv1273c => putative ABC transporter ATP-binding protein
[18:32:34] Modify product: Uncharacterized ABC transporter ATP-binding protein TM_0288 => putative ABC transporter ATP-binding protein
[18:32:34] Modify product: Uncharacterized protein YqeY => putative protein YqeY
[18:32:34] Modify product: Putative multidrug export ATP-binding/permease protein SAV1866 => Putative multidrug export ATP-binding/permease protein
[18:32:34] Modify product: GTP cyclohydrolase 1 type 2 homolog => GTP cyclohydrolase 1 type 2 
[18:32:34] Modify product: UPF0045 protein Rv1898 => hypothetical protein
[18:32:34] Modify product: UPF0346 protein YozE => hypothetical protein
[18:32:34] Modify product: Sulfurtransferase Alvin_2599 => Sulfurtransferase
[18:32:34] Modify product: Probable L-asparaginase => putative L-asparaginase
[18:32:34] Modify product: Putative transport protein Rv0205 => Putative transport protein
[18:32:34] Modify product: DegV domain-containing protein SA1258 => DegV domain-containing protein
[18:32:34] Modify product: UPF0342 protein SA1663 => hypothetical protein
[18:32:34] Modify product: Probable bifunctional oligoribonuclease and PAP phosphatase NrnA => putative bifunctional oligoribonuclease and PAP phosphatase NrnA
[18:32:34] Modify product: Uncharacterized protein Spy1535 => putative protein
[18:32:34] Modify product: Uncharacterized multiple-sugar transport system permease YteP => putative multiple-sugar transport system permease YteP
[18:32:34] Modify product: Uncharacterized protein YpjQ => putative protein YpjQ
[18:32:34] Modify product: Uncharacterized oxidoreductase MSMEG_2408/MSMEI_2347 => putative oxidoreductase/MSMEI_2347
[18:32:34] Modify product: Acetyltransferase SACOL1063 => Acetyltransferase
[18:32:34] Modify product: Acetyltransferase SACOL1063 => Acetyltransferase
[18:32:34] Modify product: UPF0413 protein YjbH => hypothetical protein
[18:32:34] Modify product: UPF0758 protein YsxA => hypothetical protein
[18:32:34] Modify product: UPF0758 protein SP_1088 => hypothetical protein
[18:32:34] Modify product: UPF0473 protein SP_0194 => hypothetical protein
[18:32:34] Modify product: UPF0297 protein EF_1202 => hypothetical protein
[18:32:34] Modify product: UPF0397 protein SP_0482 => hypothetical protein
[18:32:34] Modify product: UPF0051 protein SA0778 => hypothetical protein
[18:32:34] Modify product: UPF0051 protein SA0778 => hypothetical protein
[18:32:34] Modify product: Probable ABC transporter ATP-binding protein M6_Spy0273 => putative ABC transporter ATP-binding protein
[18:32:34] Modify product: Probable transcriptional regulatory protein MSMEG_2940/MSMEI_2866 => putative transcriptional regulatory protein/MSMEI_2866
[18:32:34] Modify product: Transcriptional repressor SmtB homolog => Transcriptional repressor SmtB 
[18:32:34] Modify product: Uncharacterized protein YdhK => putative protein YdhK
[18:32:34] Modify product: Putative trans-acting regulator SP_1800 => Putative trans-acting regulator
[18:32:34] Modify product: Uncharacterized epimerase/dehydratase SA0511 => putative epimerase/dehydratase
[18:32:34] Modify product: Probable metallo-hydrolase M6_Spy0554 => putative metallo-hydrolase
[18:32:34] Modify product: UPF0053 inner membrane protein YfjD => hypothetical protein
[18:32:34] Modify product: UPF0398 protein YpsA => hypothetical protein
[18:32:34] Modify product: Rqc2 homolog RqcH => Rqc2 RqcH
[18:32:34] Modify product: Putative metallophosphoesterase MG207 homolog => Putative metallophosphoesterase MG207 
[18:32:34] Modify product: TelA-like protein SA1238 => TelA-like protein
[18:32:34] Modify product: UPF0154 protein SA1178 => hypothetical protein
[18:32:34] Modify product: UPF0291 protein SP_1473 => hypothetical protein
[18:32:34] Modify product: Probable L-ascorbate-6-phosphate lactonase UlaG => putative L-ascorbate-6-phosphate lactonase UlaG
[18:32:34] Modify product: Probable licABCH operon regulator => putative licABCH operon regulator
[18:32:34] Modify product: Probable GTP-binding protein EngB => putative GTP-binding protein EngB
[18:32:34] Modify product: Probable nicotinate-nucleotide adenylyltransferase => putative nicotinate-nucleotide adenylyltransferase
[18:32:34] Modify product: RNA-binding protein HI_1333 => RNA-binding protein
[18:32:34] Modify product: Uncharacterized protein YqeH => putative protein YqeH
[18:32:35] Modify product: UPF0358 protein EF_2458 => hypothetical protein
[18:32:35] Modify product: Probable N-acetyl-LL-diaminopimelate aminotransferase => putative N-acetyl-LL-diaminopimelate aminotransferase
[18:32:35] Modify product: Uncharacterized response regulatory protein SACOL0201 => putative response regulatory protein
[18:32:35] Modify product: Uncharacterized protein HI_0131 => putative protein
[18:32:35] Modify product: Probable licABCH operon regulator => putative licABCH operon regulator
[18:32:35] Modify product: Probable tRNA sulfurtransferase => putative tRNA sulfurtransferase
[18:32:35] Modify product: Putative trans-acting regulator SP_1800 => Putative trans-acting regulator
[18:32:35] Modify product: UPF0702 transmembrane protein YetF => hypothetical protein
[18:32:35] Modify product: UPF0637 protein SA0957 => hypothetical protein
[18:32:35] Modify product: Uncharacterized protein YqeN => putative protein YqeN
[18:32:35] Modify product: Uncharacterized protein YbbA => putative protein YbbA
[18:32:35] Modify product: Uncharacterized ABC transporter ATP-binding protein YheS => putative ABC transporter ATP-binding protein YheS
[18:32:35] Modify product: UPF0340 protein YwlG => hypothetical protein
[18:32:35] Modify product: Protease HtpX homolog => Protease HtpX 
[18:32:35] Modify product: Uncharacterized ABC transporter ATP-binding protein Rv0986 => putative ABC transporter ATP-binding protein
[18:32:35] Modify product: Probable ABC transporter phosphite binding protein PhnD1 => putative ABC transporter phosphite binding protein PhnD1
[18:32:35] Modify product: UPF0394 inner membrane protein YeeE => hypothetical protein
[18:32:35] Modify product: Uncharacterized protein YacP => putative protein YacP
[18:32:35] Modify product: Uncharacterized oxidoreductase YjhC => putative oxidoreductase YjhC
[18:32:35] Modify product: Uncharacterized oxidoreductase YjhC => putative oxidoreductase YjhC
[18:32:35] Modify product: Probable peptidoglycan glycosyltransferase FtsW => putative peptidoglycan glycosyltransferase FtsW
[18:32:35] Modify product: Uncharacterized ABC transporter ATP-binding protein YknY => putative ABC transporter ATP-binding protein YknY
[18:32:35] Cleaned 125 /product names
[18:32:35] Deleting unwanted file: analysis_get_homologues/Prokka_Out/prokka_KPL3069.sprot.tmp.11618.faa
[18:32:35] Deleting unwanted file: analysis_get_homologues/Prokka_Out/prokka_KPL3069.sprot.tmp.11618.blast
[18:32:35] There are still 786 unannotated CDS left (started with 1870)
[18:32:35] Will use hmmer3 to search against /Users/tommytran/miniconda3/db/hmm/HAMAP.hmm with 6 CPUs
[18:32:35] Running: cat analysis_get_homologues\/Prokka_Out\/prokka_KPL3069\.HAMAP\.hmm\.tmp\.11618\.faa | parallel --gnu --plain -j 6 --block 17982 --recstart '>' --pipe hmmscan --noali --notextw --acc -E 1e-09 --cpu 1 /Users/tommytran/miniconda3/db/hmm/HAMAP.hmm /dev/stdin > analysis_get_homologues\/Prokka_Out\/prokka_KPL3069\.HAMAP\.hmm\.tmp\.11618\.hmmer3 2> /dev/null
[18:32:46] Modify product: Uncharacterized Nudix hydrolase NudL => putative Nudix hydrolase NudL
[18:32:46] Modify product: Protein SprT-like => Protein SprT-like protein
[18:32:46] Cleaned 2 /product names
[18:32:46] Deleting unwanted file: analysis_get_homologues/Prokka_Out/prokka_KPL3069.HAMAP.hmm.tmp.11618.faa
[18:32:46] Deleting unwanted file: analysis_get_homologues/Prokka_Out/prokka_KPL3069.HAMAP.hmm.tmp.11618.hmmer3
[18:32:46] Labelling remaining 698 proteins as 'hypothetical protein'
[18:32:46] Possible /pseudo 'D-methionine-binding lipoprotein MetQ' at c_000000000001 position 115067
[18:32:46] Possible /pseudo 'PTS system mannose-specific EIIAB component' at c_000000000001 position 155789
[18:32:46] Possible /pseudo 'putative ABC transporter ATP-binding protein' at c_000000000001 position 310233
[18:32:46] Possible /pseudo 'Sialidase A' at c_000000000001 position 411223
[18:32:46] Possible /pseudo 'Putative glycerol transporter' at c_000000000001 position 613505
[18:32:46] Possible /pseudo 'putative protein' at c_000000000001 position 706818
[18:32:46] Possible /pseudo 'Undecaprenyl-phosphate 4-deoxy-4-formamido-L-arabinose transferase' at c_000000000001 position 845183
[18:32:46] Possible /pseudo 'Glucose-6-phosphate 1-dehydrogenase' at c_000000000001 position 974117
[18:32:46] Possible /pseudo 'Lipoprotein signal peptidase' at c_000000000001 position 1026386
[18:32:46] Possible /pseudo 'Exodeoxyribonuclease 7 large subunit' at c_000000000001 position 1135026
[18:32:46] Possible /pseudo 'LexA repressor' at c_000000000001 position 1480929
[18:32:46] Possible /pseudo 'Copper homeostasis protein CutC' at c_000000000001 position 1540112
[18:32:46] Possible /pseudo 'Acetyltransferase' at c_000000000001 position 1544428
[18:32:46] Possible /pseudo 'Glutathionyl-hydroquinone reductase YqjG' at c_000000000001 position 1709484
[18:32:46] Possible /pseudo 'Glycine reductase complex component B subunit gamma' at c_000000000001 position 1786655
[18:32:46] Possible /pseudo 'putative oxidoreductase YjhC' at c_000000000001 position 1840204
[18:32:46] Found 928 unique /gene codes.
[18:32:46] Fixed 2 duplicate /gene - galK_1 galK_2
[18:32:46] Fixed 2 duplicate /gene - tagU_1 tagU_2
[18:32:46] Fixed 2 duplicate /gene - lspA_1 lspA_2
[18:32:46] Fixed 2 duplicate /gene - yohK_1 yohK_2
[18:32:46] Fixed 2 duplicate /gene - ettA_1 ettA_2
[18:32:46] Fixed 2 duplicate /gene - xseA_1 xseA_2
[18:32:46] Fixed 2 duplicate /gene - recU_1 recU_2
[18:32:46] Fixed 2 duplicate /gene - acpP_1 acpP_2
[18:32:46] Fixed 3 duplicate /gene - cadA_1 cadA_2 cadA_3
[18:32:46] Fixed 2 duplicate /gene - bglH_1 bglH_2
[18:32:46] Fixed 2 duplicate /gene - est_1 est_2
[18:32:46] Fixed 2 duplicate /gene - trxB_1 trxB_2
[18:32:46] Fixed 2 duplicate /gene - topA_1 topA_2
[18:32:46] Fixed 2 duplicate /gene - uvrB_1 uvrB_2
[18:32:46] Fixed 2 duplicate /gene - ngcG_1 ngcG_2
[18:32:46] Fixed 2 duplicate /gene - rnfC_1 rnfC_2
[18:32:46] Fixed 2 duplicate /gene - cutC_1 cutC_2
[18:32:46] Fixed 2 duplicate /gene - yqjG_1 yqjG_2
[18:32:46] Fixed 2 duplicate /gene - zwf_1 zwf_2
[18:32:46] Fixed 3 duplicate /gene - oppF_1 oppF_2 oppF_3
[18:32:46] Fixed 2 duplicate /gene - nylA_1 nylA_2
[18:32:46] Fixed 2 duplicate /gene - dacA_1 dacA_2
[18:32:46] Fixed 2 duplicate /gene - licA_1 licA_2
[18:32:46] Fixed 2 duplicate /gene - gsiC_1 gsiC_2
[18:32:46] Fixed 2 duplicate /gene - macB_1 macB_2
[18:32:46] Fixed 8 duplicate /gene - btuD_1 btuD_2 btuD_3 btuD_4 btuD_5 btuD_6 btuD_7 btuD_8
[18:32:46] Fixed 2 duplicate /gene - ytrA_1 ytrA_2
[18:32:46] Fixed 2 duplicate /gene - dagK_1 dagK_2
[18:32:46] Fixed 5 duplicate /gene - metQ_1 metQ_2 metQ_3 metQ_4 metQ_5
[18:32:46] Fixed 3 duplicate /gene - metP_1 metP_2 metP_3
[18:32:46] Fixed 2 duplicate /gene - tenA_1 tenA_2
[18:32:46] Fixed 2 duplicate /gene - urdA_1 urdA_2
[18:32:46] Fixed 2 duplicate /gene - srrA_1 srrA_2
[18:32:46] Fixed 3 duplicate /gene - arnC_1 arnC_2 arnC_3
[18:32:46] Fixed 2 duplicate /gene - pnp_1 pnp_2
[18:32:46] Fixed 2 duplicate /gene - apbE_1 apbE_2
[18:32:46] Fixed 3 duplicate /gene - xerC_1 xerC_2 xerC_3
[18:32:46] Fixed 2 duplicate /gene - rhaR_1 rhaR_2
[18:32:46] Fixed 2 duplicate /gene - dapE_1 dapE_2
[18:32:46] Fixed 2 duplicate /gene - luxS_1 luxS_2
[18:32:46] Fixed 2 duplicate /gene - ssbA_1 ssbA_2
[18:32:46] Fixed 2 duplicate /gene - dnaC_1 dnaC_2
[18:32:46] Fixed 2 duplicate /gene - cobB_1 cobB_2
[18:32:46] Fixed 2 duplicate /gene - bglK_1 bglK_2
[18:32:46] Fixed 2 duplicate /gene - sglT_1 sglT_2
[18:32:46] Fixed 2 duplicate /gene - tcyP_1 tcyP_2
[18:32:46] Fixed 2 duplicate /gene - desR_1 desR_2
[18:32:46] Fixed 3 duplicate /gene - fabG_1 fabG_2 fabG_3
[18:32:46] Fixed 3 duplicate /gene - nanA_1 nanA_2 nanA_3
[18:32:46] Fixed 2 duplicate /gene - gmk_1 gmk_2
[18:32:46] Fixed 2 duplicate /gene - lacC_1 lacC_2
[18:32:46] Fixed 3 duplicate /gene - lexA_1 lexA_2 lexA_3
[18:32:46] Fixed 3 duplicate /gene - manX_1 manX_2 manX_3
[18:32:46] Fixed 2 duplicate /gene - natA_1 natA_2
[18:32:46] Fixed 2 duplicate /gene - rpoN1_1 rpoN1_2
[18:32:46] Fixed 2 duplicate /gene - rsmH_1 rsmH_2
[18:32:46] Fixed 2 duplicate /gene - argS_1 argS_2
[18:32:46] Fixed 2 duplicate /gene - lacF_1 lacF_2
[18:32:46] Fixed 2 duplicate /gene - ecfT_1 ecfT_2
[18:32:46] Fixed 2 duplicate /gene - mntB_1 mntB_2
[18:32:46] Fixed 2 duplicate /gene - metN_1 metN_2
[18:32:46] Fixed 2 duplicate /gene - iscS_1 iscS_2
[18:32:46] Fixed 2 duplicate /gene - nagB_1 nagB_2
[18:32:46] Fixed 2 duplicate /gene - lplJ_1 lplJ_2
[18:32:46] Fixed 2 duplicate /gene - fpgS_1 fpgS_2
[18:32:46] Fixed 2 duplicate /gene - ptsG_1 ptsG_2
[18:32:46] Fixed 2 duplicate /gene - purR_1 purR_2
[18:32:46] Fixed 2 duplicate /gene - sasA_1 sasA_2
[18:32:46] Fixed 2 duplicate /gene - manZ_1 manZ_2
[18:32:46] Fixed 2 duplicate /gene - lrgA_1 lrgA_2
[18:32:46] Fixed 2 duplicate /gene - gcvH_1 gcvH_2
[18:32:46] Fixed 2 duplicate /gene - mshA_1 mshA_2
[18:32:46] Fixed 3 duplicate /gene - licR_1 licR_2 licR_3
[18:32:46] Fixed 2 duplicate /gene - copY_1 copY_2
[18:32:46] Fixed 2 duplicate /gene - ulaA_1 ulaA_2
[18:32:46] Fixed 2 duplicate /gene - yjhC_1 yjhC_2
[18:32:46] Fixed 2 duplicate /gene - dnaG_1 dnaG_2
[18:32:46] Fixed 2 duplicate /gene - atpE_1 atpE_2
[18:32:46] Fixed 2 duplicate /gene - mgtE_1 mgtE_2
[18:32:46] Fixed 2 duplicate /gene - dppE_1 dppE_2
[18:32:46] Fixed 2 duplicate /gene - ykoD_1 ykoD_2
[18:32:46] Fixed 2 duplicate /gene - scmP_1 scmP_2
[18:32:46] Fixed 2 duplicate /gene - dsdA_1 dsdA_2
[18:32:46] Fixed 2 duplicate /gene - agrA_1 agrA_2
[18:32:46] Fixed 3 duplicate /gene - oppD_1 oppD_2 oppD_3
[18:32:46] Fixed 2 duplicate /gene - rnfD_1 rnfD_2
[18:32:46] Fixed 3 duplicate /gene - brnQ_1 brnQ_2 brnQ_3
[18:32:46] Fixed 2 duplicate /gene - clpC_1 clpC_2
[18:32:46] Fixed 2 duplicate /gene - alsT_1 alsT_2
[18:32:46] Fixed 2 duplicate /gene - ccpA_1 ccpA_2
[18:32:46] Fixed 2 duplicate /gene - pepF1_1 pepF1_2
[18:32:46] Fixed 2 duplicate /gene - sufS_1 sufS_2
[18:32:46] Fixed 2 duplicate /gene - trxA_1 trxA_2
[18:32:46] Fixed 2 duplicate /gene - grdB_1 grdB_2
[18:32:46] Fixed 2 duplicate /gene - licC_1 licC_2
[18:32:46] Fixed 2 duplicate /gene - atpD_1 atpD_2
[18:32:46] Fixed 10 duplicate /gene - bcrA_1 bcrA_2 bcrA_3 bcrA_4 bcrA_5 bcrA_6 bcrA_7 bcrA_8 bcrA_9 bcrA_10
[18:32:46] Fixed 3 duplicate /gene - smc_1 smc_2 smc_3
[18:32:46] Fixed 2 duplicate /gene - celA_1 celA_2
[18:32:46] Fixed 2 duplicate /gene - thiD_1 thiD_2
[18:32:46] Fixed 2 duplicate /gene - spxA_1 spxA_2
[18:32:46] Fixed 101 colliding /gene names.
[18:32:46] Adding /locus_tag identifiers
[18:32:46] Assigned 1936 locus_tags to CDS and RNA features.
[18:32:46] Writing outputs to analysis_get_homologues/Prokka_Out/
[18:32:47] Generating annotation statistics file
[18:32:47] Generating Genbank and Sequin files
[18:32:47] Running: tbl2asn -V b -a r10k -l paired-ends -M n -N 1 -y 'Annotated using prokka 1.14.6 from https://github.com/tseemann/prokka' -Z analysis_get_homologues\/Prokka_Out\/prokka_KPL3069\.err -i analysis_get_homologues\/Prokka_Out\/prokka_KPL3069\.fsa 2> /dev/null
[18:32:50] Could not run command: tbl2asn -V b -a r10k -l paired-ends -M n -N 1 -y 'Annotated using prokka 1.14.6 from https://github.com/tseemann/prokka' -Z analysis_get_homologues\/Prokka_Out\/prokka_KPL3069\.err -i analysis_get_homologues\/Prokka_Out\/prokka_KPL3069\.fsa 2> /dev/null
