[18:29:59] This is prokka 1.14.6
[18:29:59] Written by Torsten Seemann <torsten.seemann@gmail.com>
[18:29:59] Homepage is https://github.com/tseemann/prokka
[18:29:59] Local time is Thu Oct 29 18:29:59 2020
[18:29:59] You are tommytran
[18:29:59] Operating system is darwin
[18:29:59] You have BioPerl 1.007002
[18:29:59] System has 6 cores.
[18:29:59] Will use maximum of 6 cores.
[18:29:59] Annotating as >>> Bacteria <<<
[18:29:59] Generating locus_tag from 'analysis_get_homologues/Renamed_Dpig/KPL3052.fa' contents.
[18:29:59] Setting --locustag EHCBDENP from MD5 e1cbde79f467c67bac765db494903e3c
[18:29:59] Re-using existing --outdir analysis_get_homologues/Prokka_Out
[18:29:59] Using filename prefix: prokka_KPL3052.XXX
[18:29:59] Setting HMMER_NCPU=1
[18:29:59] Writing log to: analysis_get_homologues/Prokka_Out/prokka_KPL3052.log
[18:29:59] Command: /Users/tommytran/miniconda3/bin/prokka --prefix prokka_KPL3052 --outdir analysis_get_homologues/Prokka_Out --genus Dolosigranulum --species pigrum --strain KPL3052 --cpus 0 --force analysis_get_homologues/Renamed_Dpig/KPL3052.fa
[18:29:59] Appending to PATH: /Users/tommytran/miniconda3/bin
[18:29:59] Looking for 'aragorn' - found /Users/tommytran/miniconda3/bin/aragorn
[18:29:59] Determined aragorn version is 001002 from 'ARAGORN v1.2.38 Dean Laslett'
[18:29:59] Looking for 'barrnap' - found /Users/tommytran/miniconda3/bin/barrnap
[18:29:59] Determined barrnap version is 000009 from 'barrnap 0.9'
[18:29:59] Looking for 'blastp' - found /Users/tommytran/miniconda3/bin/blastp
[18:30:00] Determined blastp version is 002009 from 'blastp: 2.9.0+'
[18:30:00] Looking for 'cmpress' - found /Users/tommytran/miniconda3/bin/cmpress
[18:30:00] Determined cmpress version is 001001 from '# INFERNAL 1.1.2 (July 2016)'
[18:30:00] Looking for 'cmscan' - found /Users/tommytran/miniconda3/bin/cmscan
[18:30:00] Determined cmscan version is 001001 from '# INFERNAL 1.1.2 (July 2016)'
[18:30:00] Looking for 'egrep' - found /usr/bin/egrep
[18:30:00] Looking for 'find' - found /usr/bin/find
[18:30:00] Looking for 'grep' - found /usr/bin/grep
[18:30:00] Looking for 'hmmpress' - found /Users/tommytran/miniconda3/bin/hmmpress
[18:30:00] Determined hmmpress version is 003003 from '# HMMER 3.3 (Nov 2019); http://hmmer.org/'
[18:30:00] Looking for 'hmmscan' - found /Users/tommytran/miniconda3/bin/hmmscan
[18:30:00] Determined hmmscan version is 003003 from '# HMMER 3.3 (Nov 2019); http://hmmer.org/'
[18:30:00] Looking for 'java' - found /Users/tommytran/miniconda3/bin/java
[18:30:00] Looking for 'makeblastdb' - found /Users/tommytran/miniconda3/bin/makeblastdb
[18:30:00] Determined makeblastdb version is 002009 from 'makeblastdb: 2.9.0+'
[18:30:00] Looking for 'minced' - found /Users/tommytran/miniconda3/bin/minced
[18:30:00] Determined minced version is 004002 from 'minced 0.4.2'
[18:30:00] Looking for 'parallel' - found /Users/tommytran/miniconda3/bin/parallel
[18:30:00] Determined parallel version is 20200522 from 'GNU parallel 20200522'
[18:30:00] Looking for 'prodigal' - found /Users/tommytran/miniconda3/bin/prodigal
[18:30:00] Determined prodigal version is 002006 from 'Prodigal V2.6.3: February, 2016'
[18:30:00] Looking for 'prokka-genbank_to_fasta_db' - found /Users/tommytran/miniconda3/bin/prokka-genbank_to_fasta_db
[18:30:00] Looking for 'sed' - found /usr/bin/sed
[18:30:00] Looking for 'tbl2asn' - found /Users/tommytran/miniconda3/bin/tbl2asn
[18:30:00] Determined tbl2asn version is 025007 from 'tbl2asn 25.7   arguments:'
[18:30:00] Using genetic code table 11.
[18:30:00] Loading and checking input file: analysis_get_homologues/Renamed_Dpig/KPL3052.fa
[18:30:00] Wrote 1 contigs totalling 2001464 bp.
[18:30:00] Predicting tRNAs and tmRNAs
[18:30:00] Running: aragorn -l -gc11  -w analysis_get_homologues\/Prokka_Out\/prokka_KPL3052\.fna
[18:30:01] tRNA c[109185,109272] is a pseudo/wacky gene - skipping.
[18:30:01] 2 tRNA-Val [163195,163269] 35 (gac)
[18:30:01] 3 tRNA-Ala [417687,417761] 35 (tgc)
[18:30:01] 4 tRNA-Asn [421083,421157] 35 (gtt)
[18:30:01] 5 tRNA-Leu [491636,491720] 34 (gag)
[18:30:01] 6 tRNA-Ser [1241600,1241688] 36 (gga)
[18:30:01] 7 tRNA-Arg c[1303362,1303436] 35 (tct)
[18:30:01] 8 tRNA-Phe c[1455370,1455445] 35 (gaa)
[18:30:01] 9 tRNA-Asp c[1455451,1455526] 36 (gtc)
[18:30:01] 10 tRNA-Ser c[1455550,1455639] 37 (tga)
[18:30:01] 11 tRNA-Glu c[1455649,1455720] 34 (ttc)
[18:30:01] 12 tRNA-Ser c[1455736,1455826] 36 (gct)
[18:30:01] 13 tRNA-Ile c[1455853,1455928] 36 (gat)
[18:30:01] 14 tRNA-Gly c[1455936,1456006] 33 (tcc)
[18:30:01] 15 tRNA-Asp c[1456011,1456086] 36 (gtc)
[18:30:01] 16 tRNA-Met c[1456101,1456175] 35 (cat)
[18:30:01] 17 tRNA-Pro c[1456185,1456258] 35 (tgg)
[18:30:01] 18 tRNA-Arg c[1456280,1456355] 36 (acg)
[18:30:01] 19 tRNA-Leu c[1456364,1456450] 35 (taa)
[18:30:01] 20 tRNA-Gly c[1456479,1456550] 33 (gcc)
[18:30:01] 21 tRNA-Thr c[1456566,1456638] 34 (tgt)
[18:30:01] 22 tRNA-Leu c[1456645,1456726] 35 (tag)
[18:30:01] 23 tRNA-Lys c[1456744,1456816] 34 (ttt)
[18:30:01] 24 tRNA-Val c[1456826,1456898] 34 (tac)
[18:30:01] 25 tmRNA [1560434,1560791] 92,127 ANKNSNLALAA*
[18:30:01] 26 tRNA-Thr c[1702113,1702185] 34 (ggt)
[18:30:01] 27 tRNA-Gln c[1707532,1707605] 34 (ttg)
[18:30:01] 28 tRNA-Tyr c[1707609,1707692] 36 (gta)
[18:30:01] 29 tRNA-Glu c[1707697,1707768] 34 (ttc)
[18:30:01] 30 tRNA-SeC [1791816,1791913] 36 (tca)
[18:30:01] 31 tRNA-Arg c[1835117,1835191] 35 (tcg)
[18:30:01] 32 tRNA-Lys c[1835215,1835287] 34 (ttt)
[18:30:01] 33 tRNA-Val c[1835297,1835369] 34 (tac)
[18:30:01] 34 tRNA-Leu c[1840624,1840708] 35 (caa)
[18:30:01] 35 tRNA-Cys c[1840736,1840808] 33 (gca)
[18:30:01] 36 tRNA-Gln c[1840820,1840893] 34 (ttg)
[18:30:01] 37 tRNA-His c[1840908,1840982] 35 (gtg)
[18:30:01] 38 tRNA-Trp c[1840992,1841064] 34 (cca)
[18:30:01] 39 tRNA-Tyr c[1841067,1841149] 36 (gta)
[18:30:01] 40 tRNA-Phe c[1841166,1841240] 35 (gaa)
[18:30:01] 41 tRNA-Asp c[1841246,1841321] 36 (gtc)
[18:30:01] 42 tRNA-Met c[1841336,1841410] 35 (cat)
[18:30:01] 43 tRNA-Ser c[1841429,1841518] 37 (tga)
[18:30:01] 44 tRNA-Glu c[1841531,1841602] 34 (ttc)
[18:30:01] 45 tRNA-Ile c[1841618,1841693] 36 (gat)
[18:30:01] 46 tRNA-Gly c[1841703,1841773] 33 (tcc)
[18:30:01] 47 tRNA-Met c[1841826,1841899] 35 (cat)
[18:30:01] 48 tRNA-Met c[1841917,1841992] 36 (cat)
[18:30:01] 49 tRNA-Pro c[1842011,1842084] 35 (tgg)
[18:30:01] 50 tRNA-Arg c[1842141,1842216] 36 (acg)
[18:30:01] 51 tRNA-Leu c[1842225,1842311] 35 (taa)
[18:30:01] 52 tRNA-Gly c[1842340,1842411] 33 (gcc)
[18:30:01] 53 tRNA-Thr c[1842427,1842499] 34 (tgt)
[18:30:01] 54 tRNA-Asn c[1954058,1954132] 35 (gtt)
[18:30:01] 55 tRNA-Ala c[1957452,1957526] 35 (tgc)
[18:30:01] Found 54 tRNAs
[18:30:01] Predicting Ribosomal RNAs
[18:30:01] Running Barrnap with 6 threads
[18:30:02] 1 c_000000000001 416063 16S ribosomal RNA
[18:30:02] 2 c_000000000001 417956 23S ribosomal RNA
[18:30:02] 3 c_000000000001 420940 5S ribosomal RNA
[18:30:02] 4 c_000000000001 1456916 5S ribosomal RNA
[18:30:02] 5 c_000000000001 1457109 23S ribosomal RNA
[18:30:02] 6 c_000000000001 1460269 16S ribosomal RNA
[18:30:02] 7 c_000000000001 1835387 5S ribosomal RNA
[18:30:02] 8 c_000000000001 1835580 23S ribosomal RNA
[18:30:02] 9 c_000000000001 1838739 16S ribosomal RNA
[18:30:02] 10 c_000000000001 1954165 5S ribosomal RNA
[18:30:02] 11 c_000000000001 1954358 23S ribosomal RNA
[18:30:02] 12 c_000000000001 1957609 16S ribosomal RNA
[18:30:02] Found 12 rRNAs
[18:30:02] Skipping ncRNA search, enable with --rfam if desired.
[18:30:02] Total of 65 tRNA + rRNA features
[18:30:02] Searching for CRISPR repeats
[18:30:02] CRISPR1 c_000000000001 734458 with 22 spacers
[18:30:02] Found 1 CRISPRs
[18:30:02] Predicting coding sequences
[18:30:02] Contigs total 2001464 bp, so using single mode
[18:30:02] Running: prodigal -i analysis_get_homologues\/Prokka_Out\/prokka_KPL3052\.fna -c -m -g 11 -p single -f sco -q
[18:30:06] Excluding CDS which overlaps existing RNA (tRNA) at c_000000000001:1701960..1702154 on - strand
[18:30:06] Found 1820 CDS
[18:30:06] Connecting features back to sequences
[18:30:06] Not using genus-specific database. Try --usegenus to enable it.
[18:30:06] Annotating CDS, please be patient.
[18:30:06] Will use 6 CPUs for similarity searching.
[18:30:06] There are still 1820 unannotated CDS left (started with 1820)
[18:30:06] Will use blast to search against /Users/tommytran/miniconda3/db/kingdom/Bacteria/IS with 6 CPUs
[18:30:06] Running: cat analysis_get_homologues\/Prokka_Out\/prokka_KPL3052\.IS\.tmp\.10818\.faa | parallel --gnu --plain -j 6 --block 49630 --recstart '>' --pipe blastp -query - -db /Users/tommytran/miniconda3/db/kingdom/Bacteria/IS -evalue 1e-30 -qcov_hsp_perc 90 -num_threads 1 -num_descriptions 1 -num_alignments 1 -seg no > analysis_get_homologues\/Prokka_Out\/prokka_KPL3052\.IS\.tmp\.10818\.blast 2> /dev/null
[18:30:12] Deleting unwanted file: analysis_get_homologues/Prokka_Out/prokka_KPL3052.IS.tmp.10818.faa
[18:30:12] Deleting unwanted file: analysis_get_homologues/Prokka_Out/prokka_KPL3052.IS.tmp.10818.blast
[18:30:12] There are still 1812 unannotated CDS left (started with 1820)
[18:30:12] Will use blast to search against /Users/tommytran/miniconda3/db/kingdom/Bacteria/AMR with 6 CPUs
[18:30:12] Running: cat analysis_get_homologues\/Prokka_Out\/prokka_KPL3052\.AMR\.tmp\.10818\.faa | parallel --gnu --plain -j 6 --block 49435 --recstart '>' --pipe blastp -query - -db /Users/tommytran/miniconda3/db/kingdom/Bacteria/AMR -evalue 9.99999999999999e-301 -qcov_hsp_perc 90 -num_threads 1 -num_descriptions 1 -num_alignments 1 -seg no > analysis_get_homologues\/Prokka_Out\/prokka_KPL3052\.AMR\.tmp\.10818\.blast 2> /dev/null
[18:30:17] Deleting unwanted file: analysis_get_homologues/Prokka_Out/prokka_KPL3052.AMR.tmp.10818.faa
[18:30:17] Deleting unwanted file: analysis_get_homologues/Prokka_Out/prokka_KPL3052.AMR.tmp.10818.blast
[18:30:17] There are still 1812 unannotated CDS left (started with 1820)
[18:30:17] Will use blast to search against /Users/tommytran/miniconda3/db/kingdom/Bacteria/sprot with 6 CPUs
[18:30:17] Running: cat analysis_get_homologues\/Prokka_Out\/prokka_KPL3052\.sprot\.tmp\.10818\.faa | parallel --gnu --plain -j 6 --block 49435 --recstart '>' --pipe blastp -query - -db /Users/tommytran/miniconda3/db/kingdom/Bacteria/sprot -evalue 1e-09 -qcov_hsp_perc 80 -num_threads 1 -num_descriptions 1 -num_alignments 1 -seg no > analysis_get_homologues\/Prokka_Out\/prokka_KPL3052\.sprot\.tmp\.10818\.blast 2> /dev/null
[18:30:40] Modify product: Uncharacterized protein NMB0459 => putative protein
[18:30:40] Modify product: UPF0365 protein SA1402 => hypothetical protein
[18:30:40] Modify product: Putative glycerol transporter Lin0368 => Putative glycerol transporter
[18:30:40] Modify product: Putative glycerol transporter Lin0367 => Putative glycerol transporter
[18:30:40] Modify product: Probable transcription repressor NiaR => putative transcription repressor NiaR
[18:30:40] Modify product: Probable protein-export membrane protein SecG => putative protein-export membrane protein SecG
[18:30:40] Modify product: Uncharacterized protein Spy1614 => putative protein
[18:30:40] Modify product: Uncharacterized protein SA1069 => putative protein
[18:30:40] Modify product: Probable cell division protein WhiA => putative cell division protein WhiA
[18:30:40] Modify product: UPF0302 protein BA_1542/GBAA_1542/BAS1430 => hypothetical protein
[18:30:40] Modify product: Uncharacterized protein YpjD => putative protein YpjD
[18:30:40] Modify product: UPF0324 inner membrane protein YeiH => hypothetical protein
[18:30:40] Modify product: UPF0053 protein HI_0107 => hypothetical protein
[18:30:40] Modify product: Uncharacterized MscS family protein YkuT => putative MscS family protein YkuT
[18:30:40] Modify product: UPF0176 protein SP_0095 => hypothetical protein
[18:30:40] Modify product: Putative universal stress protein SA1532 => Putative universal stress protein
[18:30:40] Modify product: Uncharacterized AAA domain-containing protein Rv2559c => putative AAA domain-containing protein
[18:30:40] Modify product: Uncharacterized ABC transporter ATP-binding protein Rv0986 => putative ABC transporter ATP-binding protein
[18:30:40] Modify product: Probable multidrug resistance ABC transporter ATP-binding/permease protein YheI => putative multidrug resistance ABC transporter ATP-binding/permease protein YheI
[18:30:40] Modify product: Probable multidrug resistance ABC transporter ATP-binding/permease protein YheH => putative multidrug resistance ABC transporter ATP-binding/permease protein YheH
[18:30:40] Modify product: UPF0178 protein YaiI => hypothetical protein
[18:30:40] Modify product: Uncharacterized protein YedJ => putative protein YedJ
[18:30:40] Modify product: DegV domain-containing protein spr1415 => DegV domain-containing protein
[18:30:40] Modify product: Nudix hydrolase DR_0079 => Nudix hydrolase
[18:30:40] Modify product: Bifunctional protein FolD => Bifunctional protein FolD protein
[18:30:40] Modify product: Uncharacterized protein YqgN => putative protein YqgN
[18:30:40] Modify product: Probable D,D-dipeptide transport system permease protein DdpC => putative D,D-dipeptide transport system permease protein DdpC
[18:30:40] Modify product: Uncharacterized PIN and TRAM-domain containing protein YacL => putative PIN and TRAM-domain containing protein YacL
[18:30:41] Modify product: Probable fructose-bisphosphate aldolase => putative fructose-bisphosphate aldolase
[18:30:41] Modify product: Uncharacterized protein YdjI => putative protein YdjI
[18:30:41] Modify product: Putative phosphatase M6_Spy0533 => Putative phosphatase
[18:30:41] Modify product: Probable licABCH operon regulator => putative licABCH operon regulator
[18:30:41] Modify product: Uncharacterized HTH-type transcriptional regulator YbbH => putative HTH-type transcriptional regulator YbbH
[18:30:41] Modify product: Probable pyridine nucleotide-disulfide oxidoreductase RclA => putative pyridine nucleotide-disulfide oxidoreductase RclA
[18:30:41] Modify product: Putative multidrug export ATP-binding/permease protein SAV1866 => Putative multidrug export ATP-binding/permease protein
[18:30:41] Modify product: Uncharacterized ABC transporter ATP-binding protein Rv0986 => putative ABC transporter ATP-binding protein
[18:30:41] Modify product: Calcium-transporting ATPase lmo0841 => Calcium-transporting ATPase
[18:30:41] Modify product: Probable undecaprenyl-phosphate N-acetylglucosaminyl 1-phosphate transferase => putative undecaprenyl-phosphate N-acetylglucosaminyl 1-phosphate transferase
[18:30:41] Modify product: Probable glycine dehydrogenase (decarboxylating) subunit 1 => putative glycine dehydrogenase (decarboxylating) subunit 1
[18:30:41] Modify product: Probable glycine dehydrogenase (decarboxylating) subunit 2 => putative glycine dehydrogenase (decarboxylating) subunit 2
[18:30:41] Modify product: UPF0073 inner membrane protein YqfA => hypothetical protein
[18:30:41] Modify product: Putative phosphatase M6_Spy0533 => Putative phosphatase
[18:30:41] Modify product: UPF0122 protein SP_1288 => hypothetical protein
[18:30:41] Modify product: UPF0109 protein Rv2908c => hypothetical protein
[18:30:41] Modify product: Probable ribosomal protein YlxQ => putative ribosomal protein YlxQ
[18:30:41] Modify product: Probable murein peptide carboxypeptidase => putative murein peptide carboxypeptidase
[18:30:41] Modify product: Probable endonuclease 4 => putative endonuclease 4
[18:30:41] Modify product: UPF0374 protein SP_1903 => hypothetical protein
[18:30:41] Modify product: Putative aminotransferase MSMEG_6286/MSMEI_6121 => Putative aminotransferase/MSMEI_6121
[18:30:41] Modify product: Uncharacterized protein YqeY => putative protein YqeY
[18:30:41] Modify product: Probable 3-hydroxyacyl-CoA dehydrogenase => putative 3-hydroxyacyl-CoA dehydrogenase
[18:30:41] Modify product: Uncharacterized oxidoreductase SpyM50865 => putative oxidoreductase
[18:30:41] Modify product: Probable quorum-quenching lactonase YtnP => putative quorum-quenching lactonase YtnP
[18:30:41] Modify product: Uncharacterized HTH-type transcriptional regulator SACOL2360 => putative HTH-type transcriptional regulator
[18:30:41] Modify product: Multidrug efflux system ATP-binding protein Rv1218c => Multidrug efflux system ATP-binding protein
[18:30:41] Modify product: Uncharacterized protein YhaP => putative protein YhaP
[18:30:41] Modify product: Uncharacterized ABC transporter ATP-binding protein Rv1273c => putative ABC transporter ATP-binding protein
[18:30:41] Modify product: Uncharacterized ABC transporter ATP-binding protein TM_0288 => putative ABC transporter ATP-binding protein
[18:30:41] Modify product: Putative multidrug export ATP-binding/permease protein SAV1866 => Putative multidrug export ATP-binding/permease protein
[18:30:41] Modify product: GTP cyclohydrolase 1 type 2 homolog => GTP cyclohydrolase 1 type 2 
[18:30:41] Modify product: UPF0045 protein Rv1898 => hypothetical protein
[18:30:41] Modify product: UPF0346 protein YozE => hypothetical protein
[18:30:41] Modify product: RutC family protein HI_0719 => RutC family protein
[18:30:41] Modify product: Sulfurtransferase Alvin_2599 => Sulfurtransferase
[18:30:41] Modify product: Probable L-asparaginase => putative L-asparaginase
[18:30:41] Modify product: Putative transport protein Rv0205 => Putative transport protein
[18:30:41] Modify product: DegV domain-containing protein SA1258 => DegV domain-containing protein
[18:30:41] Modify product: UPF0342 protein SA1663 => hypothetical protein
[18:30:41] Modify product: Probable bifunctional oligoribonuclease and PAP phosphatase NrnA => putative bifunctional oligoribonuclease and PAP phosphatase NrnA
[18:30:41] Modify product: Uncharacterized protein Spy1535 => putative protein
[18:30:41] Modify product: Probable transcriptional regulatory protein MSMEG_2940/MSMEI_2866 => putative transcriptional regulatory protein/MSMEI_2866
[18:30:41] Modify product: Transcriptional repressor SmtB homolog => Transcriptional repressor SmtB 
[18:30:41] Modify product: Uncharacterized protein YdhK => putative protein YdhK
[18:30:41] Modify product: Putative trans-acting regulator SP_1800 => Putative trans-acting regulator
[18:30:41] Modify product: Uncharacterized epimerase/dehydratase SA0511 => putative epimerase/dehydratase
[18:30:41] Modify product: Probable metallo-hydrolase M6_Spy0554 => putative metallo-hydrolase
[18:30:41] Modify product: UPF0053 inner membrane protein YfjD => hypothetical protein
[18:30:41] Modify product: UPF0398 protein YpsA => hypothetical protein
[18:30:41] Modify product: Rqc2 homolog RqcH => Rqc2 RqcH
[18:30:41] Modify product: Putative metallophosphoesterase MG207 homolog => Putative metallophosphoesterase MG207 
[18:30:41] Modify product: TelA-like protein SA1238 => TelA-like protein
[18:30:41] Modify product: UPF0154 protein SA1178 => hypothetical protein
[18:30:41] Modify product: UPF0291 protein SP_1473 => hypothetical protein
[18:30:41] Modify product: Probable GTP-binding protein EngB => putative GTP-binding protein EngB
[18:30:41] Modify product: Uncharacterized protein YpjQ => putative protein YpjQ
[18:30:41] Modify product: Uncharacterized oxidoreductase MSMEG_2407/MSMEI_2346 => putative oxidoreductase/MSMEI_2346
[18:30:41] Modify product: Acetyltransferase SACOL1063 => Acetyltransferase
[18:30:41] Modify product: Acetyltransferase SACOL1063 => Acetyltransferase
[18:30:41] Modify product: UPF0413 protein YjbH => hypothetical protein
[18:30:41] Modify product: UPF0758 protein YsxA => hypothetical protein
[18:30:41] Modify product: UPF0473 protein SP_0194 => hypothetical protein
[18:30:41] Modify product: UPF0297 protein EF_1202 => hypothetical protein
[18:30:41] Modify product: UPF0397 protein SP_0482 => hypothetical protein
[18:30:41] Modify product: UPF0051 protein SA0778 => hypothetical protein
[18:30:41] Modify product: UPF0051 protein SA0778 => hypothetical protein
[18:30:41] Modify product: Probable ABC transporter ATP-binding protein M6_Spy0273 => putative ABC transporter ATP-binding protein
[18:30:41] Modify product: Uncharacterized protein YqeN => putative protein YqeN
[18:30:41] Modify product: Probable nicotinate-nucleotide adenylyltransferase => putative nicotinate-nucleotide adenylyltransferase
[18:30:41] Modify product: RNA-binding protein HI_1333 => RNA-binding protein
[18:30:41] Modify product: Uncharacterized protein YqeH => putative protein YqeH
[18:30:41] Modify product: UPF0358 protein EF_2458 => hypothetical protein
[18:30:41] Modify product: Probable N-acetyl-LL-diaminopimelate aminotransferase => putative N-acetyl-LL-diaminopimelate aminotransferase
[18:30:41] Modify product: Probable N-acetyl-LL-diaminopimelate aminotransferase => putative N-acetyl-LL-diaminopimelate aminotransferase
[18:30:41] Modify product: Probable licABCH operon regulator => putative licABCH operon regulator
[18:30:41] Modify product: Probable tRNA sulfurtransferase => putative tRNA sulfurtransferase
[18:30:41] Modify product: Putative trans-acting regulator SP_1800 => Putative trans-acting regulator
[18:30:41] Modify product: UPF0702 transmembrane protein YetF => hypothetical protein
[18:30:41] Modify product: UPF0637 protein SA0957 => hypothetical protein
[18:30:41] Modify product: Uncharacterized multiple-sugar transport system permease YteP => putative multiple-sugar transport system permease YteP
[18:30:41] Modify product: Uncharacterized oxidoreductase YjhC => putative oxidoreductase YjhC
[18:30:41] Modify product: Probable peptidoglycan glycosyltransferase FtsW => putative peptidoglycan glycosyltransferase FtsW
[18:30:41] Modify product: Uncharacterized protein YbbA => putative protein YbbA
[18:30:41] Modify product: Uncharacterized ABC transporter ATP-binding protein YheS => putative ABC transporter ATP-binding protein YheS
[18:30:41] Modify product: UPF0340 protein YwlG => hypothetical protein
[18:30:41] Modify product: Protease HtpX homolog => Protease HtpX 
[18:30:41] Modify product: Uncharacterized ABC transporter ATP-binding protein Rv0986 => putative ABC transporter ATP-binding protein
[18:30:41] Modify product: Probable ABC transporter phosphite binding protein PhnD1 => putative ABC transporter phosphite binding protein PhnD1
[18:30:41] Modify product: UPF0394 inner membrane protein YeeE => hypothetical protein
[18:30:41] Modify product: Uncharacterized protein YacP => putative protein YacP
[18:30:41] Cleaned 119 /product names
[18:30:41] Deleting unwanted file: analysis_get_homologues/Prokka_Out/prokka_KPL3052.sprot.tmp.10818.faa
[18:30:41] Deleting unwanted file: analysis_get_homologues/Prokka_Out/prokka_KPL3052.sprot.tmp.10818.blast
[18:30:42] There are still 748 unannotated CDS left (started with 1820)
[18:30:42] Will use hmmer3 to search against /Users/tommytran/miniconda3/db/hmm/HAMAP.hmm with 6 CPUs
[18:30:42] Running: cat analysis_get_homologues\/Prokka_Out\/prokka_KPL3052\.HAMAP\.hmm\.tmp\.10818\.faa | parallel --gnu --plain -j 6 --block 18770 --recstart '>' --pipe hmmscan --noali --notextw --acc -E 1e-09 --cpu 1 /Users/tommytran/miniconda3/db/hmm/HAMAP.hmm /dev/stdin > analysis_get_homologues\/Prokka_Out\/prokka_KPL3052\.HAMAP\.hmm\.tmp\.10818\.hmmer3 2> /dev/null
[18:30:56] Modify product: Uncharacterized Nudix hydrolase NudL => putative Nudix hydrolase NudL
[18:30:56] Modify product: Protein SprT-like => Protein SprT-like protein
[18:30:56] Cleaned 2 /product names
[18:30:56] Deleting unwanted file: analysis_get_homologues/Prokka_Out/prokka_KPL3052.HAMAP.hmm.tmp.10818.faa
[18:30:56] Deleting unwanted file: analysis_get_homologues/Prokka_Out/prokka_KPL3052.HAMAP.hmm.tmp.10818.hmmer3
[18:30:56] Labelling remaining 652 proteins as 'hypothetical protein'
[18:30:56] Possible /pseudo 'PTS system mannose-specific EIIAB component' at c_000000000001 position 149402
[18:30:56] Possible /pseudo 'putative ABC transporter ATP-binding protein' at c_000000000001 position 300504
[18:30:56] Possible /pseudo 'Putative glycerol transporter' at c_000000000001 position 605642
[18:30:56] Possible /pseudo 'V-type sodium ATPase subunit C' at c_000000000001 position 676933
[18:30:56] Possible /pseudo 'putative protein' at c_000000000001 position 694342
[18:30:56] Possible /pseudo 'Transcriptional regulator MtlR' at c_000000000001 position 712797
[18:30:56] Possible /pseudo 'Undecaprenyl-phosphate 4-deoxy-4-formamido-L-arabinose transferase' at c_000000000001 position 834626
[18:30:56] Possible /pseudo 'Cell division protein FtsA' at c_000000000001 position 1339962
[18:30:56] Possible /pseudo 'UDP-N-acetylmuramoylalanine--D-glutamate ligase' at c_000000000001 position 1344130
[18:30:56] Possible /pseudo 'Transcriptional regulator MraZ' at c_000000000001 position 1349287
[18:30:56] Possible /pseudo 'Dihydrolipoyl dehydrogenase' at c_000000000001 position 1367510
[18:30:56] Possible /pseudo 'putative N-acetyl-LL-diaminopimelate aminotransferase' at c_000000000001 position 1376523
[18:30:56] Possible /pseudo 'Acetyltransferase' at c_000000000001 position 1503156
[18:30:56] Possible /pseudo 'Acetate kinase' at c_000000000001 position 1526208
[18:30:56] Possible /pseudo 'Glycine reductase complex component B subunit gamma' at c_000000000001 position 1779456
[18:30:56] Found 919 unique /gene codes.
[18:30:56] Fixed 2 duplicate /gene - clpC_1 clpC_2
[18:30:56] Fixed 2 duplicate /gene - gmk_1 gmk_2
[18:30:56] Fixed 2 duplicate /gene - lacC_1 lacC_2
[18:30:56] Fixed 3 duplicate /gene - bglH_1 bglH_2 bglH_3
[18:30:56] Fixed 2 duplicate /gene - dapX_1 dapX_2
[18:30:56] Fixed 2 duplicate /gene - lrgA_1 lrgA_2
[18:30:56] Fixed 3 duplicate /gene - metP_1 metP_2 metP_3
[18:30:56] Fixed 10 duplicate /gene - btuD_1 btuD_2 btuD_3 btuD_4 btuD_5 btuD_6 btuD_7 btuD_8 btuD_9 btuD_10
[18:30:56] Fixed 3 duplicate /gene - manX_1 manX_2 manX_3
[18:30:56] Fixed 2 duplicate /gene - urdA_1 urdA_2
[18:30:56] Fixed 2 duplicate /gene - sasA_1 sasA_2
[18:30:56] Fixed 2 duplicate /gene - dsdA_1 dsdA_2
[18:30:56] Fixed 2 duplicate /gene - licC_1 licC_2
[18:30:56] Fixed 2 duplicate /gene - mtlR_1 mtlR_2
[18:30:56] Fixed 2 duplicate /gene - lplJ_1 lplJ_2
[18:30:56] Fixed 3 duplicate /gene - lagD_1 lagD_2 lagD_3
[18:30:56] Fixed 2 duplicate /gene - cadA_1 cadA_2
[18:30:56] Fixed 2 duplicate /gene - nagB_1 nagB_2
[18:30:56] Fixed 2 duplicate /gene - tpiA_1 tpiA_2
[18:30:56] Fixed 3 duplicate /gene - gatC_1 gatC_2 gatC_3
[18:30:56] Fixed 2 duplicate /gene - ccpA_1 ccpA_2
[18:30:56] Fixed 2 duplicate /gene - tagU_1 tagU_2
[18:30:56] Fixed 2 duplicate /gene - rnfC_1 rnfC_2
[18:30:56] Fixed 2 duplicate /gene - atpE_1 atpE_2
[18:30:56] Fixed 2 duplicate /gene - desR_1 desR_2
[18:30:56] Fixed 2 duplicate /gene - galK_1 galK_2
[18:30:56] Fixed 2 duplicate /gene - ssbA_1 ssbA_2
[18:30:56] Fixed 2 duplicate /gene - rsmH_1 rsmH_2
[18:30:56] Fixed 2 duplicate /gene - purR_1 purR_2
[18:30:56] Fixed 2 duplicate /gene - alsT_1 alsT_2
[18:30:56] Fixed 3 duplicate /gene - oppD_1 oppD_2 oppD_3
[18:30:56] Fixed 2 duplicate /gene - ngcG_1 ngcG_2
[18:30:56] Fixed 2 duplicate /gene - pnp_1 pnp_2
[18:30:56] Fixed 2 duplicate /gene - ntpC_1 ntpC_2
[18:30:56] Fixed 2 duplicate /gene - sglT_1 sglT_2
[18:30:56] Fixed 2 duplicate /gene - lnrL_1 lnrL_2
[18:30:56] Fixed 2 duplicate /gene - trxA_1 trxA_2
[18:30:56] Fixed 2 duplicate /gene - murD_1 murD_2
[18:30:56] Fixed 2 duplicate /gene - srrA_1 srrA_2
[18:30:56] Fixed 3 duplicate /gene - brnQ_1 brnQ_2 brnQ_3
[18:30:56] Fixed 2 duplicate /gene - licR_1 licR_2
[18:30:56] Fixed 2 duplicate /gene - yohK_1 yohK_2
[18:30:56] Fixed 2 duplicate /gene - gsiC_1 gsiC_2
[18:30:56] Fixed 2 duplicate /gene - est_1 est_2
[18:30:56] Fixed 2 duplicate /gene - pdhD_1 pdhD_2
[18:30:56] Fixed 2 duplicate /gene - ettA_1 ettA_2
[18:30:56] Fixed 2 duplicate /gene - uvrB_1 uvrB_2
[18:30:56] Fixed 2 duplicate /gene - ackA_1 ackA_2
[18:30:56] Fixed 2 duplicate /gene - luxS_1 luxS_2
[18:30:56] Fixed 2 duplicate /gene - copY_1 copY_2
[18:30:56] Fixed 3 duplicate /gene - rhaR_1 rhaR_2 rhaR_3
[18:30:56] Fixed 2 duplicate /gene - lacF_1 lacF_2
[18:30:56] Fixed 2 duplicate /gene - tenA_1 tenA_2
[18:30:56] Fixed 5 duplicate /gene - smc_1 smc_2 smc_3 smc_4 smc_5
[18:30:56] Fixed 2 duplicate /gene - zosA_1 zosA_2
[18:30:56] Fixed 2 duplicate /gene - yclP_1 yclP_2
[18:30:56] Fixed 2 duplicate /gene - dagK_1 dagK_2
[18:30:56] Fixed 8 duplicate /gene - bcrA_1 bcrA_2 bcrA_3 bcrA_4 bcrA_5 bcrA_6 bcrA_7 bcrA_8
[18:30:56] Fixed 2 duplicate /gene - ecfA1_1 ecfA1_2
[18:30:56] Fixed 2 duplicate /gene - gcvH_1 gcvH_2
[18:30:56] Fixed 2 duplicate /gene - aes_1 aes_2
[18:30:56] Fixed 2 duplicate /gene - dinB_1 dinB_2
[18:30:56] Fixed 2 duplicate /gene - trxB_1 trxB_2
[18:30:56] Fixed 2 duplicate /gene - licA_1 licA_2
[18:30:56] Fixed 2 duplicate /gene - ftsA_1 ftsA_2
[18:30:56] Fixed 2 duplicate /gene - metN_1 metN_2
[18:30:56] Fixed 2 duplicate /gene - thiD_1 thiD_2
[18:30:56] Fixed 2 duplicate /gene - fpgS_1 fpgS_2
[18:30:56] Fixed 2 duplicate /gene - ytrA_1 ytrA_2
[18:30:56] Fixed 2 duplicate /gene - grdB_1 grdB_2
[18:30:56] Fixed 2 duplicate /gene - topA_1 topA_2
[18:30:56] Fixed 2 duplicate /gene - era_1 era_2
[18:30:56] Fixed 2 duplicate /gene - nanA_1 nanA_2
[18:30:56] Fixed 3 duplicate /gene - oppF_1 oppF_2 oppF_3
[18:30:56] Fixed 2 duplicate /gene - cobB_1 cobB_2
[18:30:56] Fixed 2 duplicate /gene - dacA_1 dacA_2
[18:30:56] Fixed 2 duplicate /gene - spxA_1 spxA_2
[18:30:56] Fixed 2 duplicate /gene - nylA_1 nylA_2
[18:30:56] Fixed 2 duplicate /gene - mgtE_1 mgtE_2
[18:30:56] Fixed 4 duplicate /gene - xerC_1 xerC_2 xerC_3 xerC_4
[18:30:56] Fixed 2 duplicate /gene - atpD_1 atpD_2
[18:30:56] Fixed 2 duplicate /gene - bglK_1 bglK_2
[18:30:56] Fixed 2 duplicate /gene - acpP_1 acpP_2
[18:30:56] Fixed 4 duplicate /gene - metQ_1 metQ_2 metQ_3 metQ_4
[18:30:56] Fixed 2 duplicate /gene - rnfD_1 rnfD_2
[18:30:56] Fixed 2 duplicate /gene - pepF1_1 pepF1_2
[18:30:56] Fixed 2 duplicate /gene - walR_1 walR_2
[18:30:56] Fixed 3 duplicate /gene - fabG_1 fabG_2 fabG_3
[18:30:56] Fixed 2 duplicate /gene - iscS_1 iscS_2
[18:30:56] Fixed 3 duplicate /gene - arnC_1 arnC_2 arnC_3
[18:30:56] Fixed 2 duplicate /gene - mraZ_1 mraZ_2
[18:30:56] Fixed 2 duplicate /gene - ptsG_1 ptsG_2
[18:30:56] Fixed 2 duplicate /gene - mshA_1 mshA_2
[18:30:56] Fixed 2 duplicate /gene - rpoN1_1 rpoN1_2
[18:30:56] Fixed 2 duplicate /gene - argS_1 argS_2
[18:30:56] Fixed 2 duplicate /gene - apbE_1 apbE_2
[18:30:56] Fixed 5 duplicate /gene - agrA_1 agrA_2 agrA_3 agrA_4 agrA_5
[18:30:56] Fixed 2 duplicate /gene - lexA_1 lexA_2
[18:30:56] Fixed 2 duplicate /gene - sufS_1 sufS_2
[18:30:56] Fixed 2 duplicate /gene - manZ_1 manZ_2
[18:30:56] Fixed 2 duplicate /gene - dnaG_1 dnaG_2
[18:30:56] Fixed 2 duplicate /gene - ecfT_1 ecfT_2
[18:30:56] Fixed 102 colliding /gene names.
[18:30:56] Adding /locus_tag identifiers
[18:30:56] Assigned 1886 locus_tags to CDS and RNA features.
[18:30:56] Writing outputs to analysis_get_homologues/Prokka_Out/
[18:30:57] Generating annotation statistics file
[18:30:57] Generating Genbank and Sequin files
[18:30:57] Running: tbl2asn -V b -a r10k -l paired-ends -M n -N 1 -y 'Annotated using prokka 1.14.6 from https://github.com/tseemann/prokka' -Z analysis_get_homologues\/Prokka_Out\/prokka_KPL3052\.err -i analysis_get_homologues\/Prokka_Out\/prokka_KPL3052\.fsa 2> /dev/null
[18:30:59] Could not run command: tbl2asn -V b -a r10k -l paired-ends -M n -N 1 -y 'Annotated using prokka 1.14.6 from https://github.com/tseemann/prokka' -Z analysis_get_homologues\/Prokka_Out\/prokka_KPL3052\.err -i analysis_get_homologues\/Prokka_Out\/prokka_KPL3052\.fsa 2> /dev/null
