[17:17:17] This is prokka 1.14.6
[17:17:17] Written by Torsten Seemann <torsten.seemann@gmail.com>
[17:17:17] Homepage is https://github.com/tseemann/prokka
[17:17:17] Local time is Fri Jul 10 17:17:17 2020
[17:17:17] You are isabelfe
[17:17:17] Operating system is darwin
[17:17:17] You have BioPerl 1.007002
[17:17:17] System has 2 cores.
[17:17:17] Will use maximum of 2 cores.
[17:17:17] Annotating as >>> Bacteria <<<
[17:17:17] Generating locus_tag from 'analysis_prokka/Reformat_Dpig/dpi_genomes_forncbi_kpl3084_c.current.fa' contents.
[17:17:17] Setting --locustag EDLEMLGF from MD5 ed5e650f49742d8c5cbe2cca87761fa8
[17:17:17] Re-using existing --outdir analysis_prokka/Prokka_Out
[17:17:17] Using filename prefix: prokka_dpi_genomes_forncbi_kpl3084_c.current.XXX
[17:17:17] Setting HMMER_NCPU=1
[17:17:17] Writing log to: analysis_prokka/Prokka_Out/prokka_dpi_genomes_forncbi_kpl3084_c.current.log
[17:17:17] Command: /Users/isabelfe/opt/anaconda3/bin/prokka --prefix prokka_dpi_genomes_forncbi_kpl3084_c.current --outdir analysis_prokka/Prokka_Out --cpus 0 --force analysis_prokka/Reformat_Dpig/dpi_genomes_forncbi_kpl3084_c.current.fa
[17:17:17] Appending to PATH: /Users/isabelfe/opt/anaconda3/bin
[17:17:17] Looking for 'aragorn' - found /Users/isabelfe/opt/anaconda3/bin/aragorn
[17:17:17] Determined aragorn version is 001002 from 'ARAGORN v1.2.38 Dean Laslett'
[17:17:17] Looking for 'barrnap' - found /Users/isabelfe/opt/anaconda3/bin/barrnap
[17:17:17] Determined barrnap version is 000009 from 'barrnap 0.9'
[17:17:17] Looking for 'blastp' - found /Users/isabelfe/opt/anaconda3/bin/blastp
[17:17:17] Determined blastp version is 002009 from 'blastp: 2.9.0+'
[17:17:17] Looking for 'cmpress' - found /Users/isabelfe/opt/anaconda3/bin/cmpress
[17:17:17] Determined cmpress version is 001001 from '# INFERNAL 1.1.2 (July 2016)'
[17:17:17] Looking for 'cmscan' - found /Users/isabelfe/opt/anaconda3/bin/cmscan
[17:17:17] Determined cmscan version is 001001 from '# INFERNAL 1.1.2 (July 2016)'
[17:17:17] Looking for 'egrep' - found /usr/bin/egrep
[17:17:17] Looking for 'find' - found /usr/bin/find
[17:17:17] Looking for 'grep' - found /usr/bin/grep
[17:17:17] Looking for 'hmmpress' - found /Users/isabelfe/opt/anaconda3/bin/hmmpress
[17:17:17] Determined hmmpress version is 003003 from '# HMMER 3.3 (Nov 2019); http://hmmer.org/'
[17:17:17] Looking for 'hmmscan' - found /Users/isabelfe/opt/anaconda3/bin/hmmscan
[17:17:17] Determined hmmscan version is 003003 from '# HMMER 3.3 (Nov 2019); http://hmmer.org/'
[17:17:17] Looking for 'java' - found /Users/isabelfe/opt/anaconda3/bin/java
[17:17:17] Looking for 'makeblastdb' - found /Users/isabelfe/opt/anaconda3/bin/makeblastdb
[17:17:18] Determined makeblastdb version is 002009 from 'makeblastdb: 2.9.0+'
[17:17:18] Looking for 'minced' - found /Users/isabelfe/opt/anaconda3/bin/minced
[17:17:18] Determined minced version is 004002 from 'minced 0.4.2'
[17:17:18] Looking for 'parallel' - found /Users/isabelfe/opt/anaconda3/bin/parallel
[17:17:18] Determined parallel version is 20200522 from 'GNU parallel 20200522'
[17:17:18] Looking for 'prodigal' - found /Users/isabelfe/opt/anaconda3/bin/prodigal
[17:17:18] Determined prodigal version is 002006 from 'Prodigal V2.6.3: February, 2016'
[17:17:18] Looking for 'prokka-genbank_to_fasta_db' - found /Users/isabelfe/opt/anaconda3/bin/prokka-genbank_to_fasta_db
[17:17:18] Looking for 'sed' - found /usr/bin/sed
[17:17:18] Looking for 'tbl2asn' - found /Users/isabelfe/opt/anaconda3/bin/tbl2asn
[17:17:18] Determined tbl2asn version is 025007 from 'tbl2asn 25.7   arguments:'
[17:17:18] Using genetic code table 11.
[17:17:18] Loading and checking input file: analysis_prokka/Reformat_Dpig/dpi_genomes_forncbi_kpl3084_c.current.fa
[17:17:19] Wrote 1 contigs totalling 1906822 bp.
[17:17:19] Predicting tRNAs and tmRNAs
[17:17:19] Running: aragorn -l -gc11  -w analysis_prokka\/Prokka_Out\/prokka_dpi_genomes_forncbi_kpl3084_c\.current\.fna
[17:17:20] 1 tRNA-Val [174514,174588] 35 (gac)
[17:17:20] 2 tRNA-Ala [444281,444355] 35 (tgc)
[17:17:20] 3 tRNA-Asn [447676,447750] 35 (gtt)
[17:17:20] 4 tRNA-Leu [522235,522319] 34 (gag)
[17:17:20] 5 tRNA-Trp [835086,835158] 34 (cca)
[17:17:20] 6 tRNA-Ser [1189060,1189148] 36 (gga)
[17:17:20] 7 tRNA-Arg c[1250827,1250901] 35 (tct)
[17:17:20] 8 tRNA-Phe c[1380498,1380572] 35 (gaa)
[17:17:20] 9 tRNA-Asp c[1380578,1380653] 36 (gtc)
[17:17:20] 10 tRNA-Ser c[1380677,1380766] 37 (tga)
[17:17:20] 11 tRNA-Glu c[1380777,1380848] 34 (ttc)
[17:17:20] 12 tRNA-Ser c[1380864,1380954] 36 (gct)
[17:17:20] 13 tRNA-Ile c[1380980,1381055] 36 (gat)
[17:17:20] 14 tRNA-Gly c[1381063,1381133] 33 (tcc)
[17:17:20] 15 tRNA-Asp c[1381138,1381213] 36 (gtc)
[17:17:20] 16 tRNA-Met c[1381228,1381302] 35 (cat)
[17:17:20] 17 tRNA-Pro c[1381312,1381385] 35 (tgg)
[17:17:20] 18 tRNA-Arg c[1381407,1381482] 36 (acg)
[17:17:20] 19 tRNA-Leu c[1381491,1381577] 35 (taa)
[17:17:20] 20 tRNA-Gly c[1381606,1381677] 33 (gcc)
[17:17:20] 21 tRNA-Thr c[1381693,1381765] 34 (tgt)
[17:17:20] 22 tRNA-Leu c[1381772,1381853] 35 (tag)
[17:17:20] 23 tRNA-Lys c[1381871,1381943] 34 (ttt)
[17:17:20] 24 tRNA-Val c[1381953,1382025] 34 (tac)
[17:17:20] 25 tmRNA [1490513,1490870] 92,127 ANKNSNLALAA*
[17:17:20] 26 tRNA-Thr c[1635339,1635412] 34 (ggt)
[17:17:20] 27 tRNA-Gln c[1642466,1642539] 34 (ttg)
[17:17:20] 28 tRNA-Tyr c[1642543,1642626] 36 (gta)
[17:17:20] 29 tRNA-Glu c[1642631,1642702] 34 (ttc)
[17:17:20] 30 tRNA-SeC [1719749,1719846] 36 (tca)
[17:17:20] 31 tRNA-Arg c[1745660,1745734] 35 (tcg)
[17:17:20] 32 tRNA-Lys c[1745758,1745830] 34 (ttt)
[17:17:20] 33 tRNA-Val c[1745840,1745912] 34 (tac)
[17:17:20] 34 tRNA-Leu c[1751166,1751250] 35 (caa)
[17:17:20] 35 tRNA-Cys c[1751278,1751350] 33 (gca)
[17:17:20] 36 tRNA-Gln c[1751362,1751435] 34 (ttg)
[17:17:20] 37 tRNA-His c[1751450,1751524] 35 (gtg)
[17:17:20] 38 tRNA-Trp c[1751534,1751606] 34 (cca)
[17:17:20] 39 tRNA-Tyr c[1751609,1751691] 36 (gta)
[17:17:20] 40 tRNA-Phe c[1751708,1751782] 35 (gaa)
[17:17:20] 41 tRNA-Asp c[1751788,1751863] 36 (gtc)
[17:17:20] 42 tRNA-Met c[1751878,1751952] 35 (cat)
[17:17:20] 43 tRNA-Ser c[1751971,1752060] 37 (tga)
[17:17:20] 44 tRNA-Glu c[1752073,1752144] 34 (ttc)
[17:17:20] 45 tRNA-Ile c[1752160,1752235] 36 (gat)
[17:17:20] 46 tRNA-Gly c[1752245,1752315] 33 (tcc)
[17:17:20] 47 tRNA-Met c[1752368,1752441] 35 (cat)
[17:17:20] 48 tRNA-Met c[1752459,1752534] 36 (cat)
[17:17:20] 49 tRNA-Pro c[1752553,1752626] 35 (tgg)
[17:17:20] 50 tRNA-Arg c[1752683,1752758] 36 (acg)
[17:17:20] 51 tRNA-Leu c[1752767,1752853] 35 (taa)
[17:17:20] 52 tRNA-Gly c[1752882,1752953] 33 (gcc)
[17:17:20] 53 tRNA-Thr c[1752969,1753041] 34 (tgt)
[17:17:20] 54 tRNA-Asn c[1858312,1858386] 35 (gtt)
[17:17:20] 55 tRNA-Ala c[1861707,1861781] 35 (tgc)
[17:17:20] Found 55 tRNAs
[17:17:20] Predicting Ribosomal RNAs
[17:17:20] Running Barrnap with 2 threads
[17:17:23] 1 c_000000000001 442657 16S ribosomal RNA
[17:17:23] 2 c_000000000001 444551 23S ribosomal RNA
[17:17:23] 3 c_000000000001 447533 5S ribosomal RNA
[17:17:23] 4 c_000000000001 1382043 5S ribosomal RNA
[17:17:23] 5 c_000000000001 1382236 23S ribosomal RNA
[17:17:23] 6 c_000000000001 1385396 16S ribosomal RNA
[17:17:23] 7 c_000000000001 1745930 5S ribosomal RNA
[17:17:23] 8 c_000000000001 1746123 23S ribosomal RNA
[17:17:23] 9 c_000000000001 1749282 16S ribosomal RNA
[17:17:23] 10 c_000000000001 1858419 5S ribosomal RNA
[17:17:23] 11 c_000000000001 1858612 23S ribosomal RNA
[17:17:23] 12 c_000000000001 1861863 16S ribosomal RNA
[17:17:23] Found 12 rRNAs
[17:17:23] Skipping ncRNA search, enable with --rfam if desired.
[17:17:23] Total of 66 tRNA + rRNA features
[17:17:23] Searching for CRISPR repeats
[17:17:24] CRISPR1 c_000000000001 698316 with 16 spacers
[17:17:24] Found 1 CRISPRs
[17:17:24] Predicting coding sequences
[17:17:24] Contigs total 1906822 bp, so using single mode
[17:17:24] Running: prodigal -i analysis_prokka\/Prokka_Out\/prokka_dpi_genomes_forncbi_kpl3084_c\.current\.fna -c -m -g 11 -p single -f sco -q
[17:17:28] Found 1757 CDS
[17:17:28] Connecting features back to sequences
[17:17:28] Not using genus-specific database. Try --usegenus to enable it.
[17:17:28] Annotating CDS, please be patient.
[17:17:28] Will use 2 CPUs for similarity searching.
[17:17:29] There are still 1757 unannotated CDS left (started with 1757)
[17:17:29] Will use blast to search against /Users/isabelfe/opt/anaconda3/db/kingdom/Bacteria/IS with 2 CPUs
[17:17:29] Running: cat analysis_prokka\/Prokka_Out\/prokka_dpi_genomes_forncbi_kpl3084_c\.current\.IS\.tmp\.7504\.faa | parallel --gnu --plain -j 2 --block 141668 --recstart '>' --pipe blastp -query - -db /Users/isabelfe/opt/anaconda3/db/kingdom/Bacteria/IS -evalue 1e-30 -qcov_hsp_perc 90 -num_threads 1 -num_descriptions 1 -num_alignments 1 -seg no > analysis_prokka\/Prokka_Out\/prokka_dpi_genomes_forncbi_kpl3084_c\.current\.IS\.tmp\.7504\.blast 2> /dev/null
[17:17:49] Deleting unwanted file: analysis_prokka/Prokka_Out/prokka_dpi_genomes_forncbi_kpl3084_c.current.IS.tmp.7504.faa
[17:17:49] Deleting unwanted file: analysis_prokka/Prokka_Out/prokka_dpi_genomes_forncbi_kpl3084_c.current.IS.tmp.7504.blast
[17:17:49] There are still 1747 unannotated CDS left (started with 1757)
[17:17:49] Will use blast to search against /Users/isabelfe/opt/anaconda3/db/kingdom/Bacteria/AMR with 2 CPUs
[17:17:49] Running: cat analysis_prokka\/Prokka_Out\/prokka_dpi_genomes_forncbi_kpl3084_c\.current\.AMR\.tmp\.7504\.faa | parallel --gnu --plain -j 2 --block 140689 --recstart '>' --pipe blastp -query - -db /Users/isabelfe/opt/anaconda3/db/kingdom/Bacteria/AMR -evalue 9.99999999999999e-301 -qcov_hsp_perc 90 -num_threads 1 -num_descriptions 1 -num_alignments 1 -seg no > analysis_prokka\/Prokka_Out\/prokka_dpi_genomes_forncbi_kpl3084_c\.current\.AMR\.tmp\.7504\.blast 2> /dev/null
[17:18:07] Deleting unwanted file: analysis_prokka/Prokka_Out/prokka_dpi_genomes_forncbi_kpl3084_c.current.AMR.tmp.7504.faa
[17:18:07] Deleting unwanted file: analysis_prokka/Prokka_Out/prokka_dpi_genomes_forncbi_kpl3084_c.current.AMR.tmp.7504.blast
[17:18:07] There are still 1747 unannotated CDS left (started with 1757)
[17:18:07] Will use blast to search against /Users/isabelfe/opt/anaconda3/db/kingdom/Bacteria/sprot with 2 CPUs
[17:18:07] Running: cat analysis_prokka\/Prokka_Out\/prokka_dpi_genomes_forncbi_kpl3084_c\.current\.sprot\.tmp\.7504\.faa | parallel --gnu --plain -j 2 --block 140689 --recstart '>' --pipe blastp -query - -db /Users/isabelfe/opt/anaconda3/db/kingdom/Bacteria/sprot -evalue 1e-09 -qcov_hsp_perc 80 -num_threads 1 -num_descriptions 1 -num_alignments 1 -seg no > analysis_prokka\/Prokka_Out\/prokka_dpi_genomes_forncbi_kpl3084_c\.current\.sprot\.tmp\.7504\.blast 2> /dev/null
[17:19:23] Modify product: Calcium-transporting ATPase lmo0841 => Calcium-transporting ATPase
[17:19:23] Modify product: UPF0365 protein SA1402 => hypothetical protein
[17:19:23] Modify product: Putative glycerol transporter Lin0368 => Putative glycerol transporter
[17:19:23] Modify product: Putative glycerol transporter Lin0367 => Putative glycerol transporter
[17:19:23] Modify product: Probable transcription repressor NiaR => putative transcription repressor NiaR
[17:19:23] Modify product: Probable protein-export membrane protein SecG => putative protein-export membrane protein SecG
[17:19:24] Modify product: Uncharacterized protein Spy1614 => putative protein
[17:19:24] Modify product: Uncharacterized protein SA1069 => putative protein
[17:19:24] Modify product: Probable cell division protein WhiA => putative cell division protein WhiA
[17:19:24] Modify product: UPF0302 protein BA_1542/GBAA_1542/BAS1430 => hypothetical protein
[17:19:24] Modify product: Uncharacterized protein YpjD => putative protein YpjD
[17:19:24] Modify product: UPF0324 inner membrane protein YeiH => hypothetical protein
[17:19:24] Modify product: UPF0053 protein HI_0107 => hypothetical protein
[17:19:24] Modify product: Uncharacterized MscS family protein YkuT => putative MscS family protein YkuT
[17:19:24] Modify product: UPF0176 protein SP_0095 => hypothetical protein
[17:19:24] Modify product: Putative universal stress protein SA1532 => Putative universal stress protein
[17:19:24] Modify product: Uncharacterized AAA domain-containing protein Rv2559c => putative AAA domain-containing protein
[17:19:24] Modify product: Uncharacterized ABC transporter ATP-binding protein Rv0986 => putative ABC transporter ATP-binding protein
[17:19:24] Modify product: Probable multidrug resistance ABC transporter ATP-binding/permease protein YheI => putative multidrug resistance ABC transporter ATP-binding/permease protein YheI
[17:19:24] Modify product: Probable multidrug resistance ABC transporter ATP-binding/permease protein YheH => putative multidrug resistance ABC transporter ATP-binding/permease protein YheH
[17:19:24] Modify product: Probable undecaprenyl-phosphate N-acetylglucosaminyl 1-phosphate transferase => putative undecaprenyl-phosphate N-acetylglucosaminyl 1-phosphate transferase
[17:19:24] Modify product: Probable glycine dehydrogenase (decarboxylating) subunit 1 => putative glycine dehydrogenase (decarboxylating) subunit 1
[17:19:24] Modify product: Probable glycine dehydrogenase (decarboxylating) subunit 2 => putative glycine dehydrogenase (decarboxylating) subunit 2
[17:19:24] Modify product: UPF0073 inner membrane protein YqfA => hypothetical protein
[17:19:24] Modify product: Putative phosphatase M6_Spy0533 => Putative phosphatase
[17:19:24] Modify product: UPF0122 protein SP_1288 => hypothetical protein
[17:19:24] Modify product: UPF0109 protein Rv2908c => hypothetical protein
[17:19:24] Modify product: Probable ribosomal protein YlxQ => putative ribosomal protein YlxQ
[17:19:24] Modify product: Probable murein peptide carboxypeptidase => putative murein peptide carboxypeptidase
[17:19:24] Modify product: Probable endonuclease 4 => putative endonuclease 4
[17:19:24] Modify product: UPF0374 protein SP_1903 => hypothetical protein
[17:19:24] Modify product: Putative aminotransferase MSMEG_6286/MSMEI_6121 => Putative aminotransferase/MSMEI_6121
[17:19:24] Modify product: Probable ABC transporter ATP-binding protein NosF => putative ABC transporter ATP-binding protein NosF
[17:19:24] Modify product: UPF0178 protein YaiI => hypothetical protein
[17:19:24] Modify product: Uncharacterized protein YedJ => putative protein YedJ
[17:19:24] Modify product: DegV domain-containing protein spr1415 => DegV domain-containing protein
[17:19:24] Modify product: Nudix hydrolase DR_0079 => Nudix hydrolase
[17:19:24] Modify product: Bifunctional protein FolD => Bifunctional protein FolD protein
[17:19:24] Modify product: Uncharacterized protein YqgN => putative protein YqgN
[17:19:24] Modify product: Probable D,D-dipeptide transport system permease protein DdpC => putative D,D-dipeptide transport system permease protein DdpC
[17:19:24] Modify product: Uncharacterized PIN and TRAM-domain containing protein YacL => putative PIN and TRAM-domain containing protein YacL
[17:19:24] Modify product: UPF0324 inner membrane protein YeiH => hypothetical protein
[17:19:24] Modify product: Probable 3-hydroxyacyl-CoA dehydrogenase => putative 3-hydroxyacyl-CoA dehydrogenase
[17:19:24] Modify product: Uncharacterized oxidoreductase SpyM50865 => putative oxidoreductase
[17:19:24] Modify product: Probable quorum-quenching lactonase YtnP => putative quorum-quenching lactonase YtnP
[17:19:24] Modify product: Multidrug efflux system ATP-binding protein Rv1218c => Multidrug efflux system ATP-binding protein
[17:19:24] Modify product: Uncharacterized protein YhaP => putative protein YhaP
[17:19:24] Modify product: Uncharacterized ABC transporter ATP-binding protein Rv1273c => putative ABC transporter ATP-binding protein
[17:19:24] Modify product: Uncharacterized ABC transporter ATP-binding protein TM_0288 => putative ABC transporter ATP-binding protein
[17:19:24] Modify product: Probable fructose-bisphosphate aldolase => putative fructose-bisphosphate aldolase
[17:19:24] Modify product: Putative dipeptidase SA1572 => Putative dipeptidase
[17:19:24] Modify product: Uncharacterized protein NMB0459 => putative protein
[17:19:24] Modify product: Solute-binding protein Csal_2479 => Solute-binding protein
[17:19:24] Modify product: Uncharacterized oxidoreductase HI_0048 => putative oxidoreductase
[17:19:24] Modify product: Probable licABCH operon regulator => putative licABCH operon regulator
[17:19:24] Modify product: Uncharacterized HTH-type transcriptional regulator YbbH => putative HTH-type transcriptional regulator YbbH
[17:19:24] Modify product: Probable pyridine nucleotide-disulfide oxidoreductase RclA => putative pyridine nucleotide-disulfide oxidoreductase RclA
[17:19:24] Modify product: Putative multidrug export ATP-binding/permease protein SAV1866 => Putative multidrug export ATP-binding/permease protein
[17:19:24] Modify product: Uncharacterized ABC transporter ATP-binding protein Rv0986 => putative ABC transporter ATP-binding protein
[17:19:24] Modify product: Uncharacterized protein YqeY => putative protein YqeY
[17:19:24] Modify product: Putative multidrug export ATP-binding/permease protein SAV1866 => Putative multidrug export ATP-binding/permease protein
[17:19:24] Modify product: GTP cyclohydrolase 1 type 2 homolog => GTP cyclohydrolase 1 type 2 
[17:19:24] Modify product: UPF0045 protein Rv1898 => hypothetical protein
[17:19:24] Modify product: UPF0346 protein YozE => hypothetical protein
[17:19:24] Modify product: RutC family protein HI_0719 => RutC family protein
[17:19:24] Modify product: Sulfurtransferase Alvin_2599 => Sulfurtransferase
[17:19:24] Modify product: Probable L-asparaginase => putative L-asparaginase
[17:19:24] Modify product: Putative transport protein Rv0205 => Putative transport protein
[17:19:24] Modify product: DegV domain-containing protein SA1258 => DegV domain-containing protein
[17:19:24] Modify product: UPF0342 protein SA1663 => hypothetical protein
[17:19:24] Modify product: Probable bifunctional oligoribonuclease and PAP phosphatase NrnA => putative bifunctional oligoribonuclease and PAP phosphatase NrnA
[17:19:24] Modify product: Uncharacterized protein Spy1535 => putative protein
[17:19:24] Modify product: Probable transcriptional regulatory protein MSMEG_2940/MSMEI_2866 => putative transcriptional regulatory protein/MSMEI_2866
[17:19:24] Modify product: Transcriptional repressor SmtB homolog => Transcriptional repressor SmtB 
[17:19:24] Modify product: Uncharacterized protein YdhK => putative protein YdhK
[17:19:24] Modify product: Uncharacterized RNA methyltransferase SP_1029 => putative RNA methyltransferase
[17:19:24] Modify product: Putative trans-acting regulator SP_1800 => Putative trans-acting regulator
[17:19:24] Modify product: Uncharacterized epimerase/dehydratase SA0511 => putative epimerase/dehydratase
[17:19:24] Modify product: Probable metallo-hydrolase M6_Spy0554 => putative metallo-hydrolase
[17:19:24] Modify product: UPF0053 inner membrane protein YfjD => hypothetical protein
[17:19:24] Modify product: UPF0398 protein YpsA => hypothetical protein
[17:19:24] Modify product: Rqc2 homolog RqcH => Rqc2 RqcH
[17:19:24] Modify product: Putative metallophosphoesterase MG207 homolog => Putative metallophosphoesterase MG207 
[17:19:25] Modify product: TelA-like protein SA1238 => TelA-like protein
[17:19:25] Modify product: UPF0154 protein SA1178 => hypothetical protein
[17:19:25] Modify product: UPF0291 protein SP_1473 => hypothetical protein
[17:19:25] Modify product: Probable GTP-binding protein EngB => putative GTP-binding protein EngB
[17:19:25] Modify product: Probable nicotinate-nucleotide adenylyltransferase => putative nicotinate-nucleotide adenylyltransferase
[17:19:25] Modify product: RNA-binding protein HI_1333 => RNA-binding protein
[17:19:25] Modify product: Uncharacterized protein YqeH => putative protein YqeH
[17:19:25] Modify product: UPF0358 protein EF_2458 => hypothetical protein
[17:19:25] Modify product: Probable N-acetyl-LL-diaminopimelate aminotransferase => putative N-acetyl-LL-diaminopimelate aminotransferase
[17:19:25] Modify product: Probable licABCH operon regulator => putative licABCH operon regulator
[17:19:25] Modify product: Probable tRNA sulfurtransferase => putative tRNA sulfurtransferase
[17:19:25] Modify product: UPF0702 transmembrane protein YetF => hypothetical protein
[17:19:25] Modify product: UPF0637 protein SA0957 => hypothetical protein
[17:19:25] Modify product: Uncharacterized multiple-sugar transport system permease YteP => putative multiple-sugar transport system permease YteP
[17:19:25] Modify product: Uncharacterized protein YpjQ => putative protein YpjQ
[17:19:25] Modify product: Uncharacterized oxidoreductase MSMEG_2408/MSMEI_2347 => putative oxidoreductase/MSMEI_2347
[17:19:25] Modify product: Acetyltransferase SACOL1063 => Acetyltransferase
[17:19:25] Modify product: Acetyltransferase SACOL1063 => Acetyltransferase
[17:19:25] Modify product: Uncharacterized RNA pseudouridine synthase Rv1540 => putative RNA pseudouridine synthase
[17:19:25] Modify product: UPF0413 protein YjbH => hypothetical protein
[17:19:25] Modify product: UPF0758 protein YsxA => hypothetical protein
[17:19:25] Modify product: UPF0473 protein SP_0194 => hypothetical protein
[17:19:25] Modify product: UPF0297 protein EF_1202 => hypothetical protein
[17:19:25] Modify product: UPF0397 protein SP_0482 => hypothetical protein
[17:19:25] Modify product: UPF0051 protein SA0778 => hypothetical protein
[17:19:25] Modify product: UPF0051 protein SA0778 => hypothetical protein
[17:19:25] Modify product: Probable ABC transporter ATP-binding protein M6_Spy0273 => putative ABC transporter ATP-binding protein
[17:19:25] Modify product: Uncharacterized protein YqeN => putative protein YqeN
[17:19:25] Modify product: Uncharacterized protein YbbA => putative protein YbbA
[17:19:25] Modify product: Uncharacterized ABC transporter ATP-binding protein YheS => putative ABC transporter ATP-binding protein YheS
[17:19:25] Modify product: UPF0340 protein YwlG => hypothetical protein
[17:19:25] Modify product: Protease HtpX homolog => Protease HtpX 
[17:19:25] Modify product: Uncharacterized ABC transporter ATP-binding protein Rv0986 => putative ABC transporter ATP-binding protein
[17:19:25] Modify product: Probable ABC transporter phosphite binding protein PhnD1 => putative ABC transporter phosphite binding protein PhnD1
[17:19:25] Modify product: UPF0394 inner membrane protein YeeE => hypothetical protein
[17:19:25] Modify product: Uncharacterized protein YacP => putative protein YacP
[17:19:26] Modify product: Uncharacterized oxidoreductase YjhC => putative oxidoreductase YjhC
[17:19:26] Modify product: Probable peptidoglycan glycosyltransferase FtsW => putative peptidoglycan glycosyltransferase FtsW
[17:19:26] Cleaned 121 /product names
[17:19:26] Deleting unwanted file: analysis_prokka/Prokka_Out/prokka_dpi_genomes_forncbi_kpl3084_c.current.sprot.tmp.7504.faa
[17:19:26] Deleting unwanted file: analysis_prokka/Prokka_Out/prokka_dpi_genomes_forncbi_kpl3084_c.current.sprot.tmp.7504.blast
[17:19:26] There are still 699 unannotated CDS left (started with 1757)
[17:19:26] Will use hmmer3 to search against /Users/isabelfe/opt/anaconda3/db/hmm/HAMAP.hmm with 2 CPUs
[17:19:26] Running: cat analysis_prokka\/Prokka_Out\/prokka_dpi_genomes_forncbi_kpl3084_c\.current\.HAMAP\.hmm\.tmp\.7504\.faa | parallel --gnu --plain -j 2 --block 50520 --recstart '>' --pipe hmmscan --noali --notextw --acc -E 1e-09 --cpu 1 /Users/isabelfe/opt/anaconda3/db/hmm/HAMAP.hmm /dev/stdin > analysis_prokka\/Prokka_Out\/prokka_dpi_genomes_forncbi_kpl3084_c\.current\.HAMAP\.hmm\.tmp\.7504\.hmmer3 2> /dev/null
[17:19:59] Modify product: Uncharacterized Nudix hydrolase NudL => putative Nudix hydrolase NudL
[17:19:59] Modify product: Protein SprT-like => Protein SprT-like protein
[17:19:59] Cleaned 2 /product names
[17:19:59] Deleting unwanted file: analysis_prokka/Prokka_Out/prokka_dpi_genomes_forncbi_kpl3084_c.current.HAMAP.hmm.tmp.7504.faa
[17:19:59] Deleting unwanted file: analysis_prokka/Prokka_Out/prokka_dpi_genomes_forncbi_kpl3084_c.current.HAMAP.hmm.tmp.7504.hmmer3
[17:19:59] Labelling remaining 614 proteins as 'hypothetical protein'
[17:19:59] Possible /pseudo 'PTS system mannose-specific EIIAB component' at c_000000000001 position 160512
[17:19:59] Possible /pseudo 'Acetyl-coenzyme A carboxylase carboxyl transferase subunit beta' at c_000000000001 position 186470
[17:19:59] Possible /pseudo 'putative ABC transporter ATP-binding protein' at c_000000000001 position 317673
[17:19:59] Possible /pseudo 'Methionine-binding lipoprotein MetQ' at c_000000000001 position 333475
[17:19:59] Possible /pseudo 'PTS system galactitol-specific EIIC component' at c_000000000001 position 389888
[17:19:59] Possible /pseudo 'Putative glycerol transporter' at c_000000000001 position 554182
[17:19:59] Possible /pseudo 'putative protein' at c_000000000001 position 660313
[17:19:59] Possible /pseudo 'Undecaprenyl-phosphate 4-deoxy-4-formamido-L-arabinose transferase' at c_000000000001 position 794220
[17:19:59] Possible /pseudo 'Cadmium, zinc and cobalt-transporting ATPase' at c_000000000001 position 1120063
[17:19:59] Possible /pseudo 'Cadmium, zinc and cobalt-transporting ATPase' at c_000000000001 position 1120963
[17:19:59] Possible /pseudo 'Glutathione biosynthesis bifunctional protein GshAB' at c_000000000001 position 1226547
[17:19:59] Possible /pseudo 'Acetyltransferase' at c_000000000001 position 1431453
[17:19:59] Possible /pseudo 'Chromosome partition protein Smc' at c_000000000001 position 1668279
[17:19:59] Possible /pseudo 'Glycine reductase complex component B subunit gamma' at c_000000000001 position 1707396
[17:19:59] Found 906 unique /gene codes.
[17:19:59] Fixed 2 duplicate /gene - lrgA_1 lrgA_2
[17:19:59] Fixed 2 duplicate /gene - dinG_1 dinG_2
[17:19:59] Fixed 2 duplicate /gene - ptsG_1 ptsG_2
[17:19:59] Fixed 2 duplicate /gene - purR_1 purR_2
[17:19:59] Fixed 2 duplicate /gene - urdA_1 urdA_2
[17:19:59] Fixed 2 duplicate /gene - galK_1 galK_2
[17:19:59] Fixed 2 duplicate /gene - licA_1 licA_2
[17:19:59] Fixed 2 duplicate /gene - apbE_1 apbE_2
[17:19:59] Fixed 2 duplicate /gene - atpD_1 atpD_2
[17:19:59] Fixed 2 duplicate /gene - cobB_1 cobB_2
[17:19:59] Fixed 2 duplicate /gene - mshA_1 mshA_2
[17:19:59] Fixed 2 duplicate /gene - ccpA_1 ccpA_2
[17:19:59] Fixed 3 duplicate /gene - fabG_1 fabG_2 fabG_3
[17:19:59] Fixed 2 duplicate /gene - fpgS_1 fpgS_2
[17:19:59] Fixed 2 duplicate /gene - gmuE_1 gmuE_2
[17:19:59] Fixed 2 duplicate /gene - sasA_1 sasA_2
[17:19:59] Fixed 3 duplicate /gene - oppD_1 oppD_2 oppD_3
[17:19:59] Fixed 3 duplicate /gene - metP_1 metP_2 metP_3
[17:19:59] Fixed 2 duplicate /gene - acpP_1 acpP_2
[17:19:59] Fixed 2 duplicate /gene - nylA_1 nylA_2
[17:19:59] Fixed 2 duplicate /gene - scmP_1 scmP_2
[17:19:59] Fixed 2 duplicate /gene - bglK_1 bglK_2
[17:19:59] Fixed 2 duplicate /gene - yclP_1 yclP_2
[17:19:59] Fixed 2 duplicate /gene - accD_1 accD_2
[17:19:59] Fixed 2 duplicate /gene - gmk_1 gmk_2
[17:19:59] Fixed 2 duplicate /gene - clpC_1 clpC_2
[17:19:59] Fixed 2 duplicate /gene - dacA_1 dacA_2
[17:19:59] Fixed 2 duplicate /gene - grdB_1 grdB_2
[17:19:59] Fixed 4 duplicate /gene - gatC_1 gatC_2 gatC_3 gatC_4
[17:19:59] Fixed 2 duplicate /gene - pdhC_1 pdhC_2
[17:19:59] Fixed 2 duplicate /gene - bglH_1 bglH_2
[17:19:59] Fixed 2 duplicate /gene - luxS_1 luxS_2
[17:19:59] Fixed 2 duplicate /gene - rnfC_1 rnfC_2
[17:19:59] Fixed 2 duplicate /gene - pepF1_1 pepF1_2
[17:19:59] Fixed 2 duplicate /gene - iscS_1 iscS_2
[17:19:59] Fixed 2 duplicate /gene - thiD_1 thiD_2
[17:19:59] Fixed 2 duplicate /gene - lexA_1 lexA_2
[17:19:59] Fixed 2 duplicate /gene - sufS_1 sufS_2
[17:19:59] Fixed 2 duplicate /gene - lacF_1 lacF_2
[17:19:59] Fixed 2 duplicate /gene - lplJ_1 lplJ_2
[17:19:59] Fixed 2 duplicate /gene - licR_1 licR_2
[17:19:59] Fixed 2 duplicate /gene - spxA_1 spxA_2
[17:19:59] Fixed 2 duplicate /gene - trxB_1 trxB_2
[17:19:59] Fixed 2 duplicate /gene - gsiC_1 gsiC_2
[17:19:59] Fixed 2 duplicate /gene - ssbA_1 ssbA_2
[17:19:59] Fixed 3 duplicate /gene - brnQ_1 brnQ_2 brnQ_3
[17:19:59] Fixed 2 duplicate /gene - desR_1 desR_2
[17:19:59] Fixed 2 duplicate /gene - ecfA1_1 ecfA1_2
[17:19:59] Fixed 2 duplicate /gene - ecfT_1 ecfT_2
[17:19:59] Fixed 3 duplicate /gene - arnC_1 arnC_2 arnC_3
[17:19:59] Fixed 2 duplicate /gene - nagB_1 nagB_2
[17:19:59] Fixed 2 duplicate /gene - expZ_1 expZ_2
[17:19:59] Fixed 11 duplicate /gene - btuD_1 btuD_2 btuD_3 btuD_4 btuD_5 btuD_6 btuD_7 btuD_8 btuD_9 btuD_10 btuD_11
[17:19:59] Fixed 2 duplicate /gene - lacC_1 lacC_2
[17:19:59] Fixed 2 duplicate /gene - tpiA_1 tpiA_2
[17:19:59] Fixed 2 duplicate /gene - alsT_1 alsT_2
[17:19:59] Fixed 2 duplicate /gene - manX_1 manX_2
[17:19:59] Fixed 2 duplicate /gene - tagU_1 tagU_2
[17:19:59] Fixed 2 duplicate /gene - rnfD_1 rnfD_2
[17:19:59] Fixed 8 duplicate /gene - bcrA_1 bcrA_2 bcrA_3 bcrA_4 bcrA_5 bcrA_6 bcrA_7 bcrA_8
[17:19:59] Fixed 2 duplicate /gene - dagK_1 dagK_2
[17:19:59] Fixed 5 duplicate /gene - metQ_1 metQ_2 metQ_3 metQ_4 metQ_5
[17:19:59] Fixed 2 duplicate /gene - licC_1 licC_2
[17:19:59] Fixed 2 duplicate /gene - celA_1 celA_2
[17:19:59] Fixed 2 duplicate /gene - tenA_1 tenA_2
[17:19:59] Fixed 2 duplicate /gene - est_1 est_2
[17:19:59] Fixed 2 duplicate /gene - dsdA_1 dsdA_2
[17:19:59] Fixed 2 duplicate /gene - gcvH_1 gcvH_2
[17:19:59] Fixed 2 duplicate /gene - nanA_1 nanA_2
[17:19:59] Fixed 2 duplicate /gene - rsmH_1 rsmH_2
[17:19:59] Fixed 2 duplicate /gene - yohK_1 yohK_2
[17:19:59] Fixed 4 duplicate /gene - cadA_1 cadA_2 cadA_3 cadA_4
[17:19:59] Fixed 2 duplicate /gene - rpoN1_1 rpoN1_2
[17:19:59] Fixed 2 duplicate /gene - xerC_1 xerC_2
[17:19:59] Fixed 3 duplicate /gene - oppF_1 oppF_2 oppF_3
[17:19:59] Fixed 2 duplicate /gene - mtgA_1 mtgA_2
[17:19:59] Fixed 2 duplicate /gene - mgtE_1 mgtE_2
[17:19:59] Fixed 2 duplicate /gene - copY_1 copY_2
[17:19:59] Fixed 2 duplicate /gene - pnp_1 pnp_2
[17:19:59] Fixed 2 duplicate /gene - argS_1 argS_2
[17:19:59] Fixed 2 duplicate /gene - metN_1 metN_2
[17:19:59] Fixed 6 duplicate /gene - smc_1 smc_2 smc_3 smc_4 smc_5 smc_6
[17:19:59] Fixed 4 duplicate /gene - agrA_1 agrA_2 agrA_3 agrA_4
[17:19:59] Fixed 2 duplicate /gene - srrA_1 srrA_2
[17:19:59] Fixed 2 duplicate /gene - atpE_1 atpE_2
[17:19:59] Fixed 2 duplicate /gene - araQ_1 araQ_2
[17:19:59] Fixed 2 duplicate /gene - trxA_1 trxA_2
[17:19:59] Fixed 2 duplicate /gene - gshAB_1 gshAB_2
[17:19:59] Fixed 88 colliding /gene names.
[17:19:59] Adding /locus_tag identifiers
[17:19:59] Assigned 1824 locus_tags to CDS and RNA features.
[17:19:59] Writing outputs to analysis_prokka/Prokka_Out/
[17:20:01] Generating annotation statistics file
[17:20:01] Generating Genbank and Sequin files
[17:20:01] Running: tbl2asn -V b -a r10k -l paired-ends -M n -N 1 -y 'Annotated using prokka 1.14.6 from https://github.com/tseemann/prokka' -Z analysis_prokka\/Prokka_Out\/prokka_dpi_genomes_forncbi_kpl3084_c\.current\.err -i analysis_prokka\/Prokka_Out\/prokka_dpi_genomes_forncbi_kpl3084_c\.current\.fsa 2> /dev/null
[17:20:05] Could not run command: tbl2asn -V b -a r10k -l paired-ends -M n -N 1 -y 'Annotated using prokka 1.14.6 from https://github.com/tseemann/prokka' -Z analysis_prokka\/Prokka_Out\/prokka_dpi_genomes_forncbi_kpl3084_c\.current\.err -i analysis_prokka\/Prokka_Out\/prokka_dpi_genomes_forncbi_kpl3084_c\.current\.fsa 2> /dev/null
