[15:52:54] This is prokka 1.14.6
[15:52:54] Written by Torsten Seemann <torsten.seemann@gmail.com>
[15:52:54] Homepage is https://github.com/tseemann/prokka
[15:52:54] Local time is Fri Jul 10 15:52:54 2020
[15:52:54] You are isabelfe
[15:52:54] Operating system is darwin
[15:52:54] You have BioPerl 1.007002
[15:52:55] System has 2 cores.
[15:52:55] Will use maximum of 2 cores.
[15:52:55] Annotating as >>> Bacteria <<<
[15:52:55] Generating locus_tag from 'analysis_prokka/Reformat_Dpig/GCA_003263915.2_ASM326391v2_genomic.fa' contents.
[15:52:55] Setting --locustag HEEFIGLD from MD5 1eef205d3dc3bfb339f945e9cb106a02
[15:52:55] Re-using existing --outdir analysis_prokka/Prokka_Out
[15:52:55] Using filename prefix: prokka_GCA_003263915.2_ASM326391v2_genomic.XXX
[15:52:55] Setting HMMER_NCPU=1
[15:52:55] Writing log to: analysis_prokka/Prokka_Out/prokka_GCA_003263915.2_ASM326391v2_genomic.log
[15:52:55] Command: /Users/isabelfe/opt/anaconda3/bin/prokka --prefix prokka_GCA_003263915.2_ASM326391v2_genomic --outdir analysis_prokka/Prokka_Out --cpus 0 --force analysis_prokka/Reformat_Dpig/GCA_003263915.2_ASM326391v2_genomic.fa
[15:52:55] Appending to PATH: /Users/isabelfe/opt/anaconda3/bin
[15:52:55] Looking for 'aragorn' - found /Users/isabelfe/opt/anaconda3/bin/aragorn
[15:52:55] Determined aragorn version is 001002 from 'ARAGORN v1.2.38 Dean Laslett'
[15:52:55] Looking for 'barrnap' - found /Users/isabelfe/opt/anaconda3/bin/barrnap
[15:52:55] Determined barrnap version is 000009 from 'barrnap 0.9'
[15:52:55] Looking for 'blastp' - found /Users/isabelfe/opt/anaconda3/bin/blastp
[15:53:03] Determined blastp version is 002009 from 'blastp: 2.9.0+'
[15:53:03] Looking for 'cmpress' - found /Users/isabelfe/opt/anaconda3/bin/cmpress
[15:53:03] Determined cmpress version is 001001 from '# INFERNAL 1.1.2 (July 2016)'
[15:53:03] Looking for 'cmscan' - found /Users/isabelfe/opt/anaconda3/bin/cmscan
[15:53:03] Determined cmscan version is 001001 from '# INFERNAL 1.1.2 (July 2016)'
[15:53:03] Looking for 'egrep' - found /usr/bin/egrep
[15:53:03] Looking for 'find' - found /usr/bin/find
[15:53:03] Looking for 'grep' - found /usr/bin/grep
[15:53:03] Looking for 'hmmpress' - found /Users/isabelfe/opt/anaconda3/bin/hmmpress
[15:53:03] Determined hmmpress version is 003003 from '# HMMER 3.3 (Nov 2019); http://hmmer.org/'
[15:53:03] Looking for 'hmmscan' - found /Users/isabelfe/opt/anaconda3/bin/hmmscan
[15:53:03] Determined hmmscan version is 003003 from '# HMMER 3.3 (Nov 2019); http://hmmer.org/'
[15:53:03] Looking for 'java' - found /Users/isabelfe/opt/anaconda3/bin/java
[15:53:03] Looking for 'makeblastdb' - found /Users/isabelfe/opt/anaconda3/bin/makeblastdb
[15:53:04] Determined makeblastdb version is 002009 from 'makeblastdb: 2.9.0+'
[15:53:04] Looking for 'minced' - found /Users/isabelfe/opt/anaconda3/bin/minced
[15:53:04] Determined minced version is 004002 from 'minced 0.4.2'
[15:53:04] Looking for 'parallel' - found /Users/isabelfe/opt/anaconda3/bin/parallel
[15:53:04] Determined parallel version is 20200522 from 'GNU parallel 20200522'
[15:53:04] Looking for 'prodigal' - found /Users/isabelfe/opt/anaconda3/bin/prodigal
[15:53:04] Determined prodigal version is 002006 from 'Prodigal V2.6.3: February, 2016'
[15:53:04] Looking for 'prokka-genbank_to_fasta_db' - found /Users/isabelfe/opt/anaconda3/bin/prokka-genbank_to_fasta_db
[15:53:04] Looking for 'sed' - found /usr/bin/sed
[15:53:04] Looking for 'tbl2asn' - found /Users/isabelfe/opt/anaconda3/bin/tbl2asn
[15:53:05] Determined tbl2asn version is 025007 from 'tbl2asn 25.7   arguments:'
[15:53:05] Using genetic code table 11.
[15:53:05] Loading and checking input file: analysis_prokka/Reformat_Dpig/GCA_003263915.2_ASM326391v2_genomic.fa
[15:53:05] Wrote 1 contigs totalling 1890416 bp.
[15:53:05] Predicting tRNAs and tmRNAs
[15:53:05] Running: aragorn -l -gc11  -w analysis_prokka\/Prokka_Out\/prokka_GCA_003263915\.2_ASM326391v2_genomic\.fna
[15:53:06] 1 tRNA-Val c[128010,128084] 35 (gac)
[15:53:06] 2 tRNA-Ala [340743,340817] 35 (tgc)
[15:53:06] 3 tRNA-Asn [344132,344206] 35 (gtt)
[15:53:06] 4 tRNA-Thr [445049,445124] 35 (tgt)
[15:53:06] 5 tRNA-Gly [445138,445209] 33 (gcc)
[15:53:06] 6 tRNA-Leu [445238,445324] 35 (taa)
[15:53:06] 7 tRNA-Arg [445333,445408] 36 (acg)
[15:53:06] 8 tRNA-Pro [445465,445538] 35 (tgg)
[15:53:06] 9 tRNA-Met [445557,445632] 36 (cat)
[15:53:06] 10 tRNA-Met [445650,445723] 35 (cat)
[15:53:06] 11 tRNA-Gly [445776,445846] 33 (tcc)
[15:53:06] 12 tRNA-Ile [445856,445931] 36 (gat)
[15:53:06] 13 tRNA-Glu [445947,446018] 34 (ttc)
[15:53:06] 14 tRNA-Ser [446031,446120] 37 (tga)
[15:53:06] 15 tRNA-Met [446140,446214] 35 (cat)
[15:53:06] 16 tRNA-Asp [446229,446304] 36 (gtc)
[15:53:06] 17 tRNA-Phe [446310,446384] 35 (gaa)
[15:53:06] 18 tRNA-Tyr [446401,446483] 36 (gta)
[15:53:06] 19 tRNA-Trp [446486,446558] 34 (cca)
[15:53:06] 20 tRNA-His [446568,446642] 35 (gtg)
[15:53:06] 21 tRNA-Gln [446657,446730] 34 (ttg)
[15:53:06] 22 tRNA-Cys [446742,446814] 33 (gca)
[15:53:06] 23 tRNA-Leu [446842,446926] 35 (caa)
[15:53:06] 24 tRNA-Val [452177,452249] 34 (tac)
[15:53:06] 25 tRNA-Lys [452259,452331] 34 (ttt)
[15:53:06] 26 tRNA-Arg [452355,452429] 35 (tcg)
[15:53:06] 27 tRNA-SeC c[497826,497923] 36 (tca)
[15:53:06] 28 tRNA-Glu [556464,556535] 34 (ttc)
[15:53:06] 29 tRNA-Tyr [556540,556623] 36 (gta)
[15:53:06] 30 tRNA-Gln [556627,556700] 34 (ttg)
[15:53:06] 31 tRNA-Thr [562046,562119] 34 (ggt)
[15:53:06] 32 tmRNA c[698195,698552] 92,127 ANKNSNLALAA*
[15:53:06] 33 tRNA-Val [798384,798460] 35 (tac)
[15:53:06] 34 tRNA-Lys [798467,798539] 34 (ttt)
[15:53:06] 35 tRNA-Leu [798557,798638] 35 (tag)
[15:53:06] 36 tRNA-Thr [798645,798717] 34 (tgt)
[15:53:06] 37 tRNA-Gly [798733,798804] 33 (gcc)
[15:53:06] 38 tRNA-Leu [798833,798919] 35 (taa)
[15:53:06] 39 tRNA-Arg [798928,799003] 36 (acg)
[15:53:06] 40 tRNA-Pro [799025,799098] 35 (tgg)
[15:53:06] 41 tRNA-Met [799108,799182] 35 (cat)
[15:53:06] 42 tRNA-Asp [799197,799272] 36 (gtc)
[15:53:06] 43 tRNA-Gly [799277,799347] 33 (tcc)
[15:53:06] 44 tRNA-Ile [799355,799430] 36 (gat)
[15:53:06] 45 tRNA-Ser [799456,799546] 36 (gct)
[15:53:06] 46 tRNA-Glu [799562,799633] 34 (ttc)
[15:53:06] 47 tRNA-Ser [799643,799732] 37 (tga)
[15:53:06] 48 tRNA-Asp [799756,799831] 36 (gtc)
[15:53:06] 49 tRNA-Phe [799837,799911] 35 (gaa)
[15:53:06] 50 tRNA-Arg [948308,948382] 35 (tct)
[15:53:06] 51 tRNA-Ser c[1010068,1010156] 36 (gga)
[15:53:06] 52 tRNA-Leu c[1684357,1684441] 34 (gag)
[15:53:06] 53 tRNA-Asn c[1753963,1754037] 35 (gtt)
[15:53:06] 54 tRNA-Ala c[1757348,1757422] 35 (tgc)
[15:53:06] Found 54 tRNAs
[15:53:06] Predicting Ribosomal RNAs
[15:53:06] Running Barrnap with 2 threads
[15:53:08] 1 c_000000000001 339120 16S ribosomal RNA
[15:53:08] 2 c_000000000001 341012 23S ribosomal RNA
[15:53:08] 3 c_000000000001 343989 5S ribosomal RNA
[15:53:08] 4 c_000000000001 447269 16S ribosomal RNA
[15:53:08] 5 c_000000000001 449069 23S ribosomal RNA
[15:53:08] 6 c_000000000001 452049 5S ribosomal RNA
[15:53:08] 7 c_000000000001 793482 16S ribosomal RNA
[15:53:08] 8 c_000000000001 795281 23S ribosomal RNA
[15:53:08] 9 c_000000000001 798257 5S ribosomal RNA
[15:53:08] 10 c_000000000001 1754070 5S ribosomal RNA
[15:53:08] 11 c_000000000001 1754263 23S ribosomal RNA
[15:53:08] 12 c_000000000001 1757505 16S ribosomal RNA
[15:53:08] Found 12 rRNAs
[15:53:08] Skipping ncRNA search, enable with --rfam if desired.
[15:53:08] Total of 65 tRNA + rRNA features
[15:53:08] Searching for CRISPR repeats
[15:53:09] CRISPR1 c_000000000001 1509965 with 6 spacers
[15:53:09] Found 1 CRISPRs
[15:53:09] Predicting coding sequences
[15:53:09] Contigs total 1890416 bp, so using single mode
[15:53:09] Running: prodigal -i analysis_prokka\/Prokka_Out\/prokka_GCA_003263915\.2_ASM326391v2_genomic\.fna -c -m -g 11 -p single -f sco -q
[15:53:13] Found 1770 CDS
[15:53:13] Connecting features back to sequences
[15:53:13] Not using genus-specific database. Try --usegenus to enable it.
[15:53:13] Annotating CDS, please be patient.
[15:53:13] Will use 2 CPUs for similarity searching.
[15:53:13] There are still 1770 unannotated CDS left (started with 1770)
[15:53:13] Will use blast to search against /Users/isabelfe/opt/anaconda3/db/kingdom/Bacteria/IS with 2 CPUs
[15:53:13] Running: cat analysis_prokka\/Prokka_Out\/prokka_GCA_003263915\.2_ASM326391v2_genomic\.IS\.tmp\.29638\.faa | parallel --gnu --plain -j 2 --block 139755 --recstart '>' --pipe blastp -query - -db /Users/isabelfe/opt/anaconda3/db/kingdom/Bacteria/IS -evalue 1e-30 -qcov_hsp_perc 90 -num_threads 1 -num_descriptions 1 -num_alignments 1 -seg no > analysis_prokka\/Prokka_Out\/prokka_GCA_003263915\.2_ASM326391v2_genomic\.IS\.tmp\.29638\.blast 2> /dev/null
[15:53:32] Deleting unwanted file: analysis_prokka/Prokka_Out/prokka_GCA_003263915.2_ASM326391v2_genomic.IS.tmp.29638.faa
[15:53:32] Deleting unwanted file: analysis_prokka/Prokka_Out/prokka_GCA_003263915.2_ASM326391v2_genomic.IS.tmp.29638.blast
[15:53:32] There are still 1766 unannotated CDS left (started with 1770)
[15:53:32] Will use blast to search against /Users/isabelfe/opt/anaconda3/db/kingdom/Bacteria/AMR with 2 CPUs
[15:53:32] Running: cat analysis_prokka\/Prokka_Out\/prokka_GCA_003263915\.2_ASM326391v2_genomic\.AMR\.tmp\.29638\.faa | parallel --gnu --plain -j 2 --block 139487 --recstart '>' --pipe blastp -query - -db /Users/isabelfe/opt/anaconda3/db/kingdom/Bacteria/AMR -evalue 9.99999999999999e-301 -qcov_hsp_perc 90 -num_threads 1 -num_descriptions 1 -num_alignments 1 -seg no > analysis_prokka\/Prokka_Out\/prokka_GCA_003263915\.2_ASM326391v2_genomic\.AMR\.tmp\.29638\.blast 2> /dev/null
[15:53:51] Deleting unwanted file: analysis_prokka/Prokka_Out/prokka_GCA_003263915.2_ASM326391v2_genomic.AMR.tmp.29638.faa
[15:53:51] Deleting unwanted file: analysis_prokka/Prokka_Out/prokka_GCA_003263915.2_ASM326391v2_genomic.AMR.tmp.29638.blast
[15:53:52] There are still 1766 unannotated CDS left (started with 1770)
[15:53:52] Will use blast to search against /Users/isabelfe/opt/anaconda3/db/kingdom/Bacteria/sprot with 2 CPUs
[15:53:52] Running: cat analysis_prokka\/Prokka_Out\/prokka_GCA_003263915\.2_ASM326391v2_genomic\.sprot\.tmp\.29638\.faa | parallel --gnu --plain -j 2 --block 139487 --recstart '>' --pipe blastp -query - -db /Users/isabelfe/opt/anaconda3/db/kingdom/Bacteria/sprot -evalue 1e-09 -qcov_hsp_perc 80 -num_threads 1 -num_descriptions 1 -num_alignments 1 -seg no > analysis_prokka\/Prokka_Out\/prokka_GCA_003263915\.2_ASM326391v2_genomic\.sprot\.tmp\.29638\.blast 2> /dev/null
[15:55:06] Modify product: Uncharacterized protein YhaP => putative protein YhaP
[15:55:06] Modify product: Multidrug efflux system ATP-binding protein Rv1218c => Multidrug efflux system ATP-binding protein
[15:55:06] Modify product: Uncharacterized HTH-type transcriptional regulator SACOL2360 => putative HTH-type transcriptional regulator
[15:55:06] Modify product: Probable succinyl-diaminopimelate desuccinylase => putative succinyl-diaminopimelate desuccinylase
[15:55:06] Modify product: Probable quorum-quenching lactonase YtnP => putative quorum-quenching lactonase YtnP
[15:55:06] Modify product: Uncharacterized oxidoreductase SpyM50865 => putative oxidoreductase
[15:55:06] Modify product: Probable 3-hydroxyacyl-CoA dehydrogenase => putative 3-hydroxyacyl-CoA dehydrogenase
[15:55:06] Modify product: UPF0324 inner membrane protein YeiH => hypothetical protein
[15:55:06] Modify product: Fluoroquinolones export ATP-binding protein Rv2688c => Fluoroquinolones export ATP-binding protein
[15:55:06] Modify product: Uncharacterized PIN and TRAM-domain containing protein YacL => putative PIN and TRAM-domain containing protein YacL
[15:55:06] Modify product: Probable D,D-dipeptide transport system permease protein DdpC => putative D,D-dipeptide transport system permease protein DdpC
[15:55:06] Modify product: Uncharacterized protein YqgN => putative protein YqgN
[15:55:06] Modify product: Bifunctional protein FolD => Bifunctional protein FolD protein
[15:55:06] Modify product: Nudix hydrolase DR_0079 => Nudix hydrolase
[15:55:06] Modify product: DegV domain-containing protein spr1415 => DegV domain-containing protein
[15:55:06] Modify product: Uncharacterized protein YedJ => putative protein YedJ
[15:55:06] Modify product: UPF0178 protein YaiI => hypothetical protein
[15:55:06] Modify product: Probable peptidoglycan glycosyltransferase FtsW => putative peptidoglycan glycosyltransferase FtsW
[15:55:06] Modify product: Uncharacterized oxidoreductase YjhC => putative oxidoreductase YjhC
[15:55:06] Modify product: Uncharacterized protein YacP => putative protein YacP
[15:55:06] Modify product: UPF0394 inner membrane protein YeeE => hypothetical protein
[15:55:06] Modify product: Probable ABC transporter phosphite binding protein PhnD1 => putative ABC transporter phosphite binding protein PhnD1
[15:55:06] Modify product: Uncharacterized ABC transporter ATP-binding protein Rv0986 => putative ABC transporter ATP-binding protein
[15:55:06] Modify product: Protease HtpX homolog => Protease HtpX 
[15:55:06] Modify product: UPF0340 protein YwlG => hypothetical protein
[15:55:06] Modify product: Uncharacterized ABC transporter ATP-binding protein YheS => putative ABC transporter ATP-binding protein YheS
[15:55:06] Modify product: Uncharacterized protein YbbA => putative protein YbbA
[15:55:06] Modify product: Uncharacterized protein YqeN => putative protein YqeN
[15:55:06] Modify product: Probable ABC transporter ATP-binding protein M6_Spy0273 => putative ABC transporter ATP-binding protein
[15:55:06] Modify product: UPF0051 protein SA0778 => hypothetical protein
[15:55:06] Modify product: UPF0051 protein SA0778 => hypothetical protein
[15:55:06] Modify product: UPF0297 protein EF_1202 => hypothetical protein
[15:55:06] Modify product: UPF0473 protein SP_0194 => hypothetical protein
[15:55:06] Modify product: UPF0758 protein YsxA => hypothetical protein
[15:55:06] Modify product: Probable ABC transporter ATP-binding/permease protein HI_0664 => putative ABC transporter ATP-binding/permease protein
[15:55:06] Modify product: UPF0413 protein YjbH => hypothetical protein
[15:55:06] Modify product: Acetyltransferase SACOL1063 => Acetyltransferase
[15:55:06] Modify product: Acetyltransferase SACOL1063 => Acetyltransferase
[15:55:06] Modify product: Uncharacterized oxidoreductase MSMEG_2408/MSMEI_2347 => putative oxidoreductase/MSMEI_2347
[15:55:06] Modify product: Uncharacterized protein YpjQ => putative protein YpjQ
[15:55:06] Modify product: Uncharacterized multiple-sugar transport system permease YteP => putative multiple-sugar transport system permease YteP
[15:55:06] Modify product: UPF0637 protein SA0957 => hypothetical protein
[15:55:06] Modify product: UPF0702 transmembrane protein YetF => hypothetical protein
[15:55:06] Modify product: Putative trans-acting regulator SP_1800 => Putative trans-acting regulator
[15:55:06] Modify product: Probable tRNA sulfurtransferase => putative tRNA sulfurtransferase
[15:55:06] Modify product: Probable licABCH operon regulator => putative licABCH operon regulator
[15:55:07] Modify product: Probable N-acetyl-LL-diaminopimelate aminotransferase => putative N-acetyl-LL-diaminopimelate aminotransferase
[15:55:07] Modify product: UPF0358 protein EF_2458 => hypothetical protein
[15:55:07] Modify product: Uncharacterized protein YqeH => putative protein YqeH
[15:55:07] Modify product: RNA-binding protein HI_1333 => RNA-binding protein
[15:55:07] Modify product: Probable nicotinate-nucleotide adenylyltransferase => putative nicotinate-nucleotide adenylyltransferase
[15:55:07] Modify product: Probable GTP-binding protein EngB => putative GTP-binding protein EngB
[15:55:07] Modify product: UPF0291 protein SP_1473 => hypothetical protein
[15:55:07] Modify product: UPF0154 protein SA1178 => hypothetical protein
[15:55:07] Modify product: TelA-like protein SA1238 => TelA-like protein
[15:55:07] Modify product: Putative metallophosphoesterase MG207 homolog => Putative metallophosphoesterase MG207 
[15:55:07] Modify product: Rqc2 homolog RqcH => Rqc2 RqcH
[15:55:07] Modify product: UPF0398 protein YpsA => hypothetical protein
[15:55:07] Modify product: UPF0053 inner membrane protein YfjD => hypothetical protein
[15:55:07] Modify product: Probable metallo-hydrolase M6_Spy0554 => putative metallo-hydrolase
[15:55:07] Modify product: Uncharacterized epimerase/dehydratase SA0511 => putative epimerase/dehydratase
[15:55:07] Modify product: Putative trans-acting regulator SP_1800 => Putative trans-acting regulator
[15:55:07] Modify product: Uncharacterized protein YdhK => putative protein YdhK
[15:55:07] Modify product: Transcriptional repressor SmtB homolog => Transcriptional repressor SmtB 
[15:55:07] Modify product: Probable transcriptional regulatory protein MSMEG_2940/MSMEI_2866 => putative transcriptional regulatory protein/MSMEI_2866
[15:55:07] Modify product: Uncharacterized protein Spy1535 => putative protein
[15:55:07] Modify product: Probable bifunctional oligoribonuclease and PAP phosphatase NrnA => putative bifunctional oligoribonuclease and PAP phosphatase NrnA
[15:55:07] Modify product: UPF0342 protein SA1663 => hypothetical protein
[15:55:07] Modify product: DegV domain-containing protein SA1258 => DegV domain-containing protein
[15:55:07] Modify product: Putative transport protein Rv0205 => Putative transport protein
[15:55:07] Modify product: Probable L-asparaginase => putative L-asparaginase
[15:55:07] Modify product: Sulfurtransferase Alvin_2599 => Sulfurtransferase
[15:55:07] Modify product: RutC family protein HI_0719 => RutC family protein
[15:55:07] Modify product: UPF0346 protein YozE => hypothetical protein
[15:55:07] Modify product: UPF0045 protein Rv1898 => hypothetical protein
[15:55:07] Modify product: Uncharacterized ABC transporter ATP-binding protein YknY => putative ABC transporter ATP-binding protein YknY
[15:55:07] Modify product: GTP cyclohydrolase 1 type 2 homolog => GTP cyclohydrolase 1 type 2 
[15:55:07] Modify product: Putative multidrug export ATP-binding/permease protein SAV1866 => Putative multidrug export ATP-binding/permease protein
[15:55:07] Modify product: Uncharacterized protein YqeY => putative protein YqeY
[15:55:07] Modify product: Putative aminotransferase MSMEG_6286/MSMEI_6121 => Putative aminotransferase/MSMEI_6121
[15:55:07] Modify product: UPF0374 protein SP_1903 => hypothetical protein
[15:55:07] Modify product: Probable endonuclease 4 => putative endonuclease 4
[15:55:07] Modify product: Probable murein peptide carboxypeptidase => putative murein peptide carboxypeptidase
[15:55:07] Modify product: Probable ribosomal protein YlxQ => putative ribosomal protein YlxQ
[15:55:07] Modify product: UPF0109 protein Rv2908c => hypothetical protein
[15:55:07] Modify product: UPF0122 protein SP_1288 => hypothetical protein
[15:55:07] Modify product: Putative phosphatase M6_Spy0533 => Putative phosphatase
[15:55:07] Modify product: UPF0073 inner membrane protein YqfA => hypothetical protein
[15:55:07] Modify product: Probable glycine dehydrogenase (decarboxylating) subunit 2 => putative glycine dehydrogenase (decarboxylating) subunit 2
[15:55:07] Modify product: Probable glycine dehydrogenase (decarboxylating) subunit 1 => putative glycine dehydrogenase (decarboxylating) subunit 1
[15:55:07] Modify product: Probable undecaprenyl-phosphate N-acetylglucosaminyl 1-phosphate transferase => putative undecaprenyl-phosphate N-acetylglucosaminyl 1-phosphate transferase
[15:55:07] Modify product: Probable multidrug resistance ABC transporter ATP-binding/permease protein YheH => putative multidrug resistance ABC transporter ATP-binding/permease protein YheH
[15:55:07] Modify product: Probable multidrug resistance ABC transporter ATP-binding/permease protein YheI => putative multidrug resistance ABC transporter ATP-binding/permease protein YheI
[15:55:07] Modify product: Uncharacterized AAA domain-containing protein Rv2559c => putative AAA domain-containing protein
[15:55:07] Modify product: Putative universal stress protein SA1532 => Putative universal stress protein
[15:55:07] Modify product: UPF0176 protein SP_0095 => hypothetical protein
[15:55:07] Modify product: Uncharacterized MscS family protein YkuT => putative MscS family protein YkuT
[15:55:07] Modify product: UPF0053 protein HI_0107 => hypothetical protein
[15:55:07] Modify product: UPF0324 inner membrane protein YeiH => hypothetical protein
[15:55:07] Modify product: Uncharacterized protein YpjD => putative protein YpjD
[15:55:07] Modify product: UPF0302 protein BA_1542/GBAA_1542/BAS1430 => hypothetical protein
[15:55:07] Modify product: Probable cell division protein WhiA => putative cell division protein WhiA
[15:55:07] Modify product: Uncharacterized protein SA1069 => putative protein
[15:55:07] Modify product: Uncharacterized protein Spy1614 => putative protein
[15:55:07] Modify product: Probable protein-export membrane protein SecG => putative protein-export membrane protein SecG
[15:55:07] Modify product: Probable transcription repressor NiaR => putative transcription repressor NiaR
[15:55:07] Modify product: Putative glycerol transporter Lin0367 => Putative glycerol transporter
[15:55:07] Modify product: Putative glycerol transporter Lin0368 => Putative glycerol transporter
[15:55:07] Modify product: UPF0365 protein SA1402 => hypothetical protein
[15:55:07] Modify product: Calcium-transporting ATPase lmo0841 => Calcium-transporting ATPase
[15:55:07] Modify product: Uncharacterized ABC transporter ATP-binding protein Rv0986 => putative ABC transporter ATP-binding protein
[15:55:07] Modify product: Putative multidrug export ATP-binding/permease protein SAV1866 => Putative multidrug export ATP-binding/permease protein
[15:55:07] Modify product: Probable pyridine nucleotide-disulfide oxidoreductase RclA => putative pyridine nucleotide-disulfide oxidoreductase RclA
[15:55:07] Modify product: Uncharacterized HTH-type transcriptional regulator YbbH => putative HTH-type transcriptional regulator YbbH
[15:55:07] Modify product: Probable licABCH operon regulator => putative licABCH operon regulator
[15:55:07] Modify product: Putative phosphatase M6_Spy0533 => Putative phosphatase
[15:55:07] Modify product: Probable fructose-bisphosphate aldolase => putative fructose-bisphosphate aldolase
[15:55:07] Modify product: Uncharacterized ABC transporter ATP-binding protein TM_0288 => putative ABC transporter ATP-binding protein
[15:55:07] Modify product: Uncharacterized ABC transporter ATP-binding protein Rv1273c => putative ABC transporter ATP-binding protein
[15:55:07] Cleaned 119 /product names
[15:55:07] Deleting unwanted file: analysis_prokka/Prokka_Out/prokka_GCA_003263915.2_ASM326391v2_genomic.sprot.tmp.29638.faa
[15:55:07] Deleting unwanted file: analysis_prokka/Prokka_Out/prokka_GCA_003263915.2_ASM326391v2_genomic.sprot.tmp.29638.blast
[15:55:08] There are still 735 unannotated CDS left (started with 1770)
[15:55:08] Will use hmmer3 to search against /Users/isabelfe/opt/anaconda3/db/hmm/HAMAP.hmm with 2 CPUs
[15:55:08] Running: cat analysis_prokka\/Prokka_Out\/prokka_GCA_003263915\.2_ASM326391v2_genomic\.HAMAP\.hmm\.tmp\.29638\.faa | parallel --gnu --plain -j 2 --block 49593 --recstart '>' --pipe hmmscan --noali --notextw --acc -E 1e-09 --cpu 1 /Users/isabelfe/opt/anaconda3/db/hmm/HAMAP.hmm /dev/stdin > analysis_prokka\/Prokka_Out\/prokka_GCA_003263915\.2_ASM326391v2_genomic\.HAMAP\.hmm\.tmp\.29638\.hmmer3 2> /dev/null
[15:55:40] Modify product: Protein SprT-like => Protein SprT-like protein
[15:55:40] Modify product: Uncharacterized Nudix hydrolase NudL => putative Nudix hydrolase NudL
[15:55:41] Cleaned 2 /product names
[15:55:41] Deleting unwanted file: analysis_prokka/Prokka_Out/prokka_GCA_003263915.2_ASM326391v2_genomic.HAMAP.hmm.tmp.29638.faa
[15:55:41] Deleting unwanted file: analysis_prokka/Prokka_Out/prokka_GCA_003263915.2_ASM326391v2_genomic.HAMAP.hmm.tmp.29638.hmmer3
[15:55:41] Labelling remaining 650 proteins as 'hypothetical protein'
[15:55:41] Possible /pseudo 'Immunoglobulin A1 protease' at c_000000000001 position 2940
[15:55:41] Possible /pseudo 'PTS system mannose-specific EIIAB component' at c_000000000001 position 141900
[15:55:41] Possible /pseudo 'D-methionine-binding lipoprotein MetQ' at c_000000000001 position 185505
[15:55:41] Possible /pseudo 'Glycine reductase complex component B subunit gamma' at c_000000000001 position 510318
[15:55:41] Possible /pseudo 'Acetyltransferase' at c_000000000001 position 751918
[15:55:41] Possible /pseudo 'Undecaprenyl-phosphate 4-deoxy-4-formamido-L-arabinose transferase' at c_000000000001 position 1422193
[15:55:41] Possible /pseudo 'CRISPR-associated endonuclease Cas1' at c_000000000001 position 1511712
[15:55:41] Possible /pseudo 'putative protein' at c_000000000001 position 1554687
[15:55:41] Possible /pseudo 'Putative glycerol transporter' at c_000000000001 position 1649797
[15:55:41] Possible /pseudo 'putative ABC transporter ATP-binding protein' at c_000000000001 position 1865702
[15:55:41] Found 897 unique /gene codes.
[15:55:41] Fixed 3 duplicate /gene - arnC_1 arnC_2 arnC_3
[15:55:41] Fixed 2 duplicate /gene - gatC_1 gatC_2
[15:55:41] Fixed 2 duplicate /gene - gmk_1 gmk_2
[15:55:41] Fixed 2 duplicate /gene - mshA_1 mshA_2
[15:55:41] Fixed 3 duplicate /gene - oppF_1 oppF_2 oppF_3
[15:55:41] Fixed 2 duplicate /gene - uvrB_1 uvrB_2
[15:55:41] Fixed 2 duplicate /gene - argS_1 argS_2
[15:55:41] Fixed 2 duplicate /gene - mgtE_1 mgtE_2
[15:55:41] Fixed 3 duplicate /gene - oppD_1 oppD_2 oppD_3
[15:55:41] Fixed 2 duplicate /gene - lrgA_1 lrgA_2
[15:55:41] Fixed 2 duplicate /gene - zosA_1 zosA_2
[15:55:41] Fixed 2 duplicate /gene - sufS_1 sufS_2
[15:55:41] Fixed 2 duplicate /gene - manZ_1 manZ_2
[15:55:41] Fixed 2 duplicate /gene - licC_1 licC_2
[15:55:41] Fixed 2 duplicate /gene - dinG_1 dinG_2
[15:55:41] Fixed 2 duplicate /gene - yclP_1 yclP_2
[15:55:41] Fixed 2 duplicate /gene - mntB_1 mntB_2
[15:55:41] Fixed 2 duplicate /gene - srrA_1 srrA_2
[15:55:41] Fixed 2 duplicate /gene - rsmH_1 rsmH_2
[15:55:41] Fixed 2 duplicate /gene - tagU_1 tagU_2
[15:55:41] Fixed 2 duplicate /gene - scmP_1 scmP_2
[15:55:41] Fixed 2 duplicate /gene - bglK_1 bglK_2
[15:55:41] Fixed 2 duplicate /gene - licA_1 licA_2
[15:55:41] Fixed 2 duplicate /gene - dacA_1 dacA_2
[15:55:41] Fixed 10 duplicate /gene - btuD_1 btuD_2 btuD_3 btuD_4 btuD_5 btuD_6 btuD_7 btuD_8 btuD_9 btuD_10
[15:55:41] Fixed 2 duplicate /gene - spxA_1 spxA_2
[15:55:41] Fixed 3 duplicate /gene - fabG_1 fabG_2 fabG_3
[15:55:41] Fixed 2 duplicate /gene - dsdA_1 dsdA_2
[15:55:41] Fixed 2 duplicate /gene - sasA_1 sasA_2
[15:55:41] Fixed 2 duplicate /gene - galK_1 galK_2
[15:55:41] Fixed 2 duplicate /gene - lplJ_1 lplJ_2
[15:55:41] Fixed 2 duplicate /gene - ettA_1 ettA_2
[15:55:41] Fixed 2 duplicate /gene - urdA_1 urdA_2
[15:55:41] Fixed 2 duplicate /gene - iga_1 iga_2
[15:55:41] Fixed 2 duplicate /gene - rpoN1_1 rpoN1_2
[15:55:41] Fixed 2 duplicate /gene - atpE_1 atpE_2
[15:55:41] Fixed 2 duplicate /gene - ruvB_1 ruvB_2
[15:55:41] Fixed 4 duplicate /gene - agrA_1 agrA_2 agrA_3 agrA_4
[15:55:41] Fixed 2 duplicate /gene - trxB_1 trxB_2
[15:55:41] Fixed 2 duplicate /gene - pepF1_1 pepF1_2
[15:55:41] Fixed 2 duplicate /gene - clpC_1 clpC_2
[15:55:41] Fixed 2 duplicate /gene - ccpA_1 ccpA_2
[15:55:41] Fixed 2 duplicate /gene - lacF_1 lacF_2
[15:55:41] Fixed 2 duplicate /gene - dapE_1 dapE_2
[15:55:41] Fixed 2 duplicate /gene - atpD_1 atpD_2
[15:55:41] Fixed 2 duplicate /gene - ssbA_1 ssbA_2
[15:55:41] Fixed 2 duplicate /gene - lacC_1 lacC_2
[15:55:41] Fixed 2 duplicate /gene - rnfC_1 rnfC_2
[15:55:41] Fixed 2 duplicate /gene - licR_1 licR_2
[15:55:41] Fixed 2 duplicate /gene - alsT_1 alsT_2
[15:55:41] Fixed 2 duplicate /gene - trxA_1 trxA_2
[15:55:41] Fixed 2 duplicate /gene - cadA_1 cadA_2
[15:55:41] Fixed 3 duplicate /gene - brnQ_1 brnQ_2 brnQ_3
[15:55:41] Fixed 5 duplicate /gene - metQ_1 metQ_2 metQ_3 metQ_4 metQ_5
[15:55:41] Fixed 2 duplicate /gene - rnfD_1 rnfD_2
[15:55:41] Fixed 2 duplicate /gene - grdB_1 grdB_2
[15:55:41] Fixed 3 duplicate /gene - manX_1 manX_2 manX_3
[15:55:41] Fixed 2 duplicate /gene - est_1 est_2
[15:55:41] Fixed 2 duplicate /gene - rluD_1 rluD_2
[15:55:41] Fixed 2 duplicate /gene - nanA_1 nanA_2
[15:55:41] Fixed 2 duplicate /gene - rhaR_1 rhaR_2
[15:55:41] Fixed 2 duplicate /gene - tenA_1 tenA_2
[15:55:41] Fixed 3 duplicate /gene - bglH_1 bglH_2 bglH_3
[15:55:41] Fixed 2 duplicate /gene - nylA_1 nylA_2
[15:55:41] Fixed 2 duplicate /gene - ptsG_1 ptsG_2
[15:55:41] Fixed 2 duplicate /gene - luxS_1 luxS_2
[15:55:41] Fixed 2 duplicate /gene - apbE_1 apbE_2
[15:55:41] Fixed 7 duplicate /gene - bcrA_1 bcrA_2 bcrA_3 bcrA_4 bcrA_5 bcrA_6 bcrA_7
[15:55:41] Fixed 2 duplicate /gene - purR_1 purR_2
[15:55:41] Fixed 2 duplicate /gene - fpgS_1 fpgS_2
[15:55:41] Fixed 3 duplicate /gene - lagD_1 lagD_2 lagD_3
[15:55:41] Fixed 2 duplicate /gene - dnaA_1 dnaA_2
[15:55:41] Fixed 2 duplicate /gene - nagB_1 nagB_2
[15:55:41] Fixed 2 duplicate /gene - copY_1 copY_2
[15:55:41] Fixed 2 duplicate /gene - acpP_1 acpP_2
[15:55:41] Fixed 2 duplicate /gene - yohK_1 yohK_2
[15:55:41] Fixed 2 duplicate /gene - lexA_1 lexA_2
[15:55:41] Fixed 3 duplicate /gene - metP_1 metP_2 metP_3
[15:55:41] Fixed 2 duplicate /gene - pnp_1 pnp_2
[15:55:41] Fixed 2 duplicate /gene - xerC_1 xerC_2
[15:55:41] Fixed 2 duplicate /gene - metN_1 metN_2
[15:55:41] Fixed 5 duplicate /gene - smc_1 smc_2 smc_3 smc_4 smc_5
[15:55:41] Fixed 2 duplicate /gene - gsiC_1 gsiC_2
[15:55:41] Fixed 2 duplicate /gene - gcvH_1 gcvH_2
[15:55:41] Fixed 2 duplicate /gene - thiD_1 thiD_2
[15:55:41] Fixed 2 duplicate /gene - cobB_1 cobB_2
[15:55:41] Fixed 2 duplicate /gene - iscS_1 iscS_2
[15:55:41] Fixed 87 colliding /gene names.
[15:55:41] Adding /locus_tag identifiers
[15:55:41] Assigned 1836 locus_tags to CDS and RNA features.
[15:55:41] Writing outputs to analysis_prokka/Prokka_Out/
[15:55:42] Generating annotation statistics file
[15:55:42] Generating Genbank and Sequin files
[15:55:42] Running: tbl2asn -V b -a r10k -l paired-ends -M n -N 1 -y 'Annotated using prokka 1.14.6 from https://github.com/tseemann/prokka' -Z analysis_prokka\/Prokka_Out\/prokka_GCA_003263915\.2_ASM326391v2_genomic\.err -i analysis_prokka\/Prokka_Out\/prokka_GCA_003263915\.2_ASM326391v2_genomic\.fsa 2> /dev/null
[15:55:47] Could not run command: tbl2asn -V b -a r10k -l paired-ends -M n -N 1 -y 'Annotated using prokka 1.14.6 from https://github.com/tseemann/prokka' -Z analysis_prokka\/Prokka_Out\/prokka_GCA_003263915\.2_ASM326391v2_genomic\.err -i analysis_prokka\/Prokka_Out\/prokka_GCA_003263915\.2_ASM326391v2_genomic\.fsa 2> /dev/null
