[17:28:33] This is prokka 1.14.6
[17:28:33] Written by Torsten Seemann <torsten.seemann@gmail.com>
[17:28:33] Homepage is https://github.com/tseemann/prokka
[17:28:33] Local time is Fri Jul 10 17:28:33 2020
[17:28:33] You are isabelfe
[17:28:33] Operating system is darwin
[17:28:33] You have BioPerl 1.007002
[17:28:33] System has 2 cores.
[17:28:33] Will use maximum of 2 cores.
[17:28:33] Annotating as >>> Bacteria <<<
[17:28:33] Generating locus_tag from 'analysis_prokka/Reformat_Dpig/dpi_genomes_forncbi_kpl3250_c.current.fa' contents.
[17:28:33] Setting --locustag JMDHBNGH from MD5 36d1b7012ad00cb09b445e4ac204d538
[17:28:33] Re-using existing --outdir analysis_prokka/Prokka_Out
[17:28:33] Using filename prefix: prokka_dpi_genomes_forncbi_kpl3250_c.current.XXX
[17:28:33] Setting HMMER_NCPU=1
[17:28:33] Writing log to: analysis_prokka/Prokka_Out/prokka_dpi_genomes_forncbi_kpl3250_c.current.log
[17:28:33] Command: /Users/isabelfe/opt/anaconda3/bin/prokka --prefix prokka_dpi_genomes_forncbi_kpl3250_c.current --outdir analysis_prokka/Prokka_Out --cpus 0 --force analysis_prokka/Reformat_Dpig/dpi_genomes_forncbi_kpl3250_c.current.fa
[17:28:33] Appending to PATH: /Users/isabelfe/opt/anaconda3/bin
[17:28:33] Looking for 'aragorn' - found /Users/isabelfe/opt/anaconda3/bin/aragorn
[17:28:33] Determined aragorn version is 001002 from 'ARAGORN v1.2.38 Dean Laslett'
[17:28:33] Looking for 'barrnap' - found /Users/isabelfe/opt/anaconda3/bin/barrnap
[17:28:33] Determined barrnap version is 000009 from 'barrnap 0.9'
[17:28:33] Looking for 'blastp' - found /Users/isabelfe/opt/anaconda3/bin/blastp
[17:28:34] Determined blastp version is 002009 from 'blastp: 2.9.0+'
[17:28:34] Looking for 'cmpress' - found /Users/isabelfe/opt/anaconda3/bin/cmpress
[17:28:34] Determined cmpress version is 001001 from '# INFERNAL 1.1.2 (July 2016)'
[17:28:34] Looking for 'cmscan' - found /Users/isabelfe/opt/anaconda3/bin/cmscan
[17:28:34] Determined cmscan version is 001001 from '# INFERNAL 1.1.2 (July 2016)'
[17:28:34] Looking for 'egrep' - found /usr/bin/egrep
[17:28:34] Looking for 'find' - found /usr/bin/find
[17:28:34] Looking for 'grep' - found /usr/bin/grep
[17:28:34] Looking for 'hmmpress' - found /Users/isabelfe/opt/anaconda3/bin/hmmpress
[17:28:34] Determined hmmpress version is 003003 from '# HMMER 3.3 (Nov 2019); http://hmmer.org/'
[17:28:34] Looking for 'hmmscan' - found /Users/isabelfe/opt/anaconda3/bin/hmmscan
[17:28:34] Determined hmmscan version is 003003 from '# HMMER 3.3 (Nov 2019); http://hmmer.org/'
[17:28:34] Looking for 'java' - found /Users/isabelfe/opt/anaconda3/bin/java
[17:28:34] Looking for 'makeblastdb' - found /Users/isabelfe/opt/anaconda3/bin/makeblastdb
[17:28:34] Determined makeblastdb version is 002009 from 'makeblastdb: 2.9.0+'
[17:28:34] Looking for 'minced' - found /Users/isabelfe/opt/anaconda3/bin/minced
[17:28:34] Determined minced version is 004002 from 'minced 0.4.2'
[17:28:34] Looking for 'parallel' - found /Users/isabelfe/opt/anaconda3/bin/parallel
[17:28:34] Determined parallel version is 20200522 from 'GNU parallel 20200522'
[17:28:34] Looking for 'prodigal' - found /Users/isabelfe/opt/anaconda3/bin/prodigal
[17:28:34] Determined prodigal version is 002006 from 'Prodigal V2.6.3: February, 2016'
[17:28:34] Looking for 'prokka-genbank_to_fasta_db' - found /Users/isabelfe/opt/anaconda3/bin/prokka-genbank_to_fasta_db
[17:28:34] Looking for 'sed' - found /usr/bin/sed
[17:28:34] Looking for 'tbl2asn' - found /Users/isabelfe/opt/anaconda3/bin/tbl2asn
[17:28:34] Determined tbl2asn version is 025007 from 'tbl2asn 25.7   arguments:'
[17:28:34] Using genetic code table 11.
[17:28:34] Loading and checking input file: analysis_prokka/Reformat_Dpig/dpi_genomes_forncbi_kpl3250_c.current.fa
[17:28:35] Wrote 1 contigs totalling 1904333 bp.
[17:28:35] Predicting tRNAs and tmRNAs
[17:28:35] Running: aragorn -l -gc11  -w analysis_prokka\/Prokka_Out\/prokka_dpi_genomes_forncbi_kpl3250_c\.current\.fna
[17:28:36] 1 tRNA-Val [157118,157192] 35 (gac)
[17:28:36] 2 tRNA-Ala [415865,415939] 35 (tgc)
[17:28:36] 3 tRNA-Asn [419259,419333] 35 (gtt)
[17:28:36] 4 tRNA-Leu [488395,488479] 34 (gag)
[17:28:36] 5 tRNA-Trp [795777,795849] 34 (cca)
[17:28:36] 6 tRNA-Ser [1158284,1158372] 36 (gga)
[17:28:36] 7 tRNA-Arg c[1229691,1229765] 35 (tct)
[17:28:36] 8 tRNA-Phe c[1401408,1401482] 35 (gaa)
[17:28:36] 9 tRNA-Asp c[1401488,1401563] 36 (gtc)
[17:28:36] 10 tRNA-Ser c[1401587,1401676] 37 (tga)
[17:28:36] 11 tRNA-Glu c[1401689,1401760] 34 (ttc)
[17:28:36] 12 tRNA-Ser c[1401776,1401866] 36 (gct)
[17:28:36] 13 tRNA-Ile c[1401892,1401967] 36 (gat)
[17:28:36] 14 tRNA-Gly c[1401975,1402045] 33 (tcc)
[17:28:36] 15 tRNA-Asp c[1402050,1402125] 36 (gtc)
[17:28:36] 16 tRNA-Met c[1402140,1402214] 35 (cat)
[17:28:36] 17 tRNA-Pro c[1402224,1402297] 35 (tgg)
[17:28:36] 18 tRNA-Arg c[1402319,1402394] 36 (acg)
[17:28:36] 19 tRNA-Leu c[1402403,1402489] 35 (taa)
[17:28:36] 20 tRNA-Gly c[1402518,1402589] 33 (gcc)
[17:28:36] 21 tRNA-Thr c[1402605,1402677] 34 (tgt)
[17:28:36] 22 tRNA-Leu c[1402684,1402765] 35 (tag)
[17:28:36] 23 tRNA-Lys c[1402783,1402855] 34 (ttt)
[17:28:36] 24 tRNA-Val c[1402865,1402937] 34 (tac)
[17:28:36] 25 tmRNA [1506380,1506737] 92,127 ANKNSNLALAA*
[17:28:36] 26 tRNA-Thr c[1634328,1634400] 34 (ggt)
[17:28:36] 27 tRNA-Gln c[1639718,1639791] 34 (ttg)
[17:28:36] 28 tRNA-Tyr c[1639795,1639878] 36 (gta)
[17:28:36] 29 tRNA-Glu c[1639883,1639954] 34 (ttc)
[17:28:36] 30 tRNA-SeC [1696868,1696965] 36 (tca)
[17:28:36] 31 tRNA-Arg c[1735116,1735190] 35 (tcg)
[17:28:36] 32 tRNA-Lys c[1735214,1735286] 34 (ttt)
[17:28:36] 33 tRNA-Val c[1735296,1735368] 34 (tac)
[17:28:36] 34 tRNA-Leu c[1740623,1740707] 35 (caa)
[17:28:36] 35 tRNA-Cys c[1740735,1740807] 33 (gca)
[17:28:36] 36 tRNA-Gln c[1740819,1740892] 34 (ttg)
[17:28:36] 37 tRNA-His c[1740907,1740981] 35 (gtg)
[17:28:36] 38 tRNA-Trp c[1740991,1741063] 34 (cca)
[17:28:36] 39 tRNA-Tyr c[1741066,1741148] 36 (gta)
[17:28:36] 40 tRNA-Phe c[1741165,1741239] 35 (gaa)
[17:28:36] 41 tRNA-Asp c[1741245,1741320] 36 (gtc)
[17:28:36] 42 tRNA-Met c[1741335,1741409] 35 (cat)
[17:28:36] 43 tRNA-Ser c[1741428,1741517] 37 (tga)
[17:28:36] 44 tRNA-Glu c[1741530,1741601] 34 (ttc)
[17:28:36] 45 tRNA-Ile c[1741617,1741692] 36 (gat)
[17:28:36] 46 tRNA-Gly c[1741702,1741772] 33 (tcc)
[17:28:36] 47 tRNA-Met c[1741825,1741898] 35 (cat)
[17:28:36] 48 tRNA-Met c[1741916,1741991] 36 (cat)
[17:28:36] 49 tRNA-Pro c[1742010,1742083] 35 (tgg)
[17:28:36] 50 tRNA-Arg c[1742140,1742215] 36 (acg)
[17:28:36] 51 tRNA-Leu c[1742224,1742310] 35 (taa)
[17:28:36] 52 tRNA-Gly c[1742339,1742410] 33 (gcc)
[17:28:36] 53 tRNA-Thr c[1742426,1742498] 34 (tgt)
[17:28:36] 54 tRNA-Asn c[1848200,1848274] 35 (gtt)
[17:28:36] 55 tRNA-Ala c[1851594,1851668] 35 (tgc)
[17:28:36] Found 55 tRNAs
[17:28:36] Predicting Ribosomal RNAs
[17:28:36] Running Barrnap with 2 threads
[17:28:38] 1 c_000000000001 414241 16S ribosomal RNA
[17:28:38] 2 c_000000000001 416134 23S ribosomal RNA
[17:28:38] 3 c_000000000001 419116 5S ribosomal RNA
[17:28:38] 4 c_000000000001 1402954 5S ribosomal RNA
[17:28:38] 5 c_000000000001 1403152 23S ribosomal RNA
[17:28:38] 6 c_000000000001 1406312 16S ribosomal RNA
[17:28:38] 7 c_000000000001 1735386 5S ribosomal RNA
[17:28:38] 8 c_000000000001 1735579 23S ribosomal RNA
[17:28:38] 9 c_000000000001 1738739 16S ribosomal RNA
[17:28:38] 10 c_000000000001 1848307 5S ribosomal RNA
[17:28:38] 11 c_000000000001 1848500 23S ribosomal RNA
[17:28:38] 12 c_000000000001 1851751 16S ribosomal RNA
[17:28:38] Found 12 rRNAs
[17:28:38] Skipping ncRNA search, enable with --rfam if desired.
[17:28:38] Total of 66 tRNA + rRNA features
[17:28:38] Searching for CRISPR repeats
[17:28:38] CRISPR1 c_000000000001 662828 with 16 spacers
[17:28:38] CRISPR2 c_000000000001 665751 with 5 spacers
[17:28:38] Found 2 CRISPRs
[17:28:38] Predicting coding sequences
[17:28:38] Contigs total 1904333 bp, so using single mode
[17:28:38] Running: prodigal -i analysis_prokka\/Prokka_Out\/prokka_dpi_genomes_forncbi_kpl3250_c\.current\.fna -c -m -g 11 -p single -f sco -q
[17:28:44] Found 1714 CDS
[17:28:44] Connecting features back to sequences
[17:28:44] Not using genus-specific database. Try --usegenus to enable it.
[17:28:44] Annotating CDS, please be patient.
[17:28:44] Will use 2 CPUs for similarity searching.
[17:28:44] There are still 1714 unannotated CDS left (started with 1714)
[17:28:44] Will use blast to search against /Users/isabelfe/opt/anaconda3/db/kingdom/Bacteria/IS with 2 CPUs
[17:28:44] Running: cat analysis_prokka\/Prokka_Out\/prokka_dpi_genomes_forncbi_kpl3250_c\.current\.IS\.tmp\.35838\.faa | parallel --gnu --plain -j 2 --block 141166 --recstart '>' --pipe blastp -query - -db /Users/isabelfe/opt/anaconda3/db/kingdom/Bacteria/IS -evalue 1e-30 -qcov_hsp_perc 90 -num_threads 1 -num_descriptions 1 -num_alignments 1 -seg no > analysis_prokka\/Prokka_Out\/prokka_dpi_genomes_forncbi_kpl3250_c\.current\.IS\.tmp\.35838\.blast 2> /dev/null
[17:29:03] Deleting unwanted file: analysis_prokka/Prokka_Out/prokka_dpi_genomes_forncbi_kpl3250_c.current.IS.tmp.35838.faa
[17:29:03] Deleting unwanted file: analysis_prokka/Prokka_Out/prokka_dpi_genomes_forncbi_kpl3250_c.current.IS.tmp.35838.blast
[17:29:04] There are still 1709 unannotated CDS left (started with 1714)
[17:29:04] Will use blast to search against /Users/isabelfe/opt/anaconda3/db/kingdom/Bacteria/AMR with 2 CPUs
[17:29:04] Running: cat analysis_prokka\/Prokka_Out\/prokka_dpi_genomes_forncbi_kpl3250_c\.current\.AMR\.tmp\.35838\.faa | parallel --gnu --plain -j 2 --block 140769 --recstart '>' --pipe blastp -query - -db /Users/isabelfe/opt/anaconda3/db/kingdom/Bacteria/AMR -evalue 9.99999999999999e-301 -qcov_hsp_perc 90 -num_threads 1 -num_descriptions 1 -num_alignments 1 -seg no > analysis_prokka\/Prokka_Out\/prokka_dpi_genomes_forncbi_kpl3250_c\.current\.AMR\.tmp\.35838\.blast 2> /dev/null
[17:29:19] Deleting unwanted file: analysis_prokka/Prokka_Out/prokka_dpi_genomes_forncbi_kpl3250_c.current.AMR.tmp.35838.faa
[17:29:19] Deleting unwanted file: analysis_prokka/Prokka_Out/prokka_dpi_genomes_forncbi_kpl3250_c.current.AMR.tmp.35838.blast
[17:29:20] There are still 1709 unannotated CDS left (started with 1714)
[17:29:20] Will use blast to search against /Users/isabelfe/opt/anaconda3/db/kingdom/Bacteria/sprot with 2 CPUs
[17:29:20] Running: cat analysis_prokka\/Prokka_Out\/prokka_dpi_genomes_forncbi_kpl3250_c\.current\.sprot\.tmp\.35838\.faa | parallel --gnu --plain -j 2 --block 140769 --recstart '>' --pipe blastp -query - -db /Users/isabelfe/opt/anaconda3/db/kingdom/Bacteria/sprot -evalue 1e-09 -qcov_hsp_perc 80 -num_threads 1 -num_descriptions 1 -num_alignments 1 -seg no > analysis_prokka\/Prokka_Out\/prokka_dpi_genomes_forncbi_kpl3250_c\.current\.sprot\.tmp\.35838\.blast 2> /dev/null
[17:30:35] Modify product: UPF0365 protein SA1402 => hypothetical protein
[17:30:35] Modify product: Putative glycerol transporter Lin0368 => Putative glycerol transporter
[17:30:35] Modify product: Putative glycerol transporter Lin0367 => Putative glycerol transporter
[17:30:35] Modify product: Probable transcription repressor NiaR => putative transcription repressor NiaR
[17:30:35] Modify product: Probable protein-export membrane protein SecG => putative protein-export membrane protein SecG
[17:30:35] Modify product: Uncharacterized protein Spy1614 => putative protein
[17:30:35] Modify product: Uncharacterized protein SA1069 => putative protein
[17:30:35] Modify product: Probable cell division protein WhiA => putative cell division protein WhiA
[17:30:35] Modify product: UPF0302 protein BA_1542/GBAA_1542/BAS1430 => hypothetical protein
[17:30:35] Modify product: Uncharacterized protein YpjD => putative protein YpjD
[17:30:35] Modify product: UPF0324 inner membrane protein YeiH => hypothetical protein
[17:30:35] Modify product: UPF0053 protein HI_0107 => hypothetical protein
[17:30:35] Modify product: Uncharacterized MscS family protein YkuT => putative MscS family protein YkuT
[17:30:35] Modify product: UPF0176 protein SP_0095 => hypothetical protein
[17:30:35] Modify product: Putative universal stress protein SA1532 => Putative universal stress protein
[17:30:35] Modify product: Uncharacterized AAA domain-containing protein Rv2559c => putative AAA domain-containing protein
[17:30:35] Modify product: Uncharacterized ABC transporter ATP-binding protein Rv0986 => putative ABC transporter ATP-binding protein
[17:30:35] Modify product: Probable multidrug resistance ABC transporter ATP-binding/permease protein YheI => putative multidrug resistance ABC transporter ATP-binding/permease protein YheI
[17:30:35] Modify product: Probable multidrug resistance ABC transporter ATP-binding/permease protein YheH => putative multidrug resistance ABC transporter ATP-binding/permease protein YheH
[17:30:35] Modify product: Probable undecaprenyl-phosphate N-acetylglucosaminyl 1-phosphate transferase => putative undecaprenyl-phosphate N-acetylglucosaminyl 1-phosphate transferase
[17:30:35] Modify product: Probable glycine dehydrogenase (decarboxylating) subunit 1 => putative glycine dehydrogenase (decarboxylating) subunit 1
[17:30:35] Modify product: Probable glycine dehydrogenase (decarboxylating) subunit 2 => putative glycine dehydrogenase (decarboxylating) subunit 2
[17:30:35] Modify product: UPF0073 inner membrane protein YqfA => hypothetical protein
[17:30:35] Modify product: Putative phosphatase M6_Spy0533 => Putative phosphatase
[17:30:35] Modify product: UPF0122 protein SP_1288 => hypothetical protein
[17:30:35] Modify product: UPF0109 protein Rv2908c => hypothetical protein
[17:30:35] Modify product: Probable ribosomal protein YlxQ => putative ribosomal protein YlxQ
[17:30:35] Modify product: Probable murein peptide carboxypeptidase => putative murein peptide carboxypeptidase
[17:30:35] Modify product: Uncharacterized HTH-type transcriptional regulator YbbH => putative HTH-type transcriptional regulator YbbH
[17:30:35] Modify product: PTS system EIIBC component SA0186 => PTS system EIIBC component
[17:30:35] Modify product: Probable endonuclease 4 => putative endonuclease 4
[17:30:35] Modify product: UPF0374 protein SP_1903 => hypothetical protein
[17:30:35] Modify product: Putative aminotransferase MSMEG_6286/MSMEI_6121 => Putative aminotransferase/MSMEI_6121
[17:30:35] Modify product: Uncharacterized protein YqeY => putative protein YqeY
[17:30:35] Modify product: Putative multidrug export ATP-binding/permease protein SAV1866 => Putative multidrug export ATP-binding/permease protein
[17:30:35] Modify product: GTP cyclohydrolase 1 type 2 homolog => GTP cyclohydrolase 1 type 2 
[17:30:35] Modify product: UPF0178 protein YaiI => hypothetical protein
[17:30:35] Modify product: Uncharacterized protein YedJ => putative protein YedJ
[17:30:35] Modify product: DegV domain-containing protein spr1415 => DegV domain-containing protein
[17:30:35] Modify product: Nudix hydrolase DR_0079 => Nudix hydrolase
[17:30:35] Modify product: Bifunctional protein FolD => Bifunctional protein FolD protein
[17:30:35] Modify product: Uncharacterized protein YqgN => putative protein YqgN
[17:30:35] Modify product: Probable D,D-dipeptide transport system permease protein DdpC => putative D,D-dipeptide transport system permease protein DdpC
[17:30:35] Modify product: Uncharacterized PIN and TRAM-domain containing protein YacL => putative PIN and TRAM-domain containing protein YacL
[17:30:36] Modify product: UPF0324 inner membrane protein YeiH => hypothetical protein
[17:30:36] Modify product: Probable 3-hydroxyacyl-CoA dehydrogenase => putative 3-hydroxyacyl-CoA dehydrogenase
[17:30:36] Modify product: Uncharacterized oxidoreductase SpyM50865 => putative oxidoreductase
[17:30:36] Modify product: Probable quorum-quenching lactonase YtnP => putative quorum-quenching lactonase YtnP
[17:30:36] Modify product: Probable succinyl-diaminopimelate desuccinylase => putative succinyl-diaminopimelate desuccinylase
[17:30:36] Modify product: Uncharacterized HTH-type transcriptional regulator SACOL2360 => putative HTH-type transcriptional regulator
[17:30:36] Modify product: Multidrug efflux system ATP-binding protein Rv1218c => Multidrug efflux system ATP-binding protein
[17:30:36] Modify product: Uncharacterized protein YhaP => putative protein YhaP
[17:30:36] Modify product: Uncharacterized ABC transporter ATP-binding protein Rv1273c => putative ABC transporter ATP-binding protein
[17:30:36] Modify product: Uncharacterized ABC transporter ATP-binding protein TM_0288 => putative ABC transporter ATP-binding protein
[17:30:36] Modify product: Probable fructose-bisphosphate aldolase => putative fructose-bisphosphate aldolase
[17:30:36] Modify product: Putative dipeptidase SA1572 => Putative dipeptidase
[17:30:36] Modify product: Probable licABCH operon regulator => putative licABCH operon regulator
[17:30:36] Modify product: Probable pyridine nucleotide-disulfide oxidoreductase RclA => putative pyridine nucleotide-disulfide oxidoreductase RclA
[17:30:36] Modify product: Putative multidrug export ATP-binding/permease protein SAV1866 => Putative multidrug export ATP-binding/permease protein
[17:30:36] Modify product: Uncharacterized ABC transporter ATP-binding protein Rv0986 => putative ABC transporter ATP-binding protein
[17:30:36] Modify product: Calcium-transporting ATPase lmo0841 => Calcium-transporting ATPase
[17:30:36] Modify product: UPF0045 protein Rv1898 => hypothetical protein
[17:30:36] Modify product: UPF0346 protein YozE => hypothetical protein
[17:30:36] Modify product: Sulfurtransferase Alvin_2599 => Sulfurtransferase
[17:30:36] Modify product: Probable L-asparaginase => putative L-asparaginase
[17:30:36] Modify product: Putative transport protein Rv0205 => Putative transport protein
[17:30:36] Modify product: DegV domain-containing protein SA1258 => DegV domain-containing protein
[17:30:36] Modify product: UPF0342 protein SA1663 => hypothetical protein
[17:30:36] Modify product: Probable bifunctional oligoribonuclease and PAP phosphatase NrnA => putative bifunctional oligoribonuclease and PAP phosphatase NrnA
[17:30:36] Modify product: Uncharacterized protein Spy1535 => putative protein
[17:30:36] Modify product: Probable transcriptional regulatory protein MSMEG_2940/MSMEI_2866 => putative transcriptional regulatory protein/MSMEI_2866
[17:30:36] Modify product: Transcriptional repressor SmtB homolog => Transcriptional repressor SmtB 
[17:30:36] Modify product: Uncharacterized protein YdhK => putative protein YdhK
[17:30:36] Modify product: Putative trans-acting regulator SP_1800 => Putative trans-acting regulator
[17:30:36] Modify product: Uncharacterized epimerase/dehydratase SA0511 => putative epimerase/dehydratase
[17:30:36] Modify product: Probable metallo-hydrolase M6_Spy0554 => putative metallo-hydrolase
[17:30:36] Modify product: UPF0053 inner membrane protein YfjD => hypothetical protein
[17:30:36] Modify product: UPF0398 protein YpsA => hypothetical protein
[17:30:36] Modify product: Rqc2 homolog RqcH => Rqc2 RqcH
[17:30:36] Modify product: Putative metallophosphoesterase MG207 homolog => Putative metallophosphoesterase MG207 
[17:30:36] Modify product: TelA-like protein SA1238 => TelA-like protein
[17:30:36] Modify product: UPF0154 protein SA1178 => hypothetical protein
[17:30:36] Modify product: UPF0291 protein SP_1473 => hypothetical protein
[17:30:36] Modify product: Probable L-ascorbate-6-phosphate lactonase UlaG => putative L-ascorbate-6-phosphate lactonase UlaG
[17:30:36] Modify product: Probable licABCH operon regulator => putative licABCH operon regulator
[17:30:36] Modify product: Probable GTP-binding protein EngB => putative GTP-binding protein EngB
[17:30:36] Modify product: Probable nicotinate-nucleotide adenylyltransferase => putative nicotinate-nucleotide adenylyltransferase
[17:30:36] Modify product: RNA-binding protein HI_1333 => RNA-binding protein
[17:30:36] Modify product: Uncharacterized protein YqeH => putative protein YqeH
[17:30:36] Modify product: UPF0358 protein EF_2458 => hypothetical protein
[17:30:36] Modify product: Probable N-acetyl-LL-diaminopimelate aminotransferase => putative N-acetyl-LL-diaminopimelate aminotransferase
[17:30:36] Modify product: Uncharacterized response regulatory protein SACOL0201 => putative response regulatory protein
[17:30:36] Modify product: Uncharacterized protein HI_0131 => putative protein
[17:30:36] Modify product: Probable licABCH operon regulator => putative licABCH operon regulator
[17:30:36] Modify product: Probable tRNA sulfurtransferase => putative tRNA sulfurtransferase
[17:30:36] Modify product: Putative trans-acting regulator SP_1800 => Putative trans-acting regulator
[17:30:36] Modify product: UPF0702 transmembrane protein YetF => hypothetical protein
[17:30:36] Modify product: UPF0637 protein SA0957 => hypothetical protein
[17:30:36] Modify product: Uncharacterized multiple-sugar transport system permease YteP => putative multiple-sugar transport system permease YteP
[17:30:36] Modify product: Uncharacterized protein YpjQ => putative protein YpjQ
[17:30:36] Modify product: Uncharacterized oxidoreductase Mb2996 => putative oxidoreductase
[17:30:36] Modify product: Acetyltransferase SACOL1063 => Acetyltransferase
[17:30:36] Modify product: Acetyltransferase SACOL1063 => Acetyltransferase
[17:30:36] Modify product: Uncharacterized RNA pseudouridine synthase Rv1540 => putative RNA pseudouridine synthase
[17:30:36] Modify product: UPF0413 protein YjbH => hypothetical protein
[17:30:36] Modify product: UPF0758 protein YsxA => hypothetical protein
[17:30:36] Modify product: UPF0473 protein SP_0194 => hypothetical protein
[17:30:36] Modify product: UPF0297 protein EF_1202 => hypothetical protein
[17:30:36] Modify product: UPF0397 protein SP_0482 => hypothetical protein
[17:30:36] Modify product: UPF0051 protein SA0778 => hypothetical protein
[17:30:36] Modify product: UPF0051 protein SA0778 => hypothetical protein
[17:30:36] Modify product: Probable ABC transporter ATP-binding protein M6_Spy0273 => putative ABC transporter ATP-binding protein
[17:30:37] Modify product: Uncharacterized protein YqeN => putative protein YqeN
[17:30:37] Modify product: Uncharacterized protein YbbA => putative protein YbbA
[17:30:37] Modify product: Uncharacterized ABC transporter ATP-binding protein YheS => putative ABC transporter ATP-binding protein YheS
[17:30:37] Modify product: UPF0340 protein YwlG => hypothetical protein
[17:30:37] Modify product: Protease HtpX homolog => Protease HtpX 
[17:30:37] Modify product: Uncharacterized ABC transporter ATP-binding protein Rv0986 => putative ABC transporter ATP-binding protein
[17:30:37] Modify product: Probable ABC transporter phosphite binding protein PhnD1 => putative ABC transporter phosphite binding protein PhnD1
[17:30:37] Modify product: UPF0394 inner membrane protein YeeE => hypothetical protein
[17:30:37] Modify product: Uncharacterized protein YacP => putative protein YacP
[17:30:37] Modify product: Uncharacterized oxidoreductase YjhC => putative oxidoreductase YjhC
[17:30:37] Modify product: Probable peptidoglycan glycosyltransferase FtsW => putative peptidoglycan glycosyltransferase FtsW
[17:30:37] Modify product: Organic hydroperoxide resistance protein-like => Organic hydroperoxide resistance protein-like protein
[17:30:37] Cleaned 124 /product names
[17:30:37] Deleting unwanted file: analysis_prokka/Prokka_Out/prokka_dpi_genomes_forncbi_kpl3250_c.current.sprot.tmp.35838.faa
[17:30:37] Deleting unwanted file: analysis_prokka/Prokka_Out/prokka_dpi_genomes_forncbi_kpl3250_c.current.sprot.tmp.35838.blast
[17:30:37] There are still 653 unannotated CDS left (started with 1714)
[17:30:37] Will use hmmer3 to search against /Users/isabelfe/opt/anaconda3/db/hmm/HAMAP.hmm with 2 CPUs
[17:30:37] Running: cat analysis_prokka\/Prokka_Out\/prokka_dpi_genomes_forncbi_kpl3250_c\.current\.HAMAP\.hmm\.tmp\.35838\.faa | parallel --gnu --plain -j 2 --block 49560 --recstart '>' --pipe hmmscan --noali --notextw --acc -E 1e-09 --cpu 1 /Users/isabelfe/opt/anaconda3/db/hmm/HAMAP.hmm /dev/stdin > analysis_prokka\/Prokka_Out\/prokka_dpi_genomes_forncbi_kpl3250_c\.current\.HAMAP\.hmm\.tmp\.35838\.hmmer3 2> /dev/null
[17:31:03] Modify product: Uncharacterized Nudix hydrolase NudL => putative Nudix hydrolase NudL
[17:31:03] Modify product: Protein SprT-like => Protein SprT-like protein
[17:31:03] Cleaned 2 /product names
[17:31:03] Deleting unwanted file: analysis_prokka/Prokka_Out/prokka_dpi_genomes_forncbi_kpl3250_c.current.HAMAP.hmm.tmp.35838.faa
[17:31:03] Deleting unwanted file: analysis_prokka/Prokka_Out/prokka_dpi_genomes_forncbi_kpl3250_c.current.HAMAP.hmm.tmp.35838.hmmer3
[17:31:03] Labelling remaining 572 proteins as 'hypothetical protein'
[17:31:03] Possible /pseudo 'PTS system mannose-specific EIIAB component' at c_000000000001 position 145599
[17:31:03] Possible /pseudo 'putative ABC transporter ATP-binding protein' at c_000000000001 position 304297
[17:31:03] Possible /pseudo 'Putative glycerol transporter' at c_000000000001 position 522684
[17:31:03] Possible /pseudo 'putative protein' at c_000000000001 position 622707
[17:31:03] Possible /pseudo 'Undecaprenyl-phosphate 4-deoxy-4-formamido-L-arabinose transferase' at c_000000000001 position 763196
[17:31:03] Possible /pseudo 'Chaperone protein DnaJ' at c_000000000001 position 810678
[17:31:03] Possible /pseudo 'Cadmium, zinc and cobalt-transporting ATPase' at c_000000000001 position 1093342
[17:31:03] Possible /pseudo 'ATP-dependent Clp protease ATP-binding subunit ClpE' at c_000000000001 position 1288674
[17:31:03] Possible /pseudo 'Acetyltransferase' at c_000000000001 position 1447173
[17:31:03] Possible /pseudo 'Glycine reductase complex component B subunit gamma' at c_000000000001 position 1684498
[17:31:03] Found 912 unique /gene codes.
[17:31:03] Fixed 2 duplicate /gene - nanA_1 nanA_2
[17:31:03] Fixed 4 duplicate /gene - manX_1 manX_2 manX_3 manX_4
[17:31:03] Fixed 2 duplicate /gene - ecfT_1 ecfT_2
[17:31:03] Fixed 2 duplicate /gene - gsiC_1 gsiC_2
[17:31:03] Fixed 2 duplicate /gene - lacC_1 lacC_2
[17:31:03] Fixed 3 duplicate /gene - ulaA_1 ulaA_2 ulaA_3
[17:31:03] Fixed 2 duplicate /gene - lagD_1 lagD_2
[17:31:03] Fixed 2 duplicate /gene - sufS_1 sufS_2
[17:31:03] Fixed 2 duplicate /gene - clpE_1 clpE_2
[17:31:03] Fixed 2 duplicate /gene - clpC_1 clpC_2
[17:31:03] Fixed 2 duplicate /gene - alsT_1 alsT_2
[17:31:03] Fixed 2 duplicate /gene - spxA_1 spxA_2
[17:31:03] Fixed 2 duplicate /gene - trxA_1 trxA_2
[17:31:03] Fixed 2 duplicate /gene - apbE_1 apbE_2
[17:31:03] Fixed 3 duplicate /gene - fabG_1 fabG_2 fabG_3
[17:31:03] Fixed 2 duplicate /gene - araQ_1 araQ_2
[17:31:03] Fixed 3 duplicate /gene - oppF_1 oppF_2 oppF_3
[17:31:03] Fixed 2 duplicate /gene - iscS_1 iscS_2
[17:31:03] Fixed 2 duplicate /gene - srrA_1 srrA_2
[17:31:03] Fixed 2 duplicate /gene - gcvH_1 gcvH_2
[17:31:03] Fixed 2 duplicate /gene - nylA_1 nylA_2
[17:31:03] Fixed 2 duplicate /gene - smc_1 smc_2
[17:31:03] Fixed 2 duplicate /gene - argS_1 argS_2
[17:31:03] Fixed 2 duplicate /gene - nagB_1 nagB_2
[17:31:03] Fixed 3 duplicate /gene - manZ_1 manZ_2 manZ_3
[17:31:03] Fixed 2 duplicate /gene - aes_1 aes_2
[17:31:03] Fixed 2 duplicate /gene - zosA_1 zosA_2
[17:31:03] Fixed 2 duplicate /gene - est_1 est_2
[17:31:03] Fixed 2 duplicate /gene - pnp_1 pnp_2
[17:31:03] Fixed 2 duplicate /gene - ssbA_1 ssbA_2
[17:31:03] Fixed 2 duplicate /gene - lplJ_1 lplJ_2
[17:31:03] Fixed 2 duplicate /gene - mntB_1 mntB_2
[17:31:03] Fixed 2 duplicate /gene - luxS_1 luxS_2
[17:31:03] Fixed 2 duplicate /gene - gmuD_1 gmuD_2
[17:31:03] Fixed 2 duplicate /gene - yohK_1 yohK_2
[17:31:03] Fixed 2 duplicate /gene - dapE_1 dapE_2
[17:31:03] Fixed 2 duplicate /gene - bglK_1 bglK_2
[17:31:03] Fixed 2 duplicate /gene - gatC_1 gatC_2
[17:31:03] Fixed 2 duplicate /gene - expZ_1 expZ_2
[17:31:03] Fixed 2 duplicate /gene - mgtE_1 mgtE_2
[17:31:03] Fixed 2 duplicate /gene - pepF1_1 pepF1_2
[17:31:03] Fixed 2 duplicate /gene - tenA_1 tenA_2
[17:31:03] Fixed 2 duplicate /gene - tagU_1 tagU_2
[17:31:03] Fixed 2 duplicate /gene - gmk_1 gmk_2
[17:31:03] Fixed 3 duplicate /gene - recF_1 recF_2 recF_3
[17:31:03] Fixed 2 duplicate /gene - dsdA_1 dsdA_2
[17:31:03] Fixed 2 duplicate /gene - xerD_1 xerD_2
[17:31:03] Fixed 2 duplicate /gene - pdhC_1 pdhC_2
[17:31:03] Fixed 2 duplicate /gene - metN_1 metN_2
[17:31:03] Fixed 2 duplicate /gene - ytrA_1 ytrA_2
[17:31:03] Fixed 2 duplicate /gene - rhaR_1 rhaR_2
[17:31:03] Fixed 4 duplicate /gene - agrA_1 agrA_2 agrA_3 agrA_4
[17:31:03] Fixed 2 duplicate /gene - thiD_1 thiD_2
[17:31:03] Fixed 2 duplicate /gene - urdA_1 urdA_2
[17:31:03] Fixed 2 duplicate /gene - rnfC_1 rnfC_2
[17:31:03] Fixed 2 duplicate /gene - mshA_1 mshA_2
[17:31:03] Fixed 2 duplicate /gene - galK_1 galK_2
[17:31:03] Fixed 2 duplicate /gene - trxB_1 trxB_2
[17:31:03] Fixed 3 duplicate /gene - arnC_1 arnC_2 arnC_3
[17:31:03] Fixed 3 duplicate /gene - lacF_1 lacF_2 lacF_3
[17:31:03] Fixed 2 duplicate /gene - atpD_1 atpD_2
[17:31:03] Fixed 2 duplicate /gene - rnfD_1 rnfD_2
[17:31:03] Fixed 2 duplicate /gene - cobB_1 cobB_2
[17:31:03] Fixed 2 duplicate /gene - lrgA_1 lrgA_2
[17:31:03] Fixed 3 duplicate /gene - brnQ_1 brnQ_2 brnQ_3
[17:31:03] Fixed 2 duplicate /gene - acpP_1 acpP_2
[17:31:03] Fixed 2 duplicate /gene - grdB_1 grdB_2
[17:31:03] Fixed 3 duplicate /gene - metP_1 metP_2 metP_3
[17:31:03] Fixed 3 duplicate /gene - cadA_1 cadA_2 cadA_3
[17:31:03] Fixed 2 duplicate /gene - desR_1 desR_2
[17:31:03] Fixed 2 duplicate /gene - cdaR_1 cdaR_2
[17:31:03] Fixed 3 duplicate /gene - oppD_1 oppD_2 oppD_3
[17:31:03] Fixed 2 duplicate /gene - purR_1 purR_2
[17:31:03] Fixed 2 duplicate /gene - ccpA_1 ccpA_2
[17:31:03] Fixed 2 duplicate /gene - dnaJ_1 dnaJ_2
[17:31:03] Fixed 2 duplicate /gene - ptsG_1 ptsG_2
[17:31:03] Fixed 2 duplicate /gene - rsmH_1 rsmH_2
[17:31:03] Fixed 2 duplicate /gene - copY_1 copY_2
[17:31:03] Fixed 2 duplicate /gene - atpE_1 atpE_2
[17:31:03] Fixed 8 duplicate /gene - btuD_1 btuD_2 btuD_3 btuD_4 btuD_5 btuD_6 btuD_7 btuD_8
[17:31:03] Fixed 2 duplicate /gene - rpoN1_1 rpoN1_2
[17:31:03] Fixed 2 duplicate /gene - fpgS_1 fpgS_2
[17:31:03] Fixed 4 duplicate /gene - metQ_1 metQ_2 metQ_3 metQ_4
[17:31:03] Fixed 3 duplicate /gene - licR_1 licR_2 licR_3
[17:31:03] Fixed 2 duplicate /gene - ruvB_1 ruvB_2
[17:31:03] Fixed 2 duplicate /gene - sasA_1 sasA_2
[17:31:03] Fixed 2 duplicate /gene - dacA_1 dacA_2
[17:31:03] Fixed 2 duplicate /gene - tcyP_1 tcyP_2
[17:31:03] Fixed 6 duplicate /gene - bcrA_1 bcrA_2 bcrA_3 bcrA_4 bcrA_5 bcrA_6
[17:31:03] Fixed 89 colliding /gene names.
[17:31:03] Adding /locus_tag identifiers
[17:31:03] Assigned 1781 locus_tags to CDS and RNA features.
[17:31:03] Writing outputs to analysis_prokka/Prokka_Out/
[17:31:04] Generating annotation statistics file
[17:31:04] Generating Genbank and Sequin files
[17:31:04] Running: tbl2asn -V b -a r10k -l paired-ends -M n -N 1 -y 'Annotated using prokka 1.14.6 from https://github.com/tseemann/prokka' -Z analysis_prokka\/Prokka_Out\/prokka_dpi_genomes_forncbi_kpl3250_c\.current\.err -i analysis_prokka\/Prokka_Out\/prokka_dpi_genomes_forncbi_kpl3250_c\.current\.fsa 2> /dev/null
[17:31:09] Could not run command: tbl2asn -V b -a r10k -l paired-ends -M n -N 1 -y 'Annotated using prokka 1.14.6 from https://github.com/tseemann/prokka' -Z analysis_prokka\/Prokka_Out\/prokka_dpi_genomes_forncbi_kpl3250_c\.current\.err -i analysis_prokka\/Prokka_Out\/prokka_dpi_genomes_forncbi_kpl3250_c\.current\.fsa 2> /dev/null
