[18:27:11] This is prokka 1.14.6
[18:27:11] Written by Torsten Seemann <torsten.seemann@gmail.com>
[18:27:11] Homepage is https://github.com/tseemann/prokka
[18:27:11] Local time is Thu Oct 29 18:27:11 2020
[18:27:11] You are tommytran
[18:27:11] Operating system is darwin
[18:27:11] You have BioPerl 1.007002
[18:27:12] System has 6 cores.
[18:27:12] Will use maximum of 6 cores.
[18:27:12] Annotating as >>> Bacteria <<<
[18:27:12] Generating locus_tag from 'analysis_get_homologues/Renamed_Dpig/KPL3033.fa' contents.
[18:27:12] Setting --locustag PGLLHMPH from MD5 90551691f20b1c7c1610432e0be1c9c5
[18:27:12] Re-using existing --outdir analysis_get_homologues/Prokka_Out
[18:27:12] Using filename prefix: prokka_KPL3033.XXX
[18:27:12] Setting HMMER_NCPU=1
[18:27:12] Writing log to: analysis_get_homologues/Prokka_Out/prokka_KPL3033.log
[18:27:12] Command: /Users/tommytran/miniconda3/bin/prokka --prefix prokka_KPL3033 --outdir analysis_get_homologues/Prokka_Out --genus Dolosigranulum --species pigrum --strain KPL3033 --cpus 0 --force analysis_get_homologues/Renamed_Dpig/KPL3033.fa
[18:27:12] Appending to PATH: /Users/tommytran/miniconda3/bin
[18:27:12] Looking for 'aragorn' - found /Users/tommytran/miniconda3/bin/aragorn
[18:27:12] Determined aragorn version is 001002 from 'ARAGORN v1.2.38 Dean Laslett'
[18:27:12] Looking for 'barrnap' - found /Users/tommytran/miniconda3/bin/barrnap
[18:27:12] Determined barrnap version is 000009 from 'barrnap 0.9'
[18:27:12] Looking for 'blastp' - found /Users/tommytran/miniconda3/bin/blastp
[18:27:12] Determined blastp version is 002009 from 'blastp: 2.9.0+'
[18:27:12] Looking for 'cmpress' - found /Users/tommytran/miniconda3/bin/cmpress
[18:27:12] Determined cmpress version is 001001 from '# INFERNAL 1.1.2 (July 2016)'
[18:27:12] Looking for 'cmscan' - found /Users/tommytran/miniconda3/bin/cmscan
[18:27:12] Determined cmscan version is 001001 from '# INFERNAL 1.1.2 (July 2016)'
[18:27:12] Looking for 'egrep' - found /usr/bin/egrep
[18:27:12] Looking for 'find' - found /usr/bin/find
[18:27:12] Looking for 'grep' - found /usr/bin/grep
[18:27:12] Looking for 'hmmpress' - found /Users/tommytran/miniconda3/bin/hmmpress
[18:27:12] Determined hmmpress version is 003003 from '# HMMER 3.3 (Nov 2019); http://hmmer.org/'
[18:27:12] Looking for 'hmmscan' - found /Users/tommytran/miniconda3/bin/hmmscan
[18:27:12] Determined hmmscan version is 003003 from '# HMMER 3.3 (Nov 2019); http://hmmer.org/'
[18:27:12] Looking for 'java' - found /Users/tommytran/miniconda3/bin/java
[18:27:12] Looking for 'makeblastdb' - found /Users/tommytran/miniconda3/bin/makeblastdb
[18:27:12] Determined makeblastdb version is 002009 from 'makeblastdb: 2.9.0+'
[18:27:12] Looking for 'minced' - found /Users/tommytran/miniconda3/bin/minced
[18:27:12] Determined minced version is 004002 from 'minced 0.4.2'
[18:27:12] Looking for 'parallel' - found /Users/tommytran/miniconda3/bin/parallel
[18:27:12] Determined parallel version is 20200522 from 'GNU parallel 20200522'
[18:27:12] Looking for 'prodigal' - found /Users/tommytran/miniconda3/bin/prodigal
[18:27:12] Determined prodigal version is 002006 from 'Prodigal V2.6.3: February, 2016'
[18:27:12] Looking for 'prokka-genbank_to_fasta_db' - found /Users/tommytran/miniconda3/bin/prokka-genbank_to_fasta_db
[18:27:12] Looking for 'sed' - found /usr/bin/sed
[18:27:12] Looking for 'tbl2asn' - found /Users/tommytran/miniconda3/bin/tbl2asn
[18:27:12] Determined tbl2asn version is 025007 from 'tbl2asn 25.7   arguments:'
[18:27:12] Using genetic code table 11.
[18:27:12] Loading and checking input file: analysis_get_homologues/Renamed_Dpig/KPL3033.fa
[18:27:12] Wrote 1 contigs totalling 1958196 bp.
[18:27:12] Predicting tRNAs and tmRNAs
[18:27:12] Running: aragorn -l -gc11  -w analysis_get_homologues\/Prokka_Out\/prokka_KPL3033\.fna
[18:27:13] 1 tRNA-Val [169471,169545] 35 (gac)
[18:27:13] 2 tRNA-Ala [414155,414229] 35 (tgc)
[18:27:13] 3 tRNA-Asn [417549,417623] 35 (gtt)
[18:27:13] 4 tRNA-Leu [487365,487449] 34 (gag)
[18:27:13] 5 tRNA-Ser [1202505,1202593] 36 (gga)
[18:27:13] 6 tRNA-Arg c[1271088,1271162] 35 (tct)
[18:27:13] 7 tRNA-Phe c[1452481,1452555] 35 (gaa)
[18:27:13] 8 tRNA-Asp c[1452561,1452636] 36 (gtc)
[18:27:13] 9 tRNA-Ser c[1452660,1452749] 37 (tga)
[18:27:13] 10 tRNA-Glu c[1452760,1452831] 34 (ttc)
[18:27:13] 11 tRNA-Ser c[1452847,1452937] 36 (gct)
[18:27:13] 12 tRNA-Ile c[1452963,1453038] 36 (gat)
[18:27:13] 13 tRNA-Gly c[1453046,1453116] 33 (tcc)
[18:27:13] 14 tRNA-Asp c[1453121,1453196] 36 (gtc)
[18:27:13] 15 tRNA-Met c[1453211,1453285] 35 (cat)
[18:27:13] 16 tRNA-Pro c[1453295,1453368] 35 (tgg)
[18:27:13] 17 tRNA-Arg c[1453390,1453465] 36 (acg)
[18:27:13] 18 tRNA-Leu c[1453474,1453560] 35 (taa)
[18:27:13] 19 tRNA-Gly c[1453589,1453660] 33 (gcc)
[18:27:13] 20 tRNA-Thr c[1453676,1453748] 34 (tgt)
[18:27:13] 21 tRNA-Leu c[1453755,1453836] 35 (tag)
[18:27:13] 22 tRNA-Lys c[1453854,1453926] 34 (ttt)
[18:27:13] 23 tRNA-Val c[1453936,1454008] 34 (tac)
[18:27:13] 24 tmRNA [1558939,1559296] 92,127 ANKNSNLALAA*
[18:27:13] 25 tRNA-Thr c[1695262,1695335] 34 (ggt)
[18:27:13] 26 tRNA-Gln c[1700653,1700726] 34 (ttg)
[18:27:13] 27 tRNA-Tyr c[1700730,1700813] 36 (gta)
[18:27:13] 28 tRNA-Glu c[1700818,1700889] 34 (ttc)
[18:27:13] 29 tRNA-SeC [1757724,1757821] 36 (tca)
[18:27:13] 30 tRNA-Arg c[1802312,1802386] 35 (tcg)
[18:27:13] 31 tRNA-Lys c[1802410,1802482] 34 (ttt)
[18:27:13] 32 tRNA-Val c[1802492,1802564] 34 (tac)
[18:27:13] 33 tRNA-Leu c[1807820,1807904] 35 (caa)
[18:27:13] 34 tRNA-Cys c[1807932,1808004] 33 (gca)
[18:27:13] 35 tRNA-Gln c[1808016,1808089] 34 (ttg)
[18:27:13] 36 tRNA-His c[1808104,1808178] 35 (gtg)
[18:27:13] 37 tRNA-Trp c[1808188,1808260] 34 (cca)
[18:27:13] 38 tRNA-Tyr c[1808263,1808345] 36 (gta)
[18:27:13] 39 tRNA-Phe c[1808362,1808436] 35 (gaa)
[18:27:13] 40 tRNA-Asp c[1808442,1808517] 36 (gtc)
[18:27:13] 41 tRNA-Met c[1808532,1808606] 35 (cat)
[18:27:13] 42 tRNA-Ser c[1808626,1808715] 37 (tga)
[18:27:13] 43 tRNA-Glu c[1808728,1808799] 34 (ttc)
[18:27:13] 44 tRNA-Ile c[1808815,1808890] 36 (gat)
[18:27:13] 45 tRNA-Gly c[1808900,1808970] 33 (tcc)
[18:27:13] 46 tRNA-Met c[1809023,1809096] 35 (cat)
[18:27:13] 47 tRNA-Met c[1809114,1809189] 36 (cat)
[18:27:13] 48 tRNA-Pro c[1809208,1809281] 35 (tgg)
[18:27:13] 49 tRNA-Arg c[1809338,1809413] 36 (acg)
[18:27:13] 50 tRNA-Leu c[1809422,1809508] 35 (taa)
[18:27:13] 51 tRNA-Gly c[1809537,1809608] 33 (gcc)
[18:27:13] 52 tRNA-Thr c[1809624,1809696] 34 (tgt)
[18:27:13] 53 tRNA-Asn c[1917131,1917205] 35 (gtt)
[18:27:13] 54 tRNA-Ala c[1920526,1920600] 35 (tgc)
[18:27:13] Found 54 tRNAs
[18:27:13] Predicting Ribosomal RNAs
[18:27:13] Running Barrnap with 6 threads
[18:27:14] 1 c_000000000001 412531 16S ribosomal RNA
[18:27:14] 2 c_000000000001 414424 23S ribosomal RNA
[18:27:14] 3 c_000000000001 417406 5S ribosomal RNA
[18:27:14] 4 c_000000000001 1454026 5S ribosomal RNA
[18:27:14] 5 c_000000000001 1454219 23S ribosomal RNA
[18:27:14] 6 c_000000000001 1457379 16S ribosomal RNA
[18:27:14] 7 c_000000000001 1802582 5S ribosomal RNA
[18:27:14] 8 c_000000000001 1802775 23S ribosomal RNA
[18:27:14] 9 c_000000000001 1805935 16S ribosomal RNA
[18:27:14] 10 c_000000000001 1917238 5S ribosomal RNA
[18:27:14] 11 c_000000000001 1917431 23S ribosomal RNA
[18:27:14] 12 c_000000000001 1920683 16S ribosomal RNA
[18:27:14] Found 12 rRNAs
[18:27:14] Skipping ncRNA search, enable with --rfam if desired.
[18:27:14] Total of 65 tRNA + rRNA features
[18:27:14] Searching for CRISPR repeats
[18:27:14] CRISPR1 c_000000000001 652222 with 8 spacers
[18:27:14] Found 1 CRISPRs
[18:27:14] Predicting coding sequences
[18:27:14] Contigs total 1958196 bp, so using single mode
[18:27:14] Running: prodigal -i analysis_get_homologues\/Prokka_Out\/prokka_KPL3033\.fna -c -m -g 11 -p single -f sco -q
[18:27:18] Found 1801 CDS
[18:27:18] Connecting features back to sequences
[18:27:18] Not using genus-specific database. Try --usegenus to enable it.
[18:27:18] Annotating CDS, please be patient.
[18:27:18] Will use 6 CPUs for similarity searching.
[18:27:18] There are still 1801 unannotated CDS left (started with 1801)
[18:27:18] Will use blast to search against /Users/tommytran/miniconda3/db/kingdom/Bacteria/IS with 6 CPUs
[18:27:18] Running: cat analysis_get_homologues\/Prokka_Out\/prokka_KPL3033\.IS\.tmp\.9613\.faa | parallel --gnu --plain -j 6 --block 48540 --recstart '>' --pipe blastp -query - -db /Users/tommytran/miniconda3/db/kingdom/Bacteria/IS -evalue 1e-30 -qcov_hsp_perc 90 -num_threads 1 -num_descriptions 1 -num_alignments 1 -seg no > analysis_get_homologues\/Prokka_Out\/prokka_KPL3033\.IS\.tmp\.9613\.blast 2> /dev/null
[18:27:24] Deleting unwanted file: analysis_get_homologues/Prokka_Out/prokka_KPL3033.IS.tmp.9613.faa
[18:27:24] Deleting unwanted file: analysis_get_homologues/Prokka_Out/prokka_KPL3033.IS.tmp.9613.blast
[18:27:24] There are still 1798 unannotated CDS left (started with 1801)
[18:27:24] Will use blast to search against /Users/tommytran/miniconda3/db/kingdom/Bacteria/AMR with 6 CPUs
[18:27:24] Running: cat analysis_get_homologues\/Prokka_Out\/prokka_KPL3033\.AMR\.tmp\.9613\.faa | parallel --gnu --plain -j 6 --block 48467 --recstart '>' --pipe blastp -query - -db /Users/tommytran/miniconda3/db/kingdom/Bacteria/AMR -evalue 9.99999999999999e-301 -qcov_hsp_perc 90 -num_threads 1 -num_descriptions 1 -num_alignments 1 -seg no > analysis_get_homologues\/Prokka_Out\/prokka_KPL3033\.AMR\.tmp\.9613\.blast 2> /dev/null
[18:27:29] Deleting unwanted file: analysis_get_homologues/Prokka_Out/prokka_KPL3033.AMR.tmp.9613.faa
[18:27:29] Deleting unwanted file: analysis_get_homologues/Prokka_Out/prokka_KPL3033.AMR.tmp.9613.blast
[18:27:29] There are still 1798 unannotated CDS left (started with 1801)
[18:27:29] Will use blast to search against /Users/tommytran/miniconda3/db/kingdom/Bacteria/sprot with 6 CPUs
[18:27:29] Running: cat analysis_get_homologues\/Prokka_Out\/prokka_KPL3033\.sprot\.tmp\.9613\.faa | parallel --gnu --plain -j 6 --block 48467 --recstart '>' --pipe blastp -query - -db /Users/tommytran/miniconda3/db/kingdom/Bacteria/sprot -evalue 1e-09 -qcov_hsp_perc 80 -num_threads 1 -num_descriptions 1 -num_alignments 1 -seg no > analysis_get_homologues\/Prokka_Out\/prokka_KPL3033\.sprot\.tmp\.9613\.blast 2> /dev/null
[18:27:51] Modify product: UPF0365 protein SA1402 => hypothetical protein
[18:27:51] Modify product: Putative glycerol transporter Lin0368 => Putative glycerol transporter
[18:27:51] Modify product: Putative glycerol transporter Lin0367 => Putative glycerol transporter
[18:27:51] Modify product: Probable transcription repressor NiaR => putative transcription repressor NiaR
[18:27:51] Modify product: Probable protein-export membrane protein SecG => putative protein-export membrane protein SecG
[18:27:52] Modify product: Uncharacterized protein Spy1614 => putative protein
[18:27:52] Modify product: Uncharacterized protein SA1069 => putative protein
[18:27:52] Modify product: UPF0178 protein YaiI => hypothetical protein
[18:27:52] Modify product: Uncharacterized protein YedJ => putative protein YedJ
[18:27:52] Modify product: DegV domain-containing protein spr1415 => DegV domain-containing protein
[18:27:52] Modify product: Nudix hydrolase DR_0079 => Nudix hydrolase
[18:27:52] Modify product: Bifunctional protein FolD => Bifunctional protein FolD protein
[18:27:52] Modify product: Uncharacterized protein YqgN => putative protein YqgN
[18:27:52] Modify product: Probable D,D-dipeptide transport system permease protein DdpC => putative D,D-dipeptide transport system permease protein DdpC
[18:27:52] Modify product: Uncharacterized PIN and TRAM-domain containing protein YacL => putative PIN and TRAM-domain containing protein YacL
[18:27:52] Modify product: Fluoroquinolones export ATP-binding protein Rv2688c => Fluoroquinolones export ATP-binding protein
[18:27:52] Modify product: Uncharacterized ABC transporter ATP-binding protein TM_0288 => putative ABC transporter ATP-binding protein
[18:27:52] Modify product: Probable cell division protein WhiA => putative cell division protein WhiA
[18:27:52] Modify product: UPF0302 protein BA_1542/GBAA_1542/BAS1430 => hypothetical protein
[18:27:52] Modify product: Uncharacterized protein YpjD => putative protein YpjD
[18:27:52] Modify product: UPF0324 inner membrane protein YeiH => hypothetical protein
[18:27:52] Modify product: UPF0053 protein HI_0107 => hypothetical protein
[18:27:52] Modify product: Uncharacterized MscS family protein YkuT => putative MscS family protein YkuT
[18:27:52] Modify product: UPF0176 protein SP_0095 => hypothetical protein
[18:27:52] Modify product: Putative universal stress protein SA1532 => Putative universal stress protein
[18:27:52] Modify product: Uncharacterized AAA domain-containing protein Rv2559c => putative AAA domain-containing protein
[18:27:52] Modify product: Probable multidrug resistance ABC transporter ATP-binding/permease protein YheI => putative multidrug resistance ABC transporter ATP-binding/permease protein YheI
[18:27:52] Modify product: Probable multidrug resistance ABC transporter ATP-binding/permease protein YheH => putative multidrug resistance ABC transporter ATP-binding/permease protein YheH
[18:27:52] Modify product: Probable undecaprenyl-phosphate N-acetylglucosaminyl 1-phosphate transferase => putative undecaprenyl-phosphate N-acetylglucosaminyl 1-phosphate transferase
[18:27:52] Modify product: Probable glycine dehydrogenase (decarboxylating) subunit 1 => putative glycine dehydrogenase (decarboxylating) subunit 1
[18:27:52] Modify product: Probable glycine dehydrogenase (decarboxylating) subunit 2 => putative glycine dehydrogenase (decarboxylating) subunit 2
[18:27:52] Modify product: UPF0073 inner membrane protein YqfA => hypothetical protein
[18:27:52] Modify product: Putative phosphatase M6_Spy0533 => Putative phosphatase
[18:27:52] Modify product: UPF0122 protein SP_1288 => hypothetical protein
[18:27:52] Modify product: UPF0109 protein Rv2908c => hypothetical protein
[18:27:52] Modify product: Probable ribosomal protein YlxQ => putative ribosomal protein YlxQ
[18:27:52] Modify product: Probable murein peptide carboxypeptidase => putative murein peptide carboxypeptidase
[18:27:52] Modify product: Probable endonuclease 4 => putative endonuclease 4
[18:27:52] Modify product: UPF0374 protein SP_1903 => hypothetical protein
[18:27:52] Modify product: Putative aminotransferase MSMEG_6286/MSMEI_6121 => Putative aminotransferase/MSMEI_6121
[18:27:52] Modify product: Uncharacterized protein YqeY => putative protein YqeY
[18:27:52] Modify product: Putative multidrug export ATP-binding/permease protein SAV1866 => Putative multidrug export ATP-binding/permease protein
[18:27:52] Modify product: GTP cyclohydrolase 1 type 2 homolog => GTP cyclohydrolase 1 type 2 
[18:27:52] Modify product: Putative multidrug export ATP-binding/permease protein SAV1866 => Putative multidrug export ATP-binding/permease protein
[18:27:52] Modify product: UPF0045 protein Rv1898 => hypothetical protein
[18:27:52] Modify product: Probable fructose-bisphosphate aldolase => putative fructose-bisphosphate aldolase
[18:27:52] Modify product: Probable licABCH operon regulator => putative licABCH operon regulator
[18:27:52] Modify product: Probable pyridine nucleotide-disulfide oxidoreductase RclA => putative pyridine nucleotide-disulfide oxidoreductase RclA
[18:27:52] Modify product: Putative multidrug export ATP-binding/permease protein SAV1866 => Putative multidrug export ATP-binding/permease protein
[18:27:52] Modify product: Uncharacterized ABC transporter ATP-binding protein Rv0986 => putative ABC transporter ATP-binding protein
[18:27:52] Modify product: Calcium-transporting ATPase lmo0841 => Calcium-transporting ATPase
[18:27:52] Modify product: Probable 3-hydroxyacyl-CoA dehydrogenase => putative 3-hydroxyacyl-CoA dehydrogenase
[18:27:52] Modify product: Uncharacterized oxidoreductase SpyM50865 => putative oxidoreductase
[18:27:52] Modify product: Probable quorum-quenching lactonase YtnP => putative quorum-quenching lactonase YtnP
[18:27:52] Modify product: Probable succinyl-diaminopimelate desuccinylase => putative succinyl-diaminopimelate desuccinylase
[18:27:52] Modify product: Uncharacterized HTH-type transcriptional regulator SACOL2360 => putative HTH-type transcriptional regulator
[18:27:52] Modify product: Multidrug efflux system ATP-binding protein Rv1218c => Multidrug efflux system ATP-binding protein
[18:27:52] Modify product: Uncharacterized protein YhaP => putative protein YhaP
[18:27:52] Modify product: Uncharacterized ABC transporter ATP-binding protein Rv1273c => putative ABC transporter ATP-binding protein
[18:27:52] Modify product: Uncharacterized ABC transporter ATP-binding protein TM_0288 => putative ABC transporter ATP-binding protein
[18:27:52] Modify product: Uncharacterized protein NMB0459 => putative protein
[18:27:52] Modify product: UPF0398 protein YpsA => hypothetical protein
[18:27:52] Modify product: Rqc2 homolog RqcH => Rqc2 RqcH
[18:27:52] Modify product: Putative metallophosphoesterase MG207 homolog => Putative metallophosphoesterase MG207 
[18:27:52] Modify product: TelA-like protein SA1238 => TelA-like protein
[18:27:52] Modify product: UPF0154 protein SA1178 => hypothetical protein
[18:27:52] Modify product: UPF0291 protein SP_1473 => hypothetical protein
[18:27:52] Modify product: Probable L-ascorbate-6-phosphate lactonase UlaG => putative L-ascorbate-6-phosphate lactonase UlaG
[18:27:52] Modify product: Probable licABCH operon regulator => putative licABCH operon regulator
[18:27:52] Modify product: Probable GTP-binding protein EngB => putative GTP-binding protein EngB
[18:27:52] Modify product: UPF0637 protein SA0957 => hypothetical protein
[18:27:52] Modify product: Uncharacterized multiple-sugar transport system permease YteP => putative multiple-sugar transport system permease YteP
[18:27:52] Modify product: Uncharacterized protein YpjQ => putative protein YpjQ
[18:27:52] Modify product: Uncharacterized oxidoreductase MSMEG_2407/MSMEI_2346 => putative oxidoreductase/MSMEI_2346
[18:27:52] Modify product: Acetyltransferase SACOL1063 => Acetyltransferase
[18:27:52] Modify product: Acetyltransferase SACOL1063 => Acetyltransferase
[18:27:52] Modify product: Uncharacterized RNA pseudouridine synthase Rv1540 => putative RNA pseudouridine synthase
[18:27:52] Modify product: UPF0413 protein YjbH => hypothetical protein
[18:27:52] Modify product: UPF0758 protein YsxA => hypothetical protein
[18:27:52] Modify product: UPF0473 protein SP_0194 => hypothetical protein
[18:27:52] Modify product: UPF0297 protein EF_1202 => hypothetical protein
[18:27:52] Modify product: UPF0397 protein SP_0482 => hypothetical protein
[18:27:52] Modify product: UPF0051 protein SA0778 => hypothetical protein
[18:27:52] Modify product: UPF0051 protein SA0778 => hypothetical protein
[18:27:52] Modify product: Probable ABC transporter ATP-binding protein M6_Spy0273 => putative ABC transporter ATP-binding protein
[18:27:52] Modify product: Probable nicotinate-nucleotide adenylyltransferase => putative nicotinate-nucleotide adenylyltransferase
[18:27:52] Modify product: RNA-binding protein HI_1333 => RNA-binding protein
[18:27:52] Modify product: Uncharacterized protein YqeH => putative protein YqeH
[18:27:52] Modify product: UPF0358 protein EF_2458 => hypothetical protein
[18:27:52] Modify product: Probable N-acetyl-LL-diaminopimelate aminotransferase => putative N-acetyl-LL-diaminopimelate aminotransferase
[18:27:52] Modify product: Probable licABCH operon regulator => putative licABCH operon regulator
[18:27:52] Modify product: Probable tRNA sulfurtransferase => putative tRNA sulfurtransferase
[18:27:52] Modify product: Putative trans-acting regulator SP_1800 => Putative trans-acting regulator
[18:27:52] Modify product: UPF0702 transmembrane protein YetF => hypothetical protein
[18:27:52] Modify product: UPF0346 protein YozE => hypothetical protein
[18:27:52] Modify product: Sulfurtransferase Alvin_2599 => Sulfurtransferase
[18:27:52] Modify product: Probable L-asparaginase => putative L-asparaginase
[18:27:52] Modify product: Putative transport protein Rv0205 => Putative transport protein
[18:27:52] Modify product: DegV domain-containing protein SA1258 => DegV domain-containing protein
[18:27:52] Modify product: UPF0342 protein SA1663 => hypothetical protein
[18:27:52] Modify product: Probable bifunctional oligoribonuclease and PAP phosphatase NrnA => putative bifunctional oligoribonuclease and PAP phosphatase NrnA
[18:27:52] Modify product: Uncharacterized protein Spy1535 => putative protein
[18:27:52] Modify product: Probable transcriptional regulatory protein MSMEG_2940/MSMEI_2866 => putative transcriptional regulatory protein/MSMEI_2866
[18:27:52] Modify product: Transcriptional repressor SmtB homolog => Transcriptional repressor SmtB 
[18:27:52] Modify product: Uncharacterized protein YdhK => putative protein YdhK
[18:27:52] Modify product: Putative trans-acting regulator SP_1800 => Putative trans-acting regulator
[18:27:52] Modify product: Uncharacterized epimerase/dehydratase SA0511 => putative epimerase/dehydratase
[18:27:52] Modify product: Probable metallo-hydrolase M6_Spy0554 => putative metallo-hydrolase
[18:27:52] Modify product: UPF0053 inner membrane protein YfjD => hypothetical protein
[18:27:52] Modify product: Uncharacterized protein YqeN => putative protein YqeN
[18:27:53] Modify product: Uncharacterized protein YbbA => putative protein YbbA
[18:27:53] Modify product: Uncharacterized ABC transporter ATP-binding protein YheS => putative ABC transporter ATP-binding protein YheS
[18:27:53] Modify product: UPF0340 protein YwlG => hypothetical protein
[18:27:53] Modify product: Protease HtpX homolog => Protease HtpX 
[18:27:53] Modify product: Uncharacterized ABC transporter ATP-binding protein Rv0986 => putative ABC transporter ATP-binding protein
[18:27:53] Modify product: Probable ABC transporter phosphite binding protein PhnD1 => putative ABC transporter phosphite binding protein PhnD1
[18:27:53] Modify product: UPF0394 inner membrane protein YeeE => hypothetical protein
[18:27:53] Modify product: Uncharacterized protein YacP => putative protein YacP
[18:27:53] Modify product: Uncharacterized oxidoreductase YjhC => putative oxidoreductase YjhC
[18:27:53] Modify product: Probable peptidoglycan glycosyltransferase FtsW => putative peptidoglycan glycosyltransferase FtsW
[18:27:53] Cleaned 120 /product names
[18:27:53] Deleting unwanted file: analysis_get_homologues/Prokka_Out/prokka_KPL3033.sprot.tmp.9613.faa
[18:27:53] Deleting unwanted file: analysis_get_homologues/Prokka_Out/prokka_KPL3033.sprot.tmp.9613.blast
[18:27:53] There are still 748 unannotated CDS left (started with 1801)
[18:27:53] Will use hmmer3 to search against /Users/tommytran/miniconda3/db/hmm/HAMAP.hmm with 6 CPUs
[18:27:53] Running: cat analysis_get_homologues\/Prokka_Out\/prokka_KPL3033\.HAMAP\.hmm\.tmp\.9613\.faa | parallel --gnu --plain -j 6 --block 17794 --recstart '>' --pipe hmmscan --noali --notextw --acc -E 1e-09 --cpu 1 /Users/tommytran/miniconda3/db/hmm/HAMAP.hmm /dev/stdin > analysis_get_homologues\/Prokka_Out\/prokka_KPL3033\.HAMAP\.hmm\.tmp\.9613\.hmmer3 2> /dev/null
[18:28:04] Modify product: Uncharacterized Nudix hydrolase NudL => putative Nudix hydrolase NudL
[18:28:04] Modify product: Protein SprT-like => Protein SprT-like protein
[18:28:04] Cleaned 2 /product names
[18:28:04] Deleting unwanted file: analysis_get_homologues/Prokka_Out/prokka_KPL3033.HAMAP.hmm.tmp.9613.faa
[18:28:04] Deleting unwanted file: analysis_get_homologues/Prokka_Out/prokka_KPL3033.HAMAP.hmm.tmp.9613.hmmer3
[18:28:04] Labelling remaining 667 proteins as 'hypothetical protein'
[18:28:04] Possible /pseudo 'D-methionine-binding lipoprotein MetQ' at c_000000000001 position 119076
[18:28:04] Possible /pseudo 'PTS system mannose-specific EIIAB component' at c_000000000001 position 158663
[18:28:04] Possible /pseudo 'putative ABC transporter ATP-binding protein' at c_000000000001 position 304986
[18:28:04] Possible /pseudo 'Putative glycerol transporter' at c_000000000001 position 519972
[18:28:04] Possible /pseudo 'putative protein' at c_000000000001 position 607867
[18:28:04] Possible /pseudo 'Acetyltransferase' at c_000000000001 position 1501551
[18:28:04] Possible /pseudo 'Glycine reductase complex component B subunit gamma' at c_000000000001 position 1745883
[18:28:04] Found 909 unique /gene codes.
[18:28:04] Fixed 3 duplicate /gene - fabG_1 fabG_2 fabG_3
[18:28:04] Fixed 2 duplicate /gene - dnaA_1 dnaA_2
[18:28:04] Fixed 2 duplicate /gene - copY_1 copY_2
[18:28:04] Fixed 2 duplicate /gene - manX_1 manX_2
[18:28:04] Fixed 2 duplicate /gene - lacF_1 lacF_2
[18:28:04] Fixed 2 duplicate /gene - acpP_1 acpP_2
[18:28:04] Fixed 2 duplicate /gene - fpgS_1 fpgS_2
[18:28:04] Fixed 2 duplicate /gene - sasA_1 sasA_2
[18:28:04] Fixed 8 duplicate /gene - btuD_1 btuD_2 btuD_3 btuD_4 btuD_5 btuD_6 btuD_7 btuD_8
[18:28:04] Fixed 2 duplicate /gene - tagU_1 tagU_2
[18:28:04] Fixed 2 duplicate /gene - apbE_1 apbE_2
[18:28:04] Fixed 2 duplicate /gene - mgtE_1 mgtE_2
[18:28:04] Fixed 2 duplicate /gene - ruvB_1 ruvB_2
[18:28:04] Fixed 2 duplicate /gene - ptsG_1 ptsG_2
[18:28:04] Fixed 2 duplicate /gene - rsmH_1 rsmH_2
[18:28:04] Fixed 3 duplicate /gene - ecfT_1 ecfT_2 ecfT_3
[18:28:04] Fixed 3 duplicate /gene - oppF_1 oppF_2 oppF_3
[18:28:04] Fixed 2 duplicate /gene - gsiC_1 gsiC_2
[18:28:04] Fixed 2 duplicate /gene - rnfD_1 rnfD_2
[18:28:04] Fixed 2 duplicate /gene - yohK_1 yohK_2
[18:28:04] Fixed 2 duplicate /gene - argS_1 argS_2
[18:28:04] Fixed 2 duplicate /gene - ykoD_1 ykoD_2
[18:28:04] Fixed 2 duplicate /gene - clpC_1 clpC_2
[18:28:04] Fixed 2 duplicate /gene - tenA_1 tenA_2
[18:28:04] Fixed 2 duplicate /gene - lacC_1 lacC_2
[18:28:04] Fixed 3 duplicate /gene - smc_1 smc_2 smc_3
[18:28:04] Fixed 2 duplicate /gene - alsT_1 alsT_2
[18:28:04] Fixed 2 duplicate /gene - iscS_1 iscS_2
[18:28:04] Fixed 2 duplicate /gene - dinG_1 dinG_2
[18:28:04] Fixed 2 duplicate /gene - mntB_1 mntB_2
[18:28:04] Fixed 3 duplicate /gene - lexA_1 lexA_2 lexA_3
[18:28:04] Fixed 2 duplicate /gene - bglK_1 bglK_2
[18:28:04] Fixed 2 duplicate /gene - uvrB_1 uvrB_2
[18:28:04] Fixed 2 duplicate /gene - nagB_1 nagB_2
[18:28:04] Fixed 3 duplicate /gene - metP_1 metP_2 metP_3
[18:28:04] Fixed 2 duplicate /gene - urdA_1 urdA_2
[18:28:04] Fixed 2 duplicate /gene - luxS_1 luxS_2
[18:28:04] Fixed 3 duplicate /gene - xerC_1 xerC_2 xerC_3
[18:28:04] Fixed 2 duplicate /gene - atpE_1 atpE_2
[18:28:04] Fixed 4 duplicate /gene - agrA_1 agrA_2 agrA_3 agrA_4
[18:28:04] Fixed 5 duplicate /gene - metQ_1 metQ_2 metQ_3 metQ_4 metQ_5
[18:28:04] Fixed 2 duplicate /gene - dnaG_1 dnaG_2
[18:28:04] Fixed 2 duplicate /gene - scmP_1 scmP_2
[18:28:04] Fixed 2 duplicate /gene - repB_1 repB_2
[18:28:04] Fixed 2 duplicate /gene - atpD_1 atpD_2
[18:28:04] Fixed 2 duplicate /gene - expZ_1 expZ_2
[18:28:04] Fixed 2 duplicate /gene - arnC_1 arnC_2
[18:28:04] Fixed 2 duplicate /gene - gatC_1 gatC_2
[18:28:04] Fixed 2 duplicate /gene - srrA_1 srrA_2
[18:28:04] Fixed 2 duplicate /gene - cdaR_1 cdaR_2
[18:28:04] Fixed 2 duplicate /gene - pnp_1 pnp_2
[18:28:04] Fixed 2 duplicate /gene - dacA_1 dacA_2
[18:28:04] Fixed 2 duplicate /gene - ccpA_1 ccpA_2
[18:28:04] Fixed 3 duplicate /gene - oppD_1 oppD_2 oppD_3
[18:28:04] Fixed 2 duplicate /gene - lagD_1 lagD_2
[18:28:04] Fixed 2 duplicate /gene - cadA_1 cadA_2
[18:28:04] Fixed 2 duplicate /gene - trxA_1 trxA_2
[18:28:04] Fixed 2 duplicate /gene - metN_1 metN_2
[18:28:04] Fixed 2 duplicate /gene - zosA_1 zosA_2
[18:28:04] Fixed 2 duplicate /gene - mshA_1 mshA_2
[18:28:04] Fixed 3 duplicate /gene - licR_1 licR_2 licR_3
[18:28:04] Fixed 3 duplicate /gene - rhaR_1 rhaR_2 rhaR_3
[18:28:04] Fixed 2 duplicate /gene - est_1 est_2
[18:28:04] Fixed 2 duplicate /gene - nylA_1 nylA_2
[18:28:04] Fixed 2 duplicate /gene - lplJ_1 lplJ_2
[18:28:04] Fixed 2 duplicate /gene - dapE_1 dapE_2
[18:28:04] Fixed 2 duplicate /gene - purR_1 purR_2
[18:28:04] Fixed 3 duplicate /gene - brnQ_1 brnQ_2 brnQ_3
[18:28:04] Fixed 2 duplicate /gene - rnfC_1 rnfC_2
[18:28:04] Fixed 2 duplicate /gene - pepF1_1 pepF1_2
[18:28:04] Fixed 2 duplicate /gene - gmk_1 gmk_2
[18:28:04] Fixed 2 duplicate /gene - ulaA_1 ulaA_2
[18:28:04] Fixed 2 duplicate /gene - trxB_1 trxB_2
[18:28:04] Fixed 2 duplicate /gene - spxA_1 spxA_2
[18:28:04] Fixed 2 duplicate /gene - cobB_1 cobB_2
[18:28:04] Fixed 3 duplicate /gene - ssbA_1 ssbA_2 ssbA_3
[18:28:04] Fixed 2 duplicate /gene - thiD_1 thiD_2
[18:28:04] Fixed 2 duplicate /gene - nanA_1 nanA_2
[18:28:04] Fixed 2 duplicate /gene - rpoN1_1 rpoN1_2
[18:28:04] Fixed 7 duplicate /gene - bcrA_1 bcrA_2 bcrA_3 bcrA_4 bcrA_5 bcrA_6 bcrA_7
[18:28:04] Fixed 2 duplicate /gene - gcvH_1 gcvH_2
[18:28:04] Fixed 2 duplicate /gene - lrgA_1 lrgA_2
[18:28:04] Fixed 2 duplicate /gene - gmuD_1 gmuD_2
[18:28:04] Fixed 2 duplicate /gene - sufS_1 sufS_2
[18:28:04] Fixed 2 duplicate /gene - dagK_1 dagK_2
[18:28:04] Fixed 2 duplicate /gene - galK_1 galK_2
[18:28:04] Fixed 2 duplicate /gene - grdB_1 grdB_2
[18:28:04] Fixed 2 duplicate /gene - dsdA_1 dsdA_2
[18:28:04] Fixed 88 colliding /gene names.
[18:28:04] Adding /locus_tag identifiers
[18:28:04] Assigned 1867 locus_tags to CDS and RNA features.
[18:28:04] Writing outputs to analysis_get_homologues/Prokka_Out/
[18:28:05] Generating annotation statistics file
[18:28:05] Generating Genbank and Sequin files
[18:28:05] Running: tbl2asn -V b -a r10k -l paired-ends -M n -N 1 -y 'Annotated using prokka 1.14.6 from https://github.com/tseemann/prokka' -Z analysis_get_homologues\/Prokka_Out\/prokka_KPL3033\.err -i analysis_get_homologues\/Prokka_Out\/prokka_KPL3033\.fsa 2> /dev/null
[18:28:07] Could not run command: tbl2asn -V b -a r10k -l paired-ends -M n -N 1 -y 'Annotated using prokka 1.14.6 from https://github.com/tseemann/prokka' -Z analysis_get_homologues\/Prokka_Out\/prokka_KPL3033\.err -i analysis_get_homologues\/Prokka_Out\/prokka_KPL3033\.fsa 2> /dev/null
