[18:38:28] This is prokka 1.14.6
[18:38:28] Written by Torsten Seemann <torsten.seemann@gmail.com>
[18:38:28] Homepage is https://github.com/tseemann/prokka
[18:38:28] Local time is Thu Oct 29 18:38:28 2020
[18:38:28] You are tommytran
[18:38:28] Operating system is darwin
[18:38:28] You have BioPerl 1.007002
[18:38:28] System has 6 cores.
[18:38:28] Will use maximum of 6 cores.
[18:38:28] Annotating as >>> Bacteria <<<
[18:38:28] Generating locus_tag from 'analysis_get_homologues/Renamed_Dpig/KPL3250.fa' contents.
[18:38:28] Setting --locustag JMDHBNGH from MD5 36d1b7012ad00cb09b445e4ac204d538
[18:38:28] Re-using existing --outdir analysis_get_homologues/Prokka_Out
[18:38:28] Using filename prefix: prokka_KPL3250.XXX
[18:38:28] Setting HMMER_NCPU=1
[18:38:28] Writing log to: analysis_get_homologues/Prokka_Out/prokka_KPL3250.log
[18:38:28] Command: /Users/tommytran/miniconda3/bin/prokka --prefix prokka_KPL3250 --outdir analysis_get_homologues/Prokka_Out --genus Dolosigranulum --species pigrum --strain KPL3250 --cpus 0 --force analysis_get_homologues/Renamed_Dpig/KPL3250.fa
[18:38:28] Appending to PATH: /Users/tommytran/miniconda3/bin
[18:38:28] Looking for 'aragorn' - found /Users/tommytran/miniconda3/bin/aragorn
[18:38:28] Determined aragorn version is 001002 from 'ARAGORN v1.2.38 Dean Laslett'
[18:38:28] Looking for 'barrnap' - found /Users/tommytran/miniconda3/bin/barrnap
[18:38:29] Determined barrnap version is 000009 from 'barrnap 0.9'
[18:38:29] Looking for 'blastp' - found /Users/tommytran/miniconda3/bin/blastp
[18:38:29] Determined blastp version is 002009 from 'blastp: 2.9.0+'
[18:38:29] Looking for 'cmpress' - found /Users/tommytran/miniconda3/bin/cmpress
[18:38:29] Determined cmpress version is 001001 from '# INFERNAL 1.1.2 (July 2016)'
[18:38:29] Looking for 'cmscan' - found /Users/tommytran/miniconda3/bin/cmscan
[18:38:29] Determined cmscan version is 001001 from '# INFERNAL 1.1.2 (July 2016)'
[18:38:29] Looking for 'egrep' - found /usr/bin/egrep
[18:38:29] Looking for 'find' - found /usr/bin/find
[18:38:29] Looking for 'grep' - found /usr/bin/grep
[18:38:29] Looking for 'hmmpress' - found /Users/tommytran/miniconda3/bin/hmmpress
[18:38:29] Determined hmmpress version is 003003 from '# HMMER 3.3 (Nov 2019); http://hmmer.org/'
[18:38:29] Looking for 'hmmscan' - found /Users/tommytran/miniconda3/bin/hmmscan
[18:38:29] Determined hmmscan version is 003003 from '# HMMER 3.3 (Nov 2019); http://hmmer.org/'
[18:38:29] Looking for 'java' - found /Users/tommytran/miniconda3/bin/java
[18:38:29] Looking for 'makeblastdb' - found /Users/tommytran/miniconda3/bin/makeblastdb
[18:38:29] Determined makeblastdb version is 002009 from 'makeblastdb: 2.9.0+'
[18:38:29] Looking for 'minced' - found /Users/tommytran/miniconda3/bin/minced
[18:38:29] Determined minced version is 004002 from 'minced 0.4.2'
[18:38:29] Looking for 'parallel' - found /Users/tommytran/miniconda3/bin/parallel
[18:38:29] Determined parallel version is 20200522 from 'GNU parallel 20200522'
[18:38:29] Looking for 'prodigal' - found /Users/tommytran/miniconda3/bin/prodigal
[18:38:29] Determined prodigal version is 002006 from 'Prodigal V2.6.3: February, 2016'
[18:38:29] Looking for 'prokka-genbank_to_fasta_db' - found /Users/tommytran/miniconda3/bin/prokka-genbank_to_fasta_db
[18:38:29] Looking for 'sed' - found /usr/bin/sed
[18:38:29] Looking for 'tbl2asn' - found /Users/tommytran/miniconda3/bin/tbl2asn
[18:38:29] Determined tbl2asn version is 025007 from 'tbl2asn 25.7   arguments:'
[18:38:29] Using genetic code table 11.
[18:38:29] Loading and checking input file: analysis_get_homologues/Renamed_Dpig/KPL3250.fa
[18:38:29] Wrote 1 contigs totalling 1904333 bp.
[18:38:29] Predicting tRNAs and tmRNAs
[18:38:29] Running: aragorn -l -gc11  -w analysis_get_homologues\/Prokka_Out\/prokka_KPL3250\.fna
[18:38:30] 1 tRNA-Val [157118,157192] 35 (gac)
[18:38:30] 2 tRNA-Ala [415865,415939] 35 (tgc)
[18:38:30] 3 tRNA-Asn [419259,419333] 35 (gtt)
[18:38:30] 4 tRNA-Leu [488395,488479] 34 (gag)
[18:38:30] 5 tRNA-Trp [795777,795849] 34 (cca)
[18:38:30] 6 tRNA-Ser [1158284,1158372] 36 (gga)
[18:38:30] 7 tRNA-Arg c[1229691,1229765] 35 (tct)
[18:38:30] 8 tRNA-Phe c[1401408,1401482] 35 (gaa)
[18:38:30] 9 tRNA-Asp c[1401488,1401563] 36 (gtc)
[18:38:30] 10 tRNA-Ser c[1401587,1401676] 37 (tga)
[18:38:30] 11 tRNA-Glu c[1401689,1401760] 34 (ttc)
[18:38:30] 12 tRNA-Ser c[1401776,1401866] 36 (gct)
[18:38:30] 13 tRNA-Ile c[1401892,1401967] 36 (gat)
[18:38:30] 14 tRNA-Gly c[1401975,1402045] 33 (tcc)
[18:38:30] 15 tRNA-Asp c[1402050,1402125] 36 (gtc)
[18:38:30] 16 tRNA-Met c[1402140,1402214] 35 (cat)
[18:38:30] 17 tRNA-Pro c[1402224,1402297] 35 (tgg)
[18:38:30] 18 tRNA-Arg c[1402319,1402394] 36 (acg)
[18:38:30] 19 tRNA-Leu c[1402403,1402489] 35 (taa)
[18:38:30] 20 tRNA-Gly c[1402518,1402589] 33 (gcc)
[18:38:30] 21 tRNA-Thr c[1402605,1402677] 34 (tgt)
[18:38:30] 22 tRNA-Leu c[1402684,1402765] 35 (tag)
[18:38:30] 23 tRNA-Lys c[1402783,1402855] 34 (ttt)
[18:38:30] 24 tRNA-Val c[1402865,1402937] 34 (tac)
[18:38:30] 25 tmRNA [1506380,1506737] 92,127 ANKNSNLALAA*
[18:38:30] 26 tRNA-Thr c[1634328,1634400] 34 (ggt)
[18:38:30] 27 tRNA-Gln c[1639718,1639791] 34 (ttg)
[18:38:30] 28 tRNA-Tyr c[1639795,1639878] 36 (gta)
[18:38:30] 29 tRNA-Glu c[1639883,1639954] 34 (ttc)
[18:38:30] 30 tRNA-SeC [1696868,1696965] 36 (tca)
[18:38:30] 31 tRNA-Arg c[1735116,1735190] 35 (tcg)
[18:38:30] 32 tRNA-Lys c[1735214,1735286] 34 (ttt)
[18:38:30] 33 tRNA-Val c[1735296,1735368] 34 (tac)
[18:38:30] 34 tRNA-Leu c[1740623,1740707] 35 (caa)
[18:38:30] 35 tRNA-Cys c[1740735,1740807] 33 (gca)
[18:38:30] 36 tRNA-Gln c[1740819,1740892] 34 (ttg)
[18:38:30] 37 tRNA-His c[1740907,1740981] 35 (gtg)
[18:38:30] 38 tRNA-Trp c[1740991,1741063] 34 (cca)
[18:38:30] 39 tRNA-Tyr c[1741066,1741148] 36 (gta)
[18:38:30] 40 tRNA-Phe c[1741165,1741239] 35 (gaa)
[18:38:30] 41 tRNA-Asp c[1741245,1741320] 36 (gtc)
[18:38:30] 42 tRNA-Met c[1741335,1741409] 35 (cat)
[18:38:30] 43 tRNA-Ser c[1741428,1741517] 37 (tga)
[18:38:30] 44 tRNA-Glu c[1741530,1741601] 34 (ttc)
[18:38:30] 45 tRNA-Ile c[1741617,1741692] 36 (gat)
[18:38:30] 46 tRNA-Gly c[1741702,1741772] 33 (tcc)
[18:38:30] 47 tRNA-Met c[1741825,1741898] 35 (cat)
[18:38:30] 48 tRNA-Met c[1741916,1741991] 36 (cat)
[18:38:30] 49 tRNA-Pro c[1742010,1742083] 35 (tgg)
[18:38:30] 50 tRNA-Arg c[1742140,1742215] 36 (acg)
[18:38:30] 51 tRNA-Leu c[1742224,1742310] 35 (taa)
[18:38:30] 52 tRNA-Gly c[1742339,1742410] 33 (gcc)
[18:38:30] 53 tRNA-Thr c[1742426,1742498] 34 (tgt)
[18:38:30] 54 tRNA-Asn c[1848200,1848274] 35 (gtt)
[18:38:30] 55 tRNA-Ala c[1851594,1851668] 35 (tgc)
[18:38:30] Found 55 tRNAs
[18:38:30] Predicting Ribosomal RNAs
[18:38:30] Running Barrnap with 6 threads
[18:38:31] 1 c_000000000001 414241 16S ribosomal RNA
[18:38:31] 2 c_000000000001 416134 23S ribosomal RNA
[18:38:31] 3 c_000000000001 419116 5S ribosomal RNA
[18:38:31] 4 c_000000000001 1402954 5S ribosomal RNA
[18:38:31] 5 c_000000000001 1403152 23S ribosomal RNA
[18:38:31] 6 c_000000000001 1406312 16S ribosomal RNA
[18:38:31] 7 c_000000000001 1735386 5S ribosomal RNA
[18:38:31] 8 c_000000000001 1735579 23S ribosomal RNA
[18:38:31] 9 c_000000000001 1738739 16S ribosomal RNA
[18:38:31] 10 c_000000000001 1848307 5S ribosomal RNA
[18:38:31] 11 c_000000000001 1848500 23S ribosomal RNA
[18:38:31] 12 c_000000000001 1851751 16S ribosomal RNA
[18:38:31] Found 12 rRNAs
[18:38:31] Skipping ncRNA search, enable with --rfam if desired.
[18:38:31] Total of 66 tRNA + rRNA features
[18:38:31] Searching for CRISPR repeats
[18:38:31] CRISPR1 c_000000000001 662828 with 16 spacers
[18:38:31] CRISPR2 c_000000000001 665751 with 5 spacers
[18:38:31] Found 2 CRISPRs
[18:38:31] Predicting coding sequences
[18:38:31] Contigs total 1904333 bp, so using single mode
[18:38:31] Running: prodigal -i analysis_get_homologues\/Prokka_Out\/prokka_KPL3250\.fna -c -m -g 11 -p single -f sco -q
[18:38:35] Found 1714 CDS
[18:38:35] Connecting features back to sequences
[18:38:35] Not using genus-specific database. Try --usegenus to enable it.
[18:38:35] Annotating CDS, please be patient.
[18:38:35] Will use 6 CPUs for similarity searching.
[18:38:35] There are still 1714 unannotated CDS left (started with 1714)
[18:38:35] Will use blast to search against /Users/tommytran/miniconda3/db/kingdom/Bacteria/IS with 6 CPUs
[18:38:35] Running: cat analysis_get_homologues\/Prokka_Out\/prokka_KPL3250\.IS\.tmp\.14458\.faa | parallel --gnu --plain -j 6 --block 47055 --recstart '>' --pipe blastp -query - -db /Users/tommytran/miniconda3/db/kingdom/Bacteria/IS -evalue 1e-30 -qcov_hsp_perc 90 -num_threads 1 -num_descriptions 1 -num_alignments 1 -seg no > analysis_get_homologues\/Prokka_Out\/prokka_KPL3250\.IS\.tmp\.14458\.blast 2> /dev/null
[18:38:41] Deleting unwanted file: analysis_get_homologues/Prokka_Out/prokka_KPL3250.IS.tmp.14458.faa
[18:38:41] Deleting unwanted file: analysis_get_homologues/Prokka_Out/prokka_KPL3250.IS.tmp.14458.blast
[18:38:41] There are still 1709 unannotated CDS left (started with 1714)
[18:38:41] Will use blast to search against /Users/tommytran/miniconda3/db/kingdom/Bacteria/AMR with 6 CPUs
[18:38:41] Running: cat analysis_get_homologues\/Prokka_Out\/prokka_KPL3250\.AMR\.tmp\.14458\.faa | parallel --gnu --plain -j 6 --block 46923 --recstart '>' --pipe blastp -query - -db /Users/tommytran/miniconda3/db/kingdom/Bacteria/AMR -evalue 9.99999999999999e-301 -qcov_hsp_perc 90 -num_threads 1 -num_descriptions 1 -num_alignments 1 -seg no > analysis_get_homologues\/Prokka_Out\/prokka_KPL3250\.AMR\.tmp\.14458\.blast 2> /dev/null
[18:38:46] Deleting unwanted file: analysis_get_homologues/Prokka_Out/prokka_KPL3250.AMR.tmp.14458.faa
[18:38:46] Deleting unwanted file: analysis_get_homologues/Prokka_Out/prokka_KPL3250.AMR.tmp.14458.blast
[18:38:46] There are still 1709 unannotated CDS left (started with 1714)
[18:38:46] Will use blast to search against /Users/tommytran/miniconda3/db/kingdom/Bacteria/sprot with 6 CPUs
[18:38:46] Running: cat analysis_get_homologues\/Prokka_Out\/prokka_KPL3250\.sprot\.tmp\.14458\.faa | parallel --gnu --plain -j 6 --block 46923 --recstart '>' --pipe blastp -query - -db /Users/tommytran/miniconda3/db/kingdom/Bacteria/sprot -evalue 1e-09 -qcov_hsp_perc 80 -num_threads 1 -num_descriptions 1 -num_alignments 1 -seg no > analysis_get_homologues\/Prokka_Out\/prokka_KPL3250\.sprot\.tmp\.14458\.blast 2> /dev/null
[18:39:07] Modify product: Probable cell division protein WhiA => putative cell division protein WhiA
[18:39:07] Modify product: UPF0302 protein BA_1542/GBAA_1542/BAS1430 => hypothetical protein
[18:39:07] Modify product: Uncharacterized protein YpjD => putative protein YpjD
[18:39:07] Modify product: UPF0324 inner membrane protein YeiH => hypothetical protein
[18:39:07] Modify product: UPF0053 protein HI_0107 => hypothetical protein
[18:39:07] Modify product: Uncharacterized MscS family protein YkuT => putative MscS family protein YkuT
[18:39:07] Modify product: UPF0176 protein SP_0095 => hypothetical protein
[18:39:07] Modify product: Putative universal stress protein SA1532 => Putative universal stress protein
[18:39:07] Modify product: Uncharacterized AAA domain-containing protein Rv2559c => putative AAA domain-containing protein
[18:39:07] Modify product: Uncharacterized ABC transporter ATP-binding protein Rv0986 => putative ABC transporter ATP-binding protein
[18:39:07] Modify product: Probable multidrug resistance ABC transporter ATP-binding/permease protein YheI => putative multidrug resistance ABC transporter ATP-binding/permease protein YheI
[18:39:07] Modify product: Probable multidrug resistance ABC transporter ATP-binding/permease protein YheH => putative multidrug resistance ABC transporter ATP-binding/permease protein YheH
[18:39:08] Modify product: Probable undecaprenyl-phosphate N-acetylglucosaminyl 1-phosphate transferase => putative undecaprenyl-phosphate N-acetylglucosaminyl 1-phosphate transferase
[18:39:08] Modify product: UPF0178 protein YaiI => hypothetical protein
[18:39:08] Modify product: Uncharacterized protein YedJ => putative protein YedJ
[18:39:08] Modify product: DegV domain-containing protein spr1415 => DegV domain-containing protein
[18:39:08] Modify product: Nudix hydrolase DR_0079 => Nudix hydrolase
[18:39:08] Modify product: Bifunctional protein FolD => Bifunctional protein FolD protein
[18:39:08] Modify product: Uncharacterized protein YqgN => putative protein YqgN
[18:39:08] Modify product: Probable D,D-dipeptide transport system permease protein DdpC => putative D,D-dipeptide transport system permease protein DdpC
[18:39:08] Modify product: Uncharacterized PIN and TRAM-domain containing protein YacL => putative PIN and TRAM-domain containing protein YacL
[18:39:08] Modify product: UPF0365 protein SA1402 => hypothetical protein
[18:39:08] Modify product: Putative glycerol transporter Lin0368 => Putative glycerol transporter
[18:39:08] Modify product: Putative glycerol transporter Lin0367 => Putative glycerol transporter
[18:39:08] Modify product: Probable transcription repressor NiaR => putative transcription repressor NiaR
[18:39:08] Modify product: Probable protein-export membrane protein SecG => putative protein-export membrane protein SecG
[18:39:08] Modify product: Uncharacterized protein Spy1614 => putative protein
[18:39:08] Modify product: Uncharacterized protein SA1069 => putative protein
[18:39:08] Modify product: Probable glycine dehydrogenase (decarboxylating) subunit 1 => putative glycine dehydrogenase (decarboxylating) subunit 1
[18:39:08] Modify product: Probable glycine dehydrogenase (decarboxylating) subunit 2 => putative glycine dehydrogenase (decarboxylating) subunit 2
[18:39:08] Modify product: UPF0073 inner membrane protein YqfA => hypothetical protein
[18:39:08] Modify product: Putative phosphatase M6_Spy0533 => Putative phosphatase
[18:39:08] Modify product: UPF0122 protein SP_1288 => hypothetical protein
[18:39:08] Modify product: UPF0109 protein Rv2908c => hypothetical protein
[18:39:08] Modify product: Probable ribosomal protein YlxQ => putative ribosomal protein YlxQ
[18:39:08] Modify product: Probable murein peptide carboxypeptidase => putative murein peptide carboxypeptidase
[18:39:08] Modify product: Uncharacterized HTH-type transcriptional regulator YbbH => putative HTH-type transcriptional regulator YbbH
[18:39:08] Modify product: PTS system EIIBC component SA0186 => PTS system EIIBC component
[18:39:08] Modify product: Probable endonuclease 4 => putative endonuclease 4
[18:39:08] Modify product: UPF0374 protein SP_1903 => hypothetical protein
[18:39:08] Modify product: Putative aminotransferase MSMEG_6286/MSMEI_6121 => Putative aminotransferase/MSMEI_6121
[18:39:08] Modify product: Uncharacterized protein YqeY => putative protein YqeY
[18:39:08] Modify product: Putative multidrug export ATP-binding/permease protein SAV1866 => Putative multidrug export ATP-binding/permease protein
[18:39:08] Modify product: GTP cyclohydrolase 1 type 2 homolog => GTP cyclohydrolase 1 type 2 
[18:39:08] Modify product: UPF0324 inner membrane protein YeiH => hypothetical protein
[18:39:08] Modify product: Probable 3-hydroxyacyl-CoA dehydrogenase => putative 3-hydroxyacyl-CoA dehydrogenase
[18:39:08] Modify product: Uncharacterized oxidoreductase SpyM50865 => putative oxidoreductase
[18:39:08] Modify product: Probable quorum-quenching lactonase YtnP => putative quorum-quenching lactonase YtnP
[18:39:08] Modify product: Probable succinyl-diaminopimelate desuccinylase => putative succinyl-diaminopimelate desuccinylase
[18:39:08] Modify product: Uncharacterized HTH-type transcriptional regulator SACOL2360 => putative HTH-type transcriptional regulator
[18:39:08] Modify product: Multidrug efflux system ATP-binding protein Rv1218c => Multidrug efflux system ATP-binding protein
[18:39:08] Modify product: Uncharacterized protein YhaP => putative protein YhaP
[18:39:08] Modify product: Uncharacterized ABC transporter ATP-binding protein Rv1273c => putative ABC transporter ATP-binding protein
[18:39:08] Modify product: Uncharacterized ABC transporter ATP-binding protein TM_0288 => putative ABC transporter ATP-binding protein
[18:39:08] Modify product: Probable fructose-bisphosphate aldolase => putative fructose-bisphosphate aldolase
[18:39:08] Modify product: Putative dipeptidase SA1572 => Putative dipeptidase
[18:39:08] Modify product: Probable licABCH operon regulator => putative licABCH operon regulator
[18:39:08] Modify product: Probable pyridine nucleotide-disulfide oxidoreductase RclA => putative pyridine nucleotide-disulfide oxidoreductase RclA
[18:39:08] Modify product: Putative multidrug export ATP-binding/permease protein SAV1866 => Putative multidrug export ATP-binding/permease protein
[18:39:08] Modify product: Uncharacterized ABC transporter ATP-binding protein Rv0986 => putative ABC transporter ATP-binding protein
[18:39:08] Modify product: Calcium-transporting ATPase lmo0841 => Calcium-transporting ATPase
[18:39:08] Modify product: UPF0045 protein Rv1898 => hypothetical protein
[18:39:08] Modify product: UPF0346 protein YozE => hypothetical protein
[18:39:08] Modify product: Sulfurtransferase Alvin_2599 => Sulfurtransferase
[18:39:08] Modify product: Probable L-asparaginase => putative L-asparaginase
[18:39:08] Modify product: Putative transport protein Rv0205 => Putative transport protein
[18:39:08] Modify product: DegV domain-containing protein SA1258 => DegV domain-containing protein
[18:39:08] Modify product: UPF0342 protein SA1663 => hypothetical protein
[18:39:08] Modify product: Probable bifunctional oligoribonuclease and PAP phosphatase NrnA => putative bifunctional oligoribonuclease and PAP phosphatase NrnA
[18:39:08] Modify product: Uncharacterized protein Spy1535 => putative protein
[18:39:08] Modify product: Probable transcriptional regulatory protein MSMEG_2940/MSMEI_2866 => putative transcriptional regulatory protein/MSMEI_2866
[18:39:08] Modify product: Transcriptional repressor SmtB homolog => Transcriptional repressor SmtB 
[18:39:08] Modify product: Uncharacterized protein YdhK => putative protein YdhK
[18:39:08] Modify product: Uncharacterized multiple-sugar transport system permease YteP => putative multiple-sugar transport system permease YteP
[18:39:08] Modify product: Uncharacterized protein YpjQ => putative protein YpjQ
[18:39:08] Modify product: Uncharacterized oxidoreductase Mb2996 => putative oxidoreductase
[18:39:08] Modify product: Acetyltransferase SACOL1063 => Acetyltransferase
[18:39:08] Modify product: Acetyltransferase SACOL1063 => Acetyltransferase
[18:39:08] Modify product: Uncharacterized RNA pseudouridine synthase Rv1540 => putative RNA pseudouridine synthase
[18:39:08] Modify product: UPF0413 protein YjbH => hypothetical protein
[18:39:08] Modify product: UPF0758 protein YsxA => hypothetical protein
[18:39:08] Modify product: UPF0473 protein SP_0194 => hypothetical protein
[18:39:08] Modify product: UPF0297 protein EF_1202 => hypothetical protein
[18:39:08] Modify product: UPF0397 protein SP_0482 => hypothetical protein
[18:39:08] Modify product: UPF0051 protein SA0778 => hypothetical protein
[18:39:08] Modify product: UPF0051 protein SA0778 => hypothetical protein
[18:39:08] Modify product: Probable ABC transporter ATP-binding protein M6_Spy0273 => putative ABC transporter ATP-binding protein
[18:39:08] Modify product: Putative trans-acting regulator SP_1800 => Putative trans-acting regulator
[18:39:08] Modify product: Uncharacterized epimerase/dehydratase SA0511 => putative epimerase/dehydratase
[18:39:08] Modify product: Probable metallo-hydrolase M6_Spy0554 => putative metallo-hydrolase
[18:39:08] Modify product: UPF0053 inner membrane protein YfjD => hypothetical protein
[18:39:08] Modify product: UPF0398 protein YpsA => hypothetical protein
[18:39:08] Modify product: Rqc2 homolog RqcH => Rqc2 RqcH
[18:39:08] Modify product: Putative metallophosphoesterase MG207 homolog => Putative metallophosphoesterase MG207 
[18:39:08] Modify product: TelA-like protein SA1238 => TelA-like protein
[18:39:08] Modify product: UPF0154 protein SA1178 => hypothetical protein
[18:39:08] Modify product: UPF0291 protein SP_1473 => hypothetical protein
[18:39:08] Modify product: Probable L-ascorbate-6-phosphate lactonase UlaG => putative L-ascorbate-6-phosphate lactonase UlaG
[18:39:08] Modify product: Probable licABCH operon regulator => putative licABCH operon regulator
[18:39:08] Modify product: Probable GTP-binding protein EngB => putative GTP-binding protein EngB
[18:39:08] Modify product: Probable nicotinate-nucleotide adenylyltransferase => putative nicotinate-nucleotide adenylyltransferase
[18:39:08] Modify product: RNA-binding protein HI_1333 => RNA-binding protein
[18:39:08] Modify product: Uncharacterized protein YqeH => putative protein YqeH
[18:39:08] Modify product: UPF0358 protein EF_2458 => hypothetical protein
[18:39:08] Modify product: Probable N-acetyl-LL-diaminopimelate aminotransferase => putative N-acetyl-LL-diaminopimelate aminotransferase
[18:39:08] Modify product: Uncharacterized response regulatory protein SACOL0201 => putative response regulatory protein
[18:39:08] Modify product: Uncharacterized protein HI_0131 => putative protein
[18:39:08] Modify product: Probable licABCH operon regulator => putative licABCH operon regulator
[18:39:08] Modify product: Probable tRNA sulfurtransferase => putative tRNA sulfurtransferase
[18:39:08] Modify product: Putative trans-acting regulator SP_1800 => Putative trans-acting regulator
[18:39:08] Modify product: UPF0702 transmembrane protein YetF => hypothetical protein
[18:39:08] Modify product: UPF0637 protein SA0957 => hypothetical protein
[18:39:08] Modify product: Uncharacterized protein YqeN => putative protein YqeN
[18:39:08] Modify product: Uncharacterized protein YbbA => putative protein YbbA
[18:39:09] Modify product: Uncharacterized ABC transporter ATP-binding protein YheS => putative ABC transporter ATP-binding protein YheS
[18:39:09] Modify product: UPF0340 protein YwlG => hypothetical protein
[18:39:09] Modify product: Protease HtpX homolog => Protease HtpX 
[18:39:09] Modify product: Uncharacterized ABC transporter ATP-binding protein Rv0986 => putative ABC transporter ATP-binding protein
[18:39:09] Modify product: Probable ABC transporter phosphite binding protein PhnD1 => putative ABC transporter phosphite binding protein PhnD1
[18:39:09] Modify product: UPF0394 inner membrane protein YeeE => hypothetical protein
[18:39:09] Modify product: Uncharacterized protein YacP => putative protein YacP
[18:39:09] Modify product: Uncharacterized oxidoreductase YjhC => putative oxidoreductase YjhC
[18:39:09] Modify product: Probable peptidoglycan glycosyltransferase FtsW => putative peptidoglycan glycosyltransferase FtsW
[18:39:09] Modify product: Organic hydroperoxide resistance protein-like => Organic hydroperoxide resistance protein-like protein
[18:39:09] Cleaned 124 /product names
[18:39:09] Deleting unwanted file: analysis_get_homologues/Prokka_Out/prokka_KPL3250.sprot.tmp.14458.faa
[18:39:09] Deleting unwanted file: analysis_get_homologues/Prokka_Out/prokka_KPL3250.sprot.tmp.14458.blast
[18:39:09] There are still 653 unannotated CDS left (started with 1714)
[18:39:09] Will use hmmer3 to search against /Users/tommytran/miniconda3/db/hmm/HAMAP.hmm with 6 CPUs
[18:39:09] Running: cat analysis_get_homologues\/Prokka_Out\/prokka_KPL3250\.HAMAP\.hmm\.tmp\.14458\.faa | parallel --gnu --plain -j 6 --block 16520 --recstart '>' --pipe hmmscan --noali --notextw --acc -E 1e-09 --cpu 1 /Users/tommytran/miniconda3/db/hmm/HAMAP.hmm /dev/stdin > analysis_get_homologues\/Prokka_Out\/prokka_KPL3250\.HAMAP\.hmm\.tmp\.14458\.hmmer3 2> /dev/null
[18:39:19] Modify product: Uncharacterized Nudix hydrolase NudL => putative Nudix hydrolase NudL
[18:39:19] Modify product: Protein SprT-like => Protein SprT-like protein
[18:39:19] Cleaned 2 /product names
[18:39:19] Deleting unwanted file: analysis_get_homologues/Prokka_Out/prokka_KPL3250.HAMAP.hmm.tmp.14458.faa
[18:39:19] Deleting unwanted file: analysis_get_homologues/Prokka_Out/prokka_KPL3250.HAMAP.hmm.tmp.14458.hmmer3
[18:39:19] Labelling remaining 572 proteins as 'hypothetical protein'
[18:39:19] Possible /pseudo 'PTS system mannose-specific EIIAB component' at c_000000000001 position 145599
[18:39:19] Possible /pseudo 'putative ABC transporter ATP-binding protein' at c_000000000001 position 304297
[18:39:19] Possible /pseudo 'Putative glycerol transporter' at c_000000000001 position 522684
[18:39:19] Possible /pseudo 'putative protein' at c_000000000001 position 622707
[18:39:19] Possible /pseudo 'Undecaprenyl-phosphate 4-deoxy-4-formamido-L-arabinose transferase' at c_000000000001 position 763196
[18:39:19] Possible /pseudo 'Chaperone protein DnaJ' at c_000000000001 position 810678
[18:39:19] Possible /pseudo 'Cadmium, zinc and cobalt-transporting ATPase' at c_000000000001 position 1093342
[18:39:19] Possible /pseudo 'ATP-dependent Clp protease ATP-binding subunit ClpE' at c_000000000001 position 1288674
[18:39:19] Possible /pseudo 'Acetyltransferase' at c_000000000001 position 1447173
[18:39:19] Possible /pseudo 'Glycine reductase complex component B subunit gamma' at c_000000000001 position 1684498
[18:39:19] Found 912 unique /gene codes.
[18:39:19] Fixed 2 duplicate /gene - lplJ_1 lplJ_2
[18:39:19] Fixed 2 duplicate /gene - grdB_1 grdB_2
[18:39:19] Fixed 2 duplicate /gene - dapE_1 dapE_2
[18:39:19] Fixed 2 duplicate /gene - gmk_1 gmk_2
[18:39:19] Fixed 3 duplicate /gene - oppF_1 oppF_2 oppF_3
[18:39:19] Fixed 2 duplicate /gene - atpE_1 atpE_2
[18:39:19] Fixed 4 duplicate /gene - manX_1 manX_2 manX_3 manX_4
[18:39:19] Fixed 2 duplicate /gene - desR_1 desR_2
[18:39:19] Fixed 2 duplicate /gene - pepF1_1 pepF1_2
[18:39:19] Fixed 4 duplicate /gene - metQ_1 metQ_2 metQ_3 metQ_4
[18:39:19] Fixed 3 duplicate /gene - manZ_1 manZ_2 manZ_3
[18:39:19] Fixed 2 duplicate /gene - gsiC_1 gsiC_2
[18:39:19] Fixed 2 duplicate /gene - trxB_1 trxB_2
[18:39:19] Fixed 2 duplicate /gene - cobB_1 cobB_2
[18:39:19] Fixed 2 duplicate /gene - srrA_1 srrA_2
[18:39:19] Fixed 3 duplicate /gene - arnC_1 arnC_2 arnC_3
[18:39:19] Fixed 2 duplicate /gene - est_1 est_2
[18:39:19] Fixed 3 duplicate /gene - licR_1 licR_2 licR_3
[18:39:19] Fixed 6 duplicate /gene - bcrA_1 bcrA_2 bcrA_3 bcrA_4 bcrA_5 bcrA_6
[18:39:19] Fixed 2 duplicate /gene - clpE_1 clpE_2
[18:39:19] Fixed 2 duplicate /gene - ecfT_1 ecfT_2
[18:39:19] Fixed 2 duplicate /gene - nylA_1 nylA_2
[18:39:19] Fixed 3 duplicate /gene - brnQ_1 brnQ_2 brnQ_3
[18:39:19] Fixed 2 duplicate /gene - araQ_1 araQ_2
[18:39:19] Fixed 2 duplicate /gene - copY_1 copY_2
[18:39:19] Fixed 2 duplicate /gene - ccpA_1 ccpA_2
[18:39:19] Fixed 2 duplicate /gene - nagB_1 nagB_2
[18:39:19] Fixed 2 duplicate /gene - sufS_1 sufS_2
[18:39:19] Fixed 2 duplicate /gene - mntB_1 mntB_2
[18:39:19] Fixed 2 duplicate /gene - mgtE_1 mgtE_2
[18:39:19] Fixed 2 duplicate /gene - zosA_1 zosA_2
[18:39:19] Fixed 2 duplicate /gene - bglK_1 bglK_2
[18:39:19] Fixed 3 duplicate /gene - ulaA_1 ulaA_2 ulaA_3
[18:39:19] Fixed 2 duplicate /gene - xerD_1 xerD_2
[18:39:19] Fixed 2 duplicate /gene - aes_1 aes_2
[18:39:19] Fixed 2 duplicate /gene - spxA_1 spxA_2
[18:39:19] Fixed 2 duplicate /gene - fpgS_1 fpgS_2
[18:39:19] Fixed 2 duplicate /gene - thiD_1 thiD_2
[18:39:19] Fixed 2 duplicate /gene - gmuD_1 gmuD_2
[18:39:19] Fixed 2 duplicate /gene - nanA_1 nanA_2
[18:39:19] Fixed 2 duplicate /gene - iscS_1 iscS_2
[18:39:19] Fixed 2 duplicate /gene - acpP_1 acpP_2
[18:39:19] Fixed 2 duplicate /gene - smc_1 smc_2
[18:39:19] Fixed 2 duplicate /gene - ytrA_1 ytrA_2
[18:39:19] Fixed 2 duplicate /gene - mshA_1 mshA_2
[18:39:19] Fixed 2 duplicate /gene - tcyP_1 tcyP_2
[18:39:19] Fixed 3 duplicate /gene - oppD_1 oppD_2 oppD_3
[18:39:19] Fixed 2 duplicate /gene - purR_1 purR_2
[18:39:19] Fixed 2 duplicate /gene - ssbA_1 ssbA_2
[18:39:19] Fixed 2 duplicate /gene - lagD_1 lagD_2
[18:39:19] Fixed 2 duplicate /gene - alsT_1 alsT_2
[18:39:19] Fixed 3 duplicate /gene - lacF_1 lacF_2 lacF_3
[18:39:19] Fixed 2 duplicate /gene - pdhC_1 pdhC_2
[18:39:19] Fixed 3 duplicate /gene - recF_1 recF_2 recF_3
[18:39:19] Fixed 2 duplicate /gene - clpC_1 clpC_2
[18:39:19] Fixed 2 duplicate /gene - galK_1 galK_2
[18:39:19] Fixed 2 duplicate /gene - atpD_1 atpD_2
[18:39:19] Fixed 2 duplicate /gene - gatC_1 gatC_2
[18:39:19] Fixed 2 duplicate /gene - dsdA_1 dsdA_2
[18:39:19] Fixed 2 duplicate /gene - yohK_1 yohK_2
[18:39:19] Fixed 2 duplicate /gene - gcvH_1 gcvH_2
[18:39:19] Fixed 2 duplicate /gene - expZ_1 expZ_2
[18:39:19] Fixed 2 duplicate /gene - tagU_1 tagU_2
[18:39:19] Fixed 2 duplicate /gene - ruvB_1 ruvB_2
[18:39:19] Fixed 2 duplicate /gene - cdaR_1 cdaR_2
[18:39:19] Fixed 3 duplicate /gene - cadA_1 cadA_2 cadA_3
[18:39:19] Fixed 3 duplicate /gene - metP_1 metP_2 metP_3
[18:39:19] Fixed 2 duplicate /gene - dnaJ_1 dnaJ_2
[18:39:19] Fixed 2 duplicate /gene - trxA_1 trxA_2
[18:39:19] Fixed 4 duplicate /gene - agrA_1 agrA_2 agrA_3 agrA_4
[18:39:19] Fixed 2 duplicate /gene - lrgA_1 lrgA_2
[18:39:19] Fixed 2 duplicate /gene - rhaR_1 rhaR_2
[18:39:19] Fixed 3 duplicate /gene - fabG_1 fabG_2 fabG_3
[18:39:19] Fixed 2 duplicate /gene - rnfC_1 rnfC_2
[18:39:19] Fixed 2 duplicate /gene - apbE_1 apbE_2
[18:39:19] Fixed 2 duplicate /gene - rsmH_1 rsmH_2
[18:39:19] Fixed 2 duplicate /gene - sasA_1 sasA_2
[18:39:19] Fixed 2 duplicate /gene - lacC_1 lacC_2
[18:39:19] Fixed 2 duplicate /gene - rnfD_1 rnfD_2
[18:39:19] Fixed 2 duplicate /gene - rpoN1_1 rpoN1_2
[18:39:19] Fixed 8 duplicate /gene - btuD_1 btuD_2 btuD_3 btuD_4 btuD_5 btuD_6 btuD_7 btuD_8
[18:39:19] Fixed 2 duplicate /gene - ptsG_1 ptsG_2
[18:39:19] Fixed 2 duplicate /gene - argS_1 argS_2
[18:39:19] Fixed 2 duplicate /gene - pnp_1 pnp_2
[18:39:19] Fixed 2 duplicate /gene - tenA_1 tenA_2
[18:39:19] Fixed 2 duplicate /gene - urdA_1 urdA_2
[18:39:19] Fixed 2 duplicate /gene - dacA_1 dacA_2
[18:39:19] Fixed 2 duplicate /gene - luxS_1 luxS_2
[18:39:19] Fixed 2 duplicate /gene - metN_1 metN_2
[18:39:19] Fixed 89 colliding /gene names.
[18:39:19] Adding /locus_tag identifiers
[18:39:19] Assigned 1781 locus_tags to CDS and RNA features.
[18:39:19] Writing outputs to analysis_get_homologues/Prokka_Out/
[18:39:19] Generating annotation statistics file
[18:39:19] Generating Genbank and Sequin files
[18:39:19] Running: tbl2asn -V b -a r10k -l paired-ends -M n -N 1 -y 'Annotated using prokka 1.14.6 from https://github.com/tseemann/prokka' -Z analysis_get_homologues\/Prokka_Out\/prokka_KPL3250\.err -i analysis_get_homologues\/Prokka_Out\/prokka_KPL3250\.fsa 2> /dev/null
[18:39:22] Could not run command: tbl2asn -V b -a r10k -l paired-ends -M n -N 1 -y 'Annotated using prokka 1.14.6 from https://github.com/tseemann/prokka' -Z analysis_get_homologues\/Prokka_Out\/prokka_KPL3250\.err -i analysis_get_homologues\/Prokka_Out\/prokka_KPL3250\.fsa 2> /dev/null
