[18:17:20] This is prokka 1.14.6
[18:17:20] Written by Torsten Seemann <torsten.seemann@gmail.com>
[18:17:20] Homepage is https://github.com/tseemann/prokka
[18:17:20] Local time is Thu Oct 29 18:17:20 2020
[18:17:20] You are tommytran
[18:17:20] Operating system is darwin
[18:17:20] You have BioPerl 1.007002
[18:17:20] System has 6 cores.
[18:17:20] Will use maximum of 6 cores.
[18:17:20] Annotating as >>> Bacteria <<<
[18:17:20] Generating locus_tag from 'analysis_get_homologues/Renamed_Dpig/ATCC_51524.fa' contents.
[18:17:20] Setting --locustag FLLBPJGF from MD5 f55b930f6d21ad60fedc2533e2a8cf6c
[18:17:20] Re-using existing --outdir analysis_get_homologues/Prokka_Out
[18:17:20] Using filename prefix: prokka_ATCC_51524.XXX
[18:17:20] Setting HMMER_NCPU=1
[18:17:20] Writing log to: analysis_get_homologues/Prokka_Out/prokka_ATCC_51524.log
[18:17:20] Command: /Users/tommytran/miniconda3/bin/prokka --prefix prokka_ATCC_51524 --outdir analysis_get_homologues/Prokka_Out --genus Dolosigranulum --species pigrum --strain ATCC_51524 --cpus 0 --force analysis_get_homologues/Renamed_Dpig/ATCC_51524.fa
[18:17:20] Appending to PATH: /Users/tommytran/miniconda3/bin
[18:17:20] Looking for 'aragorn' - found /Users/tommytran/miniconda3/bin/aragorn
[18:17:20] Determined aragorn version is 001002 from 'ARAGORN v1.2.38 Dean Laslett'
[18:17:20] Looking for 'barrnap' - found /Users/tommytran/miniconda3/bin/barrnap
[18:17:20] Determined barrnap version is 000009 from 'barrnap 0.9'
[18:17:20] Looking for 'blastp' - found /Users/tommytran/miniconda3/bin/blastp
[18:17:21] Determined blastp version is 002009 from 'blastp: 2.9.0+'
[18:17:21] Looking for 'cmpress' - found /Users/tommytran/miniconda3/bin/cmpress
[18:17:22] Determined cmpress version is 001001 from '# INFERNAL 1.1.2 (July 2016)'
[18:17:22] Looking for 'cmscan' - found /Users/tommytran/miniconda3/bin/cmscan
[18:17:22] Determined cmscan version is 001001 from '# INFERNAL 1.1.2 (July 2016)'
[18:17:22] Looking for 'egrep' - found /usr/bin/egrep
[18:17:22] Looking for 'find' - found /usr/bin/find
[18:17:22] Looking for 'grep' - found /usr/bin/grep
[18:17:22] Looking for 'hmmpress' - found /Users/tommytran/miniconda3/bin/hmmpress
[18:17:22] Determined hmmpress version is 003003 from '# HMMER 3.3 (Nov 2019); http://hmmer.org/'
[18:17:22] Looking for 'hmmscan' - found /Users/tommytran/miniconda3/bin/hmmscan
[18:17:22] Determined hmmscan version is 003003 from '# HMMER 3.3 (Nov 2019); http://hmmer.org/'
[18:17:22] Looking for 'java' - found /Users/tommytran/miniconda3/bin/java
[18:17:22] Looking for 'makeblastdb' - found /Users/tommytran/miniconda3/bin/makeblastdb
[18:17:22] Determined makeblastdb version is 002009 from 'makeblastdb: 2.9.0+'
[18:17:22] Looking for 'minced' - found /Users/tommytran/miniconda3/bin/minced
[18:17:22] Determined minced version is 004002 from 'minced 0.4.2'
[18:17:22] Looking for 'parallel' - found /Users/tommytran/miniconda3/bin/parallel
[18:17:22] Determined parallel version is 20200522 from 'GNU parallel 20200522'
[18:17:22] Looking for 'prodigal' - found /Users/tommytran/miniconda3/bin/prodigal
[18:17:22] Determined prodigal version is 002006 from 'Prodigal V2.6.3: February, 2016'
[18:17:22] Looking for 'prokka-genbank_to_fasta_db' - found /Users/tommytran/miniconda3/bin/prokka-genbank_to_fasta_db
[18:17:22] Looking for 'sed' - found /usr/bin/sed
[18:17:22] Looking for 'tbl2asn' - found /Users/tommytran/miniconda3/bin/tbl2asn
[18:17:23] Determined tbl2asn version is 025007 from 'tbl2asn 25.7   arguments:'
[18:17:23] Using genetic code table 11.
[18:17:23] Loading and checking input file: analysis_get_homologues/Renamed_Dpig/ATCC_51524.fa
[18:17:23] Wrote 2 contigs totalling 1862135 bp.
[18:17:23] Predicting tRNAs and tmRNAs
[18:17:23] Running: aragorn -l -gc11  -w analysis_get_homologues\/Prokka_Out\/prokka_ATCC_51524\.fna
[18:17:23] 1 tRNA-Leu c[57249,57332] 34 (gag)
[18:17:23] 2 tRNA-Asn c[127030,127104] 35 (gtt)
[18:17:23] 3 tRNA-Ala c[130424,130498] 35 (tgc)
[18:17:23] 4 tRNA-Val c[375432,375506] 35 (gac)
[18:17:23] tRNA [433547,433634] is a pseudo/wacky gene - skipping.
[18:17:23] 6 tRNA-Ala [603010,603084] 35 (tgc)
[18:17:23] 7 tRNA-Asn [606404,606478] 35 (gtt)
[18:17:23] 8 tRNA-Thr [714152,714224] 34 (tgt)
[18:17:23] 9 tRNA-Gly [714240,714311] 33 (gcc)
[18:17:23] 10 tRNA-Leu [714340,714426] 35 (taa)
[18:17:23] 11 tRNA-Glu [716901,716974] 35 (ttc)
[18:17:23] 12 tRNA-Ser [716983,717072] 37 (tga)
[18:17:23] 13 tRNA-Asp [717096,717171] 36 (gtc)
[18:17:23] 14 tRNA-Phe [717177,717251] 35 (gaa)
[18:17:23] 15 tRNA-Arg [859723,859797] 35 (tct)
[18:17:23] 16 tRNA-Ser c[921493,921581] 36 (gga)
[18:17:23] 1 tmRNA [95976,96333] 92,127 ANKNSNLALAA*
[18:17:23] 2 tRNA-Thr c[235350,235422] 34 (ggt)
[18:17:23] 3 tRNA-Gln c[240770,240843] 34 (ttg)
[18:17:23] 4 tRNA-Tyr c[240847,240930] 36 (gta)
[18:17:23] 5 tRNA-Glu c[240935,241006] 34 (ttc)
[18:17:23] 6 tRNA-SeC [300361,300458] 36 (tca)
[18:17:23] 7 tRNA-Arg c[333658,333732] 35 (tcg)
[18:17:23] 8 tRNA-Lys c[333756,333828] 34 (ttt)
[18:17:23] 9 tRNA-Val c[333838,333910] 34 (tac)
[18:17:23] Found 24 tRNAs
[18:17:23] Predicting Ribosomal RNAs
[18:17:23] Running Barrnap with 6 threads
[18:17:24] 1 c_000000000001 127137 5S ribosomal RNA
[18:17:24] 2 c_000000000001 127330 23S ribosomal RNA
[18:17:24] 3 c_000000000001 130581 16S ribosomal RNA
[18:17:24] 4 c_000000000001 601386 16S ribosomal RNA
[18:17:24] 5 c_000000000001 603279 23S ribosomal RNA
[18:17:24] 6 c_000000000001 606261 5S ribosomal RNA
[18:17:24] 7 c_000000000002 333928 5S ribosomal RNA
[18:17:24] 8 c_000000000002 334121 23S ribosomal RNA
[18:17:24] 9 c_000000000002 337281 16S ribosomal RNA
[18:17:24] Found 9 rRNAs
[18:17:24] Skipping ncRNA search, enable with --rfam if desired.
[18:17:24] Total of 32 tRNA + rRNA features
[18:17:24] Searching for CRISPR repeats
[18:17:24] CRISPR1 c_000000000001 1419586 with 3 spacers
[18:17:24] Found 1 CRISPRs
[18:17:24] Predicting coding sequences
[18:17:24] Contigs total 1862135 bp, so using single mode
[18:17:24] Running: prodigal -i analysis_get_homologues\/Prokka_Out\/prokka_ATCC_51524\.fna -c -m -g 11 -p single -f sco -q
[18:17:27] Found 1684 CDS
[18:17:27] Connecting features back to sequences
[18:17:27] Not using genus-specific database. Try --usegenus to enable it.
[18:17:27] Annotating CDS, please be patient.
[18:17:27] Will use 6 CPUs for similarity searching.
[18:17:27] There are still 1684 unannotated CDS left (started with 1684)
[18:17:27] Will use blast to search against /Users/tommytran/miniconda3/db/kingdom/Bacteria/IS with 6 CPUs
[18:17:27] Running: cat analysis_get_homologues\/Prokka_Out\/prokka_ATCC_51524\.IS\.tmp\.5143\.faa | parallel --gnu --plain -j 6 --block 45004 --recstart '>' --pipe blastp -query - -db /Users/tommytran/miniconda3/db/kingdom/Bacteria/IS -evalue 1e-30 -qcov_hsp_perc 90 -num_threads 1 -num_descriptions 1 -num_alignments 1 -seg no > analysis_get_homologues\/Prokka_Out\/prokka_ATCC_51524\.IS\.tmp\.5143\.blast 2> /dev/null
[18:17:32] Deleting unwanted file: analysis_get_homologues/Prokka_Out/prokka_ATCC_51524.IS.tmp.5143.faa
[18:17:32] Deleting unwanted file: analysis_get_homologues/Prokka_Out/prokka_ATCC_51524.IS.tmp.5143.blast
[18:17:33] There are still 1676 unannotated CDS left (started with 1684)
[18:17:33] Will use blast to search against /Users/tommytran/miniconda3/db/kingdom/Bacteria/AMR with 6 CPUs
[18:17:33] Running: cat analysis_get_homologues\/Prokka_Out\/prokka_ATCC_51524\.AMR\.tmp\.5143\.faa | parallel --gnu --plain -j 6 --block 44767 --recstart '>' --pipe blastp -query - -db /Users/tommytran/miniconda3/db/kingdom/Bacteria/AMR -evalue 9.99999999999999e-301 -qcov_hsp_perc 90 -num_threads 1 -num_descriptions 1 -num_alignments 1 -seg no > analysis_get_homologues\/Prokka_Out\/prokka_ATCC_51524\.AMR\.tmp\.5143\.blast 2> /dev/null
[18:17:37] Deleting unwanted file: analysis_get_homologues/Prokka_Out/prokka_ATCC_51524.AMR.tmp.5143.faa
[18:17:37] Deleting unwanted file: analysis_get_homologues/Prokka_Out/prokka_ATCC_51524.AMR.tmp.5143.blast
[18:17:38] There are still 1676 unannotated CDS left (started with 1684)
[18:17:38] Will use blast to search against /Users/tommytran/miniconda3/db/kingdom/Bacteria/sprot with 6 CPUs
[18:17:38] Running: cat analysis_get_homologues\/Prokka_Out\/prokka_ATCC_51524\.sprot\.tmp\.5143\.faa | parallel --gnu --plain -j 6 --block 44767 --recstart '>' --pipe blastp -query - -db /Users/tommytran/miniconda3/db/kingdom/Bacteria/sprot -evalue 1e-09 -qcov_hsp_perc 80 -num_threads 1 -num_descriptions 1 -num_alignments 1 -seg no > analysis_get_homologues\/Prokka_Out\/prokka_ATCC_51524\.sprot\.tmp\.5143\.blast 2> /dev/null
[18:17:59] Modify product: Probable 3-hydroxyacyl-CoA dehydrogenase => putative 3-hydroxyacyl-CoA dehydrogenase
[18:17:59] Modify product: Putative multidrug export ATP-binding/permease protein SAV1866 => Putative multidrug export ATP-binding/permease protein
[18:17:59] Modify product: Fluoroquinolones export ATP-binding protein Rv2688c => Fluoroquinolones export ATP-binding protein
[18:17:59] Modify product: Uncharacterized PIN and TRAM-domain containing protein YacL => putative PIN and TRAM-domain containing protein YacL
[18:17:59] Modify product: Probable peptidoglycan glycosyltransferase FtsW => putative peptidoglycan glycosyltransferase FtsW
[18:17:59] Modify product: Uncharacterized oxidoreductase YjhC => putative oxidoreductase YjhC
[18:17:59] Modify product: UPF0637 protein SA0957 => hypothetical protein
[18:17:59] Modify product: UPF0702 transmembrane protein YetF => hypothetical protein
[18:17:59] Modify product: Putative trans-acting regulator SP_1800 => Putative trans-acting regulator
[18:17:59] Modify product: Probable tRNA sulfurtransferase => putative tRNA sulfurtransferase
[18:17:59] Modify product: Probable N-acetyl-LL-diaminopimelate aminotransferase => putative N-acetyl-LL-diaminopimelate aminotransferase
[18:17:59] Modify product: Putative glycerol transporter Lin0367 => Putative glycerol transporter
[18:17:59] Modify product: Putative glycerol transporter Lin0368 => Putative glycerol transporter
[18:17:59] Modify product: UPF0365 protein SA1402 => hypothetical protein
[18:17:59] Modify product: Calcium-transporting ATPase lmo0841 => Calcium-transporting ATPase
[18:18:00] Modify product: Uncharacterized ABC transporter ATP-binding protein Rv0986 => putative ABC transporter ATP-binding protein
[18:18:00] Modify product: Putative multidrug export ATP-binding/permease protein SAV1866 => Putative multidrug export ATP-binding/permease protein
[18:18:00] Modify product: Probable pyridine nucleotide-disulfide oxidoreductase RclA => putative pyridine nucleotide-disulfide oxidoreductase RclA
[18:18:00] Modify product: UPF0358 protein EF_2458 => hypothetical protein
[18:18:00] Modify product: Uncharacterized protein YqeH => putative protein YqeH
[18:18:00] Modify product: RNA-binding protein HI_1333 => RNA-binding protein
[18:18:00] Modify product: Probable nicotinate-nucleotide adenylyltransferase => putative nicotinate-nucleotide adenylyltransferase
[18:18:00] Modify product: Probable GTP-binding protein EngB => putative GTP-binding protein EngB
[18:18:00] Modify product: UPF0291 protein SP_1473 => hypothetical protein
[18:18:00] Modify product: UPF0154 protein SA1178 => hypothetical protein
[18:18:00] Modify product: TelA-like protein SA1238 => TelA-like protein
[18:18:00] Modify product: Putative metallophosphoesterase MG207 homolog => Putative metallophosphoesterase MG207 
[18:18:00] Modify product: Rqc2 homolog RqcH => Rqc2 RqcH
[18:18:00] Modify product: UPF0398 protein YpsA => hypothetical protein
[18:18:00] Modify product: UPF0053 inner membrane protein YfjD => hypothetical protein
[18:18:00] Modify product: Probable D,D-dipeptide transport system permease protein DdpC => putative D,D-dipeptide transport system permease protein DdpC
[18:18:00] Modify product: Uncharacterized protein YqgN => putative protein YqgN
[18:18:00] Modify product: Bifunctional protein FolD => Bifunctional protein FolD protein
[18:18:00] Modify product: Nudix hydrolase DR_0079 => Nudix hydrolase
[18:18:00] Modify product: DegV domain-containing protein spr1415 => DegV domain-containing protein
[18:18:00] Modify product: Uncharacterized protein YedJ => putative protein YedJ
[18:18:00] Modify product: UPF0178 protein YaiI => hypothetical protein
[18:18:00] Modify product: Uncharacterized protein YdjI => putative protein YdjI
[18:18:00] Modify product: Putative dipeptidase SA1572 => Putative dipeptidase
[18:18:00] Modify product: Probable fructose-bisphosphate aldolase => putative fructose-bisphosphate aldolase
[18:18:00] Modify product: Uncharacterized ABC transporter ATP-binding protein TM_0288 => putative ABC transporter ATP-binding protein
[18:18:00] Modify product: Uncharacterized ABC transporter ATP-binding protein Rv1273c => putative ABC transporter ATP-binding protein
[18:18:00] Modify product: Uncharacterized protein YhaP => putative protein YhaP
[18:18:00] Modify product: Multidrug efflux system ATP-binding protein Rv1218c => Multidrug efflux system ATP-binding protein
[18:18:00] Modify product: Probable quorum-quenching lactonase YtnP => putative quorum-quenching lactonase YtnP
[18:18:00] Modify product: Uncharacterized oxidoreductase SpyM50865 => putative oxidoreductase
[18:18:00] Modify product: Probable metallo-hydrolase M6_Spy0554 => putative metallo-hydrolase
[18:18:00] Modify product: Uncharacterized epimerase/dehydratase SA0511 => putative epimerase/dehydratase
[18:18:00] Modify product: Putative trans-acting regulator SP_1800 => Putative trans-acting regulator
[18:18:00] Modify product: Uncharacterized protein YdhK => putative protein YdhK
[18:18:00] Modify product: Transcriptional repressor SmtB homolog => Transcriptional repressor SmtB 
[18:18:00] Modify product: Probable transcriptional regulatory protein MSMEG_2940/MSMEI_2866 => putative transcriptional regulatory protein/MSMEI_2866
[18:18:00] Modify product: Uncharacterized protein Spy1535 => putative protein
[18:18:00] Modify product: Probable bifunctional oligoribonuclease and PAP phosphatase NrnA => putative bifunctional oligoribonuclease and PAP phosphatase NrnA
[18:18:00] Modify product: UPF0342 protein SA1663 => hypothetical protein
[18:18:00] Modify product: DegV domain-containing protein SA1258 => DegV domain-containing protein
[18:18:00] Modify product: Putative transport protein Rv0205 => Putative transport protein
[18:18:00] Modify product: Probable L-asparaginase => putative L-asparaginase
[18:18:00] Modify product: Sulfurtransferase Alvin_2599 => Sulfurtransferase
[18:18:00] Modify product: UPF0346 protein YozE => hypothetical protein
[18:18:00] Modify product: UPF0045 protein Rv1898 => hypothetical protein
[18:18:00] Modify product: Uncharacterized ABC transporter ATP-binding protein YknY => putative ABC transporter ATP-binding protein YknY
[18:18:00] Modify product: GTP cyclohydrolase 1 type 2 homolog => GTP cyclohydrolase 1 type 2 
[18:18:00] Modify product: Putative multidrug export ATP-binding/permease protein SAV1866 => Putative multidrug export ATP-binding/permease protein
[18:18:00] Modify product: Uncharacterized protein YqeY => putative protein YqeY
[18:18:00] Modify product: Putative aminotransferase MSMEG_6286/MSMEI_6121 => Putative aminotransferase/MSMEI_6121
[18:18:00] Modify product: UPF0374 protein SP_1903 => hypothetical protein
[18:18:00] Modify product: Probable endonuclease 4 => putative endonuclease 4
[18:18:00] Modify product: PTS system EIIBC component SA0186 => PTS system EIIBC component
[18:18:00] Modify product: Uncharacterized HTH-type transcriptional regulator YbbH => putative HTH-type transcriptional regulator YbbH
[18:18:00] Modify product: Probable formate transporter 1 => putative formate transporter 1
[18:18:00] Modify product: Probable ribosomal protein YlxQ => putative ribosomal protein YlxQ
[18:18:00] Modify product: Uncharacterized protein YpjD => putative protein YpjD
[18:18:00] Modify product: UPF0302 protein BA_1542/GBAA_1542/BAS1430 => hypothetical protein
[18:18:00] Modify product: Probable cell division protein WhiA => putative cell division protein WhiA
[18:18:00] Modify product: Glutathione peroxidase homolog BsaA => Glutathione peroxidase BsaA
[18:18:00] Modify product: Uncharacterized protein SA1069 => putative protein
[18:18:00] Modify product: Uncharacterized protein Spy1614 => putative protein
[18:18:00] Modify product: Probable protein-export membrane protein SecG => putative protein-export membrane protein SecG
[18:18:00] Modify product: Probable transcription repressor NiaR => putative transcription repressor NiaR
[18:18:00] Modify product: UPF0109 protein Rv2908c => hypothetical protein
[18:18:00] Modify product: UPF0122 protein SP_1288 => hypothetical protein
[18:18:00] Modify product: Putative phosphatase M6_Spy0533 => Putative phosphatase
[18:18:00] Modify product: UPF0073 inner membrane protein YqfA => hypothetical protein
[18:18:00] Modify product: Probable glycine dehydrogenase (decarboxylating) subunit 2 => putative glycine dehydrogenase (decarboxylating) subunit 2
[18:18:00] Modify product: Probable glycine dehydrogenase (decarboxylating) subunit 1 => putative glycine dehydrogenase (decarboxylating) subunit 1
[18:18:00] Modify product: Probable undecaprenyl-phosphate N-acetylglucosaminyl 1-phosphate transferase => putative undecaprenyl-phosphate N-acetylglucosaminyl 1-phosphate transferase
[18:18:00] Modify product: Probable multidrug resistance ABC transporter ATP-binding/permease protein YheH => putative multidrug resistance ABC transporter ATP-binding/permease protein YheH
[18:18:00] Modify product: Probable multidrug resistance ABC transporter ATP-binding/permease protein YheI => putative multidrug resistance ABC transporter ATP-binding/permease protein YheI
[18:18:00] Modify product: Uncharacterized ABC transporter ATP-binding protein Rv0986 => putative ABC transporter ATP-binding protein
[18:18:00] Modify product: Uncharacterized AAA domain-containing protein Rv2559c => putative AAA domain-containing protein
[18:18:00] Modify product: Putative universal stress protein SA1532 => Putative universal stress protein
[18:18:00] Modify product: UPF0176 protein SP_0095 => hypothetical protein
[18:18:00] Modify product: Uncharacterized MscS family protein YkuT => putative MscS family protein YkuT
[18:18:00] Modify product: UPF0053 protein HI_0107 => hypothetical protein
[18:18:00] Modify product: UPF0324 inner membrane protein YeiH => hypothetical protein
[18:18:00] Modify product: Uncharacterized multiple-sugar transport system permease YteP => putative multiple-sugar transport system permease YteP
[18:18:00] Modify product: Uncharacterized protein YpjQ => putative protein YpjQ
[18:18:00] Modify product: Uncharacterized oxidoreductase MSMEG_2407/MSMEI_2346 => putative oxidoreductase/MSMEI_2346
[18:18:00] Modify product: Acetyltransferase SACOL1063 => Acetyltransferase
[18:18:00] Modify product: Acetyltransferase SACOL1063 => Acetyltransferase
[18:18:00] Modify product: UPF0413 protein YjbH => hypothetical protein
[18:18:00] Modify product: UPF0758 protein YsxA => hypothetical protein
[18:18:00] Modify product: UPF0473 protein SP_0194 => hypothetical protein
[18:18:00] Modify product: UPF0297 protein EF_1202 => hypothetical protein
[18:18:00] Modify product: UPF0397 protein SP_0482 => hypothetical protein
[18:18:00] Modify product: UPF0051 protein SA0778 => hypothetical protein
[18:18:00] Modify product: UPF0051 protein SA0778 => hypothetical protein
[18:18:00] Modify product: Probable ABC transporter ATP-binding protein M6_Spy0273 => putative ABC transporter ATP-binding protein
[18:18:00] Modify product: Uncharacterized protein YqeN => putative protein YqeN
[18:18:00] Modify product: Uncharacterized protein YbbA => putative protein YbbA
[18:18:00] Modify product: Uncharacterized ABC transporter ATP-binding protein YheS => putative ABC transporter ATP-binding protein YheS
[18:18:00] Modify product: UPF0340 protein YwlG => hypothetical protein
[18:18:00] Modify product: Protease HtpX homolog => Protease HtpX 
[18:18:00] Modify product: Uncharacterized ABC transporter ATP-binding protein Rv0986 => putative ABC transporter ATP-binding protein
[18:18:00] Modify product: Probable ABC transporter phosphite binding protein PhnD1 => putative ABC transporter phosphite binding protein PhnD1
[18:18:00] Modify product: UPF0394 inner membrane protein YeeE => hypothetical protein
[18:18:00] Modify product: Uncharacterized protein YacP => putative protein YacP
[18:18:00] Cleaned 118 /product names
[18:18:00] Deleting unwanted file: analysis_get_homologues/Prokka_Out/prokka_ATCC_51524.sprot.tmp.5143.faa
[18:18:00] Deleting unwanted file: analysis_get_homologues/Prokka_Out/prokka_ATCC_51524.sprot.tmp.5143.blast
[18:18:01] There are still 641 unannotated CDS left (started with 1684)
[18:18:01] Will use hmmer3 to search against /Users/tommytran/miniconda3/db/hmm/HAMAP.hmm with 6 CPUs
[18:18:01] Running: cat analysis_get_homologues\/Prokka_Out\/prokka_ATCC_51524\.HAMAP\.hmm\.tmp\.5143\.faa | parallel --gnu --plain -j 6 --block 14779 --recstart '>' --pipe hmmscan --noali --notextw --acc -E 1e-09 --cpu 1 /Users/tommytran/miniconda3/db/hmm/HAMAP.hmm /dev/stdin > analysis_get_homologues\/Prokka_Out\/prokka_ATCC_51524\.HAMAP\.hmm\.tmp\.5143\.hmmer3 2> /dev/null
[18:18:10] Modify product: Protein SprT-like => Protein SprT-like protein
[18:18:10] Modify product: Uncharacterized Nudix hydrolase NudL => putative Nudix hydrolase NudL
[18:18:10] Cleaned 2 /product names
[18:18:10] Deleting unwanted file: analysis_get_homologues/Prokka_Out/prokka_ATCC_51524.HAMAP.hmm.tmp.5143.faa
[18:18:10] Deleting unwanted file: analysis_get_homologues/Prokka_Out/prokka_ATCC_51524.HAMAP.hmm.tmp.5143.hmmer3
[18:18:10] Labelling remaining 565 proteins as 'hypothetical protein'
[18:18:10] Possible /pseudo 'Putative glycerol transporter' at c_000000000001 position 25669
[18:18:10] Possible /pseudo 'PTS-dependent dihydroxyacetone kinase, dihydroxyacetone-binding subunit DhaK' at c_000000000001 position 27875
[18:18:10] Possible /pseudo 'putative ABC transporter ATP-binding protein' at c_000000000001 position 230602
[18:18:10] Possible /pseudo 'PTS system mannose-specific EIIAB component' at c_000000000001 position 386336
[18:18:10] Possible /pseudo 'D-methionine-binding lipoprotein MetQ' at c_000000000001 position 434629
[18:18:10] Possible /pseudo 'IS3 family transposase ISEfa10' at c_000000000001 position 775451
[18:18:10] Possible /pseudo 'Cadmium, zinc and cobalt-transporting ATPase' at c_000000000001 position 982548
[18:18:10] Possible /pseudo 'GTP pyrophosphokinase' at c_000000000001 position 1313980
[18:18:10] Possible /pseudo 'Undecaprenyl-phosphate 4-deoxy-4-formamido-L-arabinose transferase' at c_000000000001 position 1325958
[18:18:10] Possible /pseudo 'putative protein' at c_000000000001 position 1460988
[18:18:10] Possible /pseudo 'Acetyltransferase' at c_000000000002 position 39240
[18:18:10] Possible /pseudo 'Glycine reductase complex component B subunit gamma' at c_000000000002 position 287979
[18:18:10] Found 894 unique /gene codes.
[18:18:10] Fixed 2 duplicate /gene - gsiC_1 gsiC_2
[18:18:10] Fixed 2 duplicate /gene - cobB_1 cobB_2
[18:18:10] Fixed 2 duplicate /gene - ecfT_1 ecfT_2
[18:18:10] Fixed 2 duplicate /gene - rpoN1_1 rpoN1_2
[18:18:10] Fixed 2 duplicate /gene - gcvH_1 gcvH_2
[18:18:10] Fixed 5 duplicate /gene - metQ_1 metQ_2 metQ_3 metQ_4 metQ_5
[18:18:10] Fixed 2 duplicate /gene - fpgS_1 fpgS_2
[18:18:10] Fixed 2 duplicate /gene - gmk_1 gmk_2
[18:18:10] Fixed 2 duplicate /gene - grdB_1 grdB_2
[18:18:10] Fixed 3 duplicate /gene - arnC_1 arnC_2 arnC_3
[18:18:10] Fixed 2 duplicate /gene - manZ_1 manZ_2
[18:18:10] Fixed 2 duplicate /gene - copY_1 copY_2
[18:18:10] Fixed 2 duplicate /gene - gatB_1 gatB_2
[18:18:10] Fixed 2 duplicate /gene - pnp_1 pnp_2
[18:18:10] Fixed 3 duplicate /gene - manX_1 manX_2 manX_3
[18:18:10] Fixed 2 duplicate /gene - acpP_1 acpP_2
[18:18:10] Fixed 2 duplicate /gene - ccpA_1 ccpA_2
[18:18:10] Fixed 2 duplicate /gene - nagB_1 nagB_2
[18:18:10] Fixed 2 duplicate /gene - bglK_1 bglK_2
[18:18:10] Fixed 2 duplicate /gene - yohK_1 yohK_2
[18:18:10] Fixed 2 duplicate /gene - srrA_1 srrA_2
[18:18:10] Fixed 2 duplicate /gene - tagU_1 tagU_2
[18:18:10] Fixed 2 duplicate /gene - lrgA_1 lrgA_2
[18:18:10] Fixed 3 duplicate /gene - oppF_1 oppF_2 oppF_3
[18:18:10] Fixed 7 duplicate /gene - bcrA_1 bcrA_2 bcrA_3 bcrA_4 bcrA_5 bcrA_6 bcrA_7
[18:18:10] Fixed 2 duplicate /gene - iscS_1 iscS_2
[18:18:10] Fixed 2 duplicate /gene - nylA_1 nylA_2
[18:18:10] Fixed 2 duplicate /gene - mntB_1 mntB_2
[18:18:10] Fixed 2 duplicate /gene - ettA_1 ettA_2
[18:18:10] Fixed 2 duplicate /gene - dagK_1 dagK_2
[18:18:10] Fixed 2 duplicate /gene - lacC_1 lacC_2
[18:18:10] Fixed 2 duplicate /gene - mgtE_1 mgtE_2
[18:18:10] Fixed 2 duplicate /gene - rnz_1 rnz_2
[18:18:10] Fixed 2 duplicate /gene - argS_1 argS_2
[18:18:10] Fixed 2 duplicate /gene - ykoD_1 ykoD_2
[18:18:10] Fixed 2 duplicate /gene - dsdA_1 dsdA_2
[18:18:10] Fixed 3 duplicate /gene - metP_1 metP_2 metP_3
[18:18:10] Fixed 2 duplicate /gene - dhaK_1 dhaK_2
[18:18:10] Fixed 2 duplicate /gene - mshA_1 mshA_2
[18:18:10] Fixed 2 duplicate /gene - atpD_1 atpD_2
[18:18:10] Fixed 2 duplicate /gene - trxA_1 trxA_2
[18:18:10] Fixed 2 duplicate /gene - ptsG_1 ptsG_2
[18:18:10] Fixed 2 duplicate /gene - rhaR_1 rhaR_2
[18:18:10] Fixed 3 duplicate /gene - brnQ_1 brnQ_2 brnQ_3
[18:18:10] Fixed 2 duplicate /gene - thiD_1 thiD_2
[18:18:10] Fixed 2 duplicate /gene - rnfD_1 rnfD_2
[18:18:10] Fixed 2 duplicate /gene - rsmH_1 rsmH_2
[18:18:10] Fixed 2 duplicate /gene - est_1 est_2
[18:18:10] Fixed 2 duplicate /gene - nanA_1 nanA_2
[18:18:10] Fixed 2 duplicate /gene - clpC_1 clpC_2
[18:18:10] Fixed 2 duplicate /gene - desR_1 desR_2
[18:18:10] Fixed 2 duplicate /gene - xerC_1 xerC_2
[18:18:10] Fixed 9 duplicate /gene - btuD_1 btuD_2 btuD_3 btuD_4 btuD_5 btuD_6 btuD_7 btuD_8 btuD_9
[18:18:10] Fixed 3 duplicate /gene - fabG_1 fabG_2 fabG_3
[18:18:10] Fixed 2 duplicate /gene - ruvB_1 ruvB_2
[18:18:10] Fixed 2 duplicate /gene - luxS_1 luxS_2
[18:18:10] Fixed 3 duplicate /gene - agrA_1 agrA_2 agrA_3
[18:18:10] Fixed 2 duplicate /gene - apbE_1 apbE_2
[18:18:10] Fixed 2 duplicate /gene - uvrB_1 uvrB_2
[18:18:10] Fixed 2 duplicate /gene - purR_1 purR_2
[18:18:10] Fixed 2 duplicate /gene - dacA_1 dacA_2
[18:18:10] Fixed 4 duplicate /gene - smc_1 smc_2 smc_3 smc_4
[18:18:10] Fixed 3 duplicate /gene - msbA_1 msbA_2 msbA_3
[18:18:10] Fixed 2 duplicate /gene - galK_1 galK_2
[18:18:10] Fixed 2 duplicate /gene - tenA_1 tenA_2
[18:18:10] Fixed 3 duplicate /gene - oppD_1 oppD_2 oppD_3
[18:18:10] Fixed 2 duplicate /gene - rnfC_1 rnfC_2
[18:18:10] Fixed 2 duplicate /gene - urdA_1 urdA_2
[18:18:10] Fixed 2 duplicate /gene - lplJ_1 lplJ_2
[18:18:10] Fixed 2 duplicate /gene - sufS_1 sufS_2
[18:18:10] Fixed 4 duplicate /gene - gatC_1 gatC_2 gatC_3 gatC_4
[18:18:10] Fixed 2 duplicate /gene - sasA_1 sasA_2
[18:18:10] Fixed 2 duplicate /gene - scmP_1 scmP_2
[18:18:10] Fixed 2 duplicate /gene - ssbA_1 ssbA_2
[18:18:10] Fixed 2 duplicate /gene - atpE_1 atpE_2
[18:18:10] Fixed 2 duplicate /gene - metN_1 metN_2
[18:18:10] Fixed 2 duplicate /gene - relA_1 relA_2
[18:18:10] Fixed 2 duplicate /gene - alsT_1 alsT_2
[18:18:10] Fixed 2 duplicate /gene - trxB_1 trxB_2
[18:18:10] Fixed 2 duplicate /gene - pepF1_1 pepF1_2
[18:18:10] Fixed 2 duplicate /gene - spxA_1 spxA_2
[18:18:10] Fixed 2 duplicate /gene - pcp_1 pcp_2
[18:18:10] Fixed 2 duplicate /gene - yclP_1 yclP_2
[18:18:10] Fixed 3 duplicate /gene - cadA_1 cadA_2 cadA_3
[18:18:10] Fixed 2 duplicate /gene - tpiA_1 tpiA_2
[18:18:10] Fixed 85 colliding /gene names.
[18:18:10] Adding /locus_tag identifiers
[18:18:10] Assigned 1717 locus_tags to CDS and RNA features.
[18:18:10] Writing outputs to analysis_get_homologues/Prokka_Out/
[18:18:11] Generating annotation statistics file
[18:18:11] Generating Genbank and Sequin files
[18:18:11] Running: tbl2asn -V b -a r10k -l paired-ends -M n -N 1 -y 'Annotated using prokka 1.14.6 from https://github.com/tseemann/prokka' -Z analysis_get_homologues\/Prokka_Out\/prokka_ATCC_51524\.err -i analysis_get_homologues\/Prokka_Out\/prokka_ATCC_51524\.fsa 2> /dev/null
[18:18:14] Could not run command: tbl2asn -V b -a r10k -l paired-ends -M n -N 1 -y 'Annotated using prokka 1.14.6 from https://github.com/tseemann/prokka' -Z analysis_get_homologues\/Prokka_Out\/prokka_ATCC_51524\.err -i analysis_get_homologues\/Prokka_Out\/prokka_ATCC_51524\.fsa 2> /dev/null
