[17:01:45] This is prokka 1.14.6
[17:01:45] Written by Torsten Seemann <torsten.seemann@gmail.com>
[17:01:45] Homepage is https://github.com/tseemann/prokka
[17:01:45] Local time is Fri Jul 10 17:01:45 2020
[17:01:45] You are isabelfe
[17:01:45] Operating system is darwin
[17:01:45] You have BioPerl 1.007002
[17:01:46] System has 2 cores.
[17:01:46] Will use maximum of 2 cores.
[17:01:46] Annotating as >>> Bacteria <<<
[17:01:46] Generating locus_tag from 'analysis_prokka/Reformat_Dpig/dpi_genomes_forncbi_kpl3065_c.current.fa' contents.
[17:01:46] Setting --locustag FAPMHCDN from MD5 fa961cd7c32f74e2c742c16bb641da63
[17:01:46] Re-using existing --outdir analysis_prokka/Prokka_Out
[17:01:46] Using filename prefix: prokka_dpi_genomes_forncbi_kpl3065_c.current.XXX
[17:01:46] Setting HMMER_NCPU=1
[17:01:46] Writing log to: analysis_prokka/Prokka_Out/prokka_dpi_genomes_forncbi_kpl3065_c.current.log
[17:01:46] Command: /Users/isabelfe/opt/anaconda3/bin/prokka --prefix prokka_dpi_genomes_forncbi_kpl3065_c.current --outdir analysis_prokka/Prokka_Out --cpus 0 --force analysis_prokka/Reformat_Dpig/dpi_genomes_forncbi_kpl3065_c.current.fa
[17:01:46] Appending to PATH: /Users/isabelfe/opt/anaconda3/bin
[17:01:46] Looking for 'aragorn' - found /Users/isabelfe/opt/anaconda3/bin/aragorn
[17:01:46] Determined aragorn version is 001002 from 'ARAGORN v1.2.38 Dean Laslett'
[17:01:46] Looking for 'barrnap' - found /Users/isabelfe/opt/anaconda3/bin/barrnap
[17:01:46] Determined barrnap version is 000009 from 'barrnap 0.9'
[17:01:46] Looking for 'blastp' - found /Users/isabelfe/opt/anaconda3/bin/blastp
[17:01:46] Determined blastp version is 002009 from 'blastp: 2.9.0+'
[17:01:46] Looking for 'cmpress' - found /Users/isabelfe/opt/anaconda3/bin/cmpress
[17:01:46] Determined cmpress version is 001001 from '# INFERNAL 1.1.2 (July 2016)'
[17:01:46] Looking for 'cmscan' - found /Users/isabelfe/opt/anaconda3/bin/cmscan
[17:01:46] Determined cmscan version is 001001 from '# INFERNAL 1.1.2 (July 2016)'
[17:01:46] Looking for 'egrep' - found /usr/bin/egrep
[17:01:46] Looking for 'find' - found /usr/bin/find
[17:01:46] Looking for 'grep' - found /usr/bin/grep
[17:01:46] Looking for 'hmmpress' - found /Users/isabelfe/opt/anaconda3/bin/hmmpress
[17:01:46] Determined hmmpress version is 003003 from '# HMMER 3.3 (Nov 2019); http://hmmer.org/'
[17:01:46] Looking for 'hmmscan' - found /Users/isabelfe/opt/anaconda3/bin/hmmscan
[17:01:47] Determined hmmscan version is 003003 from '# HMMER 3.3 (Nov 2019); http://hmmer.org/'
[17:01:47] Looking for 'java' - found /Users/isabelfe/opt/anaconda3/bin/java
[17:01:47] Looking for 'makeblastdb' - found /Users/isabelfe/opt/anaconda3/bin/makeblastdb
[17:01:48] Determined makeblastdb version is 002009 from 'makeblastdb: 2.9.0+'
[17:01:48] Looking for 'minced' - found /Users/isabelfe/opt/anaconda3/bin/minced
[17:01:48] Determined minced version is 004002 from 'minced 0.4.2'
[17:01:48] Looking for 'parallel' - found /Users/isabelfe/opt/anaconda3/bin/parallel
[17:01:48] Determined parallel version is 20200522 from 'GNU parallel 20200522'
[17:01:48] Looking for 'prodigal' - found /Users/isabelfe/opt/anaconda3/bin/prodigal
[17:01:48] Determined prodigal version is 002006 from 'Prodigal V2.6.3: February, 2016'
[17:01:48] Looking for 'prokka-genbank_to_fasta_db' - found /Users/isabelfe/opt/anaconda3/bin/prokka-genbank_to_fasta_db
[17:01:48] Looking for 'sed' - found /usr/bin/sed
[17:01:48] Looking for 'tbl2asn' - found /Users/isabelfe/opt/anaconda3/bin/tbl2asn
[17:01:49] Determined tbl2asn version is 025007 from 'tbl2asn 25.7   arguments:'
[17:01:49] Using genetic code table 11.
[17:01:49] Loading and checking input file: analysis_prokka/Reformat_Dpig/dpi_genomes_forncbi_kpl3065_c.current.fa
[17:01:49] Wrote 1 contigs totalling 1878426 bp.
[17:01:49] Predicting tRNAs and tmRNAs
[17:01:49] Running: aragorn -l -gc11  -w analysis_prokka\/Prokka_Out\/prokka_dpi_genomes_forncbi_kpl3065_c\.current\.fna
[17:01:51] 1 tRNA-Val [180544,180618] 35 (gac)
[17:01:51] 2 tRNA-Ala [416013,416087] 35 (tgc)
[17:01:51] 3 tRNA-Asn [419409,419483] 35 (gtt)
[17:01:51] 4 tRNA-Leu [489095,489178] 34 (gag)
[17:01:51] 5 tRNA-Ser [1151999,1152087] 36 (gga)
[17:01:51] 6 tRNA-Arg c[1213769,1213843] 35 (tct)
[17:01:51] 7 tRNA-Phe c[1387579,1387653] 35 (gaa)
[17:01:51] 8 tRNA-Asp c[1387659,1387734] 36 (gtc)
[17:01:51] 9 tRNA-Ser c[1387758,1387847] 37 (tga)
[17:01:51] 10 tRNA-Glu c[1387858,1387929] 34 (ttc)
[17:01:51] 11 tRNA-Ser c[1387945,1388035] 36 (gct)
[17:01:51] 12 tRNA-Ile c[1388061,1388136] 36 (gat)
[17:01:51] 13 tRNA-Gly c[1388144,1388214] 33 (tcc)
[17:01:51] 14 tRNA-Asp c[1388219,1388294] 36 (gtc)
[17:01:51] 15 tRNA-Met c[1388309,1388383] 35 (cat)
[17:01:51] 16 tRNA-Pro c[1388393,1388466] 35 (tgg)
[17:01:51] 17 tRNA-Arg c[1388488,1388563] 36 (acg)
[17:01:51] 18 tRNA-Leu c[1388572,1388658] 35 (taa)
[17:01:51] 19 tRNA-Gly c[1388687,1388758] 33 (gcc)
[17:01:51] 20 tRNA-Thr c[1388774,1388846] 34 (tgt)
[17:01:51] 21 tRNA-Leu c[1388853,1388934] 35 (tag)
[17:01:51] 22 tRNA-Lys c[1388952,1389024] 34 (ttt)
[17:01:51] 23 tRNA-Val c[1389034,1389106] 34 (tac)
[17:01:51] 24 tmRNA [1498456,1498813] 92,127 ANKNSNLALAA*
[17:01:51] 25 tRNA-Thr c[1624141,1624214] 34 (ggt)
[17:01:51] 26 tRNA-Gln c[1629560,1629633] 34 (ttg)
[17:01:51] 27 tRNA-Tyr c[1629637,1629720] 36 (gta)
[17:01:51] 28 tRNA-Glu c[1629725,1629796] 34 (ttc)
[17:01:51] 29 tRNA-SeC [1699829,1699926] 36 (tca)
[17:01:51] 30 tRNA-Arg c[1716909,1716983] 35 (tcg)
[17:01:51] 31 tRNA-Lys c[1717007,1717079] 34 (ttt)
[17:01:51] 32 tRNA-Val c[1717089,1717161] 34 (tac)
[17:01:51] 33 tRNA-Leu c[1722419,1722503] 35 (caa)
[17:01:51] 34 tRNA-Cys c[1722531,1722603] 33 (gca)
[17:01:51] 35 tRNA-Gln c[1722615,1722688] 34 (ttg)
[17:01:51] 36 tRNA-His c[1722703,1722777] 35 (gtg)
[17:01:51] 37 tRNA-Trp c[1722787,1722859] 34 (cca)
[17:01:51] 38 tRNA-Tyr c[1722862,1722944] 36 (gta)
[17:01:51] 39 tRNA-Phe c[1722961,1723035] 35 (gaa)
[17:01:51] 40 tRNA-Asp c[1723041,1723116] 36 (gtc)
[17:01:51] 41 tRNA-Met c[1723131,1723205] 35 (cat)
[17:01:51] 42 tRNA-Ser c[1723225,1723314] 37 (tga)
[17:01:51] 43 tRNA-Glu c[1723327,1723398] 34 (ttc)
[17:01:51] 44 tRNA-Ile c[1723414,1723489] 36 (gat)
[17:01:51] 45 tRNA-Gly c[1723499,1723569] 33 (tcc)
[17:01:51] 46 tRNA-Met c[1723622,1723695] 35 (cat)
[17:01:51] 47 tRNA-Met c[1723713,1723788] 36 (cat)
[17:01:51] 48 tRNA-Pro c[1723807,1723880] 35 (tgg)
[17:01:51] 49 tRNA-Arg c[1723937,1724012] 36 (acg)
[17:01:51] 50 tRNA-Leu c[1724021,1724107] 35 (taa)
[17:01:51] 51 tRNA-Gly c[1724136,1724207] 33 (gcc)
[17:01:51] 52 tRNA-Thr c[1724223,1724295] 34 (tgt)
[17:01:51] 53 tRNA-Asn c[1831036,1831110] 35 (gtt)
[17:01:51] 54 tRNA-Ala c[1834431,1834505] 35 (tgc)
[17:01:51] Found 54 tRNAs
[17:01:51] Predicting Ribosomal RNAs
[17:01:51] Running Barrnap with 2 threads
[17:01:55] 1 c_000000000001 414389 16S ribosomal RNA
[17:01:55] 2 c_000000000001 416282 23S ribosomal RNA
[17:01:55] 3 c_000000000001 419266 5S ribosomal RNA
[17:01:55] 4 c_000000000001 1389124 5S ribosomal RNA
[17:01:55] 5 c_000000000001 1389317 23S ribosomal RNA
[17:01:55] 6 c_000000000001 1392477 16S ribosomal RNA
[17:01:55] 7 c_000000000001 1717179 5S ribosomal RNA
[17:01:55] 8 c_000000000001 1717372 23S ribosomal RNA
[17:01:55] 9 c_000000000001 1720534 16S ribosomal RNA
[17:01:55] 10 c_000000000001 1831143 5S ribosomal RNA
[17:01:55] 11 c_000000000001 1831336 23S ribosomal RNA
[17:01:55] 12 c_000000000001 1834588 16S ribosomal RNA
[17:01:55] Found 12 rRNAs
[17:01:55] Skipping ncRNA search, enable with --rfam if desired.
[17:01:55] Total of 65 tRNA + rRNA features
[17:01:55] Searching for CRISPR repeats
[17:01:55] CRISPR1 c_000000000001 656647 with 11 spacers
[17:01:55] CRISPR2 c_000000000001 659239 with 10 spacers
[17:01:55] Found 2 CRISPRs
[17:01:55] Predicting coding sequences
[17:01:55] Contigs total 1878426 bp, so using single mode
[17:01:55] Running: prodigal -i analysis_prokka\/Prokka_Out\/prokka_dpi_genomes_forncbi_kpl3065_c\.current\.fna -c -m -g 11 -p single -f sco -q
[17:02:03] Found 1694 CDS
[17:02:03] Connecting features back to sequences
[17:02:03] Not using genus-specific database. Try --usegenus to enable it.
[17:02:03] Annotating CDS, please be patient.
[17:02:03] Will use 2 CPUs for similarity searching.
[17:02:04] There are still 1694 unannotated CDS left (started with 1694)
[17:02:04] Will use blast to search against /Users/isabelfe/opt/anaconda3/db/kingdom/Bacteria/IS with 2 CPUs
[17:02:04] Running: cat analysis_prokka\/Prokka_Out\/prokka_dpi_genomes_forncbi_kpl3065_c\.current\.IS\.tmp\.68737\.faa | parallel --gnu --plain -j 2 --block 138821 --recstart '>' --pipe blastp -query - -db /Users/isabelfe/opt/anaconda3/db/kingdom/Bacteria/IS -evalue 1e-30 -qcov_hsp_perc 90 -num_threads 1 -num_descriptions 1 -num_alignments 1 -seg no > analysis_prokka\/Prokka_Out\/prokka_dpi_genomes_forncbi_kpl3065_c\.current\.IS\.tmp\.68737\.blast 2> /dev/null
[17:02:36] Deleting unwanted file: analysis_prokka/Prokka_Out/prokka_dpi_genomes_forncbi_kpl3065_c.current.IS.tmp.68737.faa
[17:02:36] Deleting unwanted file: analysis_prokka/Prokka_Out/prokka_dpi_genomes_forncbi_kpl3065_c.current.IS.tmp.68737.blast
[17:02:37] There are still 1691 unannotated CDS left (started with 1694)
[17:02:37] Will use blast to search against /Users/isabelfe/opt/anaconda3/db/kingdom/Bacteria/AMR with 2 CPUs
[17:02:37] Running: cat analysis_prokka\/Prokka_Out\/prokka_dpi_genomes_forncbi_kpl3065_c\.current\.AMR\.tmp\.68737\.faa | parallel --gnu --plain -j 2 --block 138595 --recstart '>' --pipe blastp -query - -db /Users/isabelfe/opt/anaconda3/db/kingdom/Bacteria/AMR -evalue 9.99999999999999e-301 -qcov_hsp_perc 90 -num_threads 1 -num_descriptions 1 -num_alignments 1 -seg no > analysis_prokka\/Prokka_Out\/prokka_dpi_genomes_forncbi_kpl3065_c\.current\.AMR\.tmp\.68737\.blast 2> /dev/null
[17:03:04] Deleting unwanted file: analysis_prokka/Prokka_Out/prokka_dpi_genomes_forncbi_kpl3065_c.current.AMR.tmp.68737.faa
[17:03:04] Deleting unwanted file: analysis_prokka/Prokka_Out/prokka_dpi_genomes_forncbi_kpl3065_c.current.AMR.tmp.68737.blast
[17:03:05] There are still 1691 unannotated CDS left (started with 1694)
[17:03:05] Will use blast to search against /Users/isabelfe/opt/anaconda3/db/kingdom/Bacteria/sprot with 2 CPUs
[17:03:05] Running: cat analysis_prokka\/Prokka_Out\/prokka_dpi_genomes_forncbi_kpl3065_c\.current\.sprot\.tmp\.68737\.faa | parallel --gnu --plain -j 2 --block 138595 --recstart '>' --pipe blastp -query - -db /Users/isabelfe/opt/anaconda3/db/kingdom/Bacteria/sprot -evalue 1e-09 -qcov_hsp_perc 80 -num_threads 1 -num_descriptions 1 -num_alignments 1 -seg no > analysis_prokka\/Prokka_Out\/prokka_dpi_genomes_forncbi_kpl3065_c\.current\.sprot\.tmp\.68737\.blast 2> /dev/null
[17:05:01] Modify product: UPF0365 protein SA1402 => hypothetical protein
[17:05:01] Modify product: Putative glycerol transporter Lin0368 => Putative glycerol transporter
[17:05:01] Modify product: Putative glycerol transporter Lin0367 => Putative glycerol transporter
[17:05:01] Modify product: Probable transcription repressor NiaR => putative transcription repressor NiaR
[17:05:01] Modify product: Probable protein-export membrane protein SecG => putative protein-export membrane protein SecG
[17:05:01] Modify product: Uncharacterized protein Spy1614 => putative protein
[17:05:01] Modify product: Uncharacterized protein SA1069 => putative protein
[17:05:01] Modify product: Probable cell division protein WhiA => putative cell division protein WhiA
[17:05:01] Modify product: UPF0302 protein BA_1542/GBAA_1542/BAS1430 => hypothetical protein
[17:05:01] Modify product: Uncharacterized protein YpjD => putative protein YpjD
[17:05:01] Modify product: UPF0324 inner membrane protein YeiH => hypothetical protein
[17:05:01] Modify product: UPF0053 protein HI_0107 => hypothetical protein
[17:05:01] Modify product: Uncharacterized MscS family protein YkuT => putative MscS family protein YkuT
[17:05:01] Modify product: UPF0176 protein SP_0095 => hypothetical protein
[17:05:01] Modify product: Putative universal stress protein SA1532 => Putative universal stress protein
[17:05:01] Modify product: Uncharacterized AAA domain-containing protein Rv2559c => putative AAA domain-containing protein
[17:05:01] Modify product: Probable multidrug resistance ABC transporter ATP-binding/permease protein YheI => putative multidrug resistance ABC transporter ATP-binding/permease protein YheI
[17:05:01] Modify product: Probable multidrug resistance ABC transporter ATP-binding/permease protein YheH => putative multidrug resistance ABC transporter ATP-binding/permease protein YheH
[17:05:01] Modify product: Probable undecaprenyl-phosphate N-acetylglucosaminyl 1-phosphate transferase => putative undecaprenyl-phosphate N-acetylglucosaminyl 1-phosphate transferase
[17:05:01] Modify product: Probable glycine dehydrogenase (decarboxylating) subunit 1 => putative glycine dehydrogenase (decarboxylating) subunit 1
[17:05:01] Modify product: Probable glycine dehydrogenase (decarboxylating) subunit 2 => putative glycine dehydrogenase (decarboxylating) subunit 2
[17:05:01] Modify product: UPF0073 inner membrane protein YqfA => hypothetical protein
[17:05:01] Modify product: Putative phosphatase M6_Spy0533 => Putative phosphatase
[17:05:01] Modify product: UPF0122 protein SP_1288 => hypothetical protein
[17:05:01] Modify product: Probable ribosomal protein YlxQ => putative ribosomal protein YlxQ
[17:05:01] Modify product: Probable endonuclease 4 => putative endonuclease 4
[17:05:01] Modify product: UPF0374 protein SP_1903 => hypothetical protein
[17:05:01] Modify product: Putative aminotransferase MSMEG_6286/MSMEI_6121 => Putative aminotransferase/MSMEI_6121
[17:05:01] Modify product: Uncharacterized protein YqeY => putative protein YqeY
[17:05:01] Modify product: Putative multidrug export ATP-binding/permease protein SAV1866 => Putative multidrug export ATP-binding/permease protein
[17:05:01] Modify product: GTP cyclohydrolase 1 type 2 homolog => GTP cyclohydrolase 1 type 2 
[17:05:01] Modify product: UPF0178 protein YaiI => hypothetical protein
[17:05:01] Modify product: Uncharacterized protein YedJ => putative protein YedJ
[17:05:01] Modify product: DegV domain-containing protein spr1415 => DegV domain-containing protein
[17:05:01] Modify product: Nudix hydrolase DR_0079 => Nudix hydrolase
[17:05:01] Modify product: Bifunctional protein FolD => Bifunctional protein FolD protein
[17:05:01] Modify product: Uncharacterized protein YqgN => putative protein YqgN
[17:05:01] Modify product: Probable D,D-dipeptide transport system permease protein DdpC => putative D,D-dipeptide transport system permease protein DdpC
[17:05:01] Modify product: Uncharacterized PIN and TRAM-domain containing protein YacL => putative PIN and TRAM-domain containing protein YacL
[17:05:01] Modify product: Putative multidrug export ATP-binding/permease protein SAV1866 => Putative multidrug export ATP-binding/permease protein
[17:05:01] Modify product: Probable 3-hydroxyacyl-CoA dehydrogenase => putative 3-hydroxyacyl-CoA dehydrogenase
[17:05:01] Modify product: Uncharacterized oxidoreductase SpyM50865 => putative oxidoreductase
[17:05:01] Modify product: Probable quorum-quenching lactonase YtnP => putative quorum-quenching lactonase YtnP
[17:05:01] Modify product: Uncharacterized HTH-type transcriptional regulator SACOL2360 => putative HTH-type transcriptional regulator
[17:05:01] Modify product: Multidrug efflux system ATP-binding protein Rv1218c => Multidrug efflux system ATP-binding protein
[17:05:01] Modify product: Uncharacterized protein YhaP => putative protein YhaP
[17:05:01] Modify product: Uncharacterized ABC transporter ATP-binding protein Rv1273c => putative ABC transporter ATP-binding protein
[17:05:01] Modify product: Uncharacterized ABC transporter ATP-binding protein TM_0288 => putative ABC transporter ATP-binding protein
[17:05:02] Modify product: Probable fructose-bisphosphate aldolase => putative fructose-bisphosphate aldolase
[17:05:02] Modify product: Putative phosphatase M6_Spy0533 => Putative phosphatase
[17:05:02] Modify product: Probable licABCH operon regulator => putative licABCH operon regulator
[17:05:02] Modify product: Uncharacterized HTH-type transcriptional regulator YbbH => putative HTH-type transcriptional regulator YbbH
[17:05:02] Modify product: Probable pyridine nucleotide-disulfide oxidoreductase RclA => putative pyridine nucleotide-disulfide oxidoreductase RclA
[17:05:02] Modify product: Putative multidrug export ATP-binding/permease protein SAV1866 => Putative multidrug export ATP-binding/permease protein
[17:05:02] Modify product: Uncharacterized ABC transporter ATP-binding protein Rv0986 => putative ABC transporter ATP-binding protein
[17:05:02] Modify product: Calcium-transporting ATPase lmo0841 => Calcium-transporting ATPase
[17:05:02] Modify product: UPF0045 protein Rv1898 => hypothetical protein
[17:05:02] Modify product: UPF0346 protein YozE => hypothetical protein
[17:05:02] Modify product: Sulfurtransferase Alvin_2599 => Sulfurtransferase
[17:05:02] Modify product: Probable L-asparaginase => putative L-asparaginase
[17:05:02] Modify product: Putative transport protein Rv0205 => Putative transport protein
[17:05:02] Modify product: DegV domain-containing protein SA1258 => DegV domain-containing protein
[17:05:02] Modify product: UPF0342 protein SA1663 => hypothetical protein
[17:05:02] Modify product: Probable bifunctional oligoribonuclease and PAP phosphatase NrnA => putative bifunctional oligoribonuclease and PAP phosphatase NrnA
[17:05:02] Modify product: Uncharacterized protein Spy1535 => putative protein
[17:05:02] Modify product: Probable transcriptional regulatory protein MSMEG_2940/MSMEI_2866 => putative transcriptional regulatory protein/MSMEI_2866
[17:05:02] Modify product: Transcriptional repressor SmtB homolog => Transcriptional repressor SmtB 
[17:05:02] Modify product: Uncharacterized protein YdhK => putative protein YdhK
[17:05:02] Modify product: Putative trans-acting regulator SP_1800 => Putative trans-acting regulator
[17:05:02] Modify product: Uncharacterized epimerase/dehydratase SA0511 => putative epimerase/dehydratase
[17:05:02] Modify product: Probable metallo-hydrolase M6_Spy0554 => putative metallo-hydrolase
[17:05:02] Modify product: UPF0053 inner membrane protein YfjD => hypothetical protein
[17:05:02] Modify product: UPF0398 protein YpsA => hypothetical protein
[17:05:02] Modify product: Rqc2 homolog RqcH => Rqc2 RqcH
[17:05:02] Modify product: Putative metallophosphoesterase MG207 homolog => Putative metallophosphoesterase MG207 
[17:05:02] Modify product: TelA-like protein SA1238 => TelA-like protein
[17:05:02] Modify product: UPF0154 protein SA1178 => hypothetical protein
[17:05:02] Modify product: UPF0291 protein SP_1473 => hypothetical protein
[17:05:02] Modify product: Probable GTP-binding protein EngB => putative GTP-binding protein EngB
[17:05:02] Modify product: Probable nicotinate-nucleotide adenylyltransferase => putative nicotinate-nucleotide adenylyltransferase
[17:05:02] Modify product: RNA-binding protein HI_1333 => RNA-binding protein
[17:05:02] Modify product: Uncharacterized protein YqeH => putative protein YqeH
[17:05:02] Modify product: UPF0358 protein EF_2458 => hypothetical protein
[17:05:02] Modify product: Probable N-acetyl-LL-diaminopimelate aminotransferase => putative N-acetyl-LL-diaminopimelate aminotransferase
[17:05:02] Modify product: Uncharacterized response regulatory protein SACOL0201 => putative response regulatory protein
[17:05:02] Modify product: Uncharacterized protein HI_0131 => putative protein
[17:05:02] Modify product: Probable licABCH operon regulator => putative licABCH operon regulator
[17:05:02] Modify product: Probable tRNA sulfurtransferase => putative tRNA sulfurtransferase
[17:05:02] Modify product: Putative trans-acting regulator SP_1800 => Putative trans-acting regulator
[17:05:02] Modify product: UPF0702 transmembrane protein YetF => hypothetical protein
[17:05:02] Modify product: UPF0637 protein SA0957 => hypothetical protein
[17:05:02] Modify product: Uncharacterized multiple-sugar transport system permease YteP => putative multiple-sugar transport system permease YteP
[17:05:02] Modify product: Uncharacterized protein YpjQ => putative protein YpjQ
[17:05:02] Modify product: Uncharacterized oxidoreductase Mb2996 => putative oxidoreductase
[17:05:02] Modify product: Acetyltransferase SACOL1063 => Acetyltransferase
[17:05:02] Modify product: Acetyltransferase SACOL1063 => Acetyltransferase
[17:05:02] Modify product: UPF0413 protein YjbH => hypothetical protein
[17:05:02] Modify product: UPF0758 protein YsxA => hypothetical protein
[17:05:02] Modify product: UPF0473 protein SP_0194 => hypothetical protein
[17:05:02] Modify product: UPF0297 protein EF_1202 => hypothetical protein
[17:05:03] Modify product: UPF0397 protein SP_0482 => hypothetical protein
[17:05:03] Modify product: UPF0051 protein SA0778 => hypothetical protein
[17:05:03] Modify product: UPF0051 protein SA0778 => hypothetical protein
[17:05:03] Modify product: Probable ABC transporter ATP-binding protein M6_Spy0273 => putative ABC transporter ATP-binding protein
[17:05:03] Modify product: Uncharacterized protein YqeN => putative protein YqeN
[17:05:03] Modify product: Uncharacterized protein YbbA => putative protein YbbA
[17:05:03] Modify product: Uncharacterized ABC transporter ATP-binding protein YheS => putative ABC transporter ATP-binding protein YheS
[17:05:03] Modify product: UPF0340 protein YwlG => hypothetical protein
[17:05:03] Modify product: Protease HtpX homolog => Protease HtpX 
[17:05:03] Modify product: Uncharacterized ABC transporter ATP-binding protein Rv0986 => putative ABC transporter ATP-binding protein
[17:05:03] Modify product: Probable ABC transporter phosphite binding protein PhnD1 => putative ABC transporter phosphite binding protein PhnD1
[17:05:03] Modify product: UPF0394 inner membrane protein YeeE => hypothetical protein
[17:05:03] Modify product: Uncharacterized protein YacP => putative protein YacP
[17:05:03] Modify product: Uncharacterized oxidoreductase YjhC => putative oxidoreductase YjhC
[17:05:03] Modify product: Probable peptidoglycan glycosyltransferase FtsW => putative peptidoglycan glycosyltransferase FtsW
[17:05:03] Modify product: Organic hydroperoxide resistance protein-like => Organic hydroperoxide resistance protein-like protein
[17:05:03] Cleaned 116 /product names
[17:05:03] Deleting unwanted file: analysis_prokka/Prokka_Out/prokka_dpi_genomes_forncbi_kpl3065_c.current.sprot.tmp.68737.faa
[17:05:03] Deleting unwanted file: analysis_prokka/Prokka_Out/prokka_dpi_genomes_forncbi_kpl3065_c.current.sprot.tmp.68737.blast
[17:05:04] There are still 663 unannotated CDS left (started with 1694)
[17:05:04] Will use hmmer3 to search against /Users/isabelfe/opt/anaconda3/db/hmm/HAMAP.hmm with 2 CPUs
[17:05:04] Running: cat analysis_prokka\/Prokka_Out\/prokka_dpi_genomes_forncbi_kpl3065_c\.current\.HAMAP\.hmm\.tmp\.68737\.faa | parallel --gnu --plain -j 2 --block 49144 --recstart '>' --pipe hmmscan --noali --notextw --acc -E 1e-09 --cpu 1 /Users/isabelfe/opt/anaconda3/db/hmm/HAMAP.hmm /dev/stdin > analysis_prokka\/Prokka_Out\/prokka_dpi_genomes_forncbi_kpl3065_c\.current\.HAMAP\.hmm\.tmp\.68737\.hmmer3 2> /dev/null
[17:05:50] Modify product: Uncharacterized Nudix hydrolase NudL => putative Nudix hydrolase NudL
[17:05:50] Modify product: Protein SprT-like => Protein SprT-like protein
[17:05:50] Cleaned 2 /product names
[17:05:50] Deleting unwanted file: analysis_prokka/Prokka_Out/prokka_dpi_genomes_forncbi_kpl3065_c.current.HAMAP.hmm.tmp.68737.faa
[17:05:50] Deleting unwanted file: analysis_prokka/Prokka_Out/prokka_dpi_genomes_forncbi_kpl3065_c.current.HAMAP.hmm.tmp.68737.hmmer3
[17:05:50] Labelling remaining 581 proteins as 'hypothetical protein'
[17:05:50] Possible /pseudo 'D-methionine-binding lipoprotein MetQ' at c_000000000001 position 122696
[17:05:50] Possible /pseudo 'IS3 family transposase ISEfa10' at c_000000000001 position 142378
[17:05:50] Possible /pseudo 'PTS system mannose-specific EIIAB component' at c_000000000001 position 167777
[17:05:50] Possible /pseudo 'Oligopeptide transport ATP-binding protein OppD' at c_000000000001 position 222281
[17:05:50] Possible /pseudo 'putative ABC transporter ATP-binding protein' at c_000000000001 position 306774
[17:05:50] Possible /pseudo 'Putative glycerol transporter' at c_000000000001 position 523306
[17:05:50] Possible /pseudo 'putative protein' at c_000000000001 position 616540
[17:05:50] Possible /pseudo 'Undecaprenyl-phosphate 4-deoxy-4-formamido-L-arabinose transferase' at c_000000000001 position 760579
[17:05:50] Possible /pseudo 'Tyrosine recombinase XerD' at c_000000000001 position 1228120
[17:05:50] Possible /pseudo 'Phospho-N-acetylmuramoyl-pentapeptide-transferase' at c_000000000001 position 1255118
[17:05:50] Possible /pseudo 'Acetyltransferase' at c_000000000001 position 1441385
[17:05:50] Possible /pseudo 'Glycine reductase complex component B subunit gamma' at c_000000000001 position 1685595
[17:05:50] Found 895 unique /gene codes.
[17:05:50] Fixed 3 duplicate /gene - oppF_1 oppF_2 oppF_3
[17:05:50] Fixed 2 duplicate /gene - pcp_1 pcp_2
[17:05:50] Fixed 4 duplicate /gene - oppD_1 oppD_2 oppD_3 oppD_4
[17:05:50] Fixed 2 duplicate /gene - iscS_1 iscS_2
[17:05:50] Fixed 5 duplicate /gene - metQ_1 metQ_2 metQ_3 metQ_4 metQ_5
[17:05:50] Fixed 2 duplicate /gene - tagU_1 tagU_2
[17:05:50] Fixed 2 duplicate /gene - lplJ_1 lplJ_2
[17:05:50] Fixed 2 duplicate /gene - rnfC_1 rnfC_2
[17:05:50] Fixed 2 duplicate /gene - ptsG_1 ptsG_2
[17:05:50] Fixed 2 duplicate /gene - nagB_1 nagB_2
[17:05:50] Fixed 4 duplicate /gene - agrA_1 agrA_2 agrA_3 agrA_4
[17:05:50] Fixed 2 duplicate /gene - sasA_1 sasA_2
[17:05:50] Fixed 2 duplicate /gene - gcvH_1 gcvH_2
[17:05:50] Fixed 2 duplicate /gene - trxB_1 trxB_2
[17:05:50] Fixed 2 duplicate /gene - thiD_1 thiD_2
[17:05:50] Fixed 2 duplicate /gene - dacA_1 dacA_2
[17:05:50] Fixed 2 duplicate /gene - lacF_1 lacF_2
[17:05:50] Fixed 2 duplicate /gene - urdA_1 urdA_2
[17:05:50] Fixed 2 duplicate /gene - nylA_1 nylA_2
[17:05:50] Fixed 2 duplicate /gene - lagD_1 lagD_2
[17:05:50] Fixed 2 duplicate /gene - gsiC_1 gsiC_2
[17:05:50] Fixed 2 duplicate /gene - ytrA_1 ytrA_2
[17:05:50] Fixed 2 duplicate /gene - ccpA_1 ccpA_2
[17:05:50] Fixed 2 duplicate /gene - ettA_1 ettA_2
[17:05:50] Fixed 2 duplicate /gene - mgtE_1 mgtE_2
[17:05:50] Fixed 9 duplicate /gene - btuD_1 btuD_2 btuD_3 btuD_4 btuD_5 btuD_6 btuD_7 btuD_8 btuD_9
[17:05:50] Fixed 2 duplicate /gene - mraY_1 mraY_2
[17:05:50] Fixed 2 duplicate /gene - gmk_1 gmk_2
[17:05:50] Fixed 2 duplicate /gene - dsdA_1 dsdA_2
[17:05:50] Fixed 2 duplicate /gene - zosA_1 zosA_2
[17:05:50] Fixed 2 duplicate /gene - rnfD_1 rnfD_2
[17:05:50] Fixed 2 duplicate /gene - licA_1 licA_2
[17:05:50] Fixed 3 duplicate /gene - smc_1 smc_2 smc_3
[17:05:50] Fixed 2 duplicate /gene - pepF1_1 pepF1_2
[17:05:50] Fixed 2 duplicate /gene - spxA_1 spxA_2
[17:05:50] Fixed 2 duplicate /gene - licR_1 licR_2
[17:05:50] Fixed 2 duplicate /gene - xerC_1 xerC_2
[17:05:50] Fixed 2 duplicate /gene - bglK_1 bglK_2
[17:05:50] Fixed 3 duplicate /gene - bglH_1 bglH_2 bglH_3
[17:05:50] Fixed 2 duplicate /gene - atpD_1 atpD_2
[17:05:50] Fixed 2 duplicate /gene - aes_1 aes_2
[17:05:50] Fixed 2 duplicate /gene - gatC_1 gatC_2
[17:05:50] Fixed 2 duplicate /gene - cobB_1 cobB_2
[17:05:50] Fixed 2 duplicate /gene - luxS_1 luxS_2
[17:05:50] Fixed 3 duplicate /gene - fabG_1 fabG_2 fabG_3
[17:05:50] Fixed 2 duplicate /gene - fpgS_1 fpgS_2
[17:05:50] Fixed 2 duplicate /gene - dagK_1 dagK_2
[17:05:50] Fixed 2 duplicate /gene - clpC_1 clpC_2
[17:05:50] Fixed 2 duplicate /gene - apbE_1 apbE_2
[17:05:50] Fixed 2 duplicate /gene - pnp_1 pnp_2
[17:05:50] Fixed 2 duplicate /gene - trxA_1 trxA_2
[17:05:50] Fixed 3 duplicate /gene - metP_1 metP_2 metP_3
[17:05:50] Fixed 2 duplicate /gene - yohK_1 yohK_2
[17:05:50] Fixed 2 duplicate /gene - rhaR_1 rhaR_2
[17:05:50] Fixed 2 duplicate /gene - copY_1 copY_2
[17:05:50] Fixed 2 duplicate /gene - est_1 est_2
[17:05:50] Fixed 2 duplicate /gene - manX_1 manX_2
[17:05:50] Fixed 2 duplicate /gene - ecfT_1 ecfT_2
[17:05:50] Fixed 2 duplicate /gene - lrgA_1 lrgA_2
[17:05:50] Fixed 2 duplicate /gene - rpoN1_1 rpoN1_2
[17:05:50] Fixed 3 duplicate /gene - brnQ_1 brnQ_2 brnQ_3
[17:05:50] Fixed 2 duplicate /gene - argS_1 argS_2
[17:05:50] Fixed 6 duplicate /gene - bcrA_1 bcrA_2 bcrA_3 bcrA_4 bcrA_5 bcrA_6
[17:05:50] Fixed 2 duplicate /gene - ngcG_1 ngcG_2
[17:05:50] Fixed 2 duplicate /gene - acpP_1 acpP_2
[17:05:50] Fixed 2 duplicate /gene - tenA_1 tenA_2
[17:05:50] Fixed 2 duplicate /gene - licC_1 licC_2
[17:05:50] Fixed 2 duplicate /gene - mshA_1 mshA_2
[17:05:50] Fixed 3 duplicate /gene - lexA_1 lexA_2 lexA_3
[17:05:50] Fixed 2 duplicate /gene - srrA_1 srrA_2
[17:05:50] Fixed 2 duplicate /gene - nanA_1 nanA_2
[17:05:50] Fixed 2 duplicate /gene - mntB_1 mntB_2
[17:05:50] Fixed 2 duplicate /gene - xerD_1 xerD_2
[17:05:50] Fixed 2 duplicate /gene - cadA_1 cadA_2
[17:05:50] Fixed 2 duplicate /gene - grdB_1 grdB_2
[17:05:50] Fixed 2 duplicate /gene - metN_1 metN_2
[17:05:50] Fixed 2 duplicate /gene - ruvB_1 ruvB_2
[17:05:50] Fixed 2 duplicate /gene - sufS_1 sufS_2
[17:05:50] Fixed 2 duplicate /gene - atpE_1 atpE_2
[17:05:50] Fixed 2 duplicate /gene - galK_1 galK_2
[17:05:50] Fixed 2 duplicate /gene - rsmH_1 rsmH_2
[17:05:50] Fixed 2 duplicate /gene - alsT_1 alsT_2
[17:05:50] Fixed 2 duplicate /gene - lacC_1 lacC_2
[17:05:50] Fixed 2 duplicate /gene - yclP_1 yclP_2
[17:05:50] Fixed 3 duplicate /gene - arnC_1 arnC_2 arnC_3
[17:05:50] Fixed 85 colliding /gene names.
[17:05:50] Adding /locus_tag identifiers
[17:05:50] Assigned 1760 locus_tags to CDS and RNA features.
[17:05:50] Writing outputs to analysis_prokka/Prokka_Out/
[17:05:54] Generating annotation statistics file
[17:05:54] Generating Genbank and Sequin files
[17:05:54] Running: tbl2asn -V b -a r10k -l paired-ends -M n -N 1 -y 'Annotated using prokka 1.14.6 from https://github.com/tseemann/prokka' -Z analysis_prokka\/Prokka_Out\/prokka_dpi_genomes_forncbi_kpl3065_c\.current\.err -i analysis_prokka\/Prokka_Out\/prokka_dpi_genomes_forncbi_kpl3065_c\.current\.fsa 2> /dev/null
[17:06:01] Could not run command: tbl2asn -V b -a r10k -l paired-ends -M n -N 1 -y 'Annotated using prokka 1.14.6 from https://github.com/tseemann/prokka' -Z analysis_prokka\/Prokka_Out\/prokka_dpi_genomes_forncbi_kpl3065_c\.current\.err -i analysis_prokka\/Prokka_Out\/prokka_dpi_genomes_forncbi_kpl3065_c\.current\.fsa 2> /dev/null
