[18:30:59] This is prokka 1.14.6
[18:30:59] Written by Torsten Seemann <torsten.seemann@gmail.com>
[18:30:59] Homepage is https://github.com/tseemann/prokka
[18:30:59] Local time is Thu Oct 29 18:30:59 2020
[18:30:59] You are tommytran
[18:30:59] Operating system is darwin
[18:30:59] You have BioPerl 1.007002
[18:31:00] System has 6 cores.
[18:31:00] Will use maximum of 6 cores.
[18:31:00] Annotating as >>> Bacteria <<<
[18:31:00] Generating locus_tag from 'analysis_get_homologues/Renamed_Dpig/KPL3065.fa' contents.
[18:31:00] Setting --locustag FAPMHCDN from MD5 fa961cd7c32f74e2c742c16bb641da63
[18:31:00] Re-using existing --outdir analysis_get_homologues/Prokka_Out
[18:31:00] Using filename prefix: prokka_KPL3065.XXX
[18:31:00] Setting HMMER_NCPU=1
[18:31:00] Writing log to: analysis_get_homologues/Prokka_Out/prokka_KPL3065.log
[18:31:00] Command: /Users/tommytran/miniconda3/bin/prokka --prefix prokka_KPL3065 --outdir analysis_get_homologues/Prokka_Out --genus Dolosigranulum --species pigrum --strain KPL3065 --cpus 0 --force analysis_get_homologues/Renamed_Dpig/KPL3065.fa
[18:31:00] Appending to PATH: /Users/tommytran/miniconda3/bin
[18:31:00] Looking for 'aragorn' - found /Users/tommytran/miniconda3/bin/aragorn
[18:31:00] Determined aragorn version is 001002 from 'ARAGORN v1.2.38 Dean Laslett'
[18:31:00] Looking for 'barrnap' - found /Users/tommytran/miniconda3/bin/barrnap
[18:31:00] Determined barrnap version is 000009 from 'barrnap 0.9'
[18:31:00] Looking for 'blastp' - found /Users/tommytran/miniconda3/bin/blastp
[18:31:00] Determined blastp version is 002009 from 'blastp: 2.9.0+'
[18:31:00] Looking for 'cmpress' - found /Users/tommytran/miniconda3/bin/cmpress
[18:31:00] Determined cmpress version is 001001 from '# INFERNAL 1.1.2 (July 2016)'
[18:31:00] Looking for 'cmscan' - found /Users/tommytran/miniconda3/bin/cmscan
[18:31:00] Determined cmscan version is 001001 from '# INFERNAL 1.1.2 (July 2016)'
[18:31:00] Looking for 'egrep' - found /usr/bin/egrep
[18:31:00] Looking for 'find' - found /usr/bin/find
[18:31:00] Looking for 'grep' - found /usr/bin/grep
[18:31:00] Looking for 'hmmpress' - found /Users/tommytran/miniconda3/bin/hmmpress
[18:31:00] Determined hmmpress version is 003003 from '# HMMER 3.3 (Nov 2019); http://hmmer.org/'
[18:31:00] Looking for 'hmmscan' - found /Users/tommytran/miniconda3/bin/hmmscan
[18:31:00] Determined hmmscan version is 003003 from '# HMMER 3.3 (Nov 2019); http://hmmer.org/'
[18:31:00] Looking for 'java' - found /Users/tommytran/miniconda3/bin/java
[18:31:00] Looking for 'makeblastdb' - found /Users/tommytran/miniconda3/bin/makeblastdb
[18:31:00] Determined makeblastdb version is 002009 from 'makeblastdb: 2.9.0+'
[18:31:00] Looking for 'minced' - found /Users/tommytran/miniconda3/bin/minced
[18:31:00] Determined minced version is 004002 from 'minced 0.4.2'
[18:31:00] Looking for 'parallel' - found /Users/tommytran/miniconda3/bin/parallel
[18:31:00] Determined parallel version is 20200522 from 'GNU parallel 20200522'
[18:31:00] Looking for 'prodigal' - found /Users/tommytran/miniconda3/bin/prodigal
[18:31:00] Determined prodigal version is 002006 from 'Prodigal V2.6.3: February, 2016'
[18:31:00] Looking for 'prokka-genbank_to_fasta_db' - found /Users/tommytran/miniconda3/bin/prokka-genbank_to_fasta_db
[18:31:00] Looking for 'sed' - found /usr/bin/sed
[18:31:00] Looking for 'tbl2asn' - found /Users/tommytran/miniconda3/bin/tbl2asn
[18:31:00] Determined tbl2asn version is 025007 from 'tbl2asn 25.7   arguments:'
[18:31:00] Using genetic code table 11.
[18:31:00] Loading and checking input file: analysis_get_homologues/Renamed_Dpig/KPL3065.fa
[18:31:00] Wrote 1 contigs totalling 1878426 bp.
[18:31:00] Predicting tRNAs and tmRNAs
[18:31:00] Running: aragorn -l -gc11  -w analysis_get_homologues\/Prokka_Out\/prokka_KPL3065\.fna
[18:31:01] 1 tRNA-Val [180544,180618] 35 (gac)
[18:31:01] 2 tRNA-Ala [416013,416087] 35 (tgc)
[18:31:01] 3 tRNA-Asn [419409,419483] 35 (gtt)
[18:31:01] 4 tRNA-Leu [489095,489178] 34 (gag)
[18:31:01] 5 tRNA-Ser [1151999,1152087] 36 (gga)
[18:31:01] 6 tRNA-Arg c[1213769,1213843] 35 (tct)
[18:31:01] 7 tRNA-Phe c[1387579,1387653] 35 (gaa)
[18:31:01] 8 tRNA-Asp c[1387659,1387734] 36 (gtc)
[18:31:01] 9 tRNA-Ser c[1387758,1387847] 37 (tga)
[18:31:01] 10 tRNA-Glu c[1387858,1387929] 34 (ttc)
[18:31:01] 11 tRNA-Ser c[1387945,1388035] 36 (gct)
[18:31:01] 12 tRNA-Ile c[1388061,1388136] 36 (gat)
[18:31:01] 13 tRNA-Gly c[1388144,1388214] 33 (tcc)
[18:31:01] 14 tRNA-Asp c[1388219,1388294] 36 (gtc)
[18:31:01] 15 tRNA-Met c[1388309,1388383] 35 (cat)
[18:31:01] 16 tRNA-Pro c[1388393,1388466] 35 (tgg)
[18:31:01] 17 tRNA-Arg c[1388488,1388563] 36 (acg)
[18:31:01] 18 tRNA-Leu c[1388572,1388658] 35 (taa)
[18:31:01] 19 tRNA-Gly c[1388687,1388758] 33 (gcc)
[18:31:01] 20 tRNA-Thr c[1388774,1388846] 34 (tgt)
[18:31:01] 21 tRNA-Leu c[1388853,1388934] 35 (tag)
[18:31:01] 22 tRNA-Lys c[1388952,1389024] 34 (ttt)
[18:31:01] 23 tRNA-Val c[1389034,1389106] 34 (tac)
[18:31:01] 24 tmRNA [1498456,1498813] 92,127 ANKNSNLALAA*
[18:31:01] 25 tRNA-Thr c[1624141,1624214] 34 (ggt)
[18:31:01] 26 tRNA-Gln c[1629560,1629633] 34 (ttg)
[18:31:01] 27 tRNA-Tyr c[1629637,1629720] 36 (gta)
[18:31:01] 28 tRNA-Glu c[1629725,1629796] 34 (ttc)
[18:31:01] 29 tRNA-SeC [1699829,1699926] 36 (tca)
[18:31:01] 30 tRNA-Arg c[1716909,1716983] 35 (tcg)
[18:31:01] 31 tRNA-Lys c[1717007,1717079] 34 (ttt)
[18:31:01] 32 tRNA-Val c[1717089,1717161] 34 (tac)
[18:31:01] 33 tRNA-Leu c[1722419,1722503] 35 (caa)
[18:31:01] 34 tRNA-Cys c[1722531,1722603] 33 (gca)
[18:31:01] 35 tRNA-Gln c[1722615,1722688] 34 (ttg)
[18:31:01] 36 tRNA-His c[1722703,1722777] 35 (gtg)
[18:31:01] 37 tRNA-Trp c[1722787,1722859] 34 (cca)
[18:31:01] 38 tRNA-Tyr c[1722862,1722944] 36 (gta)
[18:31:01] 39 tRNA-Phe c[1722961,1723035] 35 (gaa)
[18:31:01] 40 tRNA-Asp c[1723041,1723116] 36 (gtc)
[18:31:01] 41 tRNA-Met c[1723131,1723205] 35 (cat)
[18:31:01] 42 tRNA-Ser c[1723225,1723314] 37 (tga)
[18:31:01] 43 tRNA-Glu c[1723327,1723398] 34 (ttc)
[18:31:01] 44 tRNA-Ile c[1723414,1723489] 36 (gat)
[18:31:01] 45 tRNA-Gly c[1723499,1723569] 33 (tcc)
[18:31:01] 46 tRNA-Met c[1723622,1723695] 35 (cat)
[18:31:01] 47 tRNA-Met c[1723713,1723788] 36 (cat)
[18:31:01] 48 tRNA-Pro c[1723807,1723880] 35 (tgg)
[18:31:01] 49 tRNA-Arg c[1723937,1724012] 36 (acg)
[18:31:01] 50 tRNA-Leu c[1724021,1724107] 35 (taa)
[18:31:01] 51 tRNA-Gly c[1724136,1724207] 33 (gcc)
[18:31:01] 52 tRNA-Thr c[1724223,1724295] 34 (tgt)
[18:31:01] 53 tRNA-Asn c[1831036,1831110] 35 (gtt)
[18:31:01] 54 tRNA-Ala c[1834431,1834505] 35 (tgc)
[18:31:01] Found 54 tRNAs
[18:31:01] Predicting Ribosomal RNAs
[18:31:01] Running Barrnap with 6 threads
[18:31:02] 1 c_000000000001 414389 16S ribosomal RNA
[18:31:02] 2 c_000000000001 416282 23S ribosomal RNA
[18:31:02] 3 c_000000000001 419266 5S ribosomal RNA
[18:31:02] 4 c_000000000001 1389124 5S ribosomal RNA
[18:31:02] 5 c_000000000001 1389317 23S ribosomal RNA
[18:31:02] 6 c_000000000001 1392477 16S ribosomal RNA
[18:31:02] 7 c_000000000001 1717179 5S ribosomal RNA
[18:31:02] 8 c_000000000001 1717372 23S ribosomal RNA
[18:31:02] 9 c_000000000001 1720534 16S ribosomal RNA
[18:31:02] 10 c_000000000001 1831143 5S ribosomal RNA
[18:31:02] 11 c_000000000001 1831336 23S ribosomal RNA
[18:31:02] 12 c_000000000001 1834588 16S ribosomal RNA
[18:31:02] Found 12 rRNAs
[18:31:02] Skipping ncRNA search, enable with --rfam if desired.
[18:31:02] Total of 65 tRNA + rRNA features
[18:31:02] Searching for CRISPR repeats
[18:31:02] CRISPR1 c_000000000001 656647 with 11 spacers
[18:31:02] CRISPR2 c_000000000001 659239 with 10 spacers
[18:31:02] Found 2 CRISPRs
[18:31:02] Predicting coding sequences
[18:31:02] Contigs total 1878426 bp, so using single mode
[18:31:02] Running: prodigal -i analysis_get_homologues\/Prokka_Out\/prokka_KPL3065\.fna -c -m -g 11 -p single -f sco -q
[18:31:06] Found 1694 CDS
[18:31:06] Connecting features back to sequences
[18:31:06] Not using genus-specific database. Try --usegenus to enable it.
[18:31:06] Annotating CDS, please be patient.
[18:31:06] Will use 6 CPUs for similarity searching.
[18:31:06] There are still 1694 unannotated CDS left (started with 1694)
[18:31:06] Will use blast to search against /Users/tommytran/miniconda3/db/kingdom/Bacteria/IS with 6 CPUs
[18:31:06] Running: cat analysis_get_homologues\/Prokka_Out\/prokka_KPL3065\.IS\.tmp\.11216\.faa | parallel --gnu --plain -j 6 --block 46273 --recstart '>' --pipe blastp -query - -db /Users/tommytran/miniconda3/db/kingdom/Bacteria/IS -evalue 1e-30 -qcov_hsp_perc 90 -num_threads 1 -num_descriptions 1 -num_alignments 1 -seg no > analysis_get_homologues\/Prokka_Out\/prokka_KPL3065\.IS\.tmp\.11216\.blast 2> /dev/null
[18:31:12] Deleting unwanted file: analysis_get_homologues/Prokka_Out/prokka_KPL3065.IS.tmp.11216.faa
[18:31:12] Deleting unwanted file: analysis_get_homologues/Prokka_Out/prokka_KPL3065.IS.tmp.11216.blast
[18:31:12] There are still 1691 unannotated CDS left (started with 1694)
[18:31:12] Will use blast to search against /Users/tommytran/miniconda3/db/kingdom/Bacteria/AMR with 6 CPUs
[18:31:12] Running: cat analysis_get_homologues\/Prokka_Out\/prokka_KPL3065\.AMR\.tmp\.11216\.faa | parallel --gnu --plain -j 6 --block 46198 --recstart '>' --pipe blastp -query - -db /Users/tommytran/miniconda3/db/kingdom/Bacteria/AMR -evalue 9.99999999999999e-301 -qcov_hsp_perc 90 -num_threads 1 -num_descriptions 1 -num_alignments 1 -seg no > analysis_get_homologues\/Prokka_Out\/prokka_KPL3065\.AMR\.tmp\.11216\.blast 2> /dev/null
[18:31:17] Deleting unwanted file: analysis_get_homologues/Prokka_Out/prokka_KPL3065.AMR.tmp.11216.faa
[18:31:17] Deleting unwanted file: analysis_get_homologues/Prokka_Out/prokka_KPL3065.AMR.tmp.11216.blast
[18:31:17] There are still 1691 unannotated CDS left (started with 1694)
[18:31:17] Will use blast to search against /Users/tommytran/miniconda3/db/kingdom/Bacteria/sprot with 6 CPUs
[18:31:17] Running: cat analysis_get_homologues\/Prokka_Out\/prokka_KPL3065\.sprot\.tmp\.11216\.faa | parallel --gnu --plain -j 6 --block 46198 --recstart '>' --pipe blastp -query - -db /Users/tommytran/miniconda3/db/kingdom/Bacteria/sprot -evalue 1e-09 -qcov_hsp_perc 80 -num_threads 1 -num_descriptions 1 -num_alignments 1 -seg no > analysis_get_homologues\/Prokka_Out\/prokka_KPL3065\.sprot\.tmp\.11216\.blast 2> /dev/null
[18:31:38] Modify product: Probable cell division protein WhiA => putative cell division protein WhiA
[18:31:38] Modify product: UPF0302 protein BA_1542/GBAA_1542/BAS1430 => hypothetical protein
[18:31:38] Modify product: Uncharacterized protein YpjD => putative protein YpjD
[18:31:38] Modify product: UPF0324 inner membrane protein YeiH => hypothetical protein
[18:31:38] Modify product: UPF0053 protein HI_0107 => hypothetical protein
[18:31:38] Modify product: Uncharacterized MscS family protein YkuT => putative MscS family protein YkuT
[18:31:38] Modify product: UPF0176 protein SP_0095 => hypothetical protein
[18:31:38] Modify product: Putative universal stress protein SA1532 => Putative universal stress protein
[18:31:38] Modify product: Uncharacterized AAA domain-containing protein Rv2559c => putative AAA domain-containing protein
[18:31:38] Modify product: Probable multidrug resistance ABC transporter ATP-binding/permease protein YheI => putative multidrug resistance ABC transporter ATP-binding/permease protein YheI
[18:31:38] Modify product: Probable multidrug resistance ABC transporter ATP-binding/permease protein YheH => putative multidrug resistance ABC transporter ATP-binding/permease protein YheH
[18:31:38] Modify product: Probable undecaprenyl-phosphate N-acetylglucosaminyl 1-phosphate transferase => putative undecaprenyl-phosphate N-acetylglucosaminyl 1-phosphate transferase
[18:31:38] Modify product: UPF0365 protein SA1402 => hypothetical protein
[18:31:38] Modify product: Putative glycerol transporter Lin0368 => Putative glycerol transporter
[18:31:38] Modify product: Putative glycerol transporter Lin0367 => Putative glycerol transporter
[18:31:38] Modify product: Probable transcription repressor NiaR => putative transcription repressor NiaR
[18:31:38] Modify product: Probable protein-export membrane protein SecG => putative protein-export membrane protein SecG
[18:31:39] Modify product: Uncharacterized protein Spy1614 => putative protein
[18:31:39] Modify product: Uncharacterized protein SA1069 => putative protein
[18:31:39] Modify product: Probable glycine dehydrogenase (decarboxylating) subunit 1 => putative glycine dehydrogenase (decarboxylating) subunit 1
[18:31:39] Modify product: Probable glycine dehydrogenase (decarboxylating) subunit 2 => putative glycine dehydrogenase (decarboxylating) subunit 2
[18:31:39] Modify product: UPF0073 inner membrane protein YqfA => hypothetical protein
[18:31:39] Modify product: Putative phosphatase M6_Spy0533 => Putative phosphatase
[18:31:39] Modify product: UPF0122 protein SP_1288 => hypothetical protein
[18:31:39] Modify product: Probable ribosomal protein YlxQ => putative ribosomal protein YlxQ
[18:31:39] Modify product: Probable endonuclease 4 => putative endonuclease 4
[18:31:39] Modify product: UPF0374 protein SP_1903 => hypothetical protein
[18:31:39] Modify product: Putative aminotransferase MSMEG_6286/MSMEI_6121 => Putative aminotransferase/MSMEI_6121
[18:31:39] Modify product: Uncharacterized protein YqeY => putative protein YqeY
[18:31:39] Modify product: Putative multidrug export ATP-binding/permease protein SAV1866 => Putative multidrug export ATP-binding/permease protein
[18:31:39] Modify product: GTP cyclohydrolase 1 type 2 homolog => GTP cyclohydrolase 1 type 2 
[18:31:39] Modify product: UPF0178 protein YaiI => hypothetical protein
[18:31:39] Modify product: Uncharacterized protein YedJ => putative protein YedJ
[18:31:39] Modify product: DegV domain-containing protein spr1415 => DegV domain-containing protein
[18:31:39] Modify product: Nudix hydrolase DR_0079 => Nudix hydrolase
[18:31:39] Modify product: Bifunctional protein FolD => Bifunctional protein FolD protein
[18:31:39] Modify product: Uncharacterized protein YqgN => putative protein YqgN
[18:31:39] Modify product: Probable D,D-dipeptide transport system permease protein DdpC => putative D,D-dipeptide transport system permease protein DdpC
[18:31:39] Modify product: Uncharacterized PIN and TRAM-domain containing protein YacL => putative PIN and TRAM-domain containing protein YacL
[18:31:39] Modify product: Putative multidrug export ATP-binding/permease protein SAV1866 => Putative multidrug export ATP-binding/permease protein
[18:31:39] Modify product: Probable 3-hydroxyacyl-CoA dehydrogenase => putative 3-hydroxyacyl-CoA dehydrogenase
[18:31:39] Modify product: Uncharacterized oxidoreductase SpyM50865 => putative oxidoreductase
[18:31:39] Modify product: Probable quorum-quenching lactonase YtnP => putative quorum-quenching lactonase YtnP
[18:31:39] Modify product: Uncharacterized HTH-type transcriptional regulator SACOL2360 => putative HTH-type transcriptional regulator
[18:31:39] Modify product: Multidrug efflux system ATP-binding protein Rv1218c => Multidrug efflux system ATP-binding protein
[18:31:39] Modify product: Uncharacterized protein YhaP => putative protein YhaP
[18:31:39] Modify product: Uncharacterized ABC transporter ATP-binding protein Rv1273c => putative ABC transporter ATP-binding protein
[18:31:39] Modify product: Uncharacterized ABC transporter ATP-binding protein TM_0288 => putative ABC transporter ATP-binding protein
[18:31:39] Modify product: Probable fructose-bisphosphate aldolase => putative fructose-bisphosphate aldolase
[18:31:39] Modify product: Putative phosphatase M6_Spy0533 => Putative phosphatase
[18:31:39] Modify product: Probable licABCH operon regulator => putative licABCH operon regulator
[18:31:39] Modify product: Uncharacterized HTH-type transcriptional regulator YbbH => putative HTH-type transcriptional regulator YbbH
[18:31:39] Modify product: Probable pyridine nucleotide-disulfide oxidoreductase RclA => putative pyridine nucleotide-disulfide oxidoreductase RclA
[18:31:39] Modify product: Putative multidrug export ATP-binding/permease protein SAV1866 => Putative multidrug export ATP-binding/permease protein
[18:31:39] Modify product: Uncharacterized ABC transporter ATP-binding protein Rv0986 => putative ABC transporter ATP-binding protein
[18:31:39] Modify product: Calcium-transporting ATPase lmo0841 => Calcium-transporting ATPase
[18:31:39] Modify product: UPF0045 protein Rv1898 => hypothetical protein
[18:31:39] Modify product: UPF0346 protein YozE => hypothetical protein
[18:31:39] Modify product: Sulfurtransferase Alvin_2599 => Sulfurtransferase
[18:31:39] Modify product: Probable L-asparaginase => putative L-asparaginase
[18:31:39] Modify product: Putative transport protein Rv0205 => Putative transport protein
[18:31:39] Modify product: DegV domain-containing protein SA1258 => DegV domain-containing protein
[18:31:39] Modify product: UPF0342 protein SA1663 => hypothetical protein
[18:31:39] Modify product: Probable bifunctional oligoribonuclease and PAP phosphatase NrnA => putative bifunctional oligoribonuclease and PAP phosphatase NrnA
[18:31:39] Modify product: Uncharacterized protein Spy1535 => putative protein
[18:31:39] Modify product: Probable transcriptional regulatory protein MSMEG_2940/MSMEI_2866 => putative transcriptional regulatory protein/MSMEI_2866
[18:31:39] Modify product: Transcriptional repressor SmtB homolog => Transcriptional repressor SmtB 
[18:31:39] Modify product: Uncharacterized protein YdhK => putative protein YdhK
[18:31:39] Modify product: Uncharacterized multiple-sugar transport system permease YteP => putative multiple-sugar transport system permease YteP
[18:31:39] Modify product: Uncharacterized protein YpjQ => putative protein YpjQ
[18:31:39] Modify product: Uncharacterized oxidoreductase Mb2996 => putative oxidoreductase
[18:31:39] Modify product: Acetyltransferase SACOL1063 => Acetyltransferase
[18:31:39] Modify product: Acetyltransferase SACOL1063 => Acetyltransferase
[18:31:39] Modify product: UPF0413 protein YjbH => hypothetical protein
[18:31:39] Modify product: UPF0758 protein YsxA => hypothetical protein
[18:31:39] Modify product: UPF0473 protein SP_0194 => hypothetical protein
[18:31:39] Modify product: UPF0297 protein EF_1202 => hypothetical protein
[18:31:39] Modify product: UPF0397 protein SP_0482 => hypothetical protein
[18:31:39] Modify product: UPF0051 protein SA0778 => hypothetical protein
[18:31:39] Modify product: UPF0051 protein SA0778 => hypothetical protein
[18:31:39] Modify product: Probable ABC transporter ATP-binding protein M6_Spy0273 => putative ABC transporter ATP-binding protein
[18:31:39] Modify product: Putative trans-acting regulator SP_1800 => Putative trans-acting regulator
[18:31:39] Modify product: Uncharacterized epimerase/dehydratase SA0511 => putative epimerase/dehydratase
[18:31:39] Modify product: Probable metallo-hydrolase M6_Spy0554 => putative metallo-hydrolase
[18:31:39] Modify product: UPF0053 inner membrane protein YfjD => hypothetical protein
[18:31:39] Modify product: UPF0398 protein YpsA => hypothetical protein
[18:31:39] Modify product: Rqc2 homolog RqcH => Rqc2 RqcH
[18:31:39] Modify product: Putative metallophosphoesterase MG207 homolog => Putative metallophosphoesterase MG207 
[18:31:39] Modify product: TelA-like protein SA1238 => TelA-like protein
[18:31:39] Modify product: UPF0154 protein SA1178 => hypothetical protein
[18:31:39] Modify product: UPF0291 protein SP_1473 => hypothetical protein
[18:31:39] Modify product: Probable GTP-binding protein EngB => putative GTP-binding protein EngB
[18:31:39] Modify product: Probable nicotinate-nucleotide adenylyltransferase => putative nicotinate-nucleotide adenylyltransferase
[18:31:39] Modify product: RNA-binding protein HI_1333 => RNA-binding protein
[18:31:39] Modify product: Uncharacterized protein YqeH => putative protein YqeH
[18:31:39] Modify product: UPF0358 protein EF_2458 => hypothetical protein
[18:31:39] Modify product: Probable N-acetyl-LL-diaminopimelate aminotransferase => putative N-acetyl-LL-diaminopimelate aminotransferase
[18:31:39] Modify product: Uncharacterized response regulatory protein SACOL0201 => putative response regulatory protein
[18:31:39] Modify product: Uncharacterized protein HI_0131 => putative protein
[18:31:39] Modify product: Probable licABCH operon regulator => putative licABCH operon regulator
[18:31:39] Modify product: Probable tRNA sulfurtransferase => putative tRNA sulfurtransferase
[18:31:39] Modify product: Putative trans-acting regulator SP_1800 => Putative trans-acting regulator
[18:31:39] Modify product: UPF0702 transmembrane protein YetF => hypothetical protein
[18:31:39] Modify product: UPF0637 protein SA0957 => hypothetical protein
[18:31:39] Modify product: Uncharacterized protein YqeN => putative protein YqeN
[18:31:39] Modify product: Uncharacterized protein YbbA => putative protein YbbA
[18:31:39] Modify product: Uncharacterized ABC transporter ATP-binding protein YheS => putative ABC transporter ATP-binding protein YheS
[18:31:39] Modify product: UPF0340 protein YwlG => hypothetical protein
[18:31:39] Modify product: Protease HtpX homolog => Protease HtpX 
[18:31:39] Modify product: Uncharacterized ABC transporter ATP-binding protein Rv0986 => putative ABC transporter ATP-binding protein
[18:31:39] Modify product: Probable ABC transporter phosphite binding protein PhnD1 => putative ABC transporter phosphite binding protein PhnD1
[18:31:39] Modify product: UPF0394 inner membrane protein YeeE => hypothetical protein
[18:31:39] Modify product: Uncharacterized protein YacP => putative protein YacP
[18:31:39] Modify product: Uncharacterized oxidoreductase YjhC => putative oxidoreductase YjhC
[18:31:40] Modify product: Probable peptidoglycan glycosyltransferase FtsW => putative peptidoglycan glycosyltransferase FtsW
[18:31:40] Modify product: Organic hydroperoxide resistance protein-like => Organic hydroperoxide resistance protein-like protein
[18:31:40] Cleaned 116 /product names
[18:31:40] Deleting unwanted file: analysis_get_homologues/Prokka_Out/prokka_KPL3065.sprot.tmp.11216.faa
[18:31:40] Deleting unwanted file: analysis_get_homologues/Prokka_Out/prokka_KPL3065.sprot.tmp.11216.blast
[18:31:40] There are still 663 unannotated CDS left (started with 1694)
[18:31:40] Will use hmmer3 to search against /Users/tommytran/miniconda3/db/hmm/HAMAP.hmm with 6 CPUs
[18:31:40] Running: cat analysis_get_homologues\/Prokka_Out\/prokka_KPL3065\.HAMAP\.hmm\.tmp\.11216\.faa | parallel --gnu --plain -j 6 --block 16381 --recstart '>' --pipe hmmscan --noali --notextw --acc -E 1e-09 --cpu 1 /Users/tommytran/miniconda3/db/hmm/HAMAP.hmm /dev/stdin > analysis_get_homologues\/Prokka_Out\/prokka_KPL3065\.HAMAP\.hmm\.tmp\.11216\.hmmer3 2> /dev/null
[18:31:50] Modify product: Uncharacterized Nudix hydrolase NudL => putative Nudix hydrolase NudL
[18:31:50] Modify product: Protein SprT-like => Protein SprT-like protein
[18:31:50] Cleaned 2 /product names
[18:31:50] Deleting unwanted file: analysis_get_homologues/Prokka_Out/prokka_KPL3065.HAMAP.hmm.tmp.11216.faa
[18:31:50] Deleting unwanted file: analysis_get_homologues/Prokka_Out/prokka_KPL3065.HAMAP.hmm.tmp.11216.hmmer3
[18:31:50] Labelling remaining 581 proteins as 'hypothetical protein'
[18:31:50] Possible /pseudo 'D-methionine-binding lipoprotein MetQ' at c_000000000001 position 122696
[18:31:50] Possible /pseudo 'IS3 family transposase ISEfa10' at c_000000000001 position 142378
[18:31:50] Possible /pseudo 'PTS system mannose-specific EIIAB component' at c_000000000001 position 167777
[18:31:50] Possible /pseudo 'Oligopeptide transport ATP-binding protein OppD' at c_000000000001 position 222281
[18:31:50] Possible /pseudo 'putative ABC transporter ATP-binding protein' at c_000000000001 position 306774
[18:31:50] Possible /pseudo 'Putative glycerol transporter' at c_000000000001 position 523306
[18:31:50] Possible /pseudo 'putative protein' at c_000000000001 position 616540
[18:31:50] Possible /pseudo 'Undecaprenyl-phosphate 4-deoxy-4-formamido-L-arabinose transferase' at c_000000000001 position 760579
[18:31:50] Possible /pseudo 'Tyrosine recombinase XerD' at c_000000000001 position 1228120
[18:31:50] Possible /pseudo 'Phospho-N-acetylmuramoyl-pentapeptide-transferase' at c_000000000001 position 1255118
[18:31:50] Possible /pseudo 'Acetyltransferase' at c_000000000001 position 1441385
[18:31:50] Possible /pseudo 'Glycine reductase complex component B subunit gamma' at c_000000000001 position 1685595
[18:31:50] Found 895 unique /gene codes.
[18:31:50] Fixed 2 duplicate /gene - thiD_1 thiD_2
[18:31:50] Fixed 3 duplicate /gene - fabG_1 fabG_2 fabG_3
[18:31:50] Fixed 2 duplicate /gene - rsmH_1 rsmH_2
[18:31:50] Fixed 3 duplicate /gene - brnQ_1 brnQ_2 brnQ_3
[18:31:50] Fixed 2 duplicate /gene - gmk_1 gmk_2
[18:31:50] Fixed 2 duplicate /gene - pnp_1 pnp_2
[18:31:50] Fixed 2 duplicate /gene - metN_1 metN_2
[18:31:50] Fixed 2 duplicate /gene - lrgA_1 lrgA_2
[18:31:50] Fixed 2 duplicate /gene - ecfT_1 ecfT_2
[18:31:50] Fixed 2 duplicate /gene - xerC_1 xerC_2
[18:31:50] Fixed 5 duplicate /gene - metQ_1 metQ_2 metQ_3 metQ_4 metQ_5
[18:31:50] Fixed 3 duplicate /gene - smc_1 smc_2 smc_3
[18:31:50] Fixed 2 duplicate /gene - acpP_1 acpP_2
[18:31:50] Fixed 2 duplicate /gene - ruvB_1 ruvB_2
[18:31:50] Fixed 2 duplicate /gene - zosA_1 zosA_2
[18:31:50] Fixed 3 duplicate /gene - lexA_1 lexA_2 lexA_3
[18:31:50] Fixed 3 duplicate /gene - metP_1 metP_2 metP_3
[18:31:50] Fixed 2 duplicate /gene - sufS_1 sufS_2
[18:31:50] Fixed 6 duplicate /gene - bcrA_1 bcrA_2 bcrA_3 bcrA_4 bcrA_5 bcrA_6
[18:31:50] Fixed 4 duplicate /gene - agrA_1 agrA_2 agrA_3 agrA_4
[18:31:50] Fixed 2 duplicate /gene - ettA_1 ettA_2
[18:31:50] Fixed 2 duplicate /gene - lacF_1 lacF_2
[18:31:50] Fixed 2 duplicate /gene - dacA_1 dacA_2
[18:31:50] Fixed 2 duplicate /gene - rnfC_1 rnfC_2
[18:31:50] Fixed 2 duplicate /gene - aes_1 aes_2
[18:31:50] Fixed 2 duplicate /gene - clpC_1 clpC_2
[18:31:50] Fixed 3 duplicate /gene - arnC_1 arnC_2 arnC_3
[18:31:50] Fixed 2 duplicate /gene - yohK_1 yohK_2
[18:31:50] Fixed 2 duplicate /gene - yclP_1 yclP_2
[18:31:50] Fixed 2 duplicate /gene - trxA_1 trxA_2
[18:31:50] Fixed 2 duplicate /gene - atpD_1 atpD_2
[18:31:50] Fixed 2 duplicate /gene - iscS_1 iscS_2
[18:31:50] Fixed 2 duplicate /gene - dagK_1 dagK_2
[18:31:50] Fixed 2 duplicate /gene - rnfD_1 rnfD_2
[18:31:50] Fixed 2 duplicate /gene - grdB_1 grdB_2
[18:31:50] Fixed 2 duplicate /gene - rhaR_1 rhaR_2
[18:31:50] Fixed 2 duplicate /gene - lagD_1 lagD_2
[18:31:50] Fixed 2 duplicate /gene - mshA_1 mshA_2
[18:31:50] Fixed 2 duplicate /gene - est_1 est_2
[18:31:50] Fixed 2 duplicate /gene - nylA_1 nylA_2
[18:31:50] Fixed 2 duplicate /gene - sasA_1 sasA_2
[18:31:50] Fixed 9 duplicate /gene - btuD_1 btuD_2 btuD_3 btuD_4 btuD_5 btuD_6 btuD_7 btuD_8 btuD_9
[18:31:50] Fixed 2 duplicate /gene - gatC_1 gatC_2
[18:31:50] Fixed 2 duplicate /gene - cadA_1 cadA_2
[18:31:50] Fixed 2 duplicate /gene - lacC_1 lacC_2
[18:31:50] Fixed 2 duplicate /gene - alsT_1 alsT_2
[18:31:50] Fixed 2 duplicate /gene - mgtE_1 mgtE_2
[18:31:50] Fixed 2 duplicate /gene - ngcG_1 ngcG_2
[18:31:50] Fixed 2 duplicate /gene - ptsG_1 ptsG_2
[18:31:50] Fixed 2 duplicate /gene - nanA_1 nanA_2
[18:31:50] Fixed 2 duplicate /gene - cobB_1 cobB_2
[18:31:50] Fixed 2 duplicate /gene - rpoN1_1 rpoN1_2
[18:31:50] Fixed 2 duplicate /gene - nagB_1 nagB_2
[18:31:50] Fixed 2 duplicate /gene - luxS_1 luxS_2
[18:31:50] Fixed 2 duplicate /gene - spxA_1 spxA_2
[18:31:50] Fixed 2 duplicate /gene - urdA_1 urdA_2
[18:31:50] Fixed 2 duplicate /gene - licC_1 licC_2
[18:31:50] Fixed 2 duplicate /gene - gsiC_1 gsiC_2
[18:31:50] Fixed 2 duplicate /gene - pepF1_1 pepF1_2
[18:31:50] Fixed 2 duplicate /gene - srrA_1 srrA_2
[18:31:50] Fixed 4 duplicate /gene - oppD_1 oppD_2 oppD_3 oppD_4
[18:31:50] Fixed 2 duplicate /gene - bglK_1 bglK_2
[18:31:50] Fixed 2 duplicate /gene - ccpA_1 ccpA_2
[18:31:50] Fixed 3 duplicate /gene - bglH_1 bglH_2 bglH_3
[18:31:50] Fixed 3 duplicate /gene - oppF_1 oppF_2 oppF_3
[18:31:50] Fixed 2 duplicate /gene - xerD_1 xerD_2
[18:31:50] Fixed 2 duplicate /gene - tenA_1 tenA_2
[18:31:50] Fixed 2 duplicate /gene - lplJ_1 lplJ_2
[18:31:50] Fixed 2 duplicate /gene - apbE_1 apbE_2
[18:31:50] Fixed 2 duplicate /gene - mraY_1 mraY_2
[18:31:50] Fixed 2 duplicate /gene - copY_1 copY_2
[18:31:50] Fixed 2 duplicate /gene - tagU_1 tagU_2
[18:31:50] Fixed 2 duplicate /gene - fpgS_1 fpgS_2
[18:31:50] Fixed 2 duplicate /gene - argS_1 argS_2
[18:31:50] Fixed 2 duplicate /gene - dsdA_1 dsdA_2
[18:31:50] Fixed 2 duplicate /gene - manX_1 manX_2
[18:31:50] Fixed 2 duplicate /gene - gcvH_1 gcvH_2
[18:31:50] Fixed 2 duplicate /gene - ytrA_1 ytrA_2
[18:31:50] Fixed 2 duplicate /gene - atpE_1 atpE_2
[18:31:50] Fixed 2 duplicate /gene - galK_1 galK_2
[18:31:50] Fixed 2 duplicate /gene - licR_1 licR_2
[18:31:50] Fixed 2 duplicate /gene - licA_1 licA_2
[18:31:50] Fixed 2 duplicate /gene - pcp_1 pcp_2
[18:31:50] Fixed 2 duplicate /gene - mntB_1 mntB_2
[18:31:50] Fixed 2 duplicate /gene - trxB_1 trxB_2
[18:31:50] Fixed 85 colliding /gene names.
[18:31:50] Adding /locus_tag identifiers
[18:31:50] Assigned 1760 locus_tags to CDS and RNA features.
[18:31:50] Writing outputs to analysis_get_homologues/Prokka_Out/
[18:31:51] Generating annotation statistics file
[18:31:51] Generating Genbank and Sequin files
[18:31:51] Running: tbl2asn -V b -a r10k -l paired-ends -M n -N 1 -y 'Annotated using prokka 1.14.6 from https://github.com/tseemann/prokka' -Z analysis_get_homologues\/Prokka_Out\/prokka_KPL3065\.err -i analysis_get_homologues\/Prokka_Out\/prokka_KPL3065\.fsa 2> /dev/null
[18:31:53] Could not run command: tbl2asn -V b -a r10k -l paired-ends -M n -N 1 -y 'Annotated using prokka 1.14.6 from https://github.com/tseemann/prokka' -Z analysis_get_homologues\/Prokka_Out\/prokka_KPL3065\.err -i analysis_get_homologues\/Prokka_Out\/prokka_KPL3065\.fsa 2> /dev/null
