[18:20:02] This is prokka 1.14.6
[18:20:02] Written by Torsten Seemann <torsten.seemann@gmail.com>
[18:20:02] Homepage is https://github.com/tseemann/prokka
[18:20:02] Local time is Thu Oct 29 18:20:02 2020
[18:20:02] You are tommytran
[18:20:02] Operating system is darwin
[18:20:02] You have BioPerl 1.007002
[18:20:02] System has 6 cores.
[18:20:02] Will use maximum of 6 cores.
[18:20:02] Annotating as >>> Bacteria <<<
[18:20:02] Generating locus_tag from 'analysis_get_homologues/Renamed_Dpig/KPL1930_CDC2949_98.fa' contents.
[18:20:02] Setting --locustag OGOEKMLN from MD5 808e4657fbf7603d06018a5f948cfef7
[18:20:02] Re-using existing --outdir analysis_get_homologues/Prokka_Out
[18:20:02] Using filename prefix: prokka_KPL1930_CDC2949_98.XXX
[18:20:02] Setting HMMER_NCPU=1
[18:20:02] Writing log to: analysis_get_homologues/Prokka_Out/prokka_KPL1930_CDC2949_98.log
[18:20:02] Command: /Users/tommytran/miniconda3/bin/prokka --prefix prokka_KPL1930_CDC2949_98 --outdir analysis_get_homologues/Prokka_Out --genus Dolosigranulum --species pigrum --strain KPL1930_CDC2949_98 --cpus 0 --force analysis_get_homologues/Renamed_Dpig/KPL1930_CDC2949_98.fa
[18:20:02] Appending to PATH: /Users/tommytran/miniconda3/bin
[18:20:02] Looking for 'aragorn' - found /Users/tommytran/miniconda3/bin/aragorn
[18:20:02] Determined aragorn version is 001002 from 'ARAGORN v1.2.38 Dean Laslett'
[18:20:02] Looking for 'barrnap' - found /Users/tommytran/miniconda3/bin/barrnap
[18:20:02] Determined barrnap version is 000009 from 'barrnap 0.9'
[18:20:02] Looking for 'blastp' - found /Users/tommytran/miniconda3/bin/blastp
[18:20:02] Determined blastp version is 002009 from 'blastp: 2.9.0+'
[18:20:02] Looking for 'cmpress' - found /Users/tommytran/miniconda3/bin/cmpress
[18:20:02] Determined cmpress version is 001001 from '# INFERNAL 1.1.2 (July 2016)'
[18:20:02] Looking for 'cmscan' - found /Users/tommytran/miniconda3/bin/cmscan
[18:20:02] Determined cmscan version is 001001 from '# INFERNAL 1.1.2 (July 2016)'
[18:20:02] Looking for 'egrep' - found /usr/bin/egrep
[18:20:02] Looking for 'find' - found /usr/bin/find
[18:20:02] Looking for 'grep' - found /usr/bin/grep
[18:20:02] Looking for 'hmmpress' - found /Users/tommytran/miniconda3/bin/hmmpress
[18:20:02] Determined hmmpress version is 003003 from '# HMMER 3.3 (Nov 2019); http://hmmer.org/'
[18:20:02] Looking for 'hmmscan' - found /Users/tommytran/miniconda3/bin/hmmscan
[18:20:02] Determined hmmscan version is 003003 from '# HMMER 3.3 (Nov 2019); http://hmmer.org/'
[18:20:02] Looking for 'java' - found /Users/tommytran/miniconda3/bin/java
[18:20:02] Looking for 'makeblastdb' - found /Users/tommytran/miniconda3/bin/makeblastdb
[18:20:02] Determined makeblastdb version is 002009 from 'makeblastdb: 2.9.0+'
[18:20:02] Looking for 'minced' - found /Users/tommytran/miniconda3/bin/minced
[18:20:02] Determined minced version is 004002 from 'minced 0.4.2'
[18:20:02] Looking for 'parallel' - found /Users/tommytran/miniconda3/bin/parallel
[18:20:03] Determined parallel version is 20200522 from 'GNU parallel 20200522'
[18:20:03] Looking for 'prodigal' - found /Users/tommytran/miniconda3/bin/prodigal
[18:20:03] Determined prodigal version is 002006 from 'Prodigal V2.6.3: February, 2016'
[18:20:03] Looking for 'prokka-genbank_to_fasta_db' - found /Users/tommytran/miniconda3/bin/prokka-genbank_to_fasta_db
[18:20:03] Looking for 'sed' - found /usr/bin/sed
[18:20:03] Looking for 'tbl2asn' - found /Users/tommytran/miniconda3/bin/tbl2asn
[18:20:03] Determined tbl2asn version is 025007 from 'tbl2asn 25.7   arguments:'
[18:20:03] Using genetic code table 11.
[18:20:03] Loading and checking input file: analysis_get_homologues/Renamed_Dpig/KPL1930_CDC2949_98.fa
[18:20:03] Wrote 92 contigs totalling 1886398 bp.
[18:20:03] Predicting tRNAs and tmRNAs
[18:20:03] Running: aragorn -l -gc11  -w analysis_get_homologues\/Prokka_Out\/prokka_KPL1930_CDC2949_98\.fna
[18:20:03] 1 tRNA-Phe [64,138] 35 (gaa)
[18:20:03] 2 tRNA-Tyr [155,237] 36 (gta)
[18:20:03] 3 tRNA-Trp [240,312] 34 (cca)
[18:20:03] 4 tRNA-His [322,396] 35 (gtg)
[18:20:03] 5 tRNA-Gln [411,484] 34 (ttg)
[18:20:03] 6 tRNA-Cys [496,568] 33 (gca)
[18:20:03] 7 tRNA-Leu [596,680] 35 (caa)
[18:20:03] 1 tmRNA [12150,12507] 92,127 ANKNSNLALAA*
[18:20:03] 1 tRNA-Thr [26914,26986] 34 (tgt)
[18:20:03] 1 tRNA-Ala c[146,220] 35 (tgc)
[18:20:03] 1 tRNA-Leu c[7,93] 35 (taa)
[18:20:03] 2 tRNA-Gly c[122,193] 33 (gcc)
[18:20:03] 3 tRNA-Thr c[209,281] 34 (tgt)
[18:20:03] 1 tRNA-Lys [65,137] 34 (ttt)
[18:20:03] 2 tRNA-Arg [161,235] 35 (tcg)
[18:20:03] 3 tRNA-SeC c[38908,39005] 36 (tca)
[18:20:03] 1 tRNA-Thr c[61,133] 34 (tgt)
[18:20:03] 2 tRNA-Leu c[140,221] 35 (tag)
[18:20:03] 3 tRNA-Lys c[239,311] 34 (ttt)
[18:20:03] 1 tRNA-Met c[63,137] 35 (cat)
[18:20:03] 2 tRNA-Pro c[147,220] 35 (tgg)
[18:20:03] 3 tRNA-Arg c[242,317] 36 (acg)
[18:20:03] 4 tRNA-Leu c[326,412] 35 (taa)
[18:20:03] 1 tRNA-Asn c[17690,17764] 35 (gtt)
[18:20:03] 1 tRNA-Asp [59,134] 36 (gtc)
[18:20:03] 2 tRNA-Gly [139,209] 33 (tcc)
[18:20:03] 3 tRNA-Ile [217,292] 36 (gat)
[18:20:03] 4 tRNA-Ser [318,408] 36 (gct)
[18:20:03] 5 tRNA-Glu [424,495] 34 (ttc)
[18:20:03] 6 tRNA-Ser [507,596] 37 (tga)
[18:20:03] 7 tRNA-Asp [620,695] 36 (gtc)
[18:20:03] 1 tRNA-Gln c[5461,5534] 34 (ttg)
[18:20:03] 2 tRNA-Tyr c[5538,5621] 36 (gta)
[18:20:03] 3 tRNA-Glu c[5626,5697] 34 (ttc)
[18:20:03] 1 tRNA-Val [21692,21766] 35 (gac)
[18:20:03] 1 tRNA-Met c[63,137] 35 (cat)
[18:20:03] 2 tRNA-Ser c[156,245] 37 (tga)
[18:20:03] 3 tRNA-Glu c[258,329] 34 (ttc)
[18:20:03] 4 tRNA-Ile c[345,420] 36 (gat)
[18:20:03] 5 tRNA-Gly c[430,500] 33 (tcc)
[18:20:03] 6 tRNA-Met c[553,626] 35 (cat)
[18:20:03] 7 tRNA-Met c[644,719] 36 (cat)
[18:20:03] 8 tRNA-Pro c[738,811] 35 (tgg)
[18:20:03] 9 tRNA-Arg c[868,943] 36 (acg)
[18:20:03] 10 tRNA-Leu c[952,1038] 35 (taa)
[18:20:03] 1 tRNA-Lys c[2,74] 34 (ttt)
[18:20:03] 2 tRNA-Val c[84,156] 34 (tac)
[18:20:03] 1 tRNA-Phe [64,138] 35 (gaa)
[18:20:03] 2 tRNA-Arg [147857,147931] 35 (tct)
[18:20:03] 3 tRNA-Ser c[215406,215494] 36 (gga)
[18:20:03] 1 tRNA-Ala c[146,220] 35 (tgc)
[18:20:03] 1 tRNA-Asn [59,133] 35 (gtt)
[18:20:03] 1 tRNA-Trp c[165707,165779] 34 (cca)
[18:20:03] 2 tRNA-Leu c[447288,447372] 34 (gag)
[18:20:03] Found 54 tRNAs
[18:20:03] Predicting Ribosomal RNAs
[18:20:03] Running Barrnap with 6 threads
[18:20:04] 1 c_000000000022 4 5S ribosomal RNA
[18:20:04] 2 c_000000000037 2 23S ribosomal RNA (partial)
[18:20:04] 3 c_000000000051 146 5S ribosomal RNA
[18:20:04] 4 c_000000000067 147 5S ribosomal RNA
[18:20:04] 5 c_000000000068 174 5S ribosomal RNA
[18:20:04] 6 c_000000000074 2 16S ribosomal RNA (partial)
[18:20:04] Found 6 rRNAs
[18:20:04] Skipping ncRNA search, enable with --rfam if desired.
[18:20:04] Total of 59 tRNA + rRNA features
[18:20:04] Searching for CRISPR repeats
[18:20:04] CRISPR1 c_000000000085 67452 with 5 spacers
[18:20:04] CRISPR2 c_000000000087 286500 with 10 spacers
[18:20:04] CRISPR3 c_000000000087 455855 with 10 spacers
[18:20:04] Found 3 CRISPRs
[18:20:04] Predicting coding sequences
[18:20:04] Contigs total 1886398 bp, so using single mode
[18:20:04] Running: prodigal -i analysis_get_homologues\/Prokka_Out\/prokka_KPL1930_CDC2949_98\.fna -c -m -g 11 -p single -f sco -q
[18:20:06] Excluding CDS which overlaps existing RNA (repeat_region) at c_000000000087:286941..287117 on + strand
[18:20:06] Found 1692 CDS
[18:20:06] Connecting features back to sequences
[18:20:06] Not using genus-specific database. Try --usegenus to enable it.
[18:20:06] Annotating CDS, please be patient.
[18:20:06] Will use 6 CPUs for similarity searching.
[18:20:07] There are still 1692 unannotated CDS left (started with 1692)
[18:20:07] Will use blast to search against /Users/tommytran/miniconda3/db/kingdom/Bacteria/IS with 6 CPUs
[18:20:07] Running: cat analysis_get_homologues\/Prokka_Out\/prokka_KPL1930_CDC2949_98\.IS\.tmp\.6387\.faa | parallel --gnu --plain -j 6 --block 45479 --recstart '>' --pipe blastp -query - -db /Users/tommytran/miniconda3/db/kingdom/Bacteria/IS -evalue 1e-30 -qcov_hsp_perc 90 -num_threads 1 -num_descriptions 1 -num_alignments 1 -seg no > analysis_get_homologues\/Prokka_Out\/prokka_KPL1930_CDC2949_98\.IS\.tmp\.6387\.blast 2> /dev/null
[18:20:13] Deleting unwanted file: analysis_get_homologues/Prokka_Out/prokka_KPL1930_CDC2949_98.IS.tmp.6387.faa
[18:20:13] Deleting unwanted file: analysis_get_homologues/Prokka_Out/prokka_KPL1930_CDC2949_98.IS.tmp.6387.blast
[18:20:13] There are still 1690 unannotated CDS left (started with 1692)
[18:20:13] Will use blast to search against /Users/tommytran/miniconda3/db/kingdom/Bacteria/AMR with 6 CPUs
[18:20:13] Running: cat analysis_get_homologues\/Prokka_Out\/prokka_KPL1930_CDC2949_98\.AMR\.tmp\.6387\.faa | parallel --gnu --plain -j 6 --block 45444 --recstart '>' --pipe blastp -query - -db /Users/tommytran/miniconda3/db/kingdom/Bacteria/AMR -evalue 9.99999999999999e-301 -qcov_hsp_perc 90 -num_threads 1 -num_descriptions 1 -num_alignments 1 -seg no > analysis_get_homologues\/Prokka_Out\/prokka_KPL1930_CDC2949_98\.AMR\.tmp\.6387\.blast 2> /dev/null
[18:20:18] Deleting unwanted file: analysis_get_homologues/Prokka_Out/prokka_KPL1930_CDC2949_98.AMR.tmp.6387.faa
[18:20:18] Deleting unwanted file: analysis_get_homologues/Prokka_Out/prokka_KPL1930_CDC2949_98.AMR.tmp.6387.blast
[18:20:18] There are still 1690 unannotated CDS left (started with 1692)
[18:20:18] Will use blast to search against /Users/tommytran/miniconda3/db/kingdom/Bacteria/sprot with 6 CPUs
[18:20:18] Running: cat analysis_get_homologues\/Prokka_Out\/prokka_KPL1930_CDC2949_98\.sprot\.tmp\.6387\.faa | parallel --gnu --plain -j 6 --block 45444 --recstart '>' --pipe blastp -query - -db /Users/tommytran/miniconda3/db/kingdom/Bacteria/sprot -evalue 1e-09 -qcov_hsp_perc 80 -num_threads 1 -num_descriptions 1 -num_alignments 1 -seg no > analysis_get_homologues\/Prokka_Out\/prokka_KPL1930_CDC2949_98\.sprot\.tmp\.6387\.blast 2> /dev/null
[18:20:40] Modify product: Uncharacterized protein YpjQ => putative protein YpjQ
[18:20:40] Modify product: Uncharacterized oxidoreductase MSMEG_2408/MSMEI_2347 => putative oxidoreductase/MSMEI_2347
[18:20:40] Modify product: Acetyltransferase SACOL1063 => Acetyltransferase
[18:20:40] Modify product: Acetyltransferase SACOL1063 => Acetyltransferase
[18:20:40] Modify product: UPF0413 protein YjbH => hypothetical protein
[18:20:40] Modify product: UPF0758 protein YsxA => hypothetical protein
[18:20:40] Modify product: UPF0473 protein SP_0194 => hypothetical protein
[18:20:40] Modify product: UPF0297 protein EF_1202 => hypothetical protein
[18:20:40] Modify product: UPF0178 protein YaiI => hypothetical protein
[18:20:40] Modify product: Uncharacterized protein YedJ => putative protein YedJ
[18:20:40] Modify product: DegV domain-containing protein spr1415 => DegV domain-containing protein
[18:20:40] Modify product: Nudix hydrolase DR_0079 => Nudix hydrolase
[18:20:40] Modify product: Bifunctional protein FolD => Bifunctional protein FolD protein
[18:20:40] Modify product: Uncharacterized protein YqgN => putative protein YqgN
[18:20:40] Modify product: UPF0342 protein SA1663 => hypothetical protein
[18:20:40] Modify product: Probable bifunctional oligoribonuclease and PAP phosphatase NrnA => putative bifunctional oligoribonuclease and PAP phosphatase NrnA
[18:20:40] Modify product: Uncharacterized protein Spy1535 => putative protein
[18:20:40] Modify product: Probable transcriptional regulatory protein MSMEG_2940/MSMEI_2866 => putative transcriptional regulatory protein/MSMEI_2866
[18:20:40] Modify product: Transcriptional repressor SmtB homolog => Transcriptional repressor SmtB 
[18:20:40] Modify product: Uncharacterized protein YdhK => putative protein YdhK
[18:20:40] Modify product: Uncharacterized protein YacP => putative protein YacP
[18:20:40] Modify product: UPF0394 inner membrane protein YeeE => hypothetical protein
[18:20:40] Modify product: Probable ABC transporter phosphite binding protein PhnD1 => putative ABC transporter phosphite binding protein PhnD1
[18:20:40] Modify product: Uncharacterized ABC transporter ATP-binding protein Rv0986 => putative ABC transporter ATP-binding protein
[18:20:40] Modify product: Uncharacterized multiple-sugar transport system permease YteP => putative multiple-sugar transport system permease YteP
[18:20:40] Modify product: Uncharacterized protein NMB0459 => putative protein
[18:20:40] Modify product: Solute-binding protein Csal_2479 => Solute-binding protein
[18:20:40] Modify product: Uncharacterized protein YhfS => putative protein YhfS
[18:20:40] Modify product: Uncharacterized protein YhfX => putative protein YhfX
[18:20:40] Modify product: Probable pyridine nucleotide-disulfide oxidoreductase RclA => putative pyridine nucleotide-disulfide oxidoreductase RclA
[18:20:40] Modify product: Uncharacterized oxidoreductase HI_0048 => putative oxidoreductase
[18:20:40] Modify product: UPF0340 protein YwlG => hypothetical protein
[18:20:40] Modify product: Protease HtpX homolog => Protease HtpX 
[18:20:40] Modify product: Probable D,D-dipeptide transport system permease protein DdpC => putative D,D-dipeptide transport system permease protein DdpC
[18:20:40] Modify product: Uncharacterized PIN and TRAM-domain containing protein YacL => putative PIN and TRAM-domain containing protein YacL
[18:20:40] Modify product: Fluoroquinolones export ATP-binding protein Rv2688c => Fluoroquinolones export ATP-binding protein
[18:20:40] Modify product: DegV domain-containing protein SA1258 => DegV domain-containing protein
[18:20:40] Modify product: Putative transport protein Rv0205 => Putative transport protein
[18:20:40] Modify product: Probable L-asparaginase => putative L-asparaginase
[18:20:40] Modify product: Sulfurtransferase Alvin_2599 => Sulfurtransferase
[18:20:40] Modify product: RutC family protein HI_0719 => RutC family protein
[18:20:40] Modify product: Probable peptidoglycan glycosyltransferase FtsW => putative peptidoglycan glycosyltransferase FtsW
[18:20:40] Modify product: Probable 3-hydroxyacyl-CoA dehydrogenase => putative 3-hydroxyacyl-CoA dehydrogenase
[18:20:40] Modify product: Uncharacterized oxidoreductase SpyM50865 => putative oxidoreductase
[18:20:40] Modify product: Probable quorum-quenching lactonase YtnP => putative quorum-quenching lactonase YtnP
[18:20:40] Modify product: Probable succinyl-diaminopimelate desuccinylase => putative succinyl-diaminopimelate desuccinylase
[18:20:40] Modify product: Uncharacterized HTH-type transcriptional regulator SACOL2360 => putative HTH-type transcriptional regulator
[18:20:40] Modify product: UPF0051 protein SA0778 => hypothetical protein
[18:20:40] Modify product: UPF0051 protein SA0778 => hypothetical protein
[18:20:40] Modify product: Probable ABC transporter ATP-binding protein M6_Spy0273 => putative ABC transporter ATP-binding protein
[18:20:40] Modify product: Uncharacterized oxidoreductase YjhC => putative oxidoreductase YjhC
[18:20:40] Modify product: Uncharacterized protein YqeN => putative protein YqeN
[18:20:40] Modify product: Uncharacterized protein YbbA => putative protein YbbA
[18:20:40] Modify product: Uncharacterized ABC transporter ATP-binding protein YheS => putative ABC transporter ATP-binding protein YheS
[18:20:40] Modify product: Uncharacterized ABC transporter ATP-binding protein TM_0288 => putative ABC transporter ATP-binding protein
[18:20:40] Modify product: Uncharacterized ABC transporter ATP-binding protein Rv1273c => putative ABC transporter ATP-binding protein
[18:20:40] Modify product: Probable multidrug resistance ABC transporter ATP-binding/permease protein YheH => putative multidrug resistance ABC transporter ATP-binding/permease protein YheH
[18:20:40] Modify product: Probable multidrug resistance ABC transporter ATP-binding/permease protein YheI => putative multidrug resistance ABC transporter ATP-binding/permease protein YheI
[18:20:40] Modify product: Uncharacterized AAA domain-containing protein Rv2559c => putative AAA domain-containing protein
[18:20:40] Modify product: Putative universal stress protein SA1532 => Putative universal stress protein
[18:20:40] Modify product: UPF0176 protein SP_0095 => hypothetical protein
[18:20:40] Modify product: Uncharacterized MscS family protein YkuT => putative MscS family protein YkuT
[18:20:40] Modify product: UPF0053 protein HI_0107 => hypothetical protein
[18:20:40] Modify product: UPF0324 inner membrane protein YeiH => hypothetical protein
[18:20:40] Modify product: Uncharacterized protein YpjD => putative protein YpjD
[18:20:40] Modify product: UPF0302 protein BA_1542/GBAA_1542/BAS1430 => hypothetical protein
[18:20:40] Modify product: Probable cell division protein WhiA => putative cell division protein WhiA
[18:20:40] Modify product: Uncharacterized protein SA1069 => putative protein
[18:20:40] Modify product: Uncharacterized protein Spy1614 => putative protein
[18:20:41] Modify product: Putative multidrug export ATP-binding/permease protein SAV1866 => Putative multidrug export ATP-binding/permease protein
[18:20:41] Modify product: Uncharacterized ABC transporter ATP-binding protein Rv0986 => putative ABC transporter ATP-binding protein
[18:20:41] Modify product: Calcium-transporting ATPase lmo0841 => Calcium-transporting ATPase
[18:20:41] Modify product: GTP cyclohydrolase 1 type 2 homolog => GTP cyclohydrolase 1 type 2 
[18:20:41] Modify product: Putative multidrug export ATP-binding/permease protein SAV1866 => Putative multidrug export ATP-binding/permease protein
[18:20:41] Modify product: Uncharacterized protein YqeY => putative protein YqeY
[18:20:41] Modify product: Probable GTP-binding protein EngB => putative GTP-binding protein EngB
[18:20:41] Modify product: UPF0291 protein SP_1473 => hypothetical protein
[18:20:41] Modify product: UPF0154 protein SA1178 => hypothetical protein
[18:20:41] Modify product: TelA-like protein SA1238 => TelA-like protein
[18:20:41] Modify product: Putative metallophosphoesterase MG207 homolog => Putative metallophosphoesterase MG207 
[18:20:41] Modify product: Rqc2 homolog RqcH => Rqc2 RqcH
[18:20:41] Modify product: UPF0398 protein YpsA => hypothetical protein
[18:20:41] Modify product: UPF0053 inner membrane protein YfjD => hypothetical protein
[18:20:41] Modify product: Probable metallo-hydrolase M6_Spy0554 => putative metallo-hydrolase
[18:20:41] Modify product: Uncharacterized epimerase/dehydratase SA0511 => putative epimerase/dehydratase
[18:20:41] Modify product: Putative trans-acting regulator SP_1800 => Putative trans-acting regulator
[18:20:41] Modify product: Multidrug efflux system ATP-binding protein Rv1218c => Multidrug efflux system ATP-binding protein
[18:20:41] Modify product: Uncharacterized protein YhaP => putative protein YhaP
[18:20:41] Modify product: Putative dipeptidase SA1572 => Putative dipeptidase
[18:20:41] Modify product: UPF0346 protein YozE => hypothetical protein
[18:20:41] Modify product: UPF0045 protein Rv1898 => hypothetical protein
[18:20:41] Modify product: UPF0637 protein SA0957 => hypothetical protein
[18:20:41] Modify product: UPF0702 transmembrane protein YetF => hypothetical protein
[18:20:41] Modify product: Probable HTH-type transcriptional repressor ExuR => putative HTH-type transcriptional repressor ExuR
[18:20:41] Modify product: Uncharacterized oxidoreductase YhhX => putative oxidoreductase YhhX
[18:20:41] Modify product: Probable tRNA sulfurtransferase => putative tRNA sulfurtransferase
[18:20:41] Modify product: Probable licABCH operon regulator => putative licABCH operon regulator
[18:20:41] Modify product: Probable N-acetyl-LL-diaminopimelate aminotransferase => putative N-acetyl-LL-diaminopimelate aminotransferase
[18:20:41] Modify product: UPF0358 protein EF_2458 => hypothetical protein
[18:20:41] Modify product: Uncharacterized protein YqeH => putative protein YqeH
[18:20:41] Modify product: RNA-binding protein HI_1333 => RNA-binding protein
[18:20:41] Modify product: Probable nicotinate-nucleotide adenylyltransferase => putative nicotinate-nucleotide adenylyltransferase
[18:20:41] Modify product: Putative aminotransferase MSMEG_6286/MSMEI_6121 => Putative aminotransferase/MSMEI_6121
[18:20:41] Modify product: UPF0374 protein SP_1903 => hypothetical protein
[18:20:41] Modify product: Probable endonuclease 4 => putative endonuclease 4
[18:20:41] Modify product: PTS system EIIBC component SA0186 => PTS system EIIBC component
[18:20:41] Modify product: Uncharacterized HTH-type transcriptional regulator YbbH => putative HTH-type transcriptional regulator YbbH
[18:20:41] Modify product: Probable murein peptide carboxypeptidase => putative murein peptide carboxypeptidase
[18:20:41] Modify product: Probable ribosomal protein YlxQ => putative ribosomal protein YlxQ
[18:20:41] Modify product: UPF0109 protein Rv2908c => hypothetical protein
[18:20:41] Modify product: UPF0122 protein SP_1288 => hypothetical protein
[18:20:41] Modify product: Putative phosphatase M6_Spy0533 => Putative phosphatase
[18:20:41] Modify product: UPF0073 inner membrane protein YqfA => hypothetical protein
[18:20:41] Modify product: Probable glycine dehydrogenase (decarboxylating) subunit 2 => putative glycine dehydrogenase (decarboxylating) subunit 2
[18:20:41] Modify product: Probable glycine dehydrogenase (decarboxylating) subunit 1 => putative glycine dehydrogenase (decarboxylating) subunit 1
[18:20:41] Modify product: Probable undecaprenyl-phosphate N-acetylglucosaminyl 1-phosphate transferase => putative undecaprenyl-phosphate N-acetylglucosaminyl 1-phosphate transferase
[18:20:41] Modify product: Probable protein-export membrane protein SecG => putative protein-export membrane protein SecG
[18:20:41] Modify product: Probable transcription repressor NiaR => putative transcription repressor NiaR
[18:20:41] Modify product: Putative glycerol transporter Lin0367 => Putative glycerol transporter
[18:20:41] Modify product: Putative glycerol transporter Lin0368 => Putative glycerol transporter
[18:20:41] Modify product: UPF0365 protein SA1402 => hypothetical protein
[18:20:41] Modify product: Probable fructose-bisphosphate aldolase => putative fructose-bisphosphate aldolase
[18:20:41] Cleaned 122 /product names
[18:20:41] Deleting unwanted file: analysis_get_homologues/Prokka_Out/prokka_KPL1930_CDC2949_98.sprot.tmp.6387.faa
[18:20:41] Deleting unwanted file: analysis_get_homologues/Prokka_Out/prokka_KPL1930_CDC2949_98.sprot.tmp.6387.blast
[18:20:41] There are still 644 unannotated CDS left (started with 1692)
[18:20:41] Will use hmmer3 to search against /Users/tommytran/miniconda3/db/hmm/HAMAP.hmm with 6 CPUs
[18:20:41] Running: cat analysis_get_homologues\/Prokka_Out\/prokka_KPL1930_CDC2949_98\.HAMAP\.hmm\.tmp\.6387\.faa | parallel --gnu --plain -j 6 --block 14996 --recstart '>' --pipe hmmscan --noali --notextw --acc -E 1e-09 --cpu 1 /Users/tommytran/miniconda3/db/hmm/HAMAP.hmm /dev/stdin > analysis_get_homologues\/Prokka_Out\/prokka_KPL1930_CDC2949_98\.HAMAP\.hmm\.tmp\.6387\.hmmer3 2> /dev/null
[18:20:50] Modify product: Uncharacterized Nudix hydrolase NudL => putative Nudix hydrolase NudL
[18:20:50] Modify product: Protein SprT-like => Protein SprT-like protein
[18:20:50] Cleaned 2 /product names
[18:20:50] Deleting unwanted file: analysis_get_homologues/Prokka_Out/prokka_KPL1930_CDC2949_98.HAMAP.hmm.tmp.6387.faa
[18:20:50] Deleting unwanted file: analysis_get_homologues/Prokka_Out/prokka_KPL1930_CDC2949_98.HAMAP.hmm.tmp.6387.hmmer3
[18:20:50] Labelling remaining 568 proteins as 'hypothetical protein'
[18:20:50] Possible /pseudo 'putative ABC transporter ATP-binding protein' at c_000000000021 position 2043
[18:20:50] Possible /pseudo 'Cadmium, zinc and cobalt-transporting ATPase' at c_000000000024 position 52960
[18:20:50] Possible /pseudo 'Glycine reductase complex component B subunit gamma' at c_000000000027 position 51419
[18:20:50] Possible /pseudo 'Acetyltransferase' at c_000000000031 position 44550
[18:20:50] Possible /pseudo 'D-methionine-binding lipoprotein MetQ' at c_000000000033 position 148425
[18:20:50] Possible /pseudo 'PTS system mannose-specific EIIAB component' at c_000000000063 position 6642
[18:20:50] Possible /pseudo 'Undecaprenyl-phosphate 4-deoxy-4-formamido-L-arabinose transferase' at c_000000000087 position 195945
[18:20:50] Possible /pseudo 'putative protein' at c_000000000087 position 319035
[18:20:50] Possible /pseudo 'Putative glycerol transporter' at c_000000000087 position 415362
[18:20:50] Found 915 unique /gene codes.
[18:20:50] Fixed 2 duplicate /gene - sufS_1 sufS_2
[18:20:50] Fixed 2 duplicate /gene - ngcG_1 ngcG_2
[18:20:50] Fixed 2 duplicate /gene - cobB_1 cobB_2
[18:20:50] Fixed 2 duplicate /gene - rpoN1_1 rpoN1_2
[18:20:50] Fixed 2 duplicate /gene - gmk_1 gmk_2
[18:20:50] Fixed 2 duplicate /gene - trxA_1 trxA_2
[18:20:50] Fixed 2 duplicate /gene - ettA_1 ettA_2
[18:20:50] Fixed 2 duplicate /gene - yohK_1 yohK_2
[18:20:50] Fixed 2 duplicate /gene - manX_1 manX_2
[18:20:50] Fixed 2 duplicate /gene - arnC_1 arnC_2
[18:20:50] Fixed 3 duplicate /gene - oppD_1 oppD_2 oppD_3
[18:20:50] Fixed 2 duplicate /gene - tenA_1 tenA_2
[18:20:50] Fixed 2 duplicate /gene - trxB_1 trxB_2
[18:20:50] Fixed 8 duplicate /gene - btuD_1 btuD_2 btuD_3 btuD_4 btuD_5 btuD_6 btuD_7 btuD_8
[18:20:50] Fixed 2 duplicate /gene - pnp_1 pnp_2
[18:20:50] Fixed 2 duplicate /gene - ngcF_1 ngcF_2
[18:20:50] Fixed 2 duplicate /gene - atpD_1 atpD_2
[18:20:50] Fixed 2 duplicate /gene - metN_1 metN_2
[18:20:50] Fixed 2 duplicate /gene - mgtE_1 mgtE_2
[18:20:50] Fixed 2 duplicate /gene - galK_1 galK_2
[18:20:50] Fixed 3 duplicate /gene - oppF_1 oppF_2 oppF_3
[18:20:50] Fixed 2 duplicate /gene - dinG_1 dinG_2
[18:20:50] Fixed 3 duplicate /gene - fabG_1 fabG_2 fabG_3
[18:20:50] Fixed 2 duplicate /gene - dacA_1 dacA_2
[18:20:50] Fixed 3 duplicate /gene - agrA_1 agrA_2 agrA_3
[18:20:50] Fixed 3 duplicate /gene - cadA_1 cadA_2 cadA_3
[18:20:50] Fixed 2 duplicate /gene - mntB_1 mntB_2
[18:20:50] Fixed 2 duplicate /gene - deoB_1 deoB_2
[18:20:50] Fixed 2 duplicate /gene - ruvB_1 ruvB_2
[18:20:50] Fixed 5 duplicate /gene - metQ_1 metQ_2 metQ_3 metQ_4 metQ_5
[18:20:50] Fixed 2 duplicate /gene - acpP_1 acpP_2
[18:20:50] Fixed 2 duplicate /gene - grdB_1 grdB_2
[18:20:50] Fixed 2 duplicate /gene - iscS_1 iscS_2
[18:20:50] Fixed 2 duplicate /gene - lacF_1 lacF_2
[18:20:50] Fixed 3 duplicate /gene - rhaR_1 rhaR_2 rhaR_3
[18:20:50] Fixed 2 duplicate /gene - pepF1_1 pepF1_2
[18:20:50] Fixed 2 duplicate /gene - gcvH_1 gcvH_2
[18:20:50] Fixed 2 duplicate /gene - nanA_1 nanA_2
[18:20:50] Fixed 2 duplicate /gene - rnfC_1 rnfC_2
[18:20:50] Fixed 2 duplicate /gene - ccpA_1 ccpA_2
[18:20:50] Fixed 2 duplicate /gene - dsdA_1 dsdA_2
[18:20:50] Fixed 2 duplicate /gene - ytrA_1 ytrA_2
[18:20:50] Fixed 2 duplicate /gene - xerD_1 xerD_2
[18:20:50] Fixed 2 duplicate /gene - gatC_1 gatC_2
[18:20:50] Fixed 2 duplicate /gene - spxA_1 spxA_2
[18:20:50] Fixed 2 duplicate /gene - mshA_1 mshA_2
[18:20:50] Fixed 7 duplicate /gene - bcrA_1 bcrA_2 bcrA_3 bcrA_4 bcrA_5 bcrA_6 bcrA_7
[18:20:50] Fixed 2 duplicate /gene - purR_1 purR_2
[18:20:50] Fixed 3 duplicate /gene - metP_1 metP_2 metP_3
[18:20:50] Fixed 2 duplicate /gene - copY_1 copY_2
[18:20:50] Fixed 4 duplicate /gene - smc_1 smc_2 smc_3 smc_4
[18:20:50] Fixed 2 duplicate /gene - tagU_1 tagU_2
[18:20:50] Fixed 2 duplicate /gene - sasA_1 sasA_2
[18:20:50] Fixed 2 duplicate /gene - est_1 est_2
[18:20:50] Fixed 2 duplicate /gene - lplJ_1 lplJ_2
[18:20:50] Fixed 2 duplicate /gene - argS_1 argS_2
[18:20:50] Fixed 2 duplicate /gene - rnfD_1 rnfD_2
[18:20:50] Fixed 2 duplicate /gene - yclP_1 yclP_2
[18:20:50] Fixed 2 duplicate /gene - srrA_1 srrA_2
[18:20:50] Fixed 2 duplicate /gene - apbE_1 apbE_2
[18:20:50] Fixed 2 duplicate /gene - fpgS_1 fpgS_2
[18:20:50] Fixed 2 duplicate /gene - lagD_1 lagD_2
[18:20:50] Fixed 2 duplicate /gene - luxS_1 luxS_2
[18:20:50] Fixed 2 duplicate /gene - nylA_1 nylA_2
[18:20:50] Fixed 2 duplicate /gene - ssbA_1 ssbA_2
[18:20:50] Fixed 2 duplicate /gene - clpC_1 clpC_2
[18:20:50] Fixed 2 duplicate /gene - bglK_1 bglK_2
[18:20:50] Fixed 2 duplicate /gene - lrgA_1 lrgA_2
[18:20:50] Fixed 2 duplicate /gene - gsiC_1 gsiC_2
[18:20:50] Fixed 2 duplicate /gene - alsT_1 alsT_2
[18:20:50] Fixed 2 duplicate /gene - scmP_1 scmP_2
[18:20:50] Fixed 2 duplicate /gene - dapE_1 dapE_2
[18:20:50] Fixed 2 duplicate /gene - atpE_1 atpE_2
[18:20:50] Fixed 2 duplicate /gene - urdA_1 urdA_2
[18:20:50] Fixed 2 duplicate /gene - thiD_1 thiD_2
[18:20:50] Fixed 2 duplicate /gene - rluD_1 rluD_2
[18:20:50] Fixed 3 duplicate /gene - brnQ_1 brnQ_2 brnQ_3
[18:20:50] Fixed 2 duplicate /gene - lacC_1 lacC_2
[18:20:50] Fixed 2 duplicate /gene - cdaR_1 cdaR_2
[18:20:50] Fixed 2 duplicate /gene - dagK_1 dagK_2
[18:20:50] Fixed 2 duplicate /gene - tcyP_1 tcyP_2
[18:20:50] Fixed 81 colliding /gene names.
[18:20:50] Adding /locus_tag identifiers
[18:20:50] Assigned 1752 locus_tags to CDS and RNA features.
[18:20:50] Writing outputs to analysis_get_homologues/Prokka_Out/
[18:20:51] Generating annotation statistics file
[18:20:51] Generating Genbank and Sequin files
[18:20:51] Running: tbl2asn -V b -a r10k -l paired-ends -M n -N 1 -y 'Annotated using prokka 1.14.6 from https://github.com/tseemann/prokka' -Z analysis_get_homologues\/Prokka_Out\/prokka_KPL1930_CDC2949_98\.err -i analysis_get_homologues\/Prokka_Out\/prokka_KPL1930_CDC2949_98\.fsa 2> /dev/null
[18:20:53] Could not run command: tbl2asn -V b -a r10k -l paired-ends -M n -N 1 -y 'Annotated using prokka 1.14.6 from https://github.com/tseemann/prokka' -Z analysis_get_homologues\/Prokka_Out\/prokka_KPL1930_CDC2949_98\.err -i analysis_get_homologues\/Prokka_Out\/prokka_KPL1930_CDC2949_98\.fsa 2> /dev/null
