[18:35:39] This is prokka 1.14.6
[18:35:39] Written by Torsten Seemann <torsten.seemann@gmail.com>
[18:35:39] Homepage is https://github.com/tseemann/prokka
[18:35:39] Local time is Thu Oct 29 18:35:39 2020
[18:35:39] You are tommytran
[18:35:39] Operating system is darwin
[18:35:39] You have BioPerl 1.007002
[18:35:39] System has 6 cores.
[18:35:39] Will use maximum of 6 cores.
[18:35:39] Annotating as >>> Bacteria <<<
[18:35:39] Generating locus_tag from 'analysis_get_homologues/Renamed_Dpig/KPL3086.fa' contents.
[18:35:39] Setting --locustag ENNNIKGJ from MD5 e77724031e21ef76635359b5b3bff14d
[18:35:39] Re-using existing --outdir analysis_get_homologues/Prokka_Out
[18:35:39] Using filename prefix: prokka_KPL3086.XXX
[18:35:39] Setting HMMER_NCPU=1
[18:35:39] Writing log to: analysis_get_homologues/Prokka_Out/prokka_KPL3086.log
[18:35:39] Command: /Users/tommytran/miniconda3/bin/prokka --prefix prokka_KPL3086 --outdir analysis_get_homologues/Prokka_Out --genus Dolosigranulum --species pigrum --strain KPL3086 --cpus 0 --force analysis_get_homologues/Renamed_Dpig/KPL3086.fa
[18:35:39] Appending to PATH: /Users/tommytran/miniconda3/bin
[18:35:39] Looking for 'aragorn' - found /Users/tommytran/miniconda3/bin/aragorn
[18:35:39] Determined aragorn version is 001002 from 'ARAGORN v1.2.38 Dean Laslett'
[18:35:39] Looking for 'barrnap' - found /Users/tommytran/miniconda3/bin/barrnap
[18:35:39] Determined barrnap version is 000009 from 'barrnap 0.9'
[18:35:39] Looking for 'blastp' - found /Users/tommytran/miniconda3/bin/blastp
[18:35:39] Determined blastp version is 002009 from 'blastp: 2.9.0+'
[18:35:39] Looking for 'cmpress' - found /Users/tommytran/miniconda3/bin/cmpress
[18:35:39] Determined cmpress version is 001001 from '# INFERNAL 1.1.2 (July 2016)'
[18:35:39] Looking for 'cmscan' - found /Users/tommytran/miniconda3/bin/cmscan
[18:35:39] Determined cmscan version is 001001 from '# INFERNAL 1.1.2 (July 2016)'
[18:35:39] Looking for 'egrep' - found /usr/bin/egrep
[18:35:39] Looking for 'find' - found /usr/bin/find
[18:35:39] Looking for 'grep' - found /usr/bin/grep
[18:35:39] Looking for 'hmmpress' - found /Users/tommytran/miniconda3/bin/hmmpress
[18:35:39] Determined hmmpress version is 003003 from '# HMMER 3.3 (Nov 2019); http://hmmer.org/'
[18:35:39] Looking for 'hmmscan' - found /Users/tommytran/miniconda3/bin/hmmscan
[18:35:39] Determined hmmscan version is 003003 from '# HMMER 3.3 (Nov 2019); http://hmmer.org/'
[18:35:39] Looking for 'java' - found /Users/tommytran/miniconda3/bin/java
[18:35:39] Looking for 'makeblastdb' - found /Users/tommytran/miniconda3/bin/makeblastdb
[18:35:39] Determined makeblastdb version is 002009 from 'makeblastdb: 2.9.0+'
[18:35:39] Looking for 'minced' - found /Users/tommytran/miniconda3/bin/minced
[18:35:40] Determined minced version is 004002 from 'minced 0.4.2'
[18:35:40] Looking for 'parallel' - found /Users/tommytran/miniconda3/bin/parallel
[18:35:40] Determined parallel version is 20200522 from 'GNU parallel 20200522'
[18:35:40] Looking for 'prodigal' - found /Users/tommytran/miniconda3/bin/prodigal
[18:35:40] Determined prodigal version is 002006 from 'Prodigal V2.6.3: February, 2016'
[18:35:40] Looking for 'prokka-genbank_to_fasta_db' - found /Users/tommytran/miniconda3/bin/prokka-genbank_to_fasta_db
[18:35:40] Looking for 'sed' - found /usr/bin/sed
[18:35:40] Looking for 'tbl2asn' - found /Users/tommytran/miniconda3/bin/tbl2asn
[18:35:40] Determined tbl2asn version is 025007 from 'tbl2asn 25.7   arguments:'
[18:35:40] Using genetic code table 11.
[18:35:40] Loading and checking input file: analysis_get_homologues/Renamed_Dpig/KPL3086.fa
[18:35:40] Wrote 1 contigs totalling 1864691 bp.
[18:35:40] Predicting tRNAs and tmRNAs
[18:35:40] Running: aragorn -l -gc11  -w analysis_get_homologues\/Prokka_Out\/prokka_KPL3086\.fna
[18:35:40] 1 tRNA-Val [180547,180621] 35 (gac)
[18:35:40] 2 tRNA-Ala [416015,416089] 35 (tgc)
[18:35:40] 3 tRNA-Asn [419411,419485] 35 (gtt)
[18:35:40] 4 tRNA-Leu [489097,489180] 34 (gag)
[18:35:40] 5 tRNA-Ser [1143533,1143621] 36 (gga)
[18:35:40] 6 tRNA-Arg c[1205305,1205379] 35 (tct)
[18:35:40] 7 tRNA-Phe c[1375718,1375792] 35 (gaa)
[18:35:40] 8 tRNA-Asp c[1375798,1375873] 36 (gtc)
[18:35:40] 9 tRNA-Ser c[1375897,1375986] 37 (tga)
[18:35:40] 10 tRNA-Glu c[1375997,1376068] 34 (ttc)
[18:35:40] 11 tRNA-Ser c[1376084,1376174] 36 (gct)
[18:35:40] 12 tRNA-Ile c[1376200,1376275] 36 (gat)
[18:35:40] 13 tRNA-Gly c[1376283,1376353] 33 (tcc)
[18:35:40] 14 tRNA-Asp c[1376358,1376433] 36 (gtc)
[18:35:40] 15 tRNA-Met c[1376448,1376522] 35 (cat)
[18:35:40] 16 tRNA-Pro c[1376532,1376605] 35 (tgg)
[18:35:40] 17 tRNA-Arg c[1376627,1376702] 36 (acg)
[18:35:40] 18 tRNA-Leu c[1376711,1376797] 35 (taa)
[18:35:40] 19 tRNA-Gly c[1376826,1376897] 33 (gcc)
[18:35:40] 20 tRNA-Thr c[1376913,1376985] 34 (tgt)
[18:35:40] 21 tRNA-Leu c[1376992,1377073] 35 (tag)
[18:35:40] 22 tRNA-Lys c[1377091,1377163] 34 (ttt)
[18:35:40] 23 tRNA-Val c[1377173,1377245] 34 (tac)
[18:35:40] 24 tmRNA [1486593,1486950] 92,127 ANKNSNLALAA*
[18:35:40] 25 tRNA-Thr c[1612278,1612351] 34 (ggt)
[18:35:40] 26 tRNA-Gln c[1617697,1617770] 34 (ttg)
[18:35:40] 27 tRNA-Tyr c[1617774,1617857] 36 (gta)
[18:35:40] 28 tRNA-Glu c[1617862,1617933] 34 (ttc)
[18:35:40] 29 tRNA-SeC [1687967,1688064] 36 (tca)
[18:35:40] 30 tRNA-Arg c[1705046,1705120] 35 (tcg)
[18:35:40] 31 tRNA-Lys c[1705144,1705216] 34 (ttt)
[18:35:40] 32 tRNA-Val c[1705226,1705298] 34 (tac)
[18:35:40] 33 tRNA-Leu c[1710556,1710640] 35 (caa)
[18:35:40] 34 tRNA-Cys c[1710668,1710740] 33 (gca)
[18:35:40] 35 tRNA-Gln c[1710752,1710825] 34 (ttg)
[18:35:40] 36 tRNA-His c[1710840,1710914] 35 (gtg)
[18:35:40] 37 tRNA-Trp c[1710924,1710996] 34 (cca)
[18:35:40] 38 tRNA-Tyr c[1710999,1711081] 36 (gta)
[18:35:40] 39 tRNA-Phe c[1711098,1711172] 35 (gaa)
[18:35:40] 40 tRNA-Asp c[1711178,1711253] 36 (gtc)
[18:35:40] 41 tRNA-Met c[1711268,1711342] 35 (cat)
[18:35:40] 42 tRNA-Ser c[1711362,1711451] 37 (tga)
[18:35:40] 43 tRNA-Glu c[1711464,1711535] 34 (ttc)
[18:35:40] 44 tRNA-Ile c[1711551,1711626] 36 (gat)
[18:35:40] 45 tRNA-Gly c[1711636,1711706] 33 (tcc)
[18:35:40] 46 tRNA-Met c[1711759,1711832] 35 (cat)
[18:35:40] 47 tRNA-Met c[1711850,1711925] 36 (cat)
[18:35:40] 48 tRNA-Pro c[1711944,1712017] 35 (tgg)
[18:35:40] 49 tRNA-Arg c[1712074,1712149] 36 (acg)
[18:35:40] 50 tRNA-Leu c[1712158,1712244] 35 (taa)
[18:35:40] 51 tRNA-Gly c[1712273,1712344] 33 (gcc)
[18:35:40] 52 tRNA-Thr c[1712360,1712432] 34 (tgt)
[18:35:40] 53 tRNA-Asn c[1817302,1817376] 35 (gtt)
[18:35:40] 54 tRNA-Ala c[1820697,1820771] 35 (tgc)
[18:35:40] Found 54 tRNAs
[18:35:40] Predicting Ribosomal RNAs
[18:35:40] Running Barrnap with 6 threads
[18:35:42] 1 c_000000000001 414391 16S ribosomal RNA
[18:35:42] 2 c_000000000001 416284 23S ribosomal RNA
[18:35:42] 3 c_000000000001 419268 5S ribosomal RNA
[18:35:42] 4 c_000000000001 1377263 5S ribosomal RNA
[18:35:42] 5 c_000000000001 1377456 23S ribosomal RNA
[18:35:42] 6 c_000000000001 1380616 16S ribosomal RNA
[18:35:42] 7 c_000000000001 1705316 5S ribosomal RNA
[18:35:42] 8 c_000000000001 1705509 23S ribosomal RNA
[18:35:42] 9 c_000000000001 1708671 16S ribosomal RNA
[18:35:42] 10 c_000000000001 1817409 5S ribosomal RNA
[18:35:42] 11 c_000000000001 1817602 23S ribosomal RNA
[18:35:42] 12 c_000000000001 1820854 16S ribosomal RNA
[18:35:42] Found 12 rRNAs
[18:35:42] Skipping ncRNA search, enable with --rfam if desired.
[18:35:42] Total of 65 tRNA + rRNA features
[18:35:42] Searching for CRISPR repeats
[18:35:42] CRISPR1 c_000000000001 653107 with 11 spacers
[18:35:42] CRISPR2 c_000000000001 655700 with 10 spacers
[18:35:42] Found 2 CRISPRs
[18:35:42] Predicting coding sequences
[18:35:42] Contigs total 1864691 bp, so using single mode
[18:35:42] Running: prodigal -i analysis_get_homologues\/Prokka_Out\/prokka_KPL3086\.fna -c -m -g 11 -p single -f sco -q
[18:35:45] Found 1706 CDS
[18:35:45] Connecting features back to sequences
[18:35:45] Not using genus-specific database. Try --usegenus to enable it.
[18:35:45] Annotating CDS, please be patient.
[18:35:45] Will use 6 CPUs for similarity searching.
[18:35:46] There are still 1706 unannotated CDS left (started with 1706)
[18:35:46] Will use blast to search against /Users/tommytran/miniconda3/db/kingdom/Bacteria/IS with 6 CPUs
[18:35:46] Running: cat analysis_get_homologues\/Prokka_Out\/prokka_KPL3086\.IS\.tmp\.13241\.faa | parallel --gnu --plain -j 6 --block 45930 --recstart '>' --pipe blastp -query - -db /Users/tommytran/miniconda3/db/kingdom/Bacteria/IS -evalue 1e-30 -qcov_hsp_perc 90 -num_threads 1 -num_descriptions 1 -num_alignments 1 -seg no > analysis_get_homologues\/Prokka_Out\/prokka_KPL3086\.IS\.tmp\.13241\.blast 2> /dev/null
[18:35:51] Deleting unwanted file: analysis_get_homologues/Prokka_Out/prokka_KPL3086.IS.tmp.13241.faa
[18:35:51] Deleting unwanted file: analysis_get_homologues/Prokka_Out/prokka_KPL3086.IS.tmp.13241.blast
[18:35:51] There are still 1704 unannotated CDS left (started with 1706)
[18:35:51] Will use blast to search against /Users/tommytran/miniconda3/db/kingdom/Bacteria/AMR with 6 CPUs
[18:35:51] Running: cat analysis_get_homologues\/Prokka_Out\/prokka_KPL3086\.AMR\.tmp\.13241\.faa | parallel --gnu --plain -j 6 --block 45878 --recstart '>' --pipe blastp -query - -db /Users/tommytran/miniconda3/db/kingdom/Bacteria/AMR -evalue 9.99999999999999e-301 -qcov_hsp_perc 90 -num_threads 1 -num_descriptions 1 -num_alignments 1 -seg no > analysis_get_homologues\/Prokka_Out\/prokka_KPL3086\.AMR\.tmp\.13241\.blast 2> /dev/null
[18:35:56] Deleting unwanted file: analysis_get_homologues/Prokka_Out/prokka_KPL3086.AMR.tmp.13241.faa
[18:35:56] Deleting unwanted file: analysis_get_homologues/Prokka_Out/prokka_KPL3086.AMR.tmp.13241.blast
[18:35:56] There are still 1704 unannotated CDS left (started with 1706)
[18:35:56] Will use blast to search against /Users/tommytran/miniconda3/db/kingdom/Bacteria/sprot with 6 CPUs
[18:35:56] Running: cat analysis_get_homologues\/Prokka_Out\/prokka_KPL3086\.sprot\.tmp\.13241\.faa | parallel --gnu --plain -j 6 --block 45878 --recstart '>' --pipe blastp -query - -db /Users/tommytran/miniconda3/db/kingdom/Bacteria/sprot -evalue 1e-09 -qcov_hsp_perc 80 -num_threads 1 -num_descriptions 1 -num_alignments 1 -seg no > analysis_get_homologues\/Prokka_Out\/prokka_KPL3086\.sprot\.tmp\.13241\.blast 2> /dev/null
[18:36:17] Modify product: Probable cell division protein WhiA => putative cell division protein WhiA
[18:36:17] Modify product: UPF0302 protein BA_1542/GBAA_1542/BAS1430 => hypothetical protein
[18:36:17] Modify product: Uncharacterized protein YpjD => putative protein YpjD
[18:36:17] Modify product: UPF0324 inner membrane protein YeiH => hypothetical protein
[18:36:17] Modify product: UPF0053 protein HI_0107 => hypothetical protein
[18:36:17] Modify product: Uncharacterized MscS family protein YkuT => putative MscS family protein YkuT
[18:36:17] Modify product: UPF0176 protein SP_0095 => hypothetical protein
[18:36:17] Modify product: Putative universal stress protein SA1532 => Putative universal stress protein
[18:36:17] Modify product: Uncharacterized AAA domain-containing protein Rv2559c => putative AAA domain-containing protein
[18:36:17] Modify product: Probable multidrug resistance ABC transporter ATP-binding/permease protein YheI => putative multidrug resistance ABC transporter ATP-binding/permease protein YheI
[18:36:17] Modify product: Probable multidrug resistance ABC transporter ATP-binding/permease protein YheH => putative multidrug resistance ABC transporter ATP-binding/permease protein YheH
[18:36:17] Modify product: Probable undecaprenyl-phosphate N-acetylglucosaminyl 1-phosphate transferase => putative undecaprenyl-phosphate N-acetylglucosaminyl 1-phosphate transferase
[18:36:17] Modify product: UPF0365 protein SA1402 => hypothetical protein
[18:36:17] Modify product: Putative glycerol transporter Lin0368 => Putative glycerol transporter
[18:36:17] Modify product: Putative glycerol transporter Lin0367 => Putative glycerol transporter
[18:36:17] Modify product: Probable transcription repressor NiaR => putative transcription repressor NiaR
[18:36:17] Modify product: Probable protein-export membrane protein SecG => putative protein-export membrane protein SecG
[18:36:18] Modify product: Uncharacterized protein Spy1614 => putative protein
[18:36:18] Modify product: Uncharacterized protein SA1069 => putative protein
[18:36:18] Modify product: Probable glycine dehydrogenase (decarboxylating) subunit 1 => putative glycine dehydrogenase (decarboxylating) subunit 1
[18:36:18] Modify product: Probable glycine dehydrogenase (decarboxylating) subunit 2 => putative glycine dehydrogenase (decarboxylating) subunit 2
[18:36:18] Modify product: UPF0073 inner membrane protein YqfA => hypothetical protein
[18:36:18] Modify product: Putative phosphatase M6_Spy0533 => Putative phosphatase
[18:36:18] Modify product: UPF0122 protein SP_1288 => hypothetical protein
[18:36:18] Modify product: Probable ribosomal protein YlxQ => putative ribosomal protein YlxQ
[18:36:18] Modify product: Probable endonuclease 4 => putative endonuclease 4
[18:36:18] Modify product: UPF0374 protein SP_1903 => hypothetical protein
[18:36:18] Modify product: Putative aminotransferase MSMEG_6286/MSMEI_6121 => Putative aminotransferase/MSMEI_6121
[18:36:18] Modify product: Uncharacterized protein YqeY => putative protein YqeY
[18:36:18] Modify product: Putative multidrug export ATP-binding/permease protein SAV1866 => Putative multidrug export ATP-binding/permease protein
[18:36:18] Modify product: GTP cyclohydrolase 1 type 2 homolog => GTP cyclohydrolase 1 type 2 
[18:36:18] Modify product: UPF0178 protein YaiI => hypothetical protein
[18:36:18] Modify product: Uncharacterized protein YedJ => putative protein YedJ
[18:36:18] Modify product: DegV domain-containing protein spr1415 => DegV domain-containing protein
[18:36:18] Modify product: Nudix hydrolase DR_0079 => Nudix hydrolase
[18:36:18] Modify product: Bifunctional protein FolD => Bifunctional protein FolD protein
[18:36:18] Modify product: Uncharacterized protein YqgN => putative protein YqgN
[18:36:18] Modify product: Probable D,D-dipeptide transport system permease protein DdpC => putative D,D-dipeptide transport system permease protein DdpC
[18:36:18] Modify product: Uncharacterized PIN and TRAM-domain containing protein YacL => putative PIN and TRAM-domain containing protein YacL
[18:36:18] Modify product: Putative multidrug export ATP-binding/permease protein SAV1866 => Putative multidrug export ATP-binding/permease protein
[18:36:18] Modify product: Probable 3-hydroxyacyl-CoA dehydrogenase => putative 3-hydroxyacyl-CoA dehydrogenase
[18:36:18] Modify product: Uncharacterized oxidoreductase SpyM50865 => putative oxidoreductase
[18:36:18] Modify product: Probable quorum-quenching lactonase YtnP => putative quorum-quenching lactonase YtnP
[18:36:18] Modify product: Uncharacterized HTH-type transcriptional regulator SACOL2360 => putative HTH-type transcriptional regulator
[18:36:18] Modify product: Multidrug efflux system ATP-binding protein Rv1218c => Multidrug efflux system ATP-binding protein
[18:36:18] Modify product: Uncharacterized protein YhaP => putative protein YhaP
[18:36:18] Modify product: Uncharacterized ABC transporter ATP-binding protein Rv1273c => putative ABC transporter ATP-binding protein
[18:36:18] Modify product: Uncharacterized ABC transporter ATP-binding protein TM_0288 => putative ABC transporter ATP-binding protein
[18:36:18] Modify product: Probable fructose-bisphosphate aldolase => putative fructose-bisphosphate aldolase
[18:36:18] Modify product: Putative phosphatase M6_Spy0533 => Putative phosphatase
[18:36:18] Modify product: Probable licABCH operon regulator => putative licABCH operon regulator
[18:36:18] Modify product: Uncharacterized HTH-type transcriptional regulator YbbH => putative HTH-type transcriptional regulator YbbH
[18:36:18] Modify product: Probable pyridine nucleotide-disulfide oxidoreductase RclA => putative pyridine nucleotide-disulfide oxidoreductase RclA
[18:36:18] Modify product: Putative multidrug export ATP-binding/permease protein SAV1866 => Putative multidrug export ATP-binding/permease protein
[18:36:18] Modify product: Uncharacterized ABC transporter ATP-binding protein Rv0986 => putative ABC transporter ATP-binding protein
[18:36:18] Modify product: Calcium-transporting ATPase lmo0841 => Calcium-transporting ATPase
[18:36:18] Modify product: UPF0045 protein Rv1898 => hypothetical protein
[18:36:18] Modify product: UPF0346 protein YozE => hypothetical protein
[18:36:18] Modify product: Sulfurtransferase Alvin_2599 => Sulfurtransferase
[18:36:18] Modify product: Probable L-asparaginase => putative L-asparaginase
[18:36:18] Modify product: Putative transport protein Rv0205 => Putative transport protein
[18:36:18] Modify product: DegV domain-containing protein SA1258 => DegV domain-containing protein
[18:36:18] Modify product: UPF0342 protein SA1663 => hypothetical protein
[18:36:18] Modify product: Probable bifunctional oligoribonuclease and PAP phosphatase NrnA => putative bifunctional oligoribonuclease and PAP phosphatase NrnA
[18:36:18] Modify product: Uncharacterized protein Spy1535 => putative protein
[18:36:18] Modify product: Probable transcriptional regulatory protein MSMEG_2940/MSMEI_2866 => putative transcriptional regulatory protein/MSMEI_2866
[18:36:18] Modify product: Transcriptional repressor SmtB homolog => Transcriptional repressor SmtB 
[18:36:18] Modify product: Uncharacterized protein YdhK => putative protein YdhK
[18:36:18] Modify product: Uncharacterized multiple-sugar transport system permease YteP => putative multiple-sugar transport system permease YteP
[18:36:18] Modify product: Uncharacterized protein YpjQ => putative protein YpjQ
[18:36:18] Modify product: Uncharacterized oxidoreductase Mb2996 => putative oxidoreductase
[18:36:18] Modify product: Acetyltransferase SACOL1063 => Acetyltransferase
[18:36:18] Modify product: Acetyltransferase SACOL1063 => Acetyltransferase
[18:36:18] Modify product: UPF0413 protein YjbH => hypothetical protein
[18:36:18] Modify product: UPF0758 protein YsxA => hypothetical protein
[18:36:18] Modify product: UPF0473 protein SP_0194 => hypothetical protein
[18:36:18] Modify product: UPF0297 protein EF_1202 => hypothetical protein
[18:36:18] Modify product: UPF0397 protein SP_0482 => hypothetical protein
[18:36:18] Modify product: UPF0051 protein SA0778 => hypothetical protein
[18:36:18] Modify product: UPF0051 protein SA0778 => hypothetical protein
[18:36:18] Modify product: Probable ABC transporter ATP-binding protein M6_Spy0273 => putative ABC transporter ATP-binding protein
[18:36:18] Modify product: Probable nicotinate-nucleotide adenylyltransferase => putative nicotinate-nucleotide adenylyltransferase
[18:36:18] Modify product: RNA-binding protein HI_1333 => RNA-binding protein
[18:36:18] Modify product: Uncharacterized protein YqeH => putative protein YqeH
[18:36:18] Modify product: UPF0358 protein EF_2458 => hypothetical protein
[18:36:18] Modify product: Probable N-acetyl-LL-diaminopimelate aminotransferase => putative N-acetyl-LL-diaminopimelate aminotransferase
[18:36:18] Modify product: Uncharacterized response regulatory protein SACOL0201 => putative response regulatory protein
[18:36:18] Modify product: Uncharacterized protein HI_0131 => putative protein
[18:36:18] Modify product: Probable licABCH operon regulator => putative licABCH operon regulator
[18:36:18] Modify product: Probable tRNA sulfurtransferase => putative tRNA sulfurtransferase
[18:36:18] Modify product: Putative trans-acting regulator SP_1800 => Putative trans-acting regulator
[18:36:18] Modify product: UPF0702 transmembrane protein YetF => hypothetical protein
[18:36:18] Modify product: UPF0637 protein SA0957 => hypothetical protein
[18:36:18] Modify product: Putative trans-acting regulator SP_1800 => Putative trans-acting regulator
[18:36:18] Modify product: Uncharacterized epimerase/dehydratase SA0511 => putative epimerase/dehydratase
[18:36:18] Modify product: Probable metallo-hydrolase M6_Spy0554 => putative metallo-hydrolase
[18:36:18] Modify product: UPF0053 inner membrane protein YfjD => hypothetical protein
[18:36:18] Modify product: UPF0398 protein YpsA => hypothetical protein
[18:36:18] Modify product: Rqc2 homolog RqcH => Rqc2 RqcH
[18:36:18] Modify product: Putative metallophosphoesterase MG207 homolog => Putative metallophosphoesterase MG207 
[18:36:18] Modify product: TelA-like protein SA1238 => TelA-like protein
[18:36:18] Modify product: UPF0154 protein SA1178 => hypothetical protein
[18:36:18] Modify product: UPF0291 protein SP_1473 => hypothetical protein
[18:36:18] Modify product: Probable GTP-binding protein EngB => putative GTP-binding protein EngB
[18:36:18] Modify product: Uncharacterized protein YqeN => putative protein YqeN
[18:36:18] Modify product: Uncharacterized protein YbbA => putative protein YbbA
[18:36:18] Modify product: Uncharacterized ABC transporter ATP-binding protein YheS => putative ABC transporter ATP-binding protein YheS
[18:36:18] Modify product: UPF0340 protein YwlG => hypothetical protein
[18:36:18] Modify product: Protease HtpX homolog => Protease HtpX 
[18:36:18] Modify product: Uncharacterized ABC transporter ATP-binding protein Rv0986 => putative ABC transporter ATP-binding protein
[18:36:18] Modify product: Probable ABC transporter phosphite binding protein PhnD1 => putative ABC transporter phosphite binding protein PhnD1
[18:36:18] Modify product: UPF0394 inner membrane protein YeeE => hypothetical protein
[18:36:18] Modify product: Uncharacterized protein YacP => putative protein YacP
[18:36:18] Modify product: Uncharacterized oxidoreductase YjhC => putative oxidoreductase YjhC
[18:36:18] Modify product: Probable peptidoglycan glycosyltransferase FtsW => putative peptidoglycan glycosyltransferase FtsW
[18:36:19] Modify product: Organic hydroperoxide resistance protein-like => Organic hydroperoxide resistance protein-like protein
[18:36:19] Cleaned 116 /product names
[18:36:19] Deleting unwanted file: analysis_get_homologues/Prokka_Out/prokka_KPL3086.sprot.tmp.13241.faa
[18:36:19] Deleting unwanted file: analysis_get_homologues/Prokka_Out/prokka_KPL3086.sprot.tmp.13241.blast
[18:36:19] There are still 674 unannotated CDS left (started with 1706)
[18:36:19] Will use hmmer3 to search against /Users/tommytran/miniconda3/db/hmm/HAMAP.hmm with 6 CPUs
[18:36:19] Running: cat analysis_get_homologues\/Prokka_Out\/prokka_KPL3086\.HAMAP\.hmm\.tmp\.13241\.faa | parallel --gnu --plain -j 6 --block 16277 --recstart '>' --pipe hmmscan --noali --notextw --acc -E 1e-09 --cpu 1 /Users/tommytran/miniconda3/db/hmm/HAMAP.hmm /dev/stdin > analysis_get_homologues\/Prokka_Out\/prokka_KPL3086\.HAMAP\.hmm\.tmp\.13241\.hmmer3 2> /dev/null
[18:36:29] Modify product: Uncharacterized Nudix hydrolase NudL => putative Nudix hydrolase NudL
[18:36:29] Modify product: Protein SprT-like => Protein SprT-like protein
[18:36:29] Cleaned 2 /product names
[18:36:29] Deleting unwanted file: analysis_get_homologues/Prokka_Out/prokka_KPL3086.HAMAP.hmm.tmp.13241.faa
[18:36:29] Deleting unwanted file: analysis_get_homologues/Prokka_Out/prokka_KPL3086.HAMAP.hmm.tmp.13241.hmmer3
[18:36:29] Labelling remaining 591 proteins as 'hypothetical protein'
[18:36:29] Possible /pseudo 'D-methionine-binding lipoprotein MetQ' at c_000000000001 position 122696
[18:36:29] Possible /pseudo 'PTS system mannose-specific EIIAB component' at c_000000000001 position 167779
[18:36:29] Possible /pseudo 'putative ABC transporter ATP-binding protein' at c_000000000001 position 306774
[18:36:29] Possible /pseudo 'Arsenical pump-driving ATPase' at c_000000000001 position 499025
[18:36:29] Possible /pseudo 'Putative glycerol transporter' at c_000000000001 position 523304
[18:36:29] Possible /pseudo 'putative protein' at c_000000000001 position 613001
[18:36:29] Possible /pseudo 'Undecaprenyl-phosphate 4-deoxy-4-formamido-L-arabinose transferase' at c_000000000001 position 757044
[18:36:29] Possible /pseudo 'Penicillin-binding protein 2B' at c_000000000001 position 895950
[18:36:29] Possible /pseudo 'DNA repair protein RecO' at c_000000000001 position 906596
[18:36:29] Possible /pseudo 'DNA topoisomerase 1' at c_000000000001 position 936768
[18:36:29] Possible /pseudo 'Tyrosine recombinase XerC' at c_000000000001 position 938868
[18:36:29] Possible /pseudo 'DNA topoisomerase 4 subunit A' at c_000000000001 position 953897
[18:36:29] Possible /pseudo 'DNA topoisomerase 4 subunit B' at c_000000000001 position 955609
[18:36:29] Possible /pseudo 'Acetyltransferase' at c_000000000001 position 1429522
[18:36:29] Possible /pseudo 'Glycine reductase complex component B subunit gamma' at c_000000000001 position 1673731
[18:36:29] Found 893 unique /gene codes.
[18:36:29] Fixed 2 duplicate /gene - rnfD_1 rnfD_2
[18:36:29] Fixed 2 duplicate /gene - lacC_1 lacC_2
[18:36:29] Fixed 2 duplicate /gene - nylA_1 nylA_2
[18:36:29] Fixed 2 duplicate /gene - manX_1 manX_2
[18:36:29] Fixed 2 duplicate /gene - clpC_1 clpC_2
[18:36:29] Fixed 2 duplicate /gene - cadA_1 cadA_2
[18:36:29] Fixed 2 duplicate /gene - metN_1 metN_2
[18:36:29] Fixed 2 duplicate /gene - fpgS_1 fpgS_2
[18:36:29] Fixed 2 duplicate /gene - ptsG_1 ptsG_2
[18:36:29] Fixed 2 duplicate /gene - mgtE_1 mgtE_2
[18:36:29] Fixed 2 duplicate /gene - licR_1 licR_2
[18:36:29] Fixed 2 duplicate /gene - pepF1_1 pepF1_2
[18:36:29] Fixed 2 duplicate /gene - ecfT_1 ecfT_2
[18:36:29] Fixed 2 duplicate /gene - rnfC_1 rnfC_2
[18:36:29] Fixed 2 duplicate /gene - topA_1 topA_2
[18:36:29] Fixed 2 duplicate /gene - zosA_1 zosA_2
[18:36:29] Fixed 4 duplicate /gene - agrA_1 agrA_2 agrA_3 agrA_4
[18:36:29] Fixed 2 duplicate /gene - atpE_1 atpE_2
[18:36:29] Fixed 2 duplicate /gene - pcp_1 pcp_2
[18:36:29] Fixed 2 duplicate /gene - gatC_1 gatC_2
[18:36:29] Fixed 2 duplicate /gene - spxA_1 spxA_2
[18:36:29] Fixed 3 duplicate /gene - brnQ_1 brnQ_2 brnQ_3
[18:36:29] Fixed 2 duplicate /gene - gcvH_1 gcvH_2
[18:36:29] Fixed 2 duplicate /gene - ngcG_1 ngcG_2
[18:36:29] Fixed 2 duplicate /gene - dagK_1 dagK_2
[18:36:29] Fixed 3 duplicate /gene - metP_1 metP_2 metP_3
[18:36:29] Fixed 2 duplicate /gene - rpoN1_1 rpoN1_2
[18:36:29] Fixed 2 duplicate /gene - ytrA_1 ytrA_2
[18:36:29] Fixed 2 duplicate /gene - rsmH_1 rsmH_2
[18:36:29] Fixed 2 duplicate /gene - ettA_1 ettA_2
[18:36:29] Fixed 2 duplicate /gene - nanA_1 nanA_2
[18:36:29] Fixed 2 duplicate /gene - galK_1 galK_2
[18:36:29] Fixed 2 duplicate /gene - mshA_1 mshA_2
[18:36:29] Fixed 3 duplicate /gene - fabG_1 fabG_2 fabG_3
[18:36:29] Fixed 2 duplicate /gene - parC_1 parC_2
[18:36:29] Fixed 2 duplicate /gene - natA_1 natA_2
[18:36:29] Fixed 2 duplicate /gene - alsT_1 alsT_2
[18:36:29] Fixed 2 duplicate /gene - tenA_1 tenA_2
[18:36:29] Fixed 2 duplicate /gene - argS_1 argS_2
[18:36:29] Fixed 2 duplicate /gene - bglK_1 bglK_2
[18:36:29] Fixed 2 duplicate /gene - thiD_1 thiD_2
[18:36:29] Fixed 2 duplicate /gene - trxB_1 trxB_2
[18:36:29] Fixed 2 duplicate /gene - lacF_1 lacF_2
[18:36:29] Fixed 2 duplicate /gene - iscS_1 iscS_2
[18:36:29] Fixed 2 duplicate /gene - parE_1 parE_2
[18:36:29] Fixed 2 duplicate /gene - yclP_1 yclP_2
[18:36:29] Fixed 2 duplicate /gene - grdB_1 grdB_2
[18:36:29] Fixed 2 duplicate /gene - lplJ_1 lplJ_2
[18:36:29] Fixed 9 duplicate /gene - btuD_1 btuD_2 btuD_3 btuD_4 btuD_5 btuD_6 btuD_7 btuD_8 btuD_9
[18:36:29] Fixed 2 duplicate /gene - pnp_1 pnp_2
[18:36:29] Fixed 2 duplicate /gene - sasA_1 sasA_2
[18:36:29] Fixed 2 duplicate /gene - luxS_1 luxS_2
[18:36:29] Fixed 3 duplicate /gene - lexA_1 lexA_2 lexA_3
[18:36:29] Fixed 2 duplicate /gene - yohK_1 yohK_2
[18:36:29] Fixed 2 duplicate /gene - recO_1 recO_2
[18:36:29] Fixed 2 duplicate /gene - dacA_1 dacA_2
[18:36:29] Fixed 2 duplicate /gene - atpD_1 atpD_2
[18:36:29] Fixed 3 duplicate /gene - smc_1 smc_2 smc_3
[18:36:29] Fixed 2 duplicate /gene - aes_1 aes_2
[18:36:29] Fixed 2 duplicate /gene - gsiC_1 gsiC_2
[18:36:29] Fixed 2 duplicate /gene - ccpA_1 ccpA_2
[18:36:29] Fixed 2 duplicate /gene - dsdA_1 dsdA_2
[18:36:29] Fixed 2 duplicate /gene - trxA_1 trxA_2
[18:36:29] Fixed 5 duplicate /gene - metQ_1 metQ_2 metQ_3 metQ_4 metQ_5
[18:36:29] Fixed 2 duplicate /gene - penA_1 penA_2
[18:36:29] Fixed 2 duplicate /gene - copY_1 copY_2
[18:36:29] Fixed 2 duplicate /gene - mntB_1 mntB_2
[18:36:29] Fixed 2 duplicate /gene - acpP_1 acpP_2
[18:36:29] Fixed 3 duplicate /gene - xerC_1 xerC_2 xerC_3
[18:36:29] Fixed 2 duplicate /gene - srrA_1 srrA_2
[18:36:29] Fixed 2 duplicate /gene - ruvB_1 ruvB_2
[18:36:29] Fixed 2 duplicate /gene - rhaR_1 rhaR_2
[18:36:29] Fixed 2 duplicate /gene - apbE_1 apbE_2
[18:36:29] Fixed 2 duplicate /gene - urdA_1 urdA_2
[18:36:29] Fixed 3 duplicate /gene - oppD_1 oppD_2 oppD_3
[18:36:29] Fixed 3 duplicate /gene - bglH_1 bglH_2 bglH_3
[18:36:29] Fixed 2 duplicate /gene - lrgA_1 lrgA_2
[18:36:29] Fixed 2 duplicate /gene - arsA_1 arsA_2
[18:36:29] Fixed 2 duplicate /gene - est_1 est_2
[18:36:29] Fixed 2 duplicate /gene - sufS_1 sufS_2
[18:36:29] Fixed 2 duplicate /gene - licC_1 licC_2
[18:36:29] Fixed 2 duplicate /gene - cobB_1 cobB_2
[18:36:29] Fixed 2 duplicate /gene - lagD_1 lagD_2
[18:36:29] Fixed 3 duplicate /gene - arnC_1 arnC_2 arnC_3
[18:36:29] Fixed 3 duplicate /gene - oppF_1 oppF_2 oppF_3
[18:36:29] Fixed 6 duplicate /gene - bcrA_1 bcrA_2 bcrA_3 bcrA_4 bcrA_5 bcrA_6
[18:36:29] Fixed 2 duplicate /gene - nagB_1 nagB_2
[18:36:29] Fixed 2 duplicate /gene - licA_1 licA_2
[18:36:29] Fixed 2 duplicate /gene - gmk_1 gmk_2
[18:36:29] Fixed 2 duplicate /gene - tagU_1 tagU_2
[18:36:29] Fixed 90 colliding /gene names.
[18:36:29] Adding /locus_tag identifiers
[18:36:29] Assigned 1772 locus_tags to CDS and RNA features.
[18:36:29] Writing outputs to analysis_get_homologues/Prokka_Out/
[18:36:30] Generating annotation statistics file
[18:36:30] Generating Genbank and Sequin files
[18:36:30] Running: tbl2asn -V b -a r10k -l paired-ends -M n -N 1 -y 'Annotated using prokka 1.14.6 from https://github.com/tseemann/prokka' -Z analysis_get_homologues\/Prokka_Out\/prokka_KPL3086\.err -i analysis_get_homologues\/Prokka_Out\/prokka_KPL3086\.fsa 2> /dev/null
[18:36:32] Could not run command: tbl2asn -V b -a r10k -l paired-ends -M n -N 1 -y 'Annotated using prokka 1.14.6 from https://github.com/tseemann/prokka' -Z analysis_get_homologues\/Prokka_Out\/prokka_KPL3086\.err -i analysis_get_homologues\/Prokka_Out\/prokka_KPL3086\.fsa 2> /dev/null
