[17:36:39] This is prokka 1.14.6
[17:36:39] Written by Torsten Seemann <torsten.seemann@gmail.com>
[17:36:39] Homepage is https://github.com/tseemann/prokka
[17:36:39] Local time is Fri Jul 10 17:36:39 2020
[17:36:39] You are isabelfe
[17:36:39] Operating system is darwin
[17:36:39] You have BioPerl 1.007002
[17:36:39] System has 2 cores.
[17:36:39] Will use maximum of 2 cores.
[17:36:39] Annotating as >>> Bacteria <<<
[17:36:39] Generating locus_tag from 'analysis_prokka/Reformat_Dpig/dpi_genomes_forncbi_kpl3274_c.current.fa' contents.
[17:36:39] Setting --locustag KLABDAGO from MD5 45abda083c81535ab040702d268b9afd
[17:36:39] Re-using existing --outdir analysis_prokka/Prokka_Out
[17:36:39] Using filename prefix: prokka_dpi_genomes_forncbi_kpl3274_c.current.XXX
[17:36:39] Setting HMMER_NCPU=1
[17:36:39] Writing log to: analysis_prokka/Prokka_Out/prokka_dpi_genomes_forncbi_kpl3274_c.current.log
[17:36:39] Command: /Users/isabelfe/opt/anaconda3/bin/prokka --prefix prokka_dpi_genomes_forncbi_kpl3274_c.current --outdir analysis_prokka/Prokka_Out --cpus 0 --force analysis_prokka/Reformat_Dpig/dpi_genomes_forncbi_kpl3274_c.current.fa
[17:36:39] Appending to PATH: /Users/isabelfe/opt/anaconda3/bin
[17:36:39] Looking for 'aragorn' - found /Users/isabelfe/opt/anaconda3/bin/aragorn
[17:36:39] Determined aragorn version is 001002 from 'ARAGORN v1.2.38 Dean Laslett'
[17:36:39] Looking for 'barrnap' - found /Users/isabelfe/opt/anaconda3/bin/barrnap
[17:36:39] Determined barrnap version is 000009 from 'barrnap 0.9'
[17:36:39] Looking for 'blastp' - found /Users/isabelfe/opt/anaconda3/bin/blastp
[17:36:39] Determined blastp version is 002009 from 'blastp: 2.9.0+'
[17:36:39] Looking for 'cmpress' - found /Users/isabelfe/opt/anaconda3/bin/cmpress
[17:36:39] Determined cmpress version is 001001 from '# INFERNAL 1.1.2 (July 2016)'
[17:36:39] Looking for 'cmscan' - found /Users/isabelfe/opt/anaconda3/bin/cmscan
[17:36:39] Determined cmscan version is 001001 from '# INFERNAL 1.1.2 (July 2016)'
[17:36:39] Looking for 'egrep' - found /usr/bin/egrep
[17:36:39] Looking for 'find' - found /usr/bin/find
[17:36:39] Looking for 'grep' - found /usr/bin/grep
[17:36:39] Looking for 'hmmpress' - found /Users/isabelfe/opt/anaconda3/bin/hmmpress
[17:36:39] Determined hmmpress version is 003003 from '# HMMER 3.3 (Nov 2019); http://hmmer.org/'
[17:36:39] Looking for 'hmmscan' - found /Users/isabelfe/opt/anaconda3/bin/hmmscan
[17:36:39] Determined hmmscan version is 003003 from '# HMMER 3.3 (Nov 2019); http://hmmer.org/'
[17:36:39] Looking for 'java' - found /Users/isabelfe/opt/anaconda3/bin/java
[17:36:39] Looking for 'makeblastdb' - found /Users/isabelfe/opt/anaconda3/bin/makeblastdb
[17:36:39] Determined makeblastdb version is 002009 from 'makeblastdb: 2.9.0+'
[17:36:39] Looking for 'minced' - found /Users/isabelfe/opt/anaconda3/bin/minced
[17:36:40] Determined minced version is 004002 from 'minced 0.4.2'
[17:36:40] Looking for 'parallel' - found /Users/isabelfe/opt/anaconda3/bin/parallel
[17:36:40] Determined parallel version is 20200522 from 'GNU parallel 20200522'
[17:36:40] Looking for 'prodigal' - found /Users/isabelfe/opt/anaconda3/bin/prodigal
[17:36:40] Determined prodigal version is 002006 from 'Prodigal V2.6.3: February, 2016'
[17:36:40] Looking for 'prokka-genbank_to_fasta_db' - found /Users/isabelfe/opt/anaconda3/bin/prokka-genbank_to_fasta_db
[17:36:40] Looking for 'sed' - found /usr/bin/sed
[17:36:40] Looking for 'tbl2asn' - found /Users/isabelfe/opt/anaconda3/bin/tbl2asn
[17:36:40] Determined tbl2asn version is 025007 from 'tbl2asn 25.7   arguments:'
[17:36:40] Using genetic code table 11.
[17:36:40] Loading and checking input file: analysis_prokka/Reformat_Dpig/dpi_genomes_forncbi_kpl3274_c.current.fa
[17:36:40] Wrote 1 contigs totalling 1875895 bp.
[17:36:40] Predicting tRNAs and tmRNAs
[17:36:40] Running: aragorn -l -gc11  -w analysis_prokka\/Prokka_Out\/prokka_dpi_genomes_forncbi_kpl3274_c\.current\.fna
[17:36:41] 1 tRNA-Val [175476,175550] 35 (gac)
[17:36:41] 2 tRNA-Ala [432774,432848] 35 (tgc)
[17:36:41] 3 tRNA-Asn [436168,436242] 35 (gtt)
[17:36:41] 4 tRNA-Leu [505840,505924] 34 (gag)
[17:36:41] 5 tRNA-Ser [1138844,1138932] 36 (gga)
[17:36:41] 6 tRNA-Arg c[1208546,1208620] 35 (tct)
[17:36:41] 7 tRNA-Phe c[1367295,1367369] 35 (gaa)
[17:36:41] 8 tRNA-Asp c[1367375,1367450] 36 (gtc)
[17:36:41] 9 tRNA-Ser c[1367474,1367563] 37 (tga)
[17:36:41] 10 tRNA-Glu c[1367574,1367645] 34 (ttc)
[17:36:41] 11 tRNA-Ser c[1367661,1367751] 36 (gct)
[17:36:41] 12 tRNA-Ile c[1367777,1367852] 36 (gat)
[17:36:41] 13 tRNA-Gly c[1367860,1367930] 33 (tcc)
[17:36:41] 14 tRNA-Asp c[1367935,1368010] 36 (gtc)
[17:36:41] 15 tRNA-Met c[1368025,1368099] 35 (cat)
[17:36:41] 16 tRNA-Pro c[1368109,1368182] 35 (tgg)
[17:36:41] 17 tRNA-Arg c[1368204,1368279] 36 (acg)
[17:36:41] 18 tRNA-Leu c[1368288,1368374] 35 (taa)
[17:36:41] 19 tRNA-Gly c[1368403,1368474] 33 (gcc)
[17:36:41] 20 tRNA-Thr c[1368490,1368562] 34 (tgt)
[17:36:41] 21 tRNA-Leu c[1368569,1368650] 35 (tag)
[17:36:41] 22 tRNA-Lys c[1368668,1368740] 34 (ttt)
[17:36:41] 23 tRNA-Val c[1368750,1368822] 34 (tac)
[17:36:41] 24 tmRNA [1469617,1469974] 92,127 ANKNSNLALAA*
[17:36:41] 25 tRNA-Thr c[1602584,1602656] 34 (ggt)
[17:36:41] 26 tRNA-Gln c[1607976,1608049] 34 (ttg)
[17:36:41] 27 tRNA-Tyr c[1608053,1608136] 36 (gta)
[17:36:41] 28 tRNA-Glu c[1608141,1608212] 34 (ttc)
[17:36:41] 29 tRNA-SeC [1676002,1676099] 36 (tca)
[17:36:41] 30 tRNA-Arg c[1715040,1715114] 35 (tcg)
[17:36:41] 31 tRNA-Lys c[1715138,1715210] 34 (ttt)
[17:36:41] 32 tRNA-Val c[1715220,1715292] 34 (tac)
[17:36:41] 33 tRNA-Leu c[1720547,1720631] 35 (caa)
[17:36:41] 34 tRNA-Cys c[1720659,1720731] 33 (gca)
[17:36:41] 35 tRNA-Gln c[1720743,1720816] 34 (ttg)
[17:36:41] 36 tRNA-His c[1720831,1720905] 35 (gtg)
[17:36:41] 37 tRNA-Trp c[1720915,1720987] 34 (cca)
[17:36:41] 38 tRNA-Tyr c[1720990,1721072] 36 (gta)
[17:36:41] 39 tRNA-Phe c[1721089,1721163] 35 (gaa)
[17:36:41] 40 tRNA-Asp c[1721169,1721244] 36 (gtc)
[17:36:41] 41 tRNA-Met c[1721259,1721333] 35 (cat)
[17:36:41] 42 tRNA-Ser c[1721353,1721442] 37 (tga)
[17:36:41] 43 tRNA-Glu c[1721455,1721526] 34 (ttc)
[17:36:41] 44 tRNA-Ile c[1721542,1721617] 36 (gat)
[17:36:41] 45 tRNA-Gly c[1721627,1721697] 33 (tcc)
[17:36:41] 46 tRNA-Met c[1721750,1721823] 35 (cat)
[17:36:41] 47 tRNA-Met c[1721841,1721916] 36 (cat)
[17:36:41] 48 tRNA-Pro c[1721935,1722008] 35 (tgg)
[17:36:41] 49 tRNA-Arg c[1722065,1722140] 36 (acg)
[17:36:41] 50 tRNA-Leu c[1722149,1722235] 35 (taa)
[17:36:41] 51 tRNA-Gly c[1722264,1722335] 33 (gcc)
[17:36:41] 52 tRNA-Thr c[1722351,1722423] 34 (tgt)
[17:36:41] 53 tRNA-Asn c[1823326,1823400] 35 (gtt)
[17:36:41] 54 tRNA-Ala c[1826720,1826794] 35 (tgc)
[17:36:41] Found 54 tRNAs
[17:36:41] Predicting Ribosomal RNAs
[17:36:41] Running Barrnap with 2 threads
[17:36:44] 1 c_000000000001 431150 16S ribosomal RNA
[17:36:44] 2 c_000000000001 433043 23S ribosomal RNA
[17:36:44] 3 c_000000000001 436025 5S ribosomal RNA
[17:36:44] 4 c_000000000001 1368840 5S ribosomal RNA
[17:36:44] 5 c_000000000001 1369037 23S ribosomal RNA
[17:36:44] 6 c_000000000001 1372197 16S ribosomal RNA
[17:36:44] 7 c_000000000001 1715310 5S ribosomal RNA
[17:36:44] 8 c_000000000001 1715503 23S ribosomal RNA
[17:36:44] 9 c_000000000001 1718663 16S ribosomal RNA
[17:36:44] 10 c_000000000001 1823433 5S ribosomal RNA
[17:36:44] 11 c_000000000001 1823626 23S ribosomal RNA
[17:36:44] 12 c_000000000001 1826877 16S ribosomal RNA
[17:36:44] Found 12 rRNAs
[17:36:44] Skipping ncRNA search, enable with --rfam if desired.
[17:36:44] Total of 65 tRNA + rRNA features
[17:36:44] Searching for CRISPR repeats
[17:36:45] CRISPR1 c_000000000001 674880 with 14 spacers
[17:36:45] Found 1 CRISPRs
[17:36:45] Predicting coding sequences
[17:36:45] Contigs total 1875895 bp, so using single mode
[17:36:45] Running: prodigal -i analysis_prokka\/Prokka_Out\/prokka_dpi_genomes_forncbi_kpl3274_c\.current\.fna -c -m -g 11 -p single -f sco -q
[17:36:48] Excluding CDS which overlaps existing RNA (tRNA) at c_000000000001:1602386..1602625 on - strand
[17:36:49] Found 1684 CDS
[17:36:49] Connecting features back to sequences
[17:36:49] Not using genus-specific database. Try --usegenus to enable it.
[17:36:49] Annotating CDS, please be patient.
[17:36:49] Will use 2 CPUs for similarity searching.
[17:36:49] There are still 1684 unannotated CDS left (started with 1684)
[17:36:49] Will use blast to search against /Users/isabelfe/opt/anaconda3/db/kingdom/Bacteria/IS with 2 CPUs
[17:36:49] Running: cat analysis_prokka\/Prokka_Out\/prokka_dpi_genomes_forncbi_kpl3274_c\.current\.IS\.tmp\.55900\.faa | parallel --gnu --plain -j 2 --block 139765 --recstart '>' --pipe blastp -query - -db /Users/isabelfe/opt/anaconda3/db/kingdom/Bacteria/IS -evalue 1e-30 -qcov_hsp_perc 90 -num_threads 1 -num_descriptions 1 -num_alignments 1 -seg no > analysis_prokka\/Prokka_Out\/prokka_dpi_genomes_forncbi_kpl3274_c\.current\.IS\.tmp\.55900\.blast 2> /dev/null
[17:37:09] Deleting unwanted file: analysis_prokka/Prokka_Out/prokka_dpi_genomes_forncbi_kpl3274_c.current.IS.tmp.55900.faa
[17:37:09] Deleting unwanted file: analysis_prokka/Prokka_Out/prokka_dpi_genomes_forncbi_kpl3274_c.current.IS.tmp.55900.blast
[17:37:09] There are still 1672 unannotated CDS left (started with 1684)
[17:37:09] Will use blast to search against /Users/isabelfe/opt/anaconda3/db/kingdom/Bacteria/AMR with 2 CPUs
[17:37:09] Running: cat analysis_prokka\/Prokka_Out\/prokka_dpi_genomes_forncbi_kpl3274_c\.current\.AMR\.tmp\.55900\.faa | parallel --gnu --plain -j 2 --block 139005 --recstart '>' --pipe blastp -query - -db /Users/isabelfe/opt/anaconda3/db/kingdom/Bacteria/AMR -evalue 9.99999999999999e-301 -qcov_hsp_perc 90 -num_threads 1 -num_descriptions 1 -num_alignments 1 -seg no > analysis_prokka\/Prokka_Out\/prokka_dpi_genomes_forncbi_kpl3274_c\.current\.AMR\.tmp\.55900\.blast 2> /dev/null
[17:37:25] Deleting unwanted file: analysis_prokka/Prokka_Out/prokka_dpi_genomes_forncbi_kpl3274_c.current.AMR.tmp.55900.faa
[17:37:25] Deleting unwanted file: analysis_prokka/Prokka_Out/prokka_dpi_genomes_forncbi_kpl3274_c.current.AMR.tmp.55900.blast
[17:37:26] There are still 1672 unannotated CDS left (started with 1684)
[17:37:26] Will use blast to search against /Users/isabelfe/opt/anaconda3/db/kingdom/Bacteria/sprot with 2 CPUs
[17:37:26] Running: cat analysis_prokka\/Prokka_Out\/prokka_dpi_genomes_forncbi_kpl3274_c\.current\.sprot\.tmp\.55900\.faa | parallel --gnu --plain -j 2 --block 139005 --recstart '>' --pipe blastp -query - -db /Users/isabelfe/opt/anaconda3/db/kingdom/Bacteria/sprot -evalue 1e-09 -qcov_hsp_perc 80 -num_threads 1 -num_descriptions 1 -num_alignments 1 -seg no > analysis_prokka\/Prokka_Out\/prokka_dpi_genomes_forncbi_kpl3274_c\.current\.sprot\.tmp\.55900\.blast 2> /dev/null
[17:38:39] Modify product: Calcium-transporting ATPase lmo0841 => Calcium-transporting ATPase
[17:38:39] Modify product: UPF0365 protein SA1402 => hypothetical protein
[17:38:39] Modify product: Putative glycerol transporter Lin0368 => Putative glycerol transporter
[17:38:39] Modify product: Putative glycerol transporter Lin0367 => Putative glycerol transporter
[17:38:39] Modify product: Probable transcription repressor NiaR => putative transcription repressor NiaR
[17:38:39] Modify product: Probable protein-export membrane protein SecG => putative protein-export membrane protein SecG
[17:38:39] Modify product: Uncharacterized protein Spy1614 => putative protein
[17:38:39] Modify product: Uncharacterized protein SA1069 => putative protein
[17:38:39] Modify product: Glutathione peroxidase homolog BsaA => Glutathione peroxidase BsaA
[17:38:39] Modify product: Probable cell division protein WhiA => putative cell division protein WhiA
[17:38:39] Modify product: UPF0302 protein BA_1542/GBAA_1542/BAS1430 => hypothetical protein
[17:38:39] Modify product: Uncharacterized protein YpjD => putative protein YpjD
[17:38:40] Modify product: UPF0324 inner membrane protein YeiH => hypothetical protein
[17:38:40] Modify product: UPF0053 protein HI_0107 => hypothetical protein
[17:38:40] Modify product: Uncharacterized MscS family protein YkuT => putative MscS family protein YkuT
[17:38:40] Modify product: UPF0176 protein SP_0095 => hypothetical protein
[17:38:40] Modify product: Putative universal stress protein SA1532 => Putative universal stress protein
[17:38:40] Modify product: Uncharacterized AAA domain-containing protein Rv2559c => putative AAA domain-containing protein
[17:38:40] Modify product: Probable multidrug resistance ABC transporter ATP-binding/permease protein YheI => putative multidrug resistance ABC transporter ATP-binding/permease protein YheI
[17:38:40] Modify product: Probable multidrug resistance ABC transporter ATP-binding/permease protein YheH => putative multidrug resistance ABC transporter ATP-binding/permease protein YheH
[17:38:40] Modify product: Probable undecaprenyl-phosphate N-acetylglucosaminyl 1-phosphate transferase => putative undecaprenyl-phosphate N-acetylglucosaminyl 1-phosphate transferase
[17:38:40] Modify product: Probable glycine dehydrogenase (decarboxylating) subunit 1 => putative glycine dehydrogenase (decarboxylating) subunit 1
[17:38:40] Modify product: Probable glycine dehydrogenase (decarboxylating) subunit 2 => putative glycine dehydrogenase (decarboxylating) subunit 2
[17:38:40] Modify product: UPF0073 inner membrane protein YqfA => hypothetical protein
[17:38:40] Modify product: Putative phosphatase M6_Spy0533 => Putative phosphatase
[17:38:40] Modify product: UPF0122 protein SP_1288 => hypothetical protein
[17:38:40] Modify product: UPF0109 protein Rv2908c => hypothetical protein
[17:38:40] Modify product: Probable ribosomal protein YlxQ => putative ribosomal protein YlxQ
[17:38:40] Modify product: Probable murein peptide carboxypeptidase => putative murein peptide carboxypeptidase
[17:38:40] Modify product: Probable endonuclease 4 => putative endonuclease 4
[17:38:40] Modify product: UPF0374 protein SP_1903 => hypothetical protein
[17:38:40] Modify product: Putative aminotransferase MSMEG_6286/MSMEI_6121 => Putative aminotransferase/MSMEI_6121
[17:38:40] Modify product: Uncharacterized protein YqeY => putative protein YqeY
[17:38:40] Modify product: Putative multidrug export ATP-binding/permease protein SAV1866 => Putative multidrug export ATP-binding/permease protein
[17:38:40] Modify product: GTP cyclohydrolase 1 type 2 homolog => GTP cyclohydrolase 1 type 2 
[17:38:40] Modify product: UPF0178 protein YaiI => hypothetical protein
[17:38:40] Modify product: Uncharacterized protein YedJ => putative protein YedJ
[17:38:40] Modify product: DegV domain-containing protein spr1415 => DegV domain-containing protein
[17:38:40] Modify product: Nudix hydrolase DR_0079 => Nudix hydrolase
[17:38:40] Modify product: Bifunctional protein FolD => Bifunctional protein FolD protein
[17:38:40] Modify product: Uncharacterized protein YqgN => putative protein YqgN
[17:38:40] Modify product: Probable D,D-dipeptide transport system permease protein DdpC => putative D,D-dipeptide transport system permease protein DdpC
[17:38:40] Modify product: Uncharacterized PIN and TRAM-domain containing protein YacL => putative PIN and TRAM-domain containing protein YacL
[17:38:40] Modify product: Fluoroquinolones export ATP-binding protein Rv2688c => Fluoroquinolones export ATP-binding protein
[17:38:40] Modify product: Putative multidrug export ATP-binding/permease protein SAV1866 => Putative multidrug export ATP-binding/permease protein
[17:38:40] Modify product: Probable 3-hydroxyacyl-CoA dehydrogenase => putative 3-hydroxyacyl-CoA dehydrogenase
[17:38:40] Modify product: Uncharacterized oxidoreductase SpyM50865 => putative oxidoreductase
[17:38:40] Modify product: Probable quorum-quenching lactonase YtnP => putative quorum-quenching lactonase YtnP
[17:38:40] Modify product: Multidrug efflux system ATP-binding protein Rv1218c => Multidrug efflux system ATP-binding protein
[17:38:40] Modify product: Uncharacterized protein YhaP => putative protein YhaP
[17:38:40] Modify product: Uncharacterized ABC transporter ATP-binding protein Rv1273c => putative ABC transporter ATP-binding protein
[17:38:40] Modify product: Uncharacterized ABC transporter ATP-binding protein TM_0288 => putative ABC transporter ATP-binding protein
[17:38:40] Modify product: Probable fructose-bisphosphate aldolase => putative fructose-bisphosphate aldolase
[17:38:40] Modify product: Probable licABCH operon regulator => putative licABCH operon regulator
[17:38:40] Modify product: Probable pyridine nucleotide-disulfide oxidoreductase RclA => putative pyridine nucleotide-disulfide oxidoreductase RclA
[17:38:40] Modify product: Putative multidrug export ATP-binding/permease protein SAV1866 => Putative multidrug export ATP-binding/permease protein
[17:38:40] Modify product: Uncharacterized ABC transporter ATP-binding protein Rv0986 => putative ABC transporter ATP-binding protein
[17:38:40] Modify product: UPF0045 protein Rv1898 => hypothetical protein
[17:38:40] Modify product: UPF0346 protein YozE => hypothetical protein
[17:38:40] Modify product: Sulfurtransferase Alvin_2599 => Sulfurtransferase
[17:38:40] Modify product: Probable L-asparaginase => putative L-asparaginase
[17:38:40] Modify product: DegV domain-containing protein SA1258 => DegV domain-containing protein
[17:38:40] Modify product: UPF0342 protein SA1663 => hypothetical protein
[17:38:40] Modify product: Probable bifunctional oligoribonuclease and PAP phosphatase NrnA => putative bifunctional oligoribonuclease and PAP phosphatase NrnA
[17:38:40] Modify product: Uncharacterized protein Spy1535 => putative protein
[17:38:40] Modify product: Probable transcriptional regulatory protein MSMEG_2940/MSMEI_2866 => putative transcriptional regulatory protein/MSMEI_2866
[17:38:40] Modify product: Transcriptional repressor SmtB homolog => Transcriptional repressor SmtB 
[17:38:40] Modify product: Putative trans-acting regulator SP_1800 => Putative trans-acting regulator
[17:38:40] Modify product: Uncharacterized epimerase/dehydratase SA0511 => putative epimerase/dehydratase
[17:38:40] Modify product: Probable metallo-hydrolase M6_Spy0554 => putative metallo-hydrolase
[17:38:40] Modify product: UPF0053 inner membrane protein YfjD => hypothetical protein
[17:38:40] Modify product: UPF0398 protein YpsA => hypothetical protein
[17:38:40] Modify product: Rqc2 homolog RqcH => Rqc2 RqcH
[17:38:40] Modify product: Putative metallophosphoesterase MG207 homolog => Putative metallophosphoesterase MG207 
[17:38:40] Modify product: TelA-like protein SA1238 => TelA-like protein
[17:38:40] Modify product: UPF0154 protein SA1178 => hypothetical protein
[17:38:40] Modify product: UPF0291 protein SP_1473 => hypothetical protein
[17:38:40] Modify product: Probable L-ascorbate-6-phosphate lactonase UlaG => putative L-ascorbate-6-phosphate lactonase UlaG
[17:38:40] Modify product: Probable licABCH operon regulator => putative licABCH operon regulator
[17:38:40] Modify product: Probable GTP-binding protein EngB => putative GTP-binding protein EngB
[17:38:40] Modify product: Probable nicotinate-nucleotide adenylyltransferase => putative nicotinate-nucleotide adenylyltransferase
[17:38:40] Modify product: RNA-binding protein HI_1333 => RNA-binding protein
[17:38:40] Modify product: Uncharacterized protein YqeH => putative protein YqeH
[17:38:40] Modify product: UPF0358 protein EF_2458 => hypothetical protein
[17:38:40] Modify product: Probable N-acetyl-LL-diaminopimelate aminotransferase => putative N-acetyl-LL-diaminopimelate aminotransferase
[17:38:40] Modify product: Probable licABCH operon regulator => putative licABCH operon regulator
[17:38:40] Modify product: Probable tRNA sulfurtransferase => putative tRNA sulfurtransferase
[17:38:40] Modify product: Putative trans-acting regulator SP_1800 => Putative trans-acting regulator
[17:38:40] Modify product: UPF0702 transmembrane protein YetF => hypothetical protein
[17:38:40] Modify product: UPF0637 protein SA0957 => hypothetical protein
[17:38:40] Modify product: Uncharacterized multiple-sugar transport system permease YteP => putative multiple-sugar transport system permease YteP
[17:38:40] Modify product: Uncharacterized protein YpjQ => putative protein YpjQ
[17:38:40] Modify product: Uncharacterized oxidoreductase MSMEG_2408/MSMEI_2347 => putative oxidoreductase/MSMEI_2347
[17:38:40] Modify product: Acetyltransferase SACOL1063 => Acetyltransferase
[17:38:40] Modify product: Acetyltransferase SACOL1063 => Acetyltransferase
[17:38:40] Modify product: Uncharacterized RNA pseudouridine synthase Rv1540 => putative RNA pseudouridine synthase
[17:38:40] Modify product: UPF0413 protein YjbH => hypothetical protein
[17:38:40] Modify product: UPF0758 protein YsxA => hypothetical protein
[17:38:40] Modify product: UPF0473 protein SP_0194 => hypothetical protein
[17:38:40] Modify product: UPF0297 protein EF_1202 => hypothetical protein
[17:38:40] Modify product: UPF0397 protein SP_0482 => hypothetical protein
[17:38:40] Modify product: UPF0051 protein SA0778 => hypothetical protein
[17:38:40] Modify product: UPF0051 protein SA0778 => hypothetical protein
[17:38:40] Modify product: Probable ABC transporter ATP-binding protein M6_Spy0273 => putative ABC transporter ATP-binding protein
[17:38:40] Modify product: Uncharacterized protein YqeN => putative protein YqeN
[17:38:40] Modify product: Uncharacterized protein YbbA => putative protein YbbA
[17:38:40] Modify product: Uncharacterized ABC transporter ATP-binding protein YheS => putative ABC transporter ATP-binding protein YheS
[17:38:41] Modify product: UPF0340 protein YwlG => hypothetical protein
[17:38:41] Modify product: Protease HtpX homolog => Protease HtpX 
[17:38:41] Modify product: Uncharacterized ABC transporter ATP-binding protein Rv0986 => putative ABC transporter ATP-binding protein
[17:38:41] Modify product: Probable ABC transporter phosphite binding protein PhnD1 => putative ABC transporter phosphite binding protein PhnD1
[17:38:41] Modify product: UPF0394 inner membrane protein YeeE => hypothetical protein
[17:38:41] Modify product: Uncharacterized protein YacP => putative protein YacP
[17:38:41] Modify product: Uncharacterized oxidoreductase YjhC => putative oxidoreductase YjhC
[17:38:41] Modify product: Probable peptidoglycan glycosyltransferase FtsW => putative peptidoglycan glycosyltransferase FtsW
[17:38:41] Cleaned 115 /product names
[17:38:41] Deleting unwanted file: analysis_prokka/Prokka_Out/prokka_dpi_genomes_forncbi_kpl3274_c.current.sprot.tmp.55900.faa
[17:38:41] Deleting unwanted file: analysis_prokka/Prokka_Out/prokka_dpi_genomes_forncbi_kpl3274_c.current.sprot.tmp.55900.blast
[17:38:41] There are still 636 unannotated CDS left (started with 1684)
[17:38:41] Will use hmmer3 to search against /Users/isabelfe/opt/anaconda3/db/hmm/HAMAP.hmm with 2 CPUs
[17:38:41] Running: cat analysis_prokka\/Prokka_Out\/prokka_dpi_genomes_forncbi_kpl3274_c\.current\.HAMAP\.hmm\.tmp\.55900\.faa | parallel --gnu --plain -j 2 --block 48343 --recstart '>' --pipe hmmscan --noali --notextw --acc -E 1e-09 --cpu 1 /Users/isabelfe/opt/anaconda3/db/hmm/HAMAP.hmm /dev/stdin > analysis_prokka\/Prokka_Out\/prokka_dpi_genomes_forncbi_kpl3274_c\.current\.HAMAP\.hmm\.tmp\.55900\.hmmer3 2> /dev/null
[17:39:07] Modify product: Uncharacterized Nudix hydrolase NudL => putative Nudix hydrolase NudL
[17:39:07] Modify product: Protein SprT-like => Protein SprT-like protein
[17:39:07] Cleaned 2 /product names
[17:39:07] Deleting unwanted file: analysis_prokka/Prokka_Out/prokka_dpi_genomes_forncbi_kpl3274_c.current.HAMAP.hmm.tmp.55900.faa
[17:39:07] Deleting unwanted file: analysis_prokka/Prokka_Out/prokka_dpi_genomes_forncbi_kpl3274_c.current.HAMAP.hmm.tmp.55900.hmmer3
[17:39:07] Labelling remaining 556 proteins as 'hypothetical protein'
[17:39:07] Possible /pseudo 'D-methionine-binding lipoprotein MetQ' at c_000000000001 position 120567
[17:39:07] Possible /pseudo 'IS3 family transposase ISEfa10' at c_000000000001 position 130837
[17:39:07] Possible /pseudo 'IS3 family transposase ISEfa10' at c_000000000001 position 146318
[17:39:07] Possible /pseudo 'PTS system mannose-specific EIIAB component' at c_000000000001 position 164671
[17:39:07] Possible /pseudo 'putative ABC transporter ATP-binding protein' at c_000000000001 position 317032
[17:39:07] Possible /pseudo 'IS3 family transposase ISEfa10' at c_000000000001 position 516781
[17:39:07] Possible /pseudo 'Putative glycerol transporter' at c_000000000001 position 543173
[17:39:07] Possible /pseudo 'IS3 family transposase ISEfa10' at c_000000000001 position 547461
[17:39:07] Possible /pseudo 'putative protein' at c_000000000001 position 643216
[17:39:07] Possible /pseudo 'Undecaprenyl-phosphate 4-deoxy-4-formamido-L-arabinose transferase' at c_000000000001 position 763471
[17:39:07] Possible /pseudo 'IS3 family transposase ISEfa10' at c_000000000001 position 809625
[17:39:07] Possible /pseudo 'Transcriptional regulator MraZ' at c_000000000001 position 1254440
[17:39:07] Possible /pseudo 'Acetyltransferase' at c_000000000001 position 1412020
[17:39:07] Possible /pseudo 'Glycine reductase complex component B subunit gamma' at c_000000000001 position 1663629
[17:39:07] Found 901 unique /gene codes.
[17:39:07] Fixed 2 duplicate /gene - ettA_1 ettA_2
[17:39:07] Fixed 2 duplicate /gene - alsT_1 alsT_2
[17:39:07] Fixed 2 duplicate /gene - ecfA1_1 ecfA1_2
[17:39:07] Fixed 2 duplicate /gene - rpoN1_1 rpoN1_2
[17:39:07] Fixed 2 duplicate /gene - ssbA_1 ssbA_2
[17:39:07] Fixed 3 duplicate /gene - oppF_1 oppF_2 oppF_3
[17:39:07] Fixed 2 duplicate /gene - sasA_1 sasA_2
[17:39:07] Fixed 2 duplicate /gene - urdA_1 urdA_2
[17:39:07] Fixed 3 duplicate /gene - manX_1 manX_2 manX_3
[17:39:07] Fixed 2 duplicate /gene - cobB_1 cobB_2
[17:39:07] Fixed 3 duplicate /gene - arnC_1 arnC_2 arnC_3
[17:39:07] Fixed 2 duplicate /gene - rnfD_1 rnfD_2
[17:39:07] Fixed 2 duplicate /gene - thiD_1 thiD_2
[17:39:07] Fixed 3 duplicate /gene - ulaA_1 ulaA_2 ulaA_3
[17:39:07] Fixed 2 duplicate /gene - era_1 era_2
[17:39:07] Fixed 2 duplicate /gene - lacF_1 lacF_2
[17:39:07] Fixed 2 duplicate /gene - dacA_1 dacA_2
[17:39:07] Fixed 2 duplicate /gene - metN_1 metN_2
[17:39:07] Fixed 2 duplicate /gene - tagU_1 tagU_2
[17:39:07] Fixed 2 duplicate /gene - manZ_1 manZ_2
[17:39:07] Fixed 2 duplicate /gene - ptsG_1 ptsG_2
[17:39:07] Fixed 10 duplicate /gene - btuD_1 btuD_2 btuD_3 btuD_4 btuD_5 btuD_6 btuD_7 btuD_8 btuD_9 btuD_10
[17:39:07] Fixed 2 duplicate /gene - pdhC_1 pdhC_2
[17:39:07] Fixed 3 duplicate /gene - fabG_1 fabG_2 fabG_3
[17:39:07] Fixed 2 duplicate /gene - pepF1_1 pepF1_2
[17:39:07] Fixed 2 duplicate /gene - yohK_1 yohK_2
[17:39:07] Fixed 3 duplicate /gene - metP_1 metP_2 metP_3
[17:39:07] Fixed 2 duplicate /gene - fpgS_1 fpgS_2
[17:39:07] Fixed 3 duplicate /gene - brnQ_1 brnQ_2 brnQ_3
[17:39:07] Fixed 5 duplicate /gene - metQ_1 metQ_2 metQ_3 metQ_4 metQ_5
[17:39:07] Fixed 2 duplicate /gene - cdaR_1 cdaR_2
[17:39:07] Fixed 2 duplicate /gene - nylA_1 nylA_2
[17:39:07] Fixed 3 duplicate /gene - rhaR_1 rhaR_2 rhaR_3
[17:39:07] Fixed 2 duplicate /gene - gmk_1 gmk_2
[17:39:07] Fixed 2 duplicate /gene - srrA_1 srrA_2
[17:39:07] Fixed 2 duplicate /gene - spxA_1 spxA_2
[17:39:07] Fixed 2 duplicate /gene - gsiC_1 gsiC_2
[17:39:07] Fixed 2 duplicate /gene - grdB_1 grdB_2
[17:39:07] Fixed 2 duplicate /gene - aes_1 aes_2
[17:39:07] Fixed 2 duplicate /gene - clpC_1 clpC_2
[17:39:07] Fixed 2 duplicate /gene - trxA_1 trxA_2
[17:39:07] Fixed 6 duplicate /gene - bcrA_1 bcrA_2 bcrA_3 bcrA_4 bcrA_5 bcrA_6
[17:39:07] Fixed 2 duplicate /gene - sufS_1 sufS_2
[17:39:07] Fixed 2 duplicate /gene - pcp_1 pcp_2
[17:39:07] Fixed 2 duplicate /gene - pnp_1 pnp_2
[17:39:07] Fixed 2 duplicate /gene - luxS_1 luxS_2
[17:39:07] Fixed 2 duplicate /gene - nanA_1 nanA_2
[17:39:07] Fixed 2 duplicate /gene - mgtE_1 mgtE_2
[17:39:07] Fixed 2 duplicate /gene - lplJ_1 lplJ_2
[17:39:07] Fixed 2 duplicate /gene - rnfC_1 rnfC_2
[17:39:07] Fixed 2 duplicate /gene - cadA_1 cadA_2
[17:39:07] Fixed 2 duplicate /gene - mraZ_1 mraZ_2
[17:39:07] Fixed 3 duplicate /gene - agrA_1 agrA_2 agrA_3
[17:39:07] Fixed 2 duplicate /gene - dsdA_1 dsdA_2
[17:39:07] Fixed 2 duplicate /gene - atpD_1 atpD_2
[17:39:07] Fixed 2 duplicate /gene - mshA_1 mshA_2
[17:39:07] Fixed 2 duplicate /gene - ngcG_1 ngcG_2
[17:39:07] Fixed 2 duplicate /gene - yclP_1 yclP_2
[17:39:07] Fixed 2 duplicate /gene - atpE_1 atpE_2
[17:39:07] Fixed 2 duplicate /gene - rsmH_1 rsmH_2
[17:39:07] Fixed 2 duplicate /gene - uvrB_1 uvrB_2
[17:39:07] Fixed 2 duplicate /gene - tenA_1 tenA_2
[17:39:07] Fixed 2 duplicate /gene - purR_1 purR_2
[17:39:07] Fixed 2 duplicate /gene - lagD_1 lagD_2
[17:39:07] Fixed 2 duplicate /gene - ccpA_1 ccpA_2
[17:39:07] Fixed 2 duplicate /gene - trxB_1 trxB_2
[17:39:07] Fixed 2 duplicate /gene - est_1 est_2
[17:39:07] Fixed 2 duplicate /gene - argS_1 argS_2
[17:39:07] Fixed 2 duplicate /gene - apbE_1 apbE_2
[17:39:07] Fixed 3 duplicate /gene - oppD_1 oppD_2 oppD_3
[17:39:07] Fixed 5 duplicate /gene - smc_1 smc_2 smc_3 smc_4 smc_5
[17:39:07] Fixed 2 duplicate /gene - acpP_1 acpP_2
[17:39:07] Fixed 2 duplicate /gene - iscS_1 iscS_2
[17:39:07] Fixed 3 duplicate /gene - licR_1 licR_2 licR_3
[17:39:07] Fixed 2 duplicate /gene - gcvH_1 gcvH_2
[17:39:07] Fixed 2 duplicate /gene - lrgA_1 lrgA_2
[17:39:07] Fixed 2 duplicate /gene - galK_1 galK_2
[17:39:07] Fixed 2 duplicate /gene - dagK_1 dagK_2
[17:39:07] Fixed 2 duplicate /gene - scmP_1 scmP_2
[17:39:07] Fixed 2 duplicate /gene - ytrA_1 ytrA_2
[17:39:07] Fixed 2 duplicate /gene - bglK_1 bglK_2
[17:39:07] Fixed 2 duplicate /gene - gmuD_1 gmuD_2
[17:39:07] Fixed 2 duplicate /gene - dinG_1 dinG_2
[17:39:07] Fixed 2 duplicate /gene - ecfT_1 ecfT_2
[17:39:07] Fixed 84 colliding /gene names.
[17:39:07] Adding /locus_tag identifiers
[17:39:07] Assigned 1750 locus_tags to CDS and RNA features.
[17:39:07] Writing outputs to analysis_prokka/Prokka_Out/
[17:39:09] Generating annotation statistics file
[17:39:09] Generating Genbank and Sequin files
[17:39:09] Running: tbl2asn -V b -a r10k -l paired-ends -M n -N 1 -y 'Annotated using prokka 1.14.6 from https://github.com/tseemann/prokka' -Z analysis_prokka\/Prokka_Out\/prokka_dpi_genomes_forncbi_kpl3274_c\.current\.err -i analysis_prokka\/Prokka_Out\/prokka_dpi_genomes_forncbi_kpl3274_c\.current\.fsa 2> /dev/null
[17:39:12] Could not run command: tbl2asn -V b -a r10k -l paired-ends -M n -N 1 -y 'Annotated using prokka 1.14.6 from https://github.com/tseemann/prokka' -Z analysis_prokka\/Prokka_Out\/prokka_dpi_genomes_forncbi_kpl3274_c\.current\.err -i analysis_prokka\/Prokka_Out\/prokka_dpi_genomes_forncbi_kpl3274_c\.current\.fsa 2> /dev/null
