[16:32:41] This is prokka 1.14.6
[16:32:41] Written by Torsten Seemann <torsten.seemann@gmail.com>
[16:32:41] Homepage is https://github.com/tseemann/prokka
[16:32:41] Local time is Fri Jul 10 16:32:41 2020
[16:32:41] You are isabelfe
[16:32:41] Operating system is darwin
[16:32:41] You have BioPerl 1.007002
[16:32:41] System has 2 cores.
[16:32:41] Will use maximum of 2 cores.
[16:32:41] Annotating as >>> Bacteria <<<
[16:32:41] Generating locus_tag from 'analysis_prokka/Reformat_Dpig/GCF_003264085.1_ASM326408v1_genomic.fa' contents.
[16:32:41] Setting --locustag AAFEKCOI from MD5 aafe4c822c996443efcaf836ebd0ede7
[16:32:41] Re-using existing --outdir analysis_prokka/Prokka_Out
[16:32:41] Using filename prefix: prokka_GCF_003264085.1_ASM326408v1_genomic.XXX
[16:32:41] Setting HMMER_NCPU=1
[16:32:41] Writing log to: analysis_prokka/Prokka_Out/prokka_GCF_003264085.1_ASM326408v1_genomic.log
[16:32:41] Command: /Users/isabelfe/opt/anaconda3/bin/prokka --prefix prokka_GCF_003264085.1_ASM326408v1_genomic --outdir analysis_prokka/Prokka_Out --cpus 0 --force analysis_prokka/Reformat_Dpig/GCF_003264085.1_ASM326408v1_genomic.fa
[16:32:41] Appending to PATH: /Users/isabelfe/opt/anaconda3/bin
[16:32:41] Looking for 'aragorn' - found /Users/isabelfe/opt/anaconda3/bin/aragorn
[16:32:41] Determined aragorn version is 001002 from 'ARAGORN v1.2.38 Dean Laslett'
[16:32:41] Looking for 'barrnap' - found /Users/isabelfe/opt/anaconda3/bin/barrnap
[16:32:41] Determined barrnap version is 000009 from 'barrnap 0.9'
[16:32:41] Looking for 'blastp' - found /Users/isabelfe/opt/anaconda3/bin/blastp
[16:32:41] Determined blastp version is 002009 from 'blastp: 2.9.0+'
[16:32:41] Looking for 'cmpress' - found /Users/isabelfe/opt/anaconda3/bin/cmpress
[16:32:41] Determined cmpress version is 001001 from '# INFERNAL 1.1.2 (July 2016)'
[16:32:41] Looking for 'cmscan' - found /Users/isabelfe/opt/anaconda3/bin/cmscan
[16:32:42] Determined cmscan version is 001001 from '# INFERNAL 1.1.2 (July 2016)'
[16:32:42] Looking for 'egrep' - found /usr/bin/egrep
[16:32:42] Looking for 'find' - found /usr/bin/find
[16:32:42] Looking for 'grep' - found /usr/bin/grep
[16:32:42] Looking for 'hmmpress' - found /Users/isabelfe/opt/anaconda3/bin/hmmpress
[16:32:42] Determined hmmpress version is 003003 from '# HMMER 3.3 (Nov 2019); http://hmmer.org/'
[16:32:42] Looking for 'hmmscan' - found /Users/isabelfe/opt/anaconda3/bin/hmmscan
[16:32:42] Determined hmmscan version is 003003 from '# HMMER 3.3 (Nov 2019); http://hmmer.org/'
[16:32:42] Looking for 'java' - found /Users/isabelfe/opt/anaconda3/bin/java
[16:32:42] Looking for 'makeblastdb' - found /Users/isabelfe/opt/anaconda3/bin/makeblastdb
[16:32:42] Determined makeblastdb version is 002009 from 'makeblastdb: 2.9.0+'
[16:32:42] Looking for 'minced' - found /Users/isabelfe/opt/anaconda3/bin/minced
[16:32:42] Determined minced version is 004002 from 'minced 0.4.2'
[16:32:42] Looking for 'parallel' - found /Users/isabelfe/opt/anaconda3/bin/parallel
[16:32:43] Determined parallel version is 20200522 from 'GNU parallel 20200522'
[16:32:43] Looking for 'prodigal' - found /Users/isabelfe/opt/anaconda3/bin/prodigal
[16:32:43] Determined prodigal version is 002006 from 'Prodigal V2.6.3: February, 2016'
[16:32:43] Looking for 'prokka-genbank_to_fasta_db' - found /Users/isabelfe/opt/anaconda3/bin/prokka-genbank_to_fasta_db
[16:32:43] Looking for 'sed' - found /usr/bin/sed
[16:32:43] Looking for 'tbl2asn' - found /Users/isabelfe/opt/anaconda3/bin/tbl2asn
[16:32:43] Determined tbl2asn version is 025007 from 'tbl2asn 25.7   arguments:'
[16:32:43] Using genetic code table 11.
[16:32:43] Loading and checking input file: analysis_prokka/Reformat_Dpig/GCF_003264085.1_ASM326408v1_genomic.fa
[16:32:43] Wrote 82 contigs totalling 2014679 bp.
[16:32:43] Predicting tRNAs and tmRNAs
[16:32:43] Running: aragorn -l -gc11  -w analysis_prokka\/Prokka_Out\/prokka_GCF_003264085\.1_ASM326408v1_genomic\.fna
[16:32:45] 1 tRNA-Thr c[73870,73943] 34 (ggt)
[16:32:45] 2 tRNA-Gln c[79290,79363] 34 (ttg)
[16:32:45] 3 tRNA-Tyr c[79367,79450] 36 (gta)
[16:32:45] 4 tRNA-Glu c[79455,79526] 34 (ttc)
[16:32:45] 5 tRNA-SeC [144897,144994] 36 (tca)
[16:32:45] 6 tRNA-Arg c[170785,170859] 35 (tcg)
[16:32:45] 7 tRNA-Lys c[170883,170955] 34 (ttt)
[16:32:45] 1 tRNA-Thr [6,78] 34 (tgt)
[16:32:45] 2 tRNA-Gly [94,165] 33 (gcc)
[16:32:45] 3 tRNA-Leu [194,280] 35 (taa)
[16:32:45] 1 tRNA-Lys [65,137] 34 (ttt)
[16:32:45] 2 tRNA-Leu [155,236] 35 (tag)
[16:32:45] 3 tRNA-Thr [243,315] 34 (tgt)
[16:32:45] 1 tRNA-Arg [100376,100450] 35 (tct)
[16:32:45] 2 tRNA-Ser c[170058,170146] 36 (gga)
[16:32:45] 1 tRNA-Trp [23804,23877] 35 (cca)
[16:32:45] 1 tRNA-Leu [46,132] 35 (taa)
[16:32:45] 2 tRNA-Arg [141,216] 36 (acg)
[16:32:45] 3 tRNA-Pro [238,311] 35 (tgg)
[16:32:45] 4 tRNA-Met [321,395] 35 (cat)
[16:32:45] 5 tRNA-Asp [410,485] 36 (gtc)
[16:32:45] 6 tRNA-Gly [490,560] 33 (tcc)
[16:32:45] 7 tRNA-Ile [568,643] 36 (gat)
[16:32:45] 8 tRNA-Ser [669,759] 36 (gct)
[16:32:45] 9 tRNA-Glu [775,846] 34 (ttc)
[16:32:45] 10 tRNA-Ser [856,945] 37 (tga)
[16:32:45] 11 tRNA-Asp [969,1044] 36 (gtc)
[16:32:45] 1 tmRNA c[54943,55300] 92,127 ANKNSNLALAA*
[16:32:45] 1 tRNA-Asn c[87479,87553] 35 (gtt)
[16:32:45] 1 tRNA-Ala c[146,220] 35 (tgc)
[16:32:45] 1 tRNA-Thr [15256,15328] 34 (tgt)
[16:32:45] 1 tRNA-Val [861,935] 35 (gac)
[16:32:45] 1 tRNA-Phe c[5921,5995] 35 (gaa)
[16:32:45] 1 tRNA-Phe [64,138] 35 (gaa)
[16:32:45] 2 tRNA-Tyr [155,237] 36 (gta)
[16:32:45] 3 tRNA-Trp [240,312] 34 (cca)
[16:32:45] 4 tRNA-His [322,396] 35 (gtg)
[16:32:45] 5 tRNA-Gln [411,484] 34 (ttg)
[16:32:45] 6 tRNA-Cys [496,568] 33 (gca)
[16:32:45] 7 tRNA-Leu [596,680] 35 (caa)
[16:32:45] 1 tRNA-Val c[63,139] 35 (tac)
[16:32:45] 1 tRNA-Val c[66,138] 34 (tac)
[16:32:45] 1 tRNA-Ala c[146,220] 35 (tgc)
[16:32:45] 1 tRNA-Leu [46,132] 35 (taa)
[16:32:45] 2 tRNA-Arg [141,216] 36 (acg)
[16:32:45] 3 tRNA-Pro [273,346] 35 (tgg)
[16:32:45] 4 tRNA-Met [365,440] 36 (cat)
[16:32:45] 5 tRNA-Met [458,531] 35 (cat)
[16:32:45] 6 tRNA-Gly [584,654] 33 (tcc)
[16:32:45] 7 tRNA-Ile [665,738] 35 (gat)
[16:32:45] 8 tRNA-Glu [755,826] 34 (ttc)
[16:32:45] 9 tRNA-Ser [839,928] 37 (tga)
[16:32:45] 10 tRNA-Met [942,1016] 35 (cat)
[16:32:45] 11 tRNA-Asp [1031,1106] 36 (gtc)
[16:32:45] 1 tRNA-Asn [184,258] 35 (gtt)
[16:32:45] 2 tRNA-Leu [69685,69768] 34 (gag)
[16:32:45] Found 56 tRNAs
[16:32:45] Predicting Ribosomal RNAs
[16:32:45] Running Barrnap with 2 threads
[16:32:48] 1 c_000000000051 87586 5S ribosomal RNA
[16:32:48] 2 c_000000000057 7 16S ribosomal RNA (partial)
[16:32:48] 3 c_000000000067 156 5S ribosomal RNA
[16:32:48] 4 c_000000000073 156 5S ribosomal RNA
[16:32:48] 5 c_000000000082 41 5S ribosomal RNA
[16:32:48] Found 5 rRNAs
[16:32:48] Skipping ncRNA search, enable with --rfam if desired.
[16:32:48] Total of 60 tRNA + rRNA features
[16:32:48] Searching for CRISPR repeats
[16:32:49] CRISPR1 c_000000000030 61 with 5 spacers
[16:32:49] Found 1 CRISPRs
[16:32:49] Predicting coding sequences
[16:32:49] Contigs total 2014679 bp, so using single mode
[16:32:49] Running: prodigal -i analysis_prokka\/Prokka_Out\/prokka_GCF_003264085\.1_ASM326408v1_genomic\.fna -c -m -g 11 -p single -f sco -q
[16:32:53] Found 1914 CDS
[16:32:53] Connecting features back to sequences
[16:32:53] Not using genus-specific database. Try --usegenus to enable it.
[16:32:53] Annotating CDS, please be patient.
[16:32:53] Will use 2 CPUs for similarity searching.
[16:32:55] There are still 1914 unannotated CDS left (started with 1914)
[16:32:55] Will use blast to search against /Users/isabelfe/opt/anaconda3/db/kingdom/Bacteria/IS with 2 CPUs
[16:32:55] Running: cat analysis_prokka\/Prokka_Out\/prokka_GCF_003264085\.1_ASM326408v1_genomic\.IS\.tmp\.97303\.faa | parallel --gnu --plain -j 2 --block 146427 --recstart '>' --pipe blastp -query - -db /Users/isabelfe/opt/anaconda3/db/kingdom/Bacteria/IS -evalue 1e-30 -qcov_hsp_perc 90 -num_threads 1 -num_descriptions 1 -num_alignments 1 -seg no > analysis_prokka\/Prokka_Out\/prokka_GCF_003264085\.1_ASM326408v1_genomic\.IS\.tmp\.97303\.blast 2> /dev/null
[16:33:23] Deleting unwanted file: analysis_prokka/Prokka_Out/prokka_GCF_003264085.1_ASM326408v1_genomic.IS.tmp.97303.faa
[16:33:23] Deleting unwanted file: analysis_prokka/Prokka_Out/prokka_GCF_003264085.1_ASM326408v1_genomic.IS.tmp.97303.blast
[16:33:24] There are still 1913 unannotated CDS left (started with 1914)
[16:33:24] Will use blast to search against /Users/isabelfe/opt/anaconda3/db/kingdom/Bacteria/AMR with 2 CPUs
[16:33:24] Running: cat analysis_prokka\/Prokka_Out\/prokka_GCF_003264085\.1_ASM326408v1_genomic\.AMR\.tmp\.97303\.faa | parallel --gnu --plain -j 2 --block 146330 --recstart '>' --pipe blastp -query - -db /Users/isabelfe/opt/anaconda3/db/kingdom/Bacteria/AMR -evalue 9.99999999999999e-301 -qcov_hsp_perc 90 -num_threads 1 -num_descriptions 1 -num_alignments 1 -seg no > analysis_prokka\/Prokka_Out\/prokka_GCF_003264085\.1_ASM326408v1_genomic\.AMR\.tmp\.97303\.blast 2> /dev/null
[16:33:50] Deleting unwanted file: analysis_prokka/Prokka_Out/prokka_GCF_003264085.1_ASM326408v1_genomic.AMR.tmp.97303.faa
[16:33:50] Deleting unwanted file: analysis_prokka/Prokka_Out/prokka_GCF_003264085.1_ASM326408v1_genomic.AMR.tmp.97303.blast
[16:33:51] There are still 1913 unannotated CDS left (started with 1914)
[16:33:51] Will use blast to search against /Users/isabelfe/opt/anaconda3/db/kingdom/Bacteria/sprot with 2 CPUs
[16:33:51] Running: cat analysis_prokka\/Prokka_Out\/prokka_GCF_003264085\.1_ASM326408v1_genomic\.sprot\.tmp\.97303\.faa | parallel --gnu --plain -j 2 --block 146330 --recstart '>' --pipe blastp -query - -db /Users/isabelfe/opt/anaconda3/db/kingdom/Bacteria/sprot -evalue 1e-09 -qcov_hsp_perc 80 -num_threads 1 -num_descriptions 1 -num_alignments 1 -seg no > analysis_prokka\/Prokka_Out\/prokka_GCF_003264085\.1_ASM326408v1_genomic\.sprot\.tmp\.97303\.blast 2> /dev/null
[16:35:40] Modify product: UPF0342 protein SA1663 => hypothetical protein
[16:35:40] Modify product: Probable bifunctional oligoribonuclease and PAP phosphatase NrnA => putative bifunctional oligoribonuclease and PAP phosphatase NrnA
[16:35:40] Modify product: Uncharacterized protein Spy1535 => putative protein
[16:35:40] Modify product: Probable transcriptional regulatory protein MSMEG_2940/MSMEI_2866 => putative transcriptional regulatory protein/MSMEI_2866
[16:35:40] Modify product: Transcriptional repressor SmtB homolog => Transcriptional repressor SmtB 
[16:35:40] Modify product: Uncharacterized protein YdhK => putative protein YdhK
[16:35:41] Modify product: Probable ribosomal protein YlxQ => putative ribosomal protein YlxQ
[16:35:41] Modify product: Probable murein peptide carboxypeptidase => putative murein peptide carboxypeptidase
[16:35:41] Modify product: Probable endonuclease 4 => putative endonuclease 4
[16:35:41] Modify product: UPF0374 protein SP_1903 => hypothetical protein
[16:35:41] Modify product: Putative aminotransferase MSMEG_6286/MSMEI_6121 => Putative aminotransferase/MSMEI_6121
[16:35:41] Modify product: Uncharacterized protein YqeY => putative protein YqeY
[16:35:41] Modify product: Putative multidrug export ATP-binding/permease protein SAV1866 => Putative multidrug export ATP-binding/permease protein
[16:35:41] Modify product: GTP cyclohydrolase 1 type 2 homolog => GTP cyclohydrolase 1 type 2 
[16:35:41] Modify product: UPF0302 protein BA_1542/GBAA_1542/BAS1430 => hypothetical protein
[16:35:41] Modify product: Uncharacterized protein YpjD => putative protein YpjD
[16:35:41] Modify product: UPF0324 inner membrane protein YeiH => hypothetical protein
[16:35:41] Modify product: Uncharacterized MscS family protein YkuT => putative MscS family protein YkuT
[16:35:41] Modify product: UPF0176 protein SP_0095 => hypothetical protein
[16:35:41] Modify product: Putative universal stress protein SA1532 => Putative universal stress protein
[16:35:41] Modify product: Uncharacterized AAA domain-containing protein Rv2559c => putative AAA domain-containing protein
[16:35:41] Modify product: Uncharacterized ABC transporter ATP-binding protein Rv0986 => putative ABC transporter ATP-binding protein
[16:35:41] Modify product: Probable multidrug resistance ABC transporter ATP-binding/permease protein YheI => putative multidrug resistance ABC transporter ATP-binding/permease protein YheI
[16:35:41] Modify product: Probable multidrug resistance ABC transporter ATP-binding/permease protein YheH => putative multidrug resistance ABC transporter ATP-binding/permease protein YheH
[16:35:41] Modify product: Probable undecaprenyl-phosphate N-acetylglucosaminyl 1-phosphate transferase => putative undecaprenyl-phosphate N-acetylglucosaminyl 1-phosphate transferase
[16:35:41] Modify product: UPF0397 protein SP_0482 => hypothetical protein
[16:35:41] Modify product: UPF0297 protein EF_1202 => hypothetical protein
[16:35:41] Modify product: UPF0473 protein SP_0194 => hypothetical protein
[16:35:41] Modify product: UPF0758 protein YsxA => hypothetical protein
[16:35:41] Modify product: UPF0413 protein YjbH => hypothetical protein
[16:35:41] Modify product: Acetyltransferase SACOL1063 => Acetyltransferase
[16:35:41] Modify product: Acetyltransferase SACOL1063 => Acetyltransferase
[16:35:41] Modify product: Uncharacterized oxidoreductase MSMEG_2408/MSMEI_2347 => putative oxidoreductase/MSMEI_2347
[16:35:41] Modify product: Uncharacterized protein YpjQ => putative protein YpjQ
[16:35:41] Modify product: Uncharacterized multiple-sugar transport system permease YteP => putative multiple-sugar transport system permease YteP
[16:35:41] Modify product: Uncharacterized PIN and TRAM-domain containing protein YacL => putative PIN and TRAM-domain containing protein YacL
[16:35:41] Modify product: Probable D,D-dipeptide transport system permease protein DdpC => putative D,D-dipeptide transport system permease protein DdpC
[16:35:41] Modify product: Uncharacterized protein YqgN => putative protein YqgN
[16:35:41] Modify product: Bifunctional protein FolD => Bifunctional protein FolD protein
[16:35:41] Modify product: Nudix hydrolase DR_0079 => Nudix hydrolase
[16:35:41] Modify product: DegV domain-containing protein spr1415 => DegV domain-containing protein
[16:35:41] Modify product: Uncharacterized protein YedJ => putative protein YedJ
[16:35:41] Modify product: UPF0178 protein YaiI => hypothetical protein
[16:35:41] Modify product: Probable glycine dehydrogenase (decarboxylating) subunit 1 => putative glycine dehydrogenase (decarboxylating) subunit 1
[16:35:41] Modify product: Probable glycine dehydrogenase (decarboxylating) subunit 2 => putative glycine dehydrogenase (decarboxylating) subunit 2
[16:35:41] Modify product: UPF0637 protein SA0957 => hypothetical protein
[16:35:41] Modify product: UPF0702 transmembrane protein YetF => hypothetical protein
[16:35:41] Modify product: Putative trans-acting regulator SP_1800 => Putative trans-acting regulator
[16:35:41] Modify product: UPF0045 protein Rv1898 => hypothetical protein
[16:35:41] Modify product: UPF0346 protein YozE => hypothetical protein
[16:35:41] Modify product: Uncharacterized protein YqeN => putative protein YqeN
[16:35:41] Modify product: Uncharacterized protein YbbA => putative protein YbbA
[16:35:41] Modify product: Uncharacterized ABC transporter ATP-binding protein YheS => putative ABC transporter ATP-binding protein YheS
[16:35:41] Modify product: UPF0340 protein YwlG => hypothetical protein
[16:35:41] Modify product: Protease HtpX homolog => Protease HtpX 
[16:35:41] Modify product: Uncharacterized ABC transporter ATP-binding protein Rv0986 => putative ABC transporter ATP-binding protein
[16:35:41] Modify product: Probable ABC transporter phosphite binding protein PhnD1 => putative ABC transporter phosphite binding protein PhnD1
[16:35:41] Modify product: UPF0394 inner membrane protein YeeE => hypothetical protein
[16:35:41] Modify product: Uncharacterized protein YacP => putative protein YacP
[16:35:41] Modify product: UPF0073 inner membrane protein YqfA => hypothetical protein
[16:35:41] Modify product: Putative phosphatase M6_Spy0533 => Putative phosphatase
[16:35:41] Modify product: UPF0122 protein SP_1288 => hypothetical protein
[16:35:41] Modify product: UPF0109 protein Rv2908c => hypothetical protein
[16:35:41] Modify product: Uncharacterized protein HI_0131 => putative protein
[16:35:41] Modify product: Uncharacterized response regulatory protein SACOL0201 => putative response regulatory protein
[16:35:41] Modify product: Probable N-acetyl-LL-diaminopimelate aminotransferase => putative N-acetyl-LL-diaminopimelate aminotransferase
[16:35:41] Modify product: UPF0358 protein EF_2458 => hypothetical protein
[16:35:41] Modify product: Uncharacterized protein YqeH => putative protein YqeH
[16:35:41] Modify product: RNA-binding protein HI_1333 => RNA-binding protein
[16:35:41] Modify product: Probable nicotinate-nucleotide adenylyltransferase => putative nicotinate-nucleotide adenylyltransferase
[16:35:41] Modify product: Probable GTP-binding protein EngB => putative GTP-binding protein EngB
[16:35:41] Modify product: Probable licABCH operon regulator => putative licABCH operon regulator
[16:35:41] Modify product: Probable L-ascorbate-6-phosphate lactonase UlaG => putative L-ascorbate-6-phosphate lactonase UlaG
[16:35:41] Modify product: UPF0291 protein SP_1473 => hypothetical protein
[16:35:41] Modify product: UPF0154 protein SA1178 => hypothetical protein
[16:35:41] Modify product: TelA-like protein SA1238 => TelA-like protein
[16:35:41] Modify product: Putative metallophosphoesterase MG207 homolog => Putative metallophosphoesterase MG207 
[16:35:41] Modify product: Rqc2 homolog RqcH => Rqc2 RqcH
[16:35:41] Modify product: UPF0398 protein YpsA => hypothetical protein
[16:35:41] Modify product: UPF0053 inner membrane protein YfjD => hypothetical protein
[16:35:41] Modify product: Probable metallo-hydrolase M6_Spy0554 => putative metallo-hydrolase
[16:35:41] Modify product: Uncharacterized epimerase/dehydratase SA0511 => putative epimerase/dehydratase
[16:35:41] Modify product: Putative trans-acting regulator SP_1800 => Putative trans-acting regulator
[16:35:41] Modify product: Uncharacterized ABC transporter ATP-binding protein YknY => putative ABC transporter ATP-binding protein YknY
[16:35:42] Modify product: Probable ABC transporter ATP-binding protein M6_Spy0273 => putative ABC transporter ATP-binding protein
[16:35:42] Modify product: UPF0051 protein SA0778 => hypothetical protein
[16:35:42] Modify product: UPF0051 protein SA0778 => hypothetical protein
[16:35:42] Modify product: Probable pyridine nucleotide-disulfide oxidoreductase RclA => putative pyridine nucleotide-disulfide oxidoreductase RclA
[16:35:42] Modify product: Uncharacterized HTH-type transcriptional regulator YbbH => putative HTH-type transcriptional regulator YbbH
[16:35:42] Modify product: Uncharacterized ABC transporter ATP-binding protein Rv1273c => putative ABC transporter ATP-binding protein
[16:35:42] Modify product: Uncharacterized ABC transporter ATP-binding protein TM_0288 => putative ABC transporter ATP-binding protein
[16:35:42] Modify product: Probable fructose-bisphosphate aldolase => putative fructose-bisphosphate aldolase
[16:35:42] Modify product: Putative phosphatase M6_Spy0533 => Putative phosphatase
[16:35:42] Modify product: Probable licABCH operon regulator => putative licABCH operon regulator
[16:35:42] Modify product: Uncharacterized oxidoreductase YjhC => putative oxidoreductase YjhC
[16:35:42] Modify product: Probable peptidoglycan glycosyltransferase FtsW => putative peptidoglycan glycosyltransferase FtsW
[16:35:42] Modify product: RutC family protein HI_0719 => RutC family protein
[16:35:42] Modify product: Sulfurtransferase Alvin_2599 => Sulfurtransferase
[16:35:42] Modify product: Probable L-asparaginase => putative L-asparaginase
[16:35:42] Modify product: Putative transport protein Rv0205 => Putative transport protein
[16:35:42] Modify product: DegV domain-containing protein SA1258 => DegV domain-containing protein
[16:35:42] Modify product: Probable cell division protein WhiA => putative cell division protein WhiA
[16:35:42] Modify product: UPF0324 inner membrane protein YeiH => hypothetical protein
[16:35:42] Modify product: Probable 3-hydroxyacyl-CoA dehydrogenase => putative 3-hydroxyacyl-CoA dehydrogenase
[16:35:42] Modify product: Uncharacterized oxidoreductase SpyM50865 => putative oxidoreductase
[16:35:42] Modify product: Probable quorum-quenching lactonase YtnP => putative quorum-quenching lactonase YtnP
[16:35:42] Modify product: Probable succinyl-diaminopimelate desuccinylase => putative succinyl-diaminopimelate desuccinylase
[16:35:42] Modify product: Uncharacterized HTH-type transcriptional regulator SACOL2360 => putative HTH-type transcriptional regulator
[16:35:42] Modify product: Multidrug efflux system ATP-binding protein Rv1218c => Multidrug efflux system ATP-binding protein
[16:35:42] Modify product: Uncharacterized protein YhaP => putative protein YhaP
[16:35:42] Modify product: Probable tRNA sulfurtransferase => putative tRNA sulfurtransferase
[16:35:42] Modify product: Uncharacterized protein SA1069 => putative protein
[16:35:42] Modify product: Uncharacterized protein Spy1614 => putative protein
[16:35:43] Modify product: Probable protein-export membrane protein SecG => putative protein-export membrane protein SecG
[16:35:43] Modify product: Probable transcription repressor NiaR => putative transcription repressor NiaR
[16:35:43] Modify product: Putative multidrug export ATP-binding/permease protein SAV1866 => Putative multidrug export ATP-binding/permease protein
[16:35:43] Modify product: Uncharacterized ABC transporter ATP-binding protein Rv0986 => putative ABC transporter ATP-binding protein
[16:35:43] Modify product: Calcium-transporting ATPase lmo0841 => Calcium-transporting ATPase
[16:35:43] Modify product: UPF0365 protein SA1402 => hypothetical protein
[16:35:43] Modify product: Putative glycerol transporter Lin0368 => Putative glycerol transporter
[16:35:43] Modify product: Putative glycerol transporter Lin0367 => Putative glycerol transporter
[16:35:43] Cleaned 121 /product names
[16:35:43] Deleting unwanted file: analysis_prokka/Prokka_Out/prokka_GCF_003264085.1_ASM326408v1_genomic.sprot.tmp.97303.faa
[16:35:43] Deleting unwanted file: analysis_prokka/Prokka_Out/prokka_GCF_003264085.1_ASM326408v1_genomic.sprot.tmp.97303.blast
[16:35:44] There are still 858 unannotated CDS left (started with 1914)
[16:35:44] Will use hmmer3 to search against /Users/isabelfe/opt/anaconda3/db/hmm/HAMAP.hmm with 2 CPUs
[16:35:44] Running: cat analysis_prokka\/Prokka_Out\/prokka_GCF_003264085\.1_ASM326408v1_genomic\.HAMAP\.hmm\.tmp\.97303\.faa | parallel --gnu --plain -j 2 --block 54422 --recstart '>' --pipe hmmscan --noali --notextw --acc -E 1e-09 --cpu 1 /Users/isabelfe/opt/anaconda3/db/hmm/HAMAP.hmm /dev/stdin > analysis_prokka\/Prokka_Out\/prokka_GCF_003264085\.1_ASM326408v1_genomic\.HAMAP\.hmm\.tmp\.97303\.hmmer3 2> /dev/null
[16:36:33] Modify product: Protein SprT-like => Protein SprT-like protein
[16:36:33] Modify product: Uncharacterized Nudix hydrolase NudL => putative Nudix hydrolase NudL
[16:36:33] Cleaned 2 /product names
[16:36:33] Deleting unwanted file: analysis_prokka/Prokka_Out/prokka_GCF_003264085.1_ASM326408v1_genomic.HAMAP.hmm.tmp.97303.faa
[16:36:33] Deleting unwanted file: analysis_prokka/Prokka_Out/prokka_GCF_003264085.1_ASM326408v1_genomic.HAMAP.hmm.tmp.97303.hmmer3
[16:36:33] Labelling remaining 771 proteins as 'hypothetical protein'
[16:36:33] Possible /pseudo 'Glycine reductase complex component B subunit gamma' at c_000000000009 position 132529
[16:36:33] Possible /pseudo 'D-methionine-binding lipoprotein MetQ' at c_000000000019 position 7883
[16:36:33] Possible /pseudo 'tRNA (adenine(22)-N(1))-methyltransferase' at c_000000000023 position 74880
[16:36:33] Possible /pseudo 'Undecaprenyl-phosphate 4-deoxy-4-formamido-L-arabinose transferase' at c_000000000024 position 73329
[16:36:33] Possible /pseudo 'Acetyltransferase' at c_000000000025 position 45884
[16:36:33] Possible /pseudo 'PTS system mannose-specific EIIAB component' at c_000000000040 position 11495
[16:36:33] Possible /pseudo 'putative ABC transporter ATP-binding protein' at c_000000000044 position 30586
[16:36:33] Possible /pseudo 'putative protein' at c_000000000074 position 27595
[16:36:33] Possible /pseudo 'Putative glycerol transporter' at c_000000000082 position 102387
[16:36:33] Found 906 unique /gene codes.
[16:36:33] Fixed 2 duplicate /gene - atpE_1 atpE_2
[16:36:33] Fixed 2 duplicate /gene - ssbA_1 ssbA_2
[16:36:33] Fixed 2 duplicate /gene - nanA_1 nanA_2
[16:36:33] Fixed 2 duplicate /gene - dsdA_1 dsdA_2
[16:36:33] Fixed 2 duplicate /gene - yohK_1 yohK_2
[16:36:33] Fixed 2 duplicate /gene - rsmH_1 rsmH_2
[16:36:33] Fixed 2 duplicate /gene - galK_1 galK_2
[16:36:33] Fixed 2 duplicate /gene - mntB_1 mntB_2
[16:36:33] Fixed 2 duplicate /gene - cobB_1 cobB_2
[16:36:33] Fixed 3 duplicate /gene - oppD_1 oppD_2 oppD_3
[16:36:33] Fixed 2 duplicate /gene - ecfT_1 ecfT_2
[16:36:33] Fixed 2 duplicate /gene - tdk_1 tdk_2
[16:36:33] Fixed 2 duplicate /gene - alsT_1 alsT_2
[16:36:33] Fixed 2 duplicate /gene - thiD_1 thiD_2
[16:36:33] Fixed 2 duplicate /gene - sufS_1 sufS_2
[16:36:33] Fixed 2 duplicate /gene - lrgA_1 lrgA_2
[16:36:33] Fixed 2 duplicate /gene - licA_1 licA_2
[16:36:33] Fixed 3 duplicate /gene - manX_1 manX_2 manX_3
[16:36:33] Fixed 2 duplicate /gene - ytrA_1 ytrA_2
[16:36:33] Fixed 2 duplicate /gene - dnaG_1 dnaG_2
[16:36:33] Fixed 2 duplicate /gene - celA_1 celA_2
[16:36:33] Fixed 2 duplicate /gene - malK_1 malK_2
[16:36:33] Fixed 2 duplicate /gene - argS_1 argS_2
[16:36:33] Fixed 2 duplicate /gene - bglK_1 bglK_2
[16:36:33] Fixed 2 duplicate /gene - gsiC_1 gsiC_2
[16:36:33] Fixed 2 duplicate /gene - licR_1 licR_2
[16:36:33] Fixed 2 duplicate /gene - lacF_1 lacF_2
[16:36:33] Fixed 2 duplicate /gene - ptsG_1 ptsG_2
[16:36:33] Fixed 2 duplicate /gene - cadA_1 cadA_2
[16:36:33] Fixed 2 duplicate /gene - pnp_1 pnp_2
[16:36:33] Fixed 2 duplicate /gene - ngcG_1 ngcG_2
[16:36:33] Fixed 2 duplicate /gene - prmC_1 prmC_2
[16:36:33] Fixed 2 duplicate /gene - trxB_1 trxB_2
[16:36:33] Fixed 2 duplicate /gene - metN_1 metN_2
[16:36:33] Fixed 2 duplicate /gene - nrdE2_1 nrdE2_2
[16:36:33] Fixed 2 duplicate /gene - iscS_1 iscS_2
[16:36:33] Fixed 2 duplicate /gene - purR_1 purR_2
[16:36:33] Fixed 3 duplicate /gene - fabG_1 fabG_2 fabG_3
[16:36:33] Fixed 2 duplicate /gene - srrA_1 srrA_2
[16:36:33] Fixed 2 duplicate /gene - gcvH_1 gcvH_2
[16:36:33] Fixed 2 duplicate /gene - atpD_1 atpD_2
[16:36:33] Fixed 2 duplicate /gene - nrdF2_1 nrdF2_2
[16:36:33] Fixed 2 duplicate /gene - acpP_1 acpP_2
[16:36:33] Fixed 2 duplicate /gene - ccpA_1 ccpA_2
[16:36:33] Fixed 4 duplicate /gene - xerC_1 xerC_2 xerC_3 xerC_4
[16:36:33] Fixed 2 duplicate /gene - dagK_1 dagK_2
[16:36:33] Fixed 2 duplicate /gene - pcrA_1 pcrA_2
[16:36:33] Fixed 3 duplicate /gene - bglH_1 bglH_2 bglH_3
[16:36:33] Fixed 8 duplicate /gene - bcrA_1 bcrA_2 bcrA_3 bcrA_4 bcrA_5 bcrA_6 bcrA_7 bcrA_8
[16:36:33] Fixed 9 duplicate /gene - btuD_1 btuD_2 btuD_3 btuD_4 btuD_5 btuD_6 btuD_7 btuD_8 btuD_9
[16:36:33] Fixed 3 duplicate /gene - metP_1 metP_2 metP_3
[16:36:33] Fixed 2 duplicate /gene - dapE_1 dapE_2
[16:36:33] Fixed 2 duplicate /gene - urdA_1 urdA_2
[16:36:33] Fixed 2 duplicate /gene - trxA_1 trxA_2
[16:36:33] Fixed 2 duplicate /gene - tenA_1 tenA_2
[16:36:33] Fixed 2 duplicate /gene - apbE_1 apbE_2
[16:36:33] Fixed 2 duplicate /gene - dnaE_1 dnaE_2
[16:36:33] Fixed 2 duplicate /gene - yclP_1 yclP_2
[16:36:33] Fixed 2 duplicate /gene - lacC_1 lacC_2
[16:36:33] Fixed 2 duplicate /gene - rnfC_1 rnfC_2
[16:36:33] Fixed 2 duplicate /gene - lplJ_1 lplJ_2
[16:36:33] Fixed 2 duplicate /gene - fpgS_1 fpgS_2
[16:36:33] Fixed 2 duplicate /gene - recD2_1 recD2_2
[16:36:33] Fixed 3 duplicate /gene - arnC_1 arnC_2 arnC_3
[16:36:33] Fixed 2 duplicate /gene - grdB_1 grdB_2
[16:36:33] Fixed 2 duplicate /gene - ulaA_1 ulaA_2
[16:36:33] Fixed 5 duplicate /gene - metQ_1 metQ_2 metQ_3 metQ_4 metQ_5
[16:36:33] Fixed 3 duplicate /gene - lexA_1 lexA_2 lexA_3
[16:36:33] Fixed 2 duplicate /gene - rluD_1 rluD_2
[16:36:33] Fixed 2 duplicate /gene - licC_1 licC_2
[16:36:33] Fixed 2 duplicate /gene - copY_1 copY_2
[16:36:33] Fixed 2 duplicate /gene - gatC_1 gatC_2
[16:36:33] Fixed 3 duplicate /gene - smc_1 smc_2 smc_3
[16:36:33] Fixed 2 duplicate /gene - pepF1_1 pepF1_2
[16:36:33] Fixed 3 duplicate /gene - oppF_1 oppF_2 oppF_3
[16:36:33] Fixed 2 duplicate /gene - spxA_1 spxA_2
[16:36:33] Fixed 2 duplicate /gene - nylA_1 nylA_2
[16:36:33] Fixed 2 duplicate /gene - gmk_1 gmk_2
[16:36:33] Fixed 2 duplicate /gene - ykoD_1 ykoD_2
[16:36:33] Fixed 2 duplicate /gene - zosA_1 zosA_2
[16:36:33] Fixed 2 duplicate /gene - soj_1 soj_2
[16:36:33] Fixed 2 duplicate /gene - trmK_1 trmK_2
[16:36:33] Fixed 2 duplicate /gene - scmP_1 scmP_2
[16:36:33] Fixed 2 duplicate /gene - manZ_1 manZ_2
[16:36:33] Fixed 3 duplicate /gene - lagD_1 lagD_2 lagD_3
[16:36:33] Fixed 2 duplicate /gene - rpoN1_1 rpoN1_2
[16:36:33] Fixed 2 duplicate /gene - clpC_1 clpC_2
[16:36:33] Fixed 2 duplicate /gene - est_1 est_2
[16:36:33] Fixed 2 duplicate /gene - dacA_1 dacA_2
[16:36:33] Fixed 3 duplicate /gene - rhaR_1 rhaR_2 rhaR_3
[16:36:33] Fixed 2 duplicate /gene - ettA_1 ettA_2
[16:36:33] Fixed 2 duplicate /gene - sasA_1 sasA_2
[16:36:33] Fixed 2 duplicate /gene - luxS_1 luxS_2
[16:36:33] Fixed 3 duplicate /gene - brnQ_1 brnQ_2 brnQ_3
[16:36:33] Fixed 2 duplicate /gene - dut_1 dut_2
[16:36:33] Fixed 2 duplicate /gene - mshA_1 mshA_2
[16:36:33] Fixed 5 duplicate /gene - agrA_1 agrA_2 agrA_3 agrA_4 agrA_5
[16:36:33] Fixed 2 duplicate /gene - tagU_1 tagU_2
[16:36:33] Fixed 2 duplicate /gene - mgtE_1 mgtE_2
[16:36:33] Fixed 2 duplicate /gene - rnfD_1 rnfD_2
[16:36:33] Fixed 100 colliding /gene names.
[16:36:33] Adding /locus_tag identifiers
[16:36:33] Assigned 1975 locus_tags to CDS and RNA features.
[16:36:33] Writing outputs to analysis_prokka/Prokka_Out/
[16:36:35] Generating annotation statistics file
[16:36:35] Generating Genbank and Sequin files
[16:36:35] Running: tbl2asn -V b -a r10k -l paired-ends -M n -N 1 -y 'Annotated using prokka 1.14.6 from https://github.com/tseemann/prokka' -Z analysis_prokka\/Prokka_Out\/prokka_GCF_003264085\.1_ASM326408v1_genomic\.err -i analysis_prokka\/Prokka_Out\/prokka_GCF_003264085\.1_ASM326408v1_genomic\.fsa 2> /dev/null
[16:36:44] Could not run command: tbl2asn -V b -a r10k -l paired-ends -M n -N 1 -y 'Annotated using prokka 1.14.6 from https://github.com/tseemann/prokka' -Z analysis_prokka\/Prokka_Out\/prokka_GCF_003264085\.1_ASM326408v1_genomic\.err -i analysis_prokka\/Prokka_Out\/prokka_GCF_003264085\.1_ASM326408v1_genomic\.fsa 2> /dev/null
