[2021-07-21 17:09:10] :: INFO :: PanACoTA version 1.2.0
[2021-07-21 17:09:10] :: INFO :: Command used
 	 > PanACoTA prepare --norefseq -o analysisPanACoTa -d GENOMES/renamed
[2021-07-21 17:09:10] :: INFO :: 'PanACoTA prepare' will run on 1 core
[2021-07-21 17:09:10] :: WARNING :: You asked to skip refseq downloads.
[2021-07-21 17:09:10] :: INFO :: Total number of genomes for NA: 29
[2021-07-21 17:09:10] :: INFO :: Cutting genomes at each time there are at least 5 'N' in a row, and then, calculating genome size, number of contigs and L90.
[2021-07-21 17:09:10] :: WARNING :: '.DS_Store' does not seem to be a fasta file. It will be ignored.
[2021-07-21 17:09:10] :: INFO :: Sorting all 28 genomes by quality
[2021-07-21 17:09:10] :: INFO :: 28 genomes after quality control (0 discarded)
[2021-07-21 17:09:10] :: INFO :: Starting filtering steps according to distance between genomes.
[2021-07-21 17:09:10] :: INFO :: Sketching all genomes...
[2021-07-21 17:09:18] :: INFO :: Computing pairwise distances between all genomes
[2021-07-21 17:09:18] :: INFO :: Reading matrix from txt file generated by Mash.
[2021-07-21 17:09:18] :: INFO :: Saving matrix to npz file to be loaded quicker if needed later
[2021-07-21 17:09:18] :: INFO :: Starting iterative discarding steps
[2021-07-21 17:09:19] :: INFO :: Final number of genomes in dataset: 27
[2021-07-21 17:09:19] :: INFO :: Final list of genomes in the dataset: analysisPanACoTa/LSTINFO-NA-filtered-0.0001_0.06.txt
[2021-07-21 17:09:19] :: INFO :: List of genomes discarded by minhash steps: analysisPanACoTa/discarded-by-minhash-NA-0.0001_0.06.txt
[2021-07-21 17:09:19] :: INFO :: End
